Information: Propagating switching activity (low effort zero delay simulation). (PWR-6)
Warning: Design has unannotated primary inputs. (PWR-414)
Warning: Design has unannotated sequential cell outputs. (PWR-415)
Warning: Design has unannotated black box outputs. (PWR-428)
 
****************************************
Report : power
        -hier
        -analysis_effort low
Design : Conv
Version: L-2016.03-SP5-5
Date   : Sun Feb 23 22:04:32 2020
****************************************


Library(s) Used:

    NangateOpenCellLibrary (File: /home/users/sophliu/ee272/ee272-hw5/Conv/build/5-synopsys-dc-synthesis/inputs/adk/stdcells.db)


Operating Conditions: typical   Library: NangateOpenCellLibrary
Wire Load Model Mode: Inactive.


Global Operating Voltage = 1.1  
Power-specific unit information :
    Voltage Units = 1V
    Capacitance Units = 1.000000ff
    Time Units = 1ns
    Dynamic Power Units = 1uW    (derived from V,C,T units)
    Leakage Power Units = 1nW


--------------------------------------------------------------------------------
                                       Switch   Int      Leak     Total
Hierarchy                              Power    Power    Power    Power    %
--------------------------------------------------------------------------------
Conv                                   2.92e+03 8.99e+03 3.23e+06 1.51e+04 100.0
  systolicArray (SystolicArrayWrapper_IDTYPE_WDTYPE_ODTYPE_16_16) 1.24e+03 4.80e+03 1.72e+06 7.75e+03  51.2
    systolicArrayLooper_1 (SystolicArrayLooper)   86.622  386.112 8.18e+04  554.574   3.7
      SystolicArrayLooper_run_inst (SystolicArrayLooper_run)   85.857  386.059 8.18e+04  553.745   3.7
        mult_x_2 (SystolicArrayLooper_run_DW_mult_uns_J4_0)    4.220    3.702 2.36e+04   31.569   0.2
        add_x_7 (SystolicArrayLooper_run_DW01_add_J4_0)    0.204    0.323 1.97e+03    2.500   0.0
        add_x_8 (SystolicArrayLooper_run_DW01_inc_J4_0) 1.23e-02 2.01e-02  681.537    0.714   0.0
        SystolicArrayLooper_run_run_fsm_inst (SystolicArrayLooper_run_run_fsm)    1.915    7.825 1.75e+03   11.492   0.1
        SystolicArrayLooper_run_staller_inst (SystolicArrayLooper_run_staller)    0.108 8.16e-02   30.604    0.220   0.0
        SystolicArrayLooper_run_loopIndicesOut_rsci_inst (SystolicArrayLooper_run_loopIndicesOut_rsci) 7.95e-02    1.881  838.893    2.800   0.0
          SystolicArrayLooper_run_loopIndicesOut_rsci_loopIndicesOut_wait_dp_inst (SystolicArrayLooper_run_loopIndicesOut_rsci_loopIndicesOut_wait_dp) 6.16e-03    1.798  124.088    1.928   0.0
          SystolicArrayLooper_run_loopIndicesOut_rsci_loopIndicesOut_wait_ctrl_inst (SystolicArrayLooper_run_loopIndicesOut_rsci_loopIndicesOut_wait_ctrl) 1.28e-02 1.77e-02   78.344    0.109   0.0
          loopIndicesOut_rsci (ccs_out_wait_v1_rscid158_width48) 6.06e-02 6.55e-02  636.461    0.762   0.0
        SystolicArrayLooper_run_paramsOut_rsci_inst (SystolicArrayLooper_run_paramsOut_rsci)    0.479    2.058 1.24e+03    3.779   0.0
          SystolicArrayLooper_run_paramsOut_rsci_paramsOut_wait_dp_inst (SystolicArrayLooper_run_paramsOut_rsci_paramsOut_wait_dp) 5.97e-03    1.798  124.088    1.928   0.0
          SystolicArrayLooper_run_paramsOut_rsci_paramsOut_wait_ctrl_inst (SystolicArrayLooper_run_paramsOut_rsci_paramsOut_wait_ctrl) 1.15e-02 1.77e-02   78.344    0.108   0.0
          paramsOut_rsci (ccs_out_wait_v1_rscid157_width144)    0.462    0.242 1.04e+03    1.743   0.0
        SystolicArrayLooper_run_paramsIn_rsci_inst (SystolicArrayLooper_run_paramsIn_rsci)   45.202  231.431 1.63e+04  292.911   1.9
          SystolicArrayLooper_run_paramsIn_rsci_paramsIn_wait_dp_inst (SystolicArrayLooper_run_paramsIn_rsci_paramsIn_wait_dp)   43.654  230.569 1.42e+04  288.466   1.9
          SystolicArrayLooper_run_paramsIn_rsci_paramsIn_wait_ctrl_inst (SystolicArrayLooper_run_paramsIn_rsci_paramsIn_wait_ctrl)    0.131 8.60e-02   78.011    0.295   0.0
          paramsIn_rsci (ccs_in_wait_v1_rscid156_width144)    0.570    0.654 1.64e+03    2.863   0.0
    systolicArrayCore (SystolicArrayCore_IDTYPE_WDTYPE_ODTYPE_16_16) 1.14e+03 4.38e+03 1.58e+06 7.09e+03  46.8
      SystolicArrayCore_IDTYPE_WDTYPE_ODTYPE_16_16_struct_inst (SystolicArrayCore_IDTYPE_WDTYPE_ODTYPE_16_16_struct) 1.14e+03 4.38e+03 1.58e+06 7.09e+03  46.8
        SystolicArrayCore_IDTYPE_WDTYPE_ODTYPE_16_16_run_inst (SystolicArrayCore_IDTYPE_WDTYPE_ODTYPE_16_16_run) 1.07e+03 4.36e+03 1.57e+06 7.01e+03  46.3
          add_x_504 (SystolicArrayCore_IDTYPE_WDTYPE_ODTYPE_16_16_run_DW01_inc_J1_0)    0.000    0.000  680.454    0.680   0.0
          DP_OP_743J1_122_5484 (SystolicArrayCore_IDTYPE_WDTYPE_ODTYPE_16_16_run_DP_OP_743J1_122_5484_J1_0)    1.938    1.613 2.40e+04   27.545   0.2
          DP_OP_744J1_123_666 (SystolicArrayCore_IDTYPE_WDTYPE_ODTYPE_16_16_run_DP_OP_744J1_123_666_J1_0) 7.01e-02    0.114 1.26e+03    1.442   0.0
          DP_OP_745J1_124_7340 (SystolicArrayCore_IDTYPE_WDTYPE_ODTYPE_16_16_run_DP_OP_745J1_124_7340_J1_0)    0.147    0.163 1.40e+03    1.714   0.0
          DP_OP_746J1_125_7340 (SystolicArrayCore_IDTYPE_WDTYPE_ODTYPE_16_16_run_DP_OP_746J1_125_7340_J1_0)    0.149    0.163 1.40e+03    1.715   0.0
          DP_OP_747J1_126_7340 (SystolicArrayCore_IDTYPE_WDTYPE_ODTYPE_16_16_run_DP_OP_747J1_126_7340_J1_0)    0.152    0.163 1.40e+03    1.718   0.0
          DP_OP_748J1_127_9097 (SystolicArrayCore_IDTYPE_WDTYPE_ODTYPE_16_16_run_DP_OP_748J1_127_9097_J1_0)    0.141    0.160 2.34e+03    2.646   0.0
          SystolicArrayCore_IDTYPE_WDTYPE_ODTYPE_16_16_run_run_fsm_inst (SystolicArrayCore_IDTYPE_WDTYPE_ODTYPE_16_16_run_run_fsm)    1.962   11.468 1.69e+03   15.123   0.1
          SystolicArrayCore_IDTYPE_WDTYPE_ODTYPE_16_16_run_staller_inst (SystolicArrayCore_IDTYPE_WDTYPE_ODTYPE_16_16_run_staller)    1.629    1.428  162.969    3.219   0.0
          SystolicArrayCore_IDTYPE_WDTYPE_ODTYPE_16_16_run_wait_dp_inst (SystolicArrayCore_IDTYPE_WDTYPE_ODTYPE_16_16_run_wait_dp) 4.02e-02 1.58e-02  199.820    0.256   0.0
          SystolicArrayCore_IDTYPE_WDTYPE_ODTYPE_16_16_run_accumulation_buffer_rsc_0_15_i_1_inst (SystolicArrayCore_IDTYPE_WDTYPE_ODTYPE_16_16_run_accumulation_buffer_rsc_0_15_i_1)    6.286   36.029 2.20e+03   44.512   0.3
            SystolicArrayCore_IDTYPE_WDTYPE_ODTYPE_16_16_run_accumulation_buffer_rsc_0_15_i_1_accumulation_buffer_rsc_0_15_wait_dp_inst (SystolicArrayCore_IDTYPE_WDTYPE_ODTYPE_16_16_run_accumulation_buffer_rsc_0_15_i_1_accumulation_buffer_rsc_0_15_wait_dp)    6.286   36.029 2.08e+03   44.398   0.3
            SystolicArrayCore_IDTYPE_WDTYPE_ODTYPE_16_16_run_accumulation_buffer_rsc_0_15_i_1_accumulation_buffer_rsc_0_15_wait_ctrl_inst (SystolicArrayCore_IDTYPE_WDTYPE_ODTYPE_16_16_run_accumulation_buffer_rsc_0_15_i_1_accumulation_buffer_rsc_0_15_wait_ctrl) 1.22e-04 1.96e-04  113.749    0.114   0.0
          SystolicArrayCore_IDTYPE_WDTYPE_ODTYPE_16_16_run_accumulation_buffer_rsc_0_14_i_1_inst (SystolicArrayCore_IDTYPE_WDTYPE_ODTYPE_16_16_run_accumulation_buffer_rsc_0_14_i_1)    5.915   36.193 2.18e+03   44.293   0.3
            SystolicArrayCore_IDTYPE_WDTYPE_ODTYPE_16_16_run_accumulation_buffer_rsc_0_14_i_1_accumulation_buffer_rsc_0_14_wait_dp_inst (SystolicArrayCore_IDTYPE_WDTYPE_ODTYPE_16_16_run_accumulation_buffer_rsc_0_14_i_1_accumulation_buffer_rsc_0_14_wait_dp)    5.915   36.192 2.07e+03   44.179   0.3
            SystolicArrayCore_IDTYPE_WDTYPE_ODTYPE_16_16_run_accumulation_buffer_rsc_0_14_i_1_accumulation_buffer_rsc_0_14_wait_ctrl_inst (SystolicArrayCore_IDTYPE_WDTYPE_ODTYPE_16_16_run_accumulation_buffer_rsc_0_14_i_1_accumulation_buffer_rsc_0_14_wait_ctrl) 1.25e-04 2.67e-04  113.749    0.114   0.0
          SystolicArrayCore_IDTYPE_WDTYPE_ODTYPE_16_16_run_accumulation_buffer_rsc_0_13_i_1_inst (SystolicArrayCore_IDTYPE_WDTYPE_ODTYPE_16_16_run_accumulation_buffer_rsc_0_13_i_1)    6.185   36.189 2.20e+03   44.571   0.3
            SystolicArrayCore_IDTYPE_WDTYPE_ODTYPE_16_16_run_accumulation_buffer_rsc_0_13_i_1_accumulation_buffer_rsc_0_13_wait_dp_inst (SystolicArrayCore_IDTYPE_WDTYPE_ODTYPE_16_16_run_accumulation_buffer_rsc_0_13_i_1_accumulation_buffer_rsc_0_13_wait_dp)    5.691   36.133 2.07e+03   43.896   0.3
            SystolicArrayCore_IDTYPE_WDTYPE_ODTYPE_16_16_run_accumulation_buffer_rsc_0_13_i_1_accumulation_buffer_rsc_0_13_wait_ctrl_inst (SystolicArrayCore_IDTYPE_WDTYPE_ODTYPE_16_16_run_accumulation_buffer_rsc_0_13_i_1_accumulation_buffer_rsc_0_13_wait_ctrl) 1.22e-04 2.67e-04  113.749    0.114   0.0
          SystolicArrayCore_IDTYPE_WDTYPE_ODTYPE_16_16_run_accumulation_buffer_rsc_0_12_i_1_inst (SystolicArrayCore_IDTYPE_WDTYPE_ODTYPE_16_16_run_accumulation_buffer_rsc_0_12_i_1)    5.638   36.023 2.19e+03   43.847   0.3
            SystolicArrayCore_IDTYPE_WDTYPE_ODTYPE_16_16_run_accumulation_buffer_rsc_0_12_i_1_accumulation_buffer_rsc_0_12_wait_dp_inst (SystolicArrayCore_IDTYPE_WDTYPE_ODTYPE_16_16_run_accumulation_buffer_rsc_0_12_i_1_accumulation_buffer_rsc_0_12_wait_dp)    5.638   36.023 2.07e+03   43.732   0.3
            SystolicArrayCore_IDTYPE_WDTYPE_ODTYPE_16_16_run_accumulation_buffer_rsc_0_12_i_1_accumulation_buffer_rsc_0_12_wait_ctrl_inst (SystolicArrayCore_IDTYPE_WDTYPE_ODTYPE_16_16_run_accumulation_buffer_rsc_0_12_i_1_accumulation_buffer_rsc_0_12_wait_ctrl) 1.24e-04 1.96e-04  113.749    0.114   0.0
          SystolicArrayCore_IDTYPE_WDTYPE_ODTYPE_16_16_run_accumulation_buffer_rsc_0_11_i_1_inst (SystolicArrayCore_IDTYPE_WDTYPE_ODTYPE_16_16_run_accumulation_buffer_rsc_0_11_i_1)    6.268   36.127 2.20e+03   44.592   0.3
            SystolicArrayCore_IDTYPE_WDTYPE_ODTYPE_16_16_run_accumulation_buffer_rsc_0_11_i_1_accumulation_buffer_rsc_0_11_wait_dp_inst (SystolicArrayCore_IDTYPE_WDTYPE_ODTYPE_16_16_run_accumulation_buffer_rsc_0_11_i_1_accumulation_buffer_rsc_0_11_wait_dp)    6.268   36.127 2.08e+03   44.478   0.3
            SystolicArrayCore_IDTYPE_WDTYPE_ODTYPE_16_16_run_accumulation_buffer_rsc_0_11_i_1_accumulation_buffer_rsc_0_11_wait_ctrl_inst (SystolicArrayCore_IDTYPE_WDTYPE_ODTYPE_16_16_run_accumulation_buffer_rsc_0_11_i_1_accumulation_buffer_rsc_0_11_wait_ctrl) 1.23e-04 2.67e-04  113.749    0.114   0.0
          SystolicArrayCore_IDTYPE_WDTYPE_ODTYPE_16_16_run_accumulation_buffer_rsc_0_10_i_1_inst (SystolicArrayCore_IDTYPE_WDTYPE_ODTYPE_16_16_run_accumulation_buffer_rsc_0_10_i_1)    6.163   36.095 2.20e+03   44.455   0.3
            SystolicArrayCore_IDTYPE_WDTYPE_ODTYPE_16_16_run_accumulation_buffer_rsc_0_10_i_1_accumulation_buffer_rsc_0_10_wait_dp_inst (SystolicArrayCore_IDTYPE_WDTYPE_ODTYPE_16_16_run_accumulation_buffer_rsc_0_10_i_1_accumulation_buffer_rsc_0_10_wait_dp)    6.163   36.095 2.08e+03   44.341   0.3
            SystolicArrayCore_IDTYPE_WDTYPE_ODTYPE_16_16_run_accumulation_buffer_rsc_0_10_i_1_accumulation_buffer_rsc_0_10_wait_ctrl_inst (SystolicArrayCore_IDTYPE_WDTYPE_ODTYPE_16_16_run_accumulation_buffer_rsc_0_10_i_1_accumulation_buffer_rsc_0_10_wait_ctrl) 1.23e-04 1.96e-04  113.749    0.114   0.0
          SystolicArrayCore_IDTYPE_WDTYPE_ODTYPE_16_16_run_accumulation_buffer_rsc_0_9_i_1_inst (SystolicArrayCore_IDTYPE_WDTYPE_ODTYPE_16_16_run_accumulation_buffer_rsc_0_9_i_1)    5.620   36.045 2.19e+03   43.850   0.3
            SystolicArrayCore_IDTYPE_WDTYPE_ODTYPE_16_16_run_accumulation_buffer_rsc_0_9_i_1_accumulation_buffer_rsc_0_9_wait_dp_inst (SystolicArrayCore_IDTYPE_WDTYPE_ODTYPE_16_16_run_accumulation_buffer_rsc_0_9_i_1_accumulation_buffer_rsc_0_9_wait_dp)    5.620   36.044 2.07e+03   43.736   0.3
            SystolicArrayCore_IDTYPE_WDTYPE_ODTYPE_16_16_run_accumulation_buffer_rsc_0_9_i_1_accumulation_buffer_rsc_0_9_wait_ctrl_inst (SystolicArrayCore_IDTYPE_WDTYPE_ODTYPE_16_16_run_accumulation_buffer_rsc_0_9_i_1_accumulation_buffer_rsc_0_9_wait_ctrl) 1.23e-04 1.96e-04  113.749    0.114   0.0
          SystolicArrayCore_IDTYPE_WDTYPE_ODTYPE_16_16_run_accumulation_buffer_rsc_0_8_i_1_inst (SystolicArrayCore_IDTYPE_WDTYPE_ODTYPE_16_16_run_accumulation_buffer_rsc_0_8_i_1)    6.139   36.011 2.20e+03   44.347   0.3
            SystolicArrayCore_IDTYPE_WDTYPE_ODTYPE_16_16_run_accumulation_buffer_rsc_0_8_i_1_accumulation_buffer_rsc_0_8_wait_dp_inst (SystolicArrayCore_IDTYPE_WDTYPE_ODTYPE_16_16_run_accumulation_buffer_rsc_0_8_i_1_accumulation_buffer_rsc_0_8_wait_dp)    5.638   35.951 2.07e+03   43.661   0.3
            SystolicArrayCore_IDTYPE_WDTYPE_ODTYPE_16_16_run_accumulation_buffer_rsc_0_8_i_1_accumulation_buffer_rsc_0_8_wait_ctrl_inst (SystolicArrayCore_IDTYPE_WDTYPE_ODTYPE_16_16_run_accumulation_buffer_rsc_0_8_i_1_accumulation_buffer_rsc_0_8_wait_ctrl) 1.24e-04 2.67e-04  113.749    0.114   0.0
          SystolicArrayCore_IDTYPE_WDTYPE_ODTYPE_16_16_run_accumulation_buffer_rsc_0_7_i_1_inst (SystolicArrayCore_IDTYPE_WDTYPE_ODTYPE_16_16_run_accumulation_buffer_rsc_0_7_i_1)    5.630   36.136 2.19e+03   43.951   0.3
            SystolicArrayCore_IDTYPE_WDTYPE_ODTYPE_16_16_run_accumulation_buffer_rsc_0_7_i_1_accumulation_buffer_rsc_0_7_wait_dp_inst (SystolicArrayCore_IDTYPE_WDTYPE_ODTYPE_16_16_run_accumulation_buffer_rsc_0_7_i_1_accumulation_buffer_rsc_0_7_wait_dp)    5.629   36.136 2.07e+03   43.837   0.3
            SystolicArrayCore_IDTYPE_WDTYPE_ODTYPE_16_16_run_accumulation_buffer_rsc_0_7_i_1_accumulation_buffer_rsc_0_7_wait_ctrl_inst (SystolicArrayCore_IDTYPE_WDTYPE_ODTYPE_16_16_run_accumulation_buffer_rsc_0_7_i_1_accumulation_buffer_rsc_0_7_wait_ctrl) 1.22e-04 2.67e-04  113.749    0.114   0.0
          SystolicArrayCore_IDTYPE_WDTYPE_ODTYPE_16_16_run_accumulation_buffer_rsc_0_6_i_1_inst (SystolicArrayCore_IDTYPE_WDTYPE_ODTYPE_16_16_run_accumulation_buffer_rsc_0_6_i_1)    6.104   36.211 2.20e+03   44.511   0.3
            SystolicArrayCore_IDTYPE_WDTYPE_ODTYPE_16_16_run_accumulation_buffer_rsc_0_6_i_1_accumulation_buffer_rsc_0_6_wait_dp_inst (SystolicArrayCore_IDTYPE_WDTYPE_ODTYPE_16_16_run_accumulation_buffer_rsc_0_6_i_1_accumulation_buffer_rsc_0_6_wait_dp)    5.604   36.158 2.07e+03   43.833   0.3
            SystolicArrayCore_IDTYPE_WDTYPE_ODTYPE_16_16_run_accumulation_buffer_rsc_0_6_i_1_accumulation_buffer_rsc_0_6_wait_ctrl_inst (SystolicArrayCore_IDTYPE_WDTYPE_ODTYPE_16_16_run_accumulation_buffer_rsc_0_6_i_1_accumulation_buffer_rsc_0_6_wait_ctrl) 1.25e-04 2.67e-04  113.749    0.114   0.0
          SystolicArrayCore_IDTYPE_WDTYPE_ODTYPE_16_16_run_accumulation_buffer_rsc_0_5_i_1_inst (SystolicArrayCore_IDTYPE_WDTYPE_ODTYPE_16_16_run_accumulation_buffer_rsc_0_5_i_1)    5.655   36.216 2.18e+03   44.056   0.3
            SystolicArrayCore_IDTYPE_WDTYPE_ODTYPE_16_16_run_accumulation_buffer_rsc_0_5_i_1_accumulation_buffer_rsc_0_5_wait_dp_inst (SystolicArrayCore_IDTYPE_WDTYPE_ODTYPE_16_16_run_accumulation_buffer_rsc_0_5_i_1_accumulation_buffer_rsc_0_5_wait_dp)    5.655   36.216 2.07e+03   43.942   0.3
            SystolicArrayCore_IDTYPE_WDTYPE_ODTYPE_16_16_run_accumulation_buffer_rsc_0_5_i_1_accumulation_buffer_rsc_0_5_wait_ctrl_inst (SystolicArrayCore_IDTYPE_WDTYPE_ODTYPE_16_16_run_accumulation_buffer_rsc_0_5_i_1_accumulation_buffer_rsc_0_5_wait_ctrl) 1.23e-04 1.96e-04  113.749    0.114   0.0
          SystolicArrayCore_IDTYPE_WDTYPE_ODTYPE_16_16_run_accumulation_buffer_rsc_0_4_i_1_inst (SystolicArrayCore_IDTYPE_WDTYPE_ODTYPE_16_16_run_accumulation_buffer_rsc_0_4_i_1)    6.115   36.076 2.20e+03   44.388   0.3
            SystolicArrayCore_IDTYPE_WDTYPE_ODTYPE_16_16_run_accumulation_buffer_rsc_0_4_i_1_accumulation_buffer_rsc_0_4_wait_dp_inst (SystolicArrayCore_IDTYPE_WDTYPE_ODTYPE_16_16_run_accumulation_buffer_rsc_0_4_i_1_accumulation_buffer_rsc_0_4_wait_dp)    6.115   36.076 2.08e+03   44.274   0.3
            SystolicArrayCore_IDTYPE_WDTYPE_ODTYPE_16_16_run_accumulation_buffer_rsc_0_4_i_1_accumulation_buffer_rsc_0_4_wait_ctrl_inst (SystolicArrayCore_IDTYPE_WDTYPE_ODTYPE_16_16_run_accumulation_buffer_rsc_0_4_i_1_accumulation_buffer_rsc_0_4_wait_ctrl) 1.23e-04 1.96e-04  113.749    0.114   0.0
          SystolicArrayCore_IDTYPE_WDTYPE_ODTYPE_16_16_run_accumulation_buffer_rsc_0_3_i_1_inst (SystolicArrayCore_IDTYPE_WDTYPE_ODTYPE_16_16_run_accumulation_buffer_rsc_0_3_i_1)    6.079   36.100 2.20e+03   44.376   0.3
            SystolicArrayCore_IDTYPE_WDTYPE_ODTYPE_16_16_run_accumulation_buffer_rsc_0_3_i_1_accumulation_buffer_rsc_0_3_wait_dp_inst (SystolicArrayCore_IDTYPE_WDTYPE_ODTYPE_16_16_run_accumulation_buffer_rsc_0_3_i_1_accumulation_buffer_rsc_0_3_wait_dp)    6.079   36.100 2.08e+03   44.261   0.3
            SystolicArrayCore_IDTYPE_WDTYPE_ODTYPE_16_16_run_accumulation_buffer_rsc_0_3_i_1_accumulation_buffer_rsc_0_3_wait_ctrl_inst (SystolicArrayCore_IDTYPE_WDTYPE_ODTYPE_16_16_run_accumulation_buffer_rsc_0_3_i_1_accumulation_buffer_rsc_0_3_wait_ctrl) 1.23e-04 1.96e-04  113.749    0.114   0.0
          SystolicArrayCore_IDTYPE_WDTYPE_ODTYPE_16_16_run_accumulation_buffer_rsc_0_2_i_1_inst (SystolicArrayCore_IDTYPE_WDTYPE_ODTYPE_16_16_run_accumulation_buffer_rsc_0_2_i_1)    5.646   36.066 2.19e+03   43.897   0.3
            SystolicArrayCore_IDTYPE_WDTYPE_ODTYPE_16_16_run_accumulation_buffer_rsc_0_2_i_1_accumulation_buffer_rsc_0_2_wait_dp_inst (SystolicArrayCore_IDTYPE_WDTYPE_ODTYPE_16_16_run_accumulation_buffer_rsc_0_2_i_1_accumulation_buffer_rsc_0_2_wait_dp)    5.645   36.066 2.07e+03   43.783   0.3
            SystolicArrayCore_IDTYPE_WDTYPE_ODTYPE_16_16_run_accumulation_buffer_rsc_0_2_i_1_accumulation_buffer_rsc_0_2_wait_ctrl_inst (SystolicArrayCore_IDTYPE_WDTYPE_ODTYPE_16_16_run_accumulation_buffer_rsc_0_2_i_1_accumulation_buffer_rsc_0_2_wait_ctrl) 1.22e-04 2.67e-04  113.749    0.114   0.0
          SystolicArrayCore_IDTYPE_WDTYPE_ODTYPE_16_16_run_accumulation_buffer_rsc_0_1_i_1_inst (SystolicArrayCore_IDTYPE_WDTYPE_ODTYPE_16_16_run_accumulation_buffer_rsc_0_1_i_1)    6.101   36.097 2.20e+03   44.395   0.3
            SystolicArrayCore_IDTYPE_WDTYPE_ODTYPE_16_16_run_accumulation_buffer_rsc_0_1_i_1_accumulation_buffer_rsc_0_1_wait_dp_inst (SystolicArrayCore_IDTYPE_WDTYPE_ODTYPE_16_16_run_accumulation_buffer_rsc_0_1_i_1_accumulation_buffer_rsc_0_1_wait_dp)    5.594   36.044 2.07e+03   43.709   0.3
            SystolicArrayCore_IDTYPE_WDTYPE_ODTYPE_16_16_run_accumulation_buffer_rsc_0_1_i_1_accumulation_buffer_rsc_0_1_wait_ctrl_inst (SystolicArrayCore_IDTYPE_WDTYPE_ODTYPE_16_16_run_accumulation_buffer_rsc_0_1_i_1_accumulation_buffer_rsc_0_1_wait_ctrl) 1.23e-04 2.67e-04  113.749    0.114   0.0
          SystolicArrayCore_IDTYPE_WDTYPE_ODTYPE_16_16_run_accumulation_buffer_rsc_0_0_i_1_inst (SystolicArrayCore_IDTYPE_WDTYPE_ODTYPE_16_16_run_accumulation_buffer_rsc_0_0_i_1)    5.803   36.141 2.19e+03   44.129   0.3
            SystolicArrayCore_IDTYPE_WDTYPE_ODTYPE_16_16_run_accumulation_buffer_rsc_0_0_i_1_accumulation_buffer_rsc_0_0_wait_dp_inst (SystolicArrayCore_IDTYPE_WDTYPE_ODTYPE_16_16_run_accumulation_buffer_rsc_0_0_i_1_accumulation_buffer_rsc_0_0_wait_dp)    5.803   36.141 2.07e+03   44.015   0.3
            SystolicArrayCore_IDTYPE_WDTYPE_ODTYPE_16_16_run_accumulation_buffer_rsc_0_0_i_1_accumulation_buffer_rsc_0_0_wait_ctrl_inst (SystolicArrayCore_IDTYPE_WDTYPE_ODTYPE_16_16_run_accumulation_buffer_rsc_0_0_i_1_accumulation_buffer_rsc_0_0_wait_ctrl) 1.22e-04 2.67e-04  113.749    0.114   0.0
          SystolicArrayCore_IDTYPE_WDTYPE_ODTYPE_16_16_run_loopIndicesIn_rsci_inst (SystolicArrayCore_IDTYPE_WDTYPE_ODTYPE_16_16_run_loopIndicesIn_rsci)   16.522   91.510 6.10e+03  114.132   0.8
            SystolicArrayCore_IDTYPE_WDTYPE_ODTYPE_16_16_run_loopIndicesIn_rsci_loopIndicesIn_wait_dp_inst (SystolicArrayCore_IDTYPE_WDTYPE_ODTYPE_16_16_run_loopIndicesIn_rsci_loopIndicesIn_wait_dp)   16.403   91.377 5.39e+03  113.166   0.7
            SystolicArrayCore_IDTYPE_WDTYPE_ODTYPE_16_16_run_loopIndicesIn_rsci_loopIndicesIn_wait_ctrl_inst (SystolicArrayCore_IDTYPE_WDTYPE_ODTYPE_16_16_run_loopIndicesIn_rsci_loopIndicesIn_wait_ctrl) 9.70e-02 7.79e-02   78.153    0.253   0.0
            loopIndicesIn_rsci (ccs_in_wait_v1_rscid104_width48) 2.15e-02 5.51e-02  636.508    0.713   0.0
          SystolicArrayCore_IDTYPE_WDTYPE_ODTYPE_16_16_run_paramsIn_rsci_inst (SystolicArrayCore_IDTYPE_WDTYPE_ODTYPE_16_16_run_paramsIn_rsci)   27.202  147.403 1.00e+04  184.634   1.2
            SystolicArrayCore_IDTYPE_WDTYPE_ODTYPE_16_16_run_paramsIn_rsci_paramsIn_wait_dp_inst (SystolicArrayCore_IDTYPE_WDTYPE_ODTYPE_16_16_run_paramsIn_rsci_paramsIn_wait_dp)   27.013  147.093 8.91e+03  183.018   1.2
            SystolicArrayCore_IDTYPE_WDTYPE_ODTYPE_16_16_run_paramsIn_rsci_paramsIn_wait_ctrl_inst (SystolicArrayCore_IDTYPE_WDTYPE_ODTYPE_16_16_run_paramsIn_rsci_paramsIn_wait_ctrl) 6.55e-02 7.88e-02   78.153    0.222   0.0
            paramsIn_rsci (ccs_in_wait_v1_rscid103_width144)    0.124    0.231 1.04e+03    1.394   0.0
          SystolicArrayCore_IDTYPE_WDTYPE_ODTYPE_16_16_run_output_rsci_inst (SystolicArrayCore_IDTYPE_WDTYPE_ODTYPE_16_16_run_output_rsci) 4.11e-02    1.841 3.49e+03    5.374   0.0
            SystolicArrayCore_IDTYPE_WDTYPE_ODTYPE_16_16_run_output_rsci_output_wait_dp_inst (SystolicArrayCore_IDTYPE_WDTYPE_ODTYPE_16_16_run_output_rsci_output_wait_dp)    0.000    1.792  122.338    1.915   0.0
            SystolicArrayCore_IDTYPE_WDTYPE_ODTYPE_16_16_run_output_rsci_output_wait_ctrl_inst (SystolicArrayCore_IDTYPE_WDTYPE_ODTYPE_16_16_run_output_rsci_output_wait_ctrl) 1.54e-04 1.17e-04   77.712 7.80e-02   0.0
            output_rsci (ccs_out_wait_v1_rscid102_width256) 4.09e-02 4.87e-02 3.29e+03    3.381   0.0
          SystolicArrayCore_IDTYPE_WDTYPE_ODTYPE_16_16_run_weight_rsci_inst (SystolicArrayCore_IDTYPE_WDTYPE_ODTYPE_16_16_run_weight_rsci)   43.142  234.966 1.58e+04  293.931   1.9
            SystolicArrayCore_IDTYPE_WDTYPE_ODTYPE_16_16_run_weight_rsci_weight_wait_dp_inst (SystolicArrayCore_IDTYPE_WDTYPE_ODTYPE_16_16_run_weight_rsci_weight_wait_dp)   43.125  234.957 1.40e+04  292.109   1.9
            SystolicArrayCore_IDTYPE_WDTYPE_ODTYPE_16_16_run_weight_rsci_weight_wait_ctrl_inst (SystolicArrayCore_IDTYPE_WDTYPE_ODTYPE_16_16_run_weight_rsci_weight_wait_ctrl) 1.59e-02 5.08e-03   73.049 9.41e-02   0.0
            weight_rsci (ccs_in_wait_v1_rscid101_width128) 1.01e-03 3.51e-03 1.66e+03    1.664   0.0
          SystolicArrayCore_IDTYPE_WDTYPE_ODTYPE_16_16_run_input_rsci_inst (SystolicArrayCore_IDTYPE_WDTYPE_ODTYPE_16_16_run_input_rsci)   43.046  234.939 1.58e+04  293.756   1.9
            SystolicArrayCore_IDTYPE_WDTYPE_ODTYPE_16_16_run_input_rsci_input_wait_dp_inst (SystolicArrayCore_IDTYPE_WDTYPE_ODTYPE_16_16_run_input_rsci_input_wait_dp)   43.032  234.931 1.40e+04  292.001   1.9
            SystolicArrayCore_IDTYPE_WDTYPE_ODTYPE_16_16_run_input_rsci_input_wait_ctrl_inst (SystolicArrayCore_IDTYPE_WDTYPE_ODTYPE_16_16_run_input_rsci_input_wait_ctrl) 1.32e-02 5.06e-03   73.049 9.13e-02   0.0
            input_rsci (ccs_in_wait_v1_rscid100_width128) 9.99e-04 3.44e-03 1.66e+03    1.664   0.0
          input_fifo_0_run_cmp (Fifo_IDTYPE_1)    0.000    1.440  883.420    2.323   0.0
            Fifo_IDTYPE_1_run_inst (Fifo_IDTYPE_1_run)    0.000    1.440  883.420    2.323   0.0
              output_rsci (mgc_out_dreg_v2_rscid7_width8)    0.000    0.000  102.107    0.102   0.0
              input_rsci (ccs_in_v1_rscid6_width8)    0.000    0.000  102.107    0.102   0.0
          accum_fifo_0_run_cmp (Fifo_ODTYPE_1)    0.998    4.306 1.77e+03    7.073   0.0
            Fifo_ODTYPE_1_run_inst (Fifo_ODTYPE_1_run)    0.998    4.306 1.77e+03    7.073   0.0
              output_rsci (mgc_out_dreg_v2_rscid54_width16) 5.28e-02 3.59e-02  203.109    0.292   0.0
              input_rsci (ccs_in_v1_rscid53_width16)    0.386    0.762  179.424    1.327   0.0
          pe_0_0_run_cmp (ProcessingElement_IDTYPE_ODTYPE)    0.840    2.122 9.55e+03   12.507   0.1
            ProcessingElement_IDTYPE_ODTYPE_run_inst (ProcessingElement_IDTYPE_ODTYPE_run)    0.840    2.122 9.44e+03   12.405   0.1
              DP_OP_3J7_125_1785 (ProcessingElement_IDTYPE_ODTYPE_run_DP_OP_3J7_125_1785_J7_0)    0.230    0.438 6.58e+03    7.250   0.0
              psum_out_rsci (mgc_out_dreg_v2_rscid5_width16)    0.000    0.000  204.215    0.204   0.0
              input_out_rsci (mgc_out_dreg_v2_rscid4_width8)    0.000    0.000  102.107    0.102   0.0
              weight_rsci (ccs_in_v1_rscid3_width8)    0.000    0.000  102.107    0.102   0.0
              psum_in_rsci (ccs_in_v1_rscid2_width16) 8.08e-02 6.12e-02  203.195    0.345   0.0
              input_in_rsci (ccs_in_v1_rscid1_width8)    0.000    0.000  102.107    0.102   0.0
          input_fifo_1_rsci (Fifo_IDTYPE_2) 5.10e-03    2.884 1.60e+03    4.485   0.0
            Fifo_IDTYPE_2_run_inst (Fifo_IDTYPE_2_run) 5.10e-03    2.884 1.60e+03    4.485   0.0
              ccs_ccore_start_rsci (ccs_in_v1_rscid147_width1) 5.10e-03 4.54e-03   12.637 2.23e-02   0.0
              output_rsci (mgc_out_dreg_v2_rscid9_width8)    0.000    0.000  102.107    0.102   0.0
              input_rsci (ccs_in_v1_rscid8_width8)    0.000    0.000  102.107    0.102   0.0
          input_fifo_2_rsci (Fifo_IDTYPE_3)    0.589    2.951 2.22e+03    5.765   0.0
            Fifo_IDTYPE_3_run_inst (Fifo_IDTYPE_3_run)    0.589    2.951 2.22e+03    5.765   0.0
              ccs_ccore_start_rsci (ccs_in_v1_rscid146_width1) 7.38e-03 4.02e-03   12.637 2.40e-02   0.0
              output_rsci (mgc_out_dreg_v2_rscid12_width8)    0.000    0.000  102.107    0.102   0.0
              input_rsci (ccs_in_v1_rscid11_width8)    0.000    0.000  102.107    0.102   0.0
          input_fifo_3_rsci (Fifo_IDTYPE_4)    0.559    2.956 2.84e+03    6.358   0.0
            Fifo_IDTYPE_4_run_inst (Fifo_IDTYPE_4_run)    0.559    2.956 2.84e+03    6.358   0.0
              ccs_ccore_start_rsci (ccs_in_v1_rscid145_width1) 7.97e-03 4.03e-03   12.637 2.46e-02   0.0
              output_rsci (mgc_out_dreg_v2_rscid15_width8)    0.000    0.000  102.107    0.102   0.0
              input_rsci (ccs_in_v1_rscid14_width8)    0.000    0.000  102.107    0.102   0.0
          input_fifo_4_rsci (Fifo_IDTYPE_5)    0.637    3.020 3.47e+03    7.129   0.0
            Fifo_IDTYPE_5_run_inst (Fifo_IDTYPE_5_run)    0.637    3.020 3.47e+03    7.129   0.0
              ccs_ccore_start_rsci (ccs_in_v1_rscid144_width1) 8.19e-03 4.03e-03   12.637 2.49e-02   0.0
              output_rsci (mgc_out_dreg_v2_rscid18_width8)    0.000    0.000  102.107    0.102   0.0
              input_rsci (ccs_in_v1_rscid17_width8)    0.000    0.000  102.107    0.102   0.0
          input_fifo_5_rsci (Fifo_IDTYPE_6)    1.419    3.084 4.11e+03    8.618   0.1
            Fifo_IDTYPE_6_run_inst (Fifo_IDTYPE_6_run)    1.419    3.084 4.11e+03    8.618   0.1
              ccs_ccore_start_rsci (ccs_in_v1_rscid143_width1) 7.37e-03 4.02e-03   12.637 2.40e-02   0.0
              output_rsci (mgc_out_dreg_v2_rscid21_width8)    0.000    0.000  102.107    0.102   0.0
              input_rsci (ccs_in_v1_rscid20_width8)    0.000    0.000  102.107    0.102   0.0
          input_fifo_6_rsci (Fifo_IDTYPE_7)    1.674    3.146 4.73e+03    9.551   0.1
            Fifo_IDTYPE_7_run_inst (Fifo_IDTYPE_7_run)    1.674    3.146 4.73e+03    9.551   0.1
              ccs_ccore_start_rsci (ccs_in_v1_rscid142_width1) 9.59e-03 4.03e-03   12.637 2.63e-02   0.0
              output_rsci (mgc_out_dreg_v2_rscid24_width8)    0.000    0.000  102.107    0.102   0.0
              input_rsci (ccs_in_v1_rscid23_width8)    0.000    0.000  102.107    0.102   0.0
          input_fifo_7_rsci (Fifo_IDTYPE_8)    2.544    3.179 5.35e+03   11.072   0.1
            Fifo_IDTYPE_8_run_inst (Fifo_IDTYPE_8_run)    2.544    3.179 5.35e+03   11.072   0.1
              ccs_ccore_start_rsci (ccs_in_v1_rscid141_width1) 8.99e-03 4.03e-03   12.637 2.57e-02   0.0
              output_rsci (mgc_out_dreg_v2_rscid27_width8)    0.000    0.000  102.107    0.102   0.0
              input_rsci (ccs_in_v1_rscid26_width8)    0.000    0.000  102.107    0.102   0.0
          input_fifo_8_rsci (Fifo_IDTYPE_9)    2.742    3.199 5.97e+03   11.908   0.1
            Fifo_IDTYPE_9_run_inst (Fifo_IDTYPE_9_run)    2.742    3.199 5.97e+03   11.908   0.1
              ccs_ccore_start_rsci (ccs_in_v1_rscid140_width1) 7.79e-03 4.02e-03   12.637 2.45e-02   0.0
              output_rsci (mgc_out_dreg_v2_rscid30_width8)    0.000    0.000  102.107    0.102   0.0
              input_rsci (ccs_in_v1_rscid29_width8)    0.000    0.000  102.107    0.102   0.0
          input_fifo_9_rsci (Fifo_IDTYPE_10)    2.466    3.232 6.60e+03   12.294   0.1
            Fifo_IDTYPE_10_run_inst (Fifo_IDTYPE_10_run)    2.466    3.232 6.60e+03   12.294   0.1
              ccs_ccore_start_rsci (ccs_in_v1_rscid139_width1) 7.53e-03 4.02e-03   12.637 2.42e-02   0.0
              output_rsci (mgc_out_dreg_v2_rscid33_width8)    0.000    0.000  102.107    0.102   0.0
              input_rsci (ccs_in_v1_rscid32_width8)    0.000    0.000  102.107    0.102   0.0
          input_fifo_10_rsci (Fifo_IDTYPE_11)    2.236    3.184 7.22e+03   12.635   0.1
            Fifo_IDTYPE_11_run_inst (Fifo_IDTYPE_11_run)    2.236    3.184 7.22e+03   12.635   0.1
              ccs_ccore_start_rsci (ccs_in_v1_rscid138_width1) 8.37e-03 4.03e-03   12.637 2.50e-02   0.0
              output_rsci (mgc_out_dreg_v2_rscid36_width8)    0.000    0.000  102.107    0.102   0.0
              input_rsci (ccs_in_v1_rscid35_width8)    0.000    0.000  102.107    0.102   0.0
          input_fifo_11_rsci (Fifo_IDTYPE_12)    3.114    3.394 7.85e+03   14.363   0.1
            Fifo_IDTYPE_12_run_inst (Fifo_IDTYPE_12_run)    3.114    3.394 7.85e+03   14.363   0.1
              ccs_ccore_start_rsci (ccs_in_v1_rscid137_width1) 6.94e-03 4.02e-03   12.637 2.36e-02   0.0
              output_rsci (mgc_out_dreg_v2_rscid39_width8)    0.000    0.000  102.107    0.102   0.0
              input_rsci (ccs_in_v1_rscid38_width8)    0.000    0.000  102.107    0.102   0.0
          input_fifo_12_rsci (Fifo_IDTYPE_13)    3.206    3.374 8.49e+03   15.066   0.1
            Fifo_IDTYPE_13_run_inst (Fifo_IDTYPE_13_run)    2.670    3.310 8.47e+03   14.454   0.1
              ccs_ccore_start_rsci (ccs_in_v1_rscid136_width1) 9.44e-03 4.03e-03   12.637 2.61e-02   0.0
              output_rsci (mgc_out_dreg_v2_rscid42_width8)    0.000    0.000  102.107    0.102   0.0
              input_rsci (ccs_in_v1_rscid41_width8)    0.000    0.000  102.107    0.102   0.0
          input_fifo_13_rsci (Fifo_IDTYPE_14)    3.356    3.452 9.12e+03   15.923   0.1
            Fifo_IDTYPE_14_run_inst (Fifo_IDTYPE_14_run)    3.356    3.452 9.12e+03   15.923   0.1
              ccs_ccore_start_rsci (ccs_in_v1_rscid135_width1) 8.94e-03 4.03e-03   12.637 2.56e-02   0.0
              output_rsci (mgc_out_dreg_v2_rscid45_width8)    0.000    0.000  102.107    0.102   0.0
              input_rsci (ccs_in_v1_rscid44_width8)    0.000    0.000  102.107    0.102   0.0
          input_fifo_14_rsci (Fifo_IDTYPE_15)    3.201    3.374 9.70e+03   16.273   0.1
            Fifo_IDTYPE_15_run_inst (Fifo_IDTYPE_15_run)    3.201    3.374 9.70e+03   16.273   0.1
              ccs_ccore_start_rsci (ccs_in_v1_rscid134_width1) 8.41e-03 4.03e-03   12.637 2.51e-02   0.0
              output_rsci (mgc_out_dreg_v2_rscid48_width8)    0.000    0.000  102.107    0.102   0.0
              input_rsci (ccs_in_v1_rscid47_width8)    0.000    0.000  102.107    0.102   0.0
          input_fifo_15_rsci (Fifo_IDTYPE_16)    3.913    3.406 1.03e+04   17.658   0.1
            Fifo_IDTYPE_16_run_inst (Fifo_IDTYPE_16_run)    3.913    3.406 1.03e+04   17.658   0.1
              ccs_ccore_start_rsci (ccs_in_v1_rscid133_width1) 8.33e-03 4.03e-03   12.637 2.50e-02   0.0
              output_rsci (mgc_out_dreg_v2_rscid51_width8)    0.000    0.000  102.107    0.102   0.0
              input_rsci (ccs_in_v1_rscid50_width8)    0.000    0.000  102.107    0.102   0.0
          output_fifo_14_rsci (Fifo_ODTYPE_2_0)    1.002    5.706 3.10e+03    9.810   0.1
            Fifo_ODTYPE_2_run_inst (Fifo_ODTYPE_2_run_0)    1.002    5.706 3.10e+03    9.810   0.1
              ccs_ccore_start_rsci (ccs_in_v1_rscid131_width1_0) 6.32e-03 4.31e-03   12.751 2.34e-02   0.0
              output_rsci (mgc_out_dreg_v2_rscid56_width16_0)    0.000    0.000  204.215    0.204   0.0
              input_rsci (ccs_in_v1_rscid55_width16_0)    0.446    0.768  179.426    1.393   0.0
          accum_fifo_1_rsci (Fifo_ODTYPE_2_1)    0.918    5.211 3.07e+03    9.202   0.1
            Fifo_ODTYPE_2_run_inst (Fifo_ODTYPE_2_run_1)    0.918    5.211 3.07e+03    9.202   0.1
              ccs_ccore_start_rsci (ccs_in_v1_rscid131_width1_1)    0.000    0.000   12.763 1.28e-02   0.0
              output_rsci (mgc_out_dreg_v2_rscid56_width16_1)    0.000    0.000  204.215    0.204   0.0
              input_rsci (ccs_in_v1_rscid55_width16_1)    0.419    0.760  191.426    1.370   0.0
          output_fifo_13_rsci (Fifo_ODTYPE_3_0)    1.913    6.030 4.39e+03   12.329   0.1
            Fifo_ODTYPE_3_run_inst (Fifo_ODTYPE_3_run_0)    1.913    6.030 4.39e+03   12.329   0.1
              ccs_ccore_start_rsci (ccs_in_v1_rscid130_width1_0) 6.13e-03 4.30e-03   12.751 2.32e-02   0.0
              output_rsci (mgc_out_dreg_v2_rscid59_width16_0)    0.000    0.000  204.215    0.204   0.0
              input_rsci (ccs_in_v1_rscid58_width16_0)    0.377    0.771  179.426    1.327   0.0
          accum_fifo_2_rsci (Fifo_ODTYPE_3_1)    1.665    5.327 4.33e+03   11.324   0.1
            Fifo_ODTYPE_3_run_inst (Fifo_ODTYPE_3_run_1)    1.665    5.327 4.33e+03   11.324   0.1
              ccs_ccore_start_rsci (ccs_in_v1_rscid130_width1_1)    0.000    0.000   12.763 1.28e-02   0.0
              output_rsci (mgc_out_dreg_v2_rscid59_width16_1)    0.000    0.000  204.215    0.204   0.0
              input_rsci (ccs_in_v1_rscid58_width16_1)    0.367    0.749  191.451    1.307   0.0
          output_fifo_12_rsci (Fifo_ODTYPE_4_0)    2.820    6.177 5.62e+03   14.620   0.1
            Fifo_ODTYPE_4_run_inst (Fifo_ODTYPE_4_run_0)    2.820    6.177 5.62e+03   14.620   0.1
              ccs_ccore_start_rsci (ccs_in_v1_rscid129_width1_0) 6.09e-03 4.30e-03   12.751 2.31e-02   0.0
              output_rsci (mgc_out_dreg_v2_rscid62_width16_0)    0.000    0.000  204.215    0.204   0.0
              input_rsci (ccs_in_v1_rscid61_width16_0)    0.666    0.789  179.426    1.635   0.0
          accum_fifo_3_rsci (Fifo_ODTYPE_4_1)    1.980    5.335 5.57e+03   12.883   0.1
            Fifo_ODTYPE_4_run_inst (Fifo_ODTYPE_4_run_1)    1.980    5.335 5.57e+03   12.883   0.1
              ccs_ccore_start_rsci (ccs_in_v1_rscid129_width1_1)    0.000    0.000   12.763 1.28e-02   0.0
              output_rsci (mgc_out_dreg_v2_rscid62_width16_1)    0.000    0.000  204.215    0.204   0.0
              input_rsci (ccs_in_v1_rscid61_width16_1)    0.378    0.746  191.567    1.316   0.0
          output_fifo_11_rsci (Fifo_ODTYPE_5_0)    3.028    6.410 6.87e+03   16.306   0.1
            Fifo_ODTYPE_5_run_inst (Fifo_ODTYPE_5_run_0)    3.028    6.410 6.87e+03   16.306   0.1
              ccs_ccore_start_rsci (ccs_in_v1_rscid128_width1_0) 4.62e-03 4.28e-03   12.751 2.16e-02   0.0
              output_rsci (mgc_out_dreg_v2_rscid65_width16_0)    0.000    0.000  204.215    0.204   0.0
              input_rsci (ccs_in_v1_rscid64_width16_0)    0.516    0.775  179.426    1.470   0.0
          accum_fifo_4_rsci (Fifo_ODTYPE_5_1)    2.800    5.520 6.85e+03   15.170   0.1
            Fifo_ODTYPE_5_run_inst (Fifo_ODTYPE_5_run_1)    2.800    5.520 6.85e+03   15.170   0.1
              ccs_ccore_start_rsci (ccs_in_v1_rscid128_width1_1)    0.000    0.000   12.763 1.28e-02   0.0
              output_rsci (mgc_out_dreg_v2_rscid65_width16_1)    0.000    0.000  204.215    0.204   0.0
              input_rsci (ccs_in_v1_rscid64_width16_1)    0.395    0.750  191.451    1.336   0.0
          output_fifo_10_rsci (Fifo_ODTYPE_6_0)    3.521    6.596 8.13e+03   18.245   0.1
            Fifo_ODTYPE_6_run_inst (Fifo_ODTYPE_6_run_0)    3.521    6.596 8.13e+03   18.245   0.1
              ccs_ccore_start_rsci (ccs_in_v1_rscid127_width1_0) 4.51e-03 4.27e-03   12.751 2.15e-02   0.0
              output_rsci (mgc_out_dreg_v2_rscid68_width16_0)    0.000    0.000  204.215    0.204   0.0
              input_rsci (ccs_in_v1_rscid67_width16_0)    0.456    0.769  179.426    1.404   0.0
          accum_fifo_5_rsci (Fifo_ODTYPE_6_1)    3.397    5.605 8.08e+03   17.086   0.1
            Fifo_ODTYPE_6_run_inst (Fifo_ODTYPE_6_run_1)    3.397    5.605 8.08e+03   17.086   0.1
              ccs_ccore_start_rsci (ccs_in_v1_rscid127_width1_1)    0.000    0.000   12.763 1.28e-02   0.0
              output_rsci (mgc_out_dreg_v2_rscid68_width16_1)    0.000    0.000  204.215    0.204   0.0
              input_rsci (ccs_in_v1_rscid67_width16_1)    0.473    0.760  191.500    1.424   0.0
          output_fifo_9_rsci (Fifo_ODTYPE_7_0)    4.188    6.799 9.36e+03   20.350   0.1
            Fifo_ODTYPE_7_run_inst (Fifo_ODTYPE_7_run_0)    4.188    6.799 9.36e+03   20.350   0.1
              ccs_ccore_start_rsci (ccs_in_v1_rscid126_width1_0) 6.23e-03 4.31e-03   12.751 2.33e-02   0.0
              output_rsci (mgc_out_dreg_v2_rscid71_width16_0)    0.000    0.000  204.215    0.204   0.0
              input_rsci (ccs_in_v1_rscid70_width16_0)    0.458    0.788  179.426    1.425   0.0
          accum_fifo_6_rsci (Fifo_ODTYPE_7_1)    3.796    5.614 9.33e+03   18.743   0.1
            Fifo_ODTYPE_7_run_inst (Fifo_ODTYPE_7_run_1)    3.796    5.614 9.33e+03   18.743   0.1
              ccs_ccore_start_rsci (ccs_in_v1_rscid126_width1_1)    0.000    0.000   12.763 1.28e-02   0.0
              output_rsci (mgc_out_dreg_v2_rscid71_width16_1)    0.000    0.000  204.215    0.204   0.0
              input_rsci (ccs_in_v1_rscid70_width16_1)    0.431    0.755  191.675    1.378   0.0
          output_fifo_8_rsci (Fifo_ODTYPE_8_0)    3.940    4.408 1.05e+04   18.893   0.1
            Fifo_ODTYPE_8_run_inst (Fifo_ODTYPE_8_run_0)    3.940    4.408 1.05e+04   18.893   0.1
              ccs_ccore_start_rsci (ccs_in_v1_rscid125_width1_0) 5.90e-03 4.30e-03   12.751 2.30e-02   0.0
              output_rsci (mgc_out_dreg_v2_rscid74_width16_0)    0.000    0.000  204.215    0.204   0.0
              input_rsci (ccs_in_v1_rscid73_width16_0)    0.000    0.000  204.215    0.204   0.0
          accum_fifo_7_rsci (Fifo_ODTYPE_8_1)    4.250    5.688 1.06e+04   20.506   0.1
            Fifo_ODTYPE_8_run_inst (Fifo_ODTYPE_8_run_1)    4.250    5.688 1.06e+04   20.506   0.1
              ccs_ccore_start_rsci (ccs_in_v1_rscid125_width1_1)    0.000    0.000   12.763 1.28e-02   0.0
              output_rsci (mgc_out_dreg_v2_rscid74_width16_1)    0.000    0.000  204.215    0.204   0.0
              input_rsci (ccs_in_v1_rscid73_width16_1)    0.374    0.751  191.506    1.316   0.0
          output_fifo_7_rsci (Fifo_ODTYPE_9_0)    4.634    7.099 1.18e+04   23.581   0.2
            Fifo_ODTYPE_9_run_inst (Fifo_ODTYPE_9_run_0)    4.634    7.099 1.18e+04   23.581   0.2
              ccs_ccore_start_rsci (ccs_in_v1_rscid124_width1_0) 4.53e-03 4.27e-03   12.751 2.16e-02   0.0
              output_rsci (mgc_out_dreg_v2_rscid77_width16_0)    0.000    0.000  204.215    0.204   0.0
              input_rsci (ccs_in_v1_rscid76_width16_0)    0.614    0.809  179.426    1.602   0.0
          accum_fifo_8_rsci (Fifo_ODTYPE_9_1)    4.749    5.724 1.18e+04   22.290   0.1
            Fifo_ODTYPE_9_run_inst (Fifo_ODTYPE_9_run_1)    4.749    5.724 1.18e+04   22.277   0.1
              ccs_ccore_start_rsci (ccs_in_v1_rscid124_width1_1)    0.000    0.000   12.763 1.28e-02   0.0
              output_rsci (mgc_out_dreg_v2_rscid77_width16_1)    0.000    0.000  204.215    0.204   0.0
              input_rsci (ccs_in_v1_rscid76_width16_1)    0.417    0.757  191.467    1.365   0.0
          output_fifo_6_rsci (Fifo_ODTYPE_10_0)    5.930    7.407 1.31e+04   26.442   0.2
            Fifo_ODTYPE_10_run_inst (Fifo_ODTYPE_10_run_0)    5.395    7.347 1.31e+04   25.836   0.2
              ccs_ccore_start_rsci (ccs_in_v1_rscid123_width1_0) 5.76e-03 4.18e-03   12.751 2.27e-02   0.0
              output_rsci (mgc_out_dreg_v2_rscid80_width16_0)    0.000    0.000  204.215    0.204   0.0
              input_rsci (ccs_in_v1_rscid79_width16_0)    0.795    0.820  179.426    1.794   0.0
          accum_fifo_9_rsci (Fifo_ODTYPE_10_1)    5.275    5.835 1.31e+04   24.185   0.2
            Fifo_ODTYPE_10_run_inst (Fifo_ODTYPE_10_run_1)    5.275    5.835 1.31e+04   24.185   0.2
              ccs_ccore_start_rsci (ccs_in_v1_rscid123_width1_1)    0.000    0.000   12.763 1.28e-02   0.0
              output_rsci (mgc_out_dreg_v2_rscid80_width16_1)    0.000    0.000  204.215    0.204   0.0
              input_rsci (ccs_in_v1_rscid79_width16_1)    0.455    0.760  191.458    1.406   0.0
          output_fifo_5_rsci (Fifo_ODTYPE_11_0)    7.122    7.623 1.44e+04   29.098   0.2
            Fifo_ODTYPE_11_run_inst (Fifo_ODTYPE_11_run_0)    7.122    7.623 1.44e+04   29.098   0.2
              ccs_ccore_start_rsci (ccs_in_v1_rscid122_width1_0) 5.93e-03 4.18e-03   12.751 2.29e-02   0.0
              output_rsci (mgc_out_dreg_v2_rscid83_width16_0)    0.000    0.000  204.215    0.204   0.0
              input_rsci (ccs_in_v1_rscid82_width16_0)    1.369    0.821  179.426    2.370   0.0
          accum_fifo_10_rsci (Fifo_ODTYPE_11_1)    6.760    6.130 1.43e+04   27.234   0.2
            Fifo_ODTYPE_11_run_inst (Fifo_ODTYPE_11_run_1)    6.760    6.130 1.43e+04   27.234   0.2
              ccs_ccore_start_rsci (ccs_in_v1_rscid122_width1_1)    0.000    0.000   12.763 1.28e-02   0.0
              output_rsci (mgc_out_dreg_v2_rscid83_width16_1)    0.000    0.000  204.215    0.204   0.0
              input_rsci (ccs_in_v1_rscid82_width16_1)    0.428    0.752  191.491    1.372   0.0
          output_fifo_4_rsci (Fifo_ODTYPE_12_0)    6.551    7.857 1.56e+04   30.021   0.2
            Fifo_ODTYPE_12_run_inst (Fifo_ODTYPE_12_run_0)    6.551    7.857 1.56e+04   30.021   0.2
              ccs_ccore_start_rsci (ccs_in_v1_rscid121_width1_0) 9.31e-03 4.25e-03   12.751 2.63e-02   0.0
              output_rsci (mgc_out_dreg_v2_rscid86_width16_0)    0.000    0.000  204.215    0.204   0.0
              input_rsci (ccs_in_v1_rscid85_width16_0)    0.575    0.794  179.426    1.548   0.0
          accum_fifo_11_rsci (Fifo_ODTYPE_12_1)    6.603    5.998 1.56e+04   28.159   0.2
            Fifo_ODTYPE_12_run_inst (Fifo_ODTYPE_12_run_1)    6.000    5.938 1.55e+04   27.485   0.2
              ccs_ccore_start_rsci (ccs_in_v1_rscid121_width1_1)    0.000    0.000   12.763 1.28e-02   0.0
              output_rsci (mgc_out_dreg_v2_rscid86_width16_1)    0.000    0.000  204.215    0.204   0.0
              input_rsci (ccs_in_v1_rscid85_width16_1)    0.425    0.755  191.471    1.372   0.0
          output_fifo_3_rsci (Fifo_ODTYPE_13_0)    7.128    8.004 1.69e+04   31.992   0.2
            Fifo_ODTYPE_13_run_inst (Fifo_ODTYPE_13_run_0)    7.128    8.004 1.69e+04   31.992   0.2
              ccs_ccore_start_rsci (ccs_in_v1_rscid120_width1_0) 1.04e-02 4.25e-03   12.751 2.74e-02   0.0
              output_rsci (mgc_out_dreg_v2_rscid89_width16_0)    0.000    0.000  204.215    0.204   0.0
              input_rsci (ccs_in_v1_rscid88_width16_0)    0.721    0.817  179.426    1.718   0.0
          accum_fifo_12_rsci (Fifo_ODTYPE_13_1)    6.695    6.214 1.68e+04   29.750   0.2
            Fifo_ODTYPE_13_run_inst (Fifo_ODTYPE_13_run_1)    6.695    6.214 1.68e+04   29.750   0.2
              ccs_ccore_start_rsci (ccs_in_v1_rscid120_width1_1)    0.000    0.000   12.763 1.28e-02   0.0
              output_rsci (mgc_out_dreg_v2_rscid89_width16_1)    0.000    0.000  204.215    0.204   0.0
              input_rsci (ccs_in_v1_rscid88_width16_1)    0.524    0.764  191.516    1.480   0.0
          output_fifo_2_rsci (Fifo_ODTYPE_14_0)    7.746    8.169 1.81e+04   34.034   0.2
            Fifo_ODTYPE_14_run_inst (Fifo_ODTYPE_14_run_0)    7.746    8.169 1.81e+04   34.034   0.2
              ccs_ccore_start_rsci (ccs_in_v1_rscid119_width1_0) 1.03e-02 4.25e-03   12.751 2.74e-02   0.0
              output_rsci (mgc_out_dreg_v2_rscid92_width16_0)    0.000    0.000  204.215    0.204   0.0
              input_rsci (ccs_in_v1_rscid91_width16_0)    0.774    0.789  179.426    1.742   0.0
          accum_fifo_13_rsci (Fifo_ODTYPE_14_1)    7.963    6.208 1.81e+04   32.223   0.2
            Fifo_ODTYPE_14_run_inst (Fifo_ODTYPE_14_run_1)    7.963    6.208 1.81e+04   32.223   0.2
              ccs_ccore_start_rsci (ccs_in_v1_rscid119_width1_1)    0.000    0.000   12.763 1.28e-02   0.0
              output_rsci (mgc_out_dreg_v2_rscid92_width16_1)    0.000    0.000  204.215    0.204   0.0
              input_rsci (ccs_in_v1_rscid91_width16_1)    0.614    0.772  191.455    1.577   0.0
          output_fifo_1_rsci (Fifo_ODTYPE_15_0)    8.420    8.371 1.93e+04   36.134   0.2
            Fifo_ODTYPE_15_run_inst (Fifo_ODTYPE_15_run_0)    7.782    8.311 1.93e+04   35.425   0.2
              ccs_ccore_start_rsci (ccs_in_v1_rscid118_width1_0) 1.07e-02 4.25e-03   12.751 2.77e-02   0.0
              output_rsci (mgc_out_dreg_v2_rscid95_width16_0)    0.000    0.000  204.215    0.204   0.0
              input_rsci (ccs_in_v1_rscid94_width16_0)    0.543    0.798  179.426    1.520   0.0
          accum_fifo_14_rsci (Fifo_ODTYPE_15_1)    7.909    6.255 1.93e+04   33.477   0.2
            Fifo_ODTYPE_15_run_inst (Fifo_ODTYPE_15_run_1)    7.909    6.255 1.93e+04   33.464   0.2
              ccs_ccore_start_rsci (ccs_in_v1_rscid118_width1_1)    0.000    0.000   12.763 1.28e-02   0.0
              output_rsci (mgc_out_dreg_v2_rscid95_width16_1)    0.000    0.000  204.215    0.204   0.0
              input_rsci (ccs_in_v1_rscid94_width16_1)    0.386    0.752  191.553    1.330   0.0
          output_fifo_0_rsci (Fifo_ODTYPE_16_0)    9.133    8.447 2.06e+04   38.148   0.3
            Fifo_ODTYPE_16_run_inst (Fifo_ODTYPE_16_run_0)    9.133    8.447 2.06e+04   38.148   0.3
              ccs_ccore_start_rsci (ccs_in_v1_rscid117_width1_0) 1.01e-02 4.25e-03   12.751 2.71e-02   0.0
              output_rsci (mgc_out_dreg_v2_rscid98_width16_0)    0.000    0.000  204.215    0.204   0.0
              input_rsci (ccs_in_v1_rscid97_width16_0)    1.451    0.828  179.426    2.458   0.0
          accum_fifo_15_rsci (Fifo_ODTYPE_16_1)    7.814    6.373 2.06e+04   34.757   0.2
            Fifo_ODTYPE_16_run_inst (Fifo_ODTYPE_16_run_1)    7.814    6.373 2.06e+04   34.757   0.2
              ccs_ccore_start_rsci (ccs_in_v1_rscid117_width1_1)    0.000    0.000   12.763 1.28e-02   0.0
              output_rsci (mgc_out_dreg_v2_rscid98_width16_1)    0.000    0.000  204.215    0.204   0.0
              input_rsci (ccs_in_v1_rscid97_width16_1)    0.360    0.752  191.486    1.303   0.0
        accumulation_buffer_rsc_0_15_i (SystolicArrayCore_IDTYPE_WDTYPE_ODTYPE_16_16_sram_512_128_sram_512_128_rwport_164_16_12_256_16_gen)    0.685    0.858  209.729    1.753   0.0
        accumulation_buffer_rsc_0_14_i (SystolicArrayCore_IDTYPE_WDTYPE_ODTYPE_16_16_sram_512_128_sram_512_128_rwport_163_16_12_256_16_gen)    0.755    0.862  209.729    1.827   0.0
        accumulation_buffer_rsc_0_13_i (SystolicArrayCore_IDTYPE_WDTYPE_ODTYPE_16_16_sram_512_128_sram_512_128_rwport_162_16_12_256_16_gen)    0.693    0.859  209.729    1.762   0.0
        accumulation_buffer_rsc_0_12_i (SystolicArrayCore_IDTYPE_WDTYPE_ODTYPE_16_16_sram_512_128_sram_512_128_rwport_161_16_12_256_16_gen)    0.823    0.865  209.729    1.897   0.0
        accumulation_buffer_rsc_0_11_i (SystolicArrayCore_IDTYPE_WDTYPE_ODTYPE_16_16_sram_512_128_sram_512_128_rwport_160_16_12_256_16_gen)    0.686    0.858  209.729    1.754   0.0
        accumulation_buffer_rsc_0_10_i (SystolicArrayCore_IDTYPE_WDTYPE_ODTYPE_16_16_sram_512_128_sram_512_128_rwport_159_16_12_256_16_gen)    0.642    0.856  209.729    1.708   0.0
        accumulation_buffer_rsc_0_9_i (SystolicArrayCore_IDTYPE_WDTYPE_ODTYPE_16_16_sram_512_128_sram_512_128_rwport_158_16_12_256_16_gen)    0.804    0.864  209.729    1.878   0.0
        accumulation_buffer_rsc_0_8_i (SystolicArrayCore_IDTYPE_WDTYPE_ODTYPE_16_16_sram_512_128_sram_512_128_rwport_157_16_12_256_16_gen)    0.714    0.860  209.729    1.784   0.0
        accumulation_buffer_rsc_0_7_i (SystolicArrayCore_IDTYPE_WDTYPE_ODTYPE_16_16_sram_512_128_sram_512_128_rwport_156_16_12_256_16_gen)    0.732    0.861  209.729    1.802   0.0
        accumulation_buffer_rsc_0_6_i (SystolicArrayCore_IDTYPE_WDTYPE_ODTYPE_16_16_sram_512_128_sram_512_128_rwport_155_16_12_256_16_gen)    0.705    0.859  209.729    1.774   0.0
        accumulation_buffer_rsc_0_5_i (SystolicArrayCore_IDTYPE_WDTYPE_ODTYPE_16_16_sram_512_128_sram_512_128_rwport_154_16_12_256_16_gen)    0.627    0.856  209.729    1.693   0.0
        accumulation_buffer_rsc_0_4_i (SystolicArrayCore_IDTYPE_WDTYPE_ODTYPE_16_16_sram_512_128_sram_512_128_rwport_153_16_12_256_16_gen)    0.721    0.860  209.729    1.791   0.0
        accumulation_buffer_rsc_0_3_i (SystolicArrayCore_IDTYPE_WDTYPE_ODTYPE_16_16_sram_512_128_sram_512_128_rwport_152_16_12_256_16_gen)    0.722    0.860  209.729    1.792   0.0
        accumulation_buffer_rsc_0_2_i (SystolicArrayCore_IDTYPE_WDTYPE_ODTYPE_16_16_sram_512_128_sram_512_128_rwport_151_16_12_256_16_gen)    0.756    0.862  209.729    1.828   0.0
        accumulation_buffer_rsc_0_1_i (SystolicArrayCore_IDTYPE_WDTYPE_ODTYPE_16_16_sram_512_128_sram_512_128_rwport_150_16_12_256_16_gen)    0.687    0.858  209.729    1.755   0.0
        accumulation_buffer_rsc_0_0_i (SystolicArrayCore_IDTYPE_WDTYPE_ODTYPE_16_16_sram_512_128_sram_512_128_rwport_149_16_12_256_16_gen)    0.774    0.862  209.729    1.846   0.0
    loopIndicesChannel_cns_pipe (ccs_pipe_v5_rscid164_width48_sz_width1_fifo_sz3_log2_sz2_ph_clk1_ph_en0_ph_arst0_ph_srst0)    5.243   13.258 2.24e+04   40.924   0.3
      FIFO (ccs_fifo_wait_core_v5_rscid164_width48_sz_width1_fifo_sz3_ph_clk1_ph_en0_ph_arst0_ph_srst0_ph_log22)    5.243   13.258 2.24e+04   40.924   0.3
        FIFO_REG_GEN_REGS_0__BUFREG (ccs_genreg_v1_48_1_0_0_0_1_0)    1.548    2.129 5.75e+03    9.431   0.1
        FIFO_REG_GEN_REGS_0__STATREG (ccs_genreg_v1_1_1_0_0_0_1_5) 6.16e-03    1.815  130.242    1.951   0.0
        FIFO_REG_GEN_REGS_1__BUFREG (ccs_genreg_v1_48_1_0_0_0_1_1)    1.053    2.013 5.73e+03    8.797   0.1
        FIFO_REG_GEN_REGS_1__STATREG (ccs_genreg_v1_1_1_0_0_0_1_6) 1.14e-02    1.811  130.354    1.953   0.0
        FIFO_REG_GEN_REGS_2__BUFREG (ccs_genreg_v1_48_1_0_0_0_1_2)    1.382    2.114 5.74e+03    9.238   0.1
        FIFO_REG_GEN_REGS_2__STATREG (ccs_genreg_v1_1_1_0_0_0_1_7) 1.04e-02    1.806  130.480    1.947   0.0
        FIFO_REG_HS_INIT_REG (ccs_genreg_v1_1_1_1_0_0_0_4) 5.29e-02    1.298  105.365    1.456   0.0
    paramsChannel_cns_pipe (ccs_pipe_v5_rscid163_width144_sz_width1_fifo_sz3_log2_sz2_ph_clk1_ph_en0_ph_arst0_ph_srst0)    8.331   18.831 3.67e+04   63.877   0.4
      FIFO (ccs_fifo_wait_core_v5_rscid163_width144_sz_width1_fifo_sz3_ph_clk1_ph_en0_ph_arst0_ph_srst0_ph_log22)    8.331   18.831 3.67e+04   63.877   0.4
        FIFO_REG_GEN_REGS_0__BUFREG (ccs_genreg_v1_144_1_0_0_0_1_5)    2.325    3.603 9.54e+03   15.465   0.1
        FIFO_REG_GEN_REGS_0__STATREG (ccs_genreg_v1_1_1_0_0_0_1_8) 6.13e-03    1.815  130.242    1.951   0.0
        FIFO_REG_GEN_REGS_1__BUFREG (ccs_genreg_v1_144_1_0_0_0_1_6)    2.370    3.667 9.54e+03   15.573   0.1
        FIFO_REG_GEN_REGS_1__STATREG (ccs_genreg_v1_1_1_0_0_0_1_9) 1.14e-02    1.811  130.354    1.953   0.0
        FIFO_REG_GEN_REGS_2__BUFREG (ccs_genreg_v1_144_1_0_0_0_1_7)    2.217    3.767 9.52e+03   15.508   0.1
        FIFO_REG_GEN_REGS_2__STATREG (ccs_genreg_v1_1_1_0_0_0_1_10) 1.30e-02    1.807  130.480    1.950   0.0
        FIFO_REG_HS_INIT_REG (ccs_genreg_v1_1_1_1_0_0_0_5) 5.42e-02    1.295  105.365    1.455   0.0
  weightDoubleBuffer (WeightDoubleBuffer_384_16_16)  704.452 1.54e+03 5.59e+05 2.80e+03  18.5
    WeightDoubleBuffer_384_16_16_struct_inst (WeightDoubleBuffer_384_16_16_struct)  704.452 1.54e+03 5.59e+05 2.80e+03  18.5
      WeightDoublefeSAqem_cns_bctl_inst (WeightDoublefeSAqem_cns_bctl)    8.400   38.642 1.52e+04   62.244   0.4
      unreg_1 (unreg_hier_0)           9.35e-04 1.62e-03   12.754 1.53e-02   0.0
      unreg (unreg_hier_1)                0.000    0.000    9.665 9.66e-03   0.0
      WeightDoubleBuffer_384_16_16_run_inst (WeightDoubleBuffer_384_16_16_run)   39.309  193.007 2.30e+04  255.284   1.7
        WeightDoubleBuffer_384_16_16_run_run_inst (WeightDoubleBuffer_384_16_16_run_run)   39.309  193.007 2.30e+04  255.284   1.7
          WeightDoubleBuffer_384_16_16_run_run_run_fsm_inst (WeightDoubleBuffer_384_16_16_run_run_run_fsm)    0.241    3.455  316.317    4.013   0.0
          WeightDoubleBuffer_384_16_16_run_run_staller_inst (WeightDoubleBuffer_384_16_16_run_run_staller)    0.290 9.52e-02   29.697    0.415   0.0
          WeightDoubleBuffer_384_16_16_run_run_weightDoubleBufferReaderParams_cnsi_inst (WeightDoubleBuffer_384_16_16_run_run_weightDoubleBufferReaderParams_cnsi)    0.619    2.319 1.44e+03    4.376   0.0
            WeightDoubleBuffer_384_16_16_run_run_weightDoubleBufferReaderParams_cnsi_weightDoubleBufferReaderParams_wait_dp_inst (WeightDoubleBuffer_384_16_16_run_run_weightDoubleBufferReaderParams_cnsi_weightDoubleBufferReaderParams_wait_dp) 1.06e-02    1.800  122.968    1.934   0.0
            WeightDoubleBuffer_384_16_16_run_run_weightDoubleBufferReaderParams_cnsi_weightDoubleBufferReaderParams_wait_ctrl_inst (WeightDoubleBuffer_384_16_16_run_run_weightDoubleBufferReaderParams_cnsi_weightDoubleBufferReaderParams_wait_ctrl) 2.60e-02 3.66e-02   77.794    0.140   0.0
            weightDoubleBufferReaderParams_cnsi (ccs_out_wait_v1_rscid19_width144_0)    0.582    0.483 1.24e+03    2.301   0.0
          WeightDoubleBuffer_384_16_16_run_run_weightDoubleBufferWriterParams_cnsi_inst (WeightDoubleBuffer_384_16_16_run_run_weightDoubleBufferWriterParams_cnsi)    0.502    2.223 1.16e+03    3.885   0.0
            WeightDoubleBuffer_384_16_16_run_run_weightDoubleBufferWriterParams_cnsi_weightDoubleBufferWriterParams_wait_dp_inst (WeightDoubleBuffer_384_16_16_run_run_weightDoubleBufferWriterParams_cnsi_weightDoubleBufferWriterParams_wait_dp) 1.07e-02    1.800  122.968    1.934   0.0
            WeightDoubleBuffer_384_16_16_run_run_weightDoubleBufferWriterParams_cnsi_weightDoubleBufferWriterParams_wait_ctrl_inst (WeightDoubleBuffer_384_16_16_run_run_weightDoubleBufferWriterParams_cnsi_weightDoubleBufferWriterParams_wait_ctrl) 2.61e-02 3.66e-02   77.794    0.141   0.0
            weightDoubleBufferWriterParams_cnsi (ccs_out_wait_v1_rscid18_width144_0)    0.465    0.386  958.938    1.811   0.0
          WeightDoubleBuffer_384_16_16_run_run_paramsIn_rsci_inst (WeightDoubleBuffer_384_16_16_run_run_paramsIn_rsci)   33.573  175.004 1.21e+04  220.632   1.5
            WeightDoubleBuffer_384_16_16_run_run_paramsIn_rsci_paramsIn_wait_dp_inst (WeightDoubleBuffer_384_16_16_run_run_paramsIn_rsci_paramsIn_wait_dp)   32.712  174.319 1.07e+04  217.760   1.4
            WeightDoubleBuffer_384_16_16_run_run_paramsIn_rsci_paramsIn_wait_ctrl_inst (WeightDoubleBuffer_384_16_16_run_run_paramsIn_rsci_paramsIn_wait_ctrl) 9.41e-02    0.102   78.255    0.274   0.0
            paramsIn_rsci (ccs_in_wait_v1_rscid17_width144_0)    0.346    0.525 1.24e+03    2.107   0.0
      weightDoubleBufferReader (WeightDoubleBufferReader_384_16_16)  176.778  719.901 2.16e+05 1.11e+03   7.3
        WeightDoubleBufferReader_384_16_16_run_inst (WeightDoubleBufferReader_384_16_16_run)  171.672  713.252 2.15e+05 1.10e+03   7.3
          mult_x_4 (WeightDoubleBufferReader_384_16_16_run_DW_mult_uns_J62_0)   11.841   12.409 5.30e+04   77.293   0.5
          add_x_2 (WeightDoubleBufferReader_384_16_16_run_DW01_inc_J50_0)    0.187    0.221 1.99e+03    2.396   0.0
          add_x_6 (WeightDoubleBufferReader_384_16_16_run_DW01_inc_J5_2) 8.53e-02    0.133 1.32e+03    1.541   0.0
          mult_x_7 (WeightDoubleBufferReader_384_16_16_run_DW_mult_uns_J5_2)    5.142    5.693 3.17e+04   42.541   0.3
          mult_x_14 (WeightDoubleBufferReader_384_16_16_run_DW_mult_uns_J5_1) 8.62e-02    0.125  805.008    1.016   0.0
          mult_x_15 (WeightDoubleBufferReader_384_16_16_run_DW_mult_uns_J5_0)    3.817    3.353 2.37e+04   30.836   0.2
          add_x_16 (WeightDoubleBufferReader_384_16_16_run_DW01_inc_J5_1) 6.43e-02    0.217 1.43e+03    1.711   0.0
          add_x_19 (WeightDoubleBufferReader_384_16_16_run_DW01_dec_J5_0)    0.633    0.586 4.01e+03    5.230   0.0
          add_x_20 (WeightDoubleBufferReader_384_16_16_run_DW01_add_J5_0) 4.05e-03 1.95e-02  268.813    0.292   0.0
          DP_OP_49J5_122_507 (WeightDoubleBufferReader_384_16_16_run_DP_OP_49J5_122_507_J5_0) 2.78e-02 5.95e-02 1.06e+03    1.151   0.0
          DP_OP_50J5_123_2648 (WeightDoubleBufferReader_384_16_16_run_DP_OP_50J5_123_2648_J5_0)    3.738    3.244 2.17e+04   28.677   0.2
          DP_OP_51J5_124_8762 (WeightDoubleBufferReader_384_16_16_run_DP_OP_51J5_124_8762_J5_0)    0.207    0.331 1.85e+03    2.387   0.0
          DP_OP_52J5_125_365 (WeightDoubleBufferReader_384_16_16_run_DP_OP_52J5_125_365_J5_0) 1.76e-02 2.23e-02  428.822    0.469   0.0
          WeightDoubleBufferReader_384_16_16_run_run_fsm_inst (WeightDoubleBufferReader_384_16_16_run_run_fsm)    1.631    7.577 1.14e+03   10.346   0.1
          WeightDoubleBufferReader_384_16_16_run_staller_inst (WeightDoubleBufferReader_384_16_16_run_staller)    0.373    1.409  134.092    1.916   0.0
          WeightDoubleBufferReader_384_16_16_run_din_rsc_req_obj_inst (WeightDoubleBufferReader_384_16_16_run_din_rsc_req_obj) 9.83e-03    1.804  182.881    1.997   0.0
            WeightDoubleBufferReader_384_16_16_run_din_rsc_req_obj_din_rsc_req_wait_dp_inst (WeightDoubleBufferReader_384_16_16_run_din_rsc_req_obj_din_rsc_req_wait_dp) 4.73e-03    1.798  124.276    1.927   0.0
            WeightDoubleBufferReader_384_16_16_run_din_rsc_req_obj_din_rsc_req_wait_ctrl_inst (WeightDoubleBufferReader_384_16_16_run_din_rsc_req_obj_din_rsc_req_wait_ctrl) 2.56e-03 4.61e-03   45.851 5.30e-02   0.0
            din_rsc_req_obj (mgc_in_sync_v2_valid1_0) 2.53e-03 1.68e-03   12.754 1.70e-02   0.0
          WeightDoubleBufferReader_384_16_16_run_din_rsc_rls_obj_inst (WeightDoubleBufferReader_384_16_16_run_din_rsc_rls_obj) 4.90e-03 3.07e-03   44.701 5.27e-02   0.0
            WeightDoubleBufferReader_384_16_16_run_din_rsc_rls_obj_din_rsc_rls_wait_ctrl_inst (WeightDoubleBufferReader_384_16_16_run_din_rsc_rls_obj_din_rsc_rls_wait_ctrl) 1.49e-03 1.73e-03   31.942 3.52e-02   0.0
            din_rsc_rls_obj (mgc_io_sync_v2_valid0_0) 3.41e-03 1.34e-03   12.760 1.75e-02   0.0
          WeightDoubleBufferReader_384_16_16_run_dout_rsci_inst (WeightDoubleBufferReader_384_16_16_run_dout_rsci) 5.63e-02    1.842 1.86e+03    3.756   0.0
            WeightDoubleBufferReader_384_16_16_run_dout_rsci_dout_wait_dp_inst (WeightDoubleBufferReader_384_16_16_run_dout_rsci_dout_wait_dp)    0.000    1.792  122.338    1.915   0.0
            WeightDoubleBufferReader_384_16_16_run_dout_rsci_dout_wait_ctrl_inst (WeightDoubleBufferReader_384_16_16_run_dout_rsci_dout_wait_ctrl) 1.38e-04 1.18e-04   77.891 7.81e-02   0.0
            dout_rsci (ccs_out_wait_v1_rscid9_width128_0) 5.62e-02 4.93e-02 1.66e+03    1.763   0.0
          WeightDoubleBufferReader_384_16_16_run_din_rsci_1_inst (WeightDoubleBufferReader_384_16_16_run_din_rsci_1)   51.600  253.201 1.56e+04  320.397   2.1
            WeightDoubleBufferReader_384_16_16_run_din_rsci_1_din_rsc_wait_ctrl_inst (WeightDoubleBufferReader_384_16_16_run_din_rsci_1_din_rsc_wait_ctrl) 1.27e-04 1.15e-04   72.904 7.31e-02   0.0
            WeightDoubleBufferReader_384_16_16_run_din_rsci_1_din_rsc_wait_dp_inst (WeightDoubleBufferReader_384_16_16_run_din_rsci_1_din_rsc_wait_dp)   51.600  253.201 1.55e+04  320.324   2.1
          WeightDoubleBufferReader_384_16_16_run_paramsIn_rsci_inst (WeightDoubleBufferReader_384_16_16_run_paramsIn_rsci)   34.415  175.274 1.24e+04  222.043   1.5
            WeightDoubleBufferReader_384_16_16_run_paramsIn_rsci_paramsIn_wait_dp_inst (WeightDoubleBufferReader_384_16_16_run_paramsIn_rsci_paramsIn_wait_dp)   33.194  174.621 1.07e+04  218.538   1.4
            WeightDoubleBufferReader_384_16_16_run_paramsIn_rsci_paramsIn_wait_ctrl_inst (WeightDoubleBufferReader_384_16_16_run_paramsIn_rsci_paramsIn_wait_ctrl)    0.125 8.30e-02   77.779    0.285   0.0
            paramsIn_rsci (ccs_in_wait_v1_rscid7_width144_0)    0.326    0.459 1.24e+03    2.022   0.0
        din_rsci (WeightDoubleBufferReader_384_16_16_sram_512_128_sram_512_128_rwport_8_128_12_384_128_gen)    4.246    6.444 1.58e+03   12.274   0.1
      weightDoubleBufferWriter (WeightDoubleBufferWriter_384_16_16)  127.048  507.129 1.71e+05  805.233   5.3
        WeightDoubleBufferWriter_384_16_16_run_inst (WeightDoubleBufferWriter_384_16_16_run)  125.600  506.485 1.69e+05  801.316   5.3
          mult_x_5 (WeightDoubleBufferWriter_384_16_16_run_DW_mult_uns_J61_0)   11.176   11.103 5.33e+04   75.567   0.5
          add_x_3 (WeightDoubleBufferWriter_384_16_16_run_DW01_inc_J48_0)    0.193    0.226 1.92e+03    2.342   0.0
          add_x_1 (WeightDoubleBufferWriter_384_16_16_run_DW01_add_J7_0)    0.000    0.000  266.953    0.267   0.0
          add_x_6 (WeightDoubleBufferWriter_384_16_16_run_DW01_inc_J7_2) 4.40e-02    0.146  353.107    0.544   0.0
          add_x_8 (WeightDoubleBufferWriter_384_16_16_run_DW01_inc_J7_1) 8.74e-02    0.134 1.32e+03    1.543   0.0
          mult_x_13 (WeightDoubleBufferWriter_384_16_16_run_DW_mult_uns_J7_2)    3.845    3.352 2.37e+04   30.853   0.2
          mult_x_14 (WeightDoubleBufferWriter_384_16_16_run_DW_mult_uns_J7_1)    4.924    5.151 3.18e+04   41.849   0.3
          mult_x_35 (WeightDoubleBufferWriter_384_16_16_run_DW_mult_uns_J7_0) 9.24e-02    0.125  805.008    1.022   0.0
          add_x_36 (WeightDoubleBufferWriter_384_16_16_run_DW01_dec_J7_0)    0.638    0.591 4.01e+03    5.240   0.0
          DP_OP_79J7_122_1074 (WeightDoubleBufferWriter_384_16_16_run_DP_OP_79J7_122_1074_J7_0) 1.78e-02 2.22e-02  428.822    0.469   0.0
          DP_OP_80J7_123_4812 (WeightDoubleBufferWriter_384_16_16_run_DP_OP_80J7_123_4812_J7_0)    0.000    0.000  350.402    0.350   0.0
          WeightDoubleBufferWriter_384_16_16_run_run_fsm_inst (WeightDoubleBufferWriter_384_16_16_run_run_fsm)    2.303    8.423 1.46e+03   12.188   0.1
          WeightDoubleBufferWriter_384_16_16_run_staller_inst (WeightDoubleBufferWriter_384_16_16_run_staller)    0.380    1.455  133.590    1.968   0.0
          WeightDoubleBufferWriter_384_16_16_run_dout_rsc_req_obj_inst (WeightDoubleBufferWriter_384_16_16_run_dout_rsc_req_obj) 2.00e-02    1.818  199.917    2.038   0.0
            WeightDoubleBufferWriter_384_16_16_run_dout_rsc_req_obj_dout_rsc_req_wait_dp_inst (WeightDoubleBufferWriter_384_16_16_run_dout_rsc_req_obj_dout_rsc_req_wait_dp) 8.27e-03    1.798  122.636    1.929   0.0
            WeightDoubleBufferWriter_384_16_16_run_dout_rsc_req_obj_dout_rsc_req_wait_ctrl_inst (WeightDoubleBufferWriter_384_16_16_run_dout_rsc_req_obj_dout_rsc_req_wait_ctrl) 1.18e-02 1.95e-02   67.617 9.88e-02   0.0
            dout_rsc_req_obj (mgc_in_sync_v2_valid1_1)    0.000    0.000    9.665 9.66e-03   0.0
          WeightDoubleBufferWriter_384_16_16_run_dout_rsc_rls_obj_inst (WeightDoubleBufferWriter_384_16_16_run_dout_rsc_rls_obj) 3.71e-03 3.85e-03   44.269 5.18e-02   0.0
            WeightDoubleBufferWriter_384_16_16_run_dout_rsc_rls_obj_dout_rsc_rls_wait_ctrl_inst (WeightDoubleBufferWriter_384_16_16_run_dout_rsc_rls_obj_dout_rsc_rls_wait_ctrl) 1.51e-03 2.17e-03   31.510 3.52e-02   0.0
            dout_rsc_rls_obj (mgc_io_sync_v2_valid0_1) 2.20e-03 1.68e-03   12.758 1.66e-02   0.0
          WeightDoubleBufferWriter_384_16_16_run_dout_rsci_1_inst (WeightDoubleBufferWriter_384_16_16_run_dout_rsci_1) 3.56e-02 8.08e-02  204.549    0.321   0.0
            WeightDoubleBufferWriter_384_16_16_run_dout_rsci_1_dout_rsc_wait_ctrl_inst (WeightDoubleBufferWriter_384_16_16_run_dout_rsci_1_dout_rsc_wait_ctrl) 2.08e-03 1.78e-03   32.075 3.59e-02   0.0
          WeightDoubleBufferWriter_384_16_16_run_din_rsci_inst (WeightDoubleBufferWriter_384_16_16_run_din_rsci)   10.668   37.008 2.35e+03   50.028   0.3
            WeightDoubleBufferWriter_384_16_16_run_din_rsci_din_wait_dp_inst (WeightDoubleBufferWriter_384_16_16_run_din_rsci_din_wait_dp)   10.216   36.168 2.07e+03   48.453   0.3
            WeightDoubleBufferWriter_384_16_16_run_din_rsci_din_wait_ctrl_inst (WeightDoubleBufferWriter_384_16_16_run_din_rsci_din_wait_ctrl) 2.31e-02 1.81e-02   78.791    0.120   0.0
            din_rsci (ccs_in_wait_v1_rscid2_width16_0)    0.429    0.822  203.282    1.455   0.0
          WeightDoubleBufferWriter_384_16_16_run_paramsIn_rsci_inst (WeightDoubleBufferWriter_384_16_16_run_paramsIn_rsci)   26.427  136.324 9.65e+03  172.401   1.1
            WeightDoubleBufferWriter_384_16_16_run_paramsIn_rsci_paramsIn_wait_dp_inst (WeightDoubleBufferWriter_384_16_16_run_paramsIn_rsci_paramsIn_wait_dp)   25.401  135.771 8.31e+03  169.480   1.1
            WeightDoubleBufferWriter_384_16_16_run_paramsIn_rsci_paramsIn_wait_ctrl_inst (WeightDoubleBufferWriter_384_16_16_run_paramsIn_rsci_paramsIn_wait_ctrl)    0.103 8.29e-02   78.121    0.264   0.0
            paramsIn_rsci (ccs_in_wait_v1_rscid1_width144_0)    0.216    0.364  959.132    1.540   0.0
        dout_rsci (WeightDoubleBufferWriter_384_16_16_sram_512_128_sram_512_128_rwport_3_128_12_384_128_gen)    1.446    0.644 1.78e+03    3.871   0.0
      weightDoubleBufferReaderParams_cns_pipe (ccs_pipe_v5_rscid16_width144_sz_width1_fifo_sz1_log2_sz0_ph_clk1_ph_en0_ph_arst0_ph_srst0_0)    3.541    8.059 1.50e+04   26.561   0.2
        FIFO (ccs_fifo_wait_core_v5_rscid16_width144_sz_width1_fifo_sz1_ph_clk1_ph_en0_ph_arst0_ph_srst0_ph_log20_0)    3.541    8.059 1.50e+04   26.561   0.2
          FIFO_REG_GEN_REGS_0__BUFREG (ccs_genreg_v1_144_1_0_0_0_1_0)    2.947    4.141 1.14e+04   18.527   0.1
          FIFO_REG_GEN_REGS_0__STATREG (ccs_genreg_v1_1_1_0_0_0_1_0) 4.24e-03    1.837  129.739    1.971   0.0
          FIFO_REG_HS_INIT_REG (ccs_genreg_v1_1_1_1_0_0_0_0) 5.33e-02    1.296  105.365    1.454   0.0
      mem_cns_comp_1 (sram_512_128_WRAPPER_DEPTH4096_WRAPPER_WIDTH128_WRAPPER_ADDR_BITS12_SRAM_DEPTH256_SRAM_WIDTH32_SRAM_ADDR_BITS8_num_inst_depth16_num_inst_width4_0)  169.577   31.940 5.41e+04  255.627   1.7
      mem_cns_comp (sram_512_128_WRAPPER_DEPTH4096_WRAPPER_WIDTH128_WRAPPER_ADDR_BITS12_SRAM_DEPTH256_SRAM_WIDTH32_SRAM_ADDR_BITS8_num_inst_depth16_num_inst_width4_1)  175.449   28.793 5.32e+04  257.457   1.7
      weightDoubleBufferWriterParams_cns_pipe (ccs_pipe_v5_rscid15_width144_sz_width1_fifo_sz1_log2_sz0_ph_clk1_ph_en0_ph_arst0_ph_srst0)    2.991    7.292 1.17e+04   21.939   0.1
        FIFO (ccs_fifo_wait_core_v5_rscid15_width144_sz_width1_fifo_sz1_ph_clk1_ph_en0_ph_arst0_ph_srst0_ph_log20)    2.991    7.292 1.17e+04   21.939   0.1
          FIFO_REG_GEN_REGS_0__BUFREG (ccs_genreg_v1_144_1_0_0_0_1_1)    2.390    3.510 8.83e+03   14.731   0.1
          FIFO_REG_GEN_REGS_0__STATREG (ccs_genreg_v1_1_1_0_0_0_1_1) 5.30e-03    1.837  129.739    1.972   0.0
          FIFO_REG_HS_INIT_REG (ccs_genreg_v1_1_1_1_0_0_0_1) 5.48e-02    1.296  105.365    1.456   0.0
  inputDoubleBuffer (InputDoubleBuffer_512_16_16)  718.453 1.71e+03 4.55e+05 2.88e+03  19.0
    InputDoubleBuffer_512_16_16_struct_inst (InputDoubleBuffer_512_16_16_struct)  718.453 1.71e+03 4.55e+05 2.88e+03  19.0
      InputDoubleBDjtfoem_cns_bctl_inst (InputDoubleBDjtfoem_cns_bctl)    7.191   38.218 1.52e+04   60.658   0.4
      unreg_1 (unreg_hier_2)              0.000    0.000   12.763 1.28e-02   0.0
      unreg (unreg_hier_3)                0.000    0.000    9.665 9.66e-03   0.0
      InputDoubleBuffer_512_16_16_run_inst (InputDoubleBuffer_512_16_16_run)   56.143  267.937 3.19e+04  356.000   2.4
        InputDoubleBuffer_512_16_16_run_run_inst (InputDoubleBuffer_512_16_16_run_run)   55.329  267.874 3.19e+04  355.112   2.3
          InputDoubleBuffer_512_16_16_run_run_run_fsm_inst (InputDoubleBuffer_512_16_16_run_run_run_fsm)    0.253    3.456  316.317    4.025   0.0
          InputDoubleBuffer_512_16_16_run_run_staller_inst (InputDoubleBuffer_512_16_16_run_run_staller)    0.294 9.53e-02   29.741    0.419   0.0
          InputDoubleBuffer_512_16_16_run_run_inputDoubleBufferReaderParams_cnsi_inst (InputDoubleBuffer_512_16_16_run_run_inputDoubleBufferReaderParams_cnsi)    0.691    2.495 1.96e+03    5.142   0.0
            InputDoubleBuffer_512_16_16_run_run_inputDoubleBufferReaderParams_cnsi_inputDoubleBufferReaderParams_wait_dp_inst (InputDoubleBuffer_512_16_16_run_run_inputDoubleBufferReaderParams_cnsi_inputDoubleBufferReaderParams_wait_dp) 1.07e-02    1.800  122.968    1.934   0.0
            InputDoubleBuffer_512_16_16_run_run_inputDoubleBufferReaderParams_cnsi_inputDoubleBufferReaderParams_wait_ctrl_inst (InputDoubleBuffer_512_16_16_run_run_inputDoubleBufferReaderParams_cnsi_inputDoubleBufferReaderParams_wait_ctrl) 2.18e-02 3.64e-02   77.794    0.136   0.0
            inputDoubleBufferReaderParams_cnsi (ccs_out_wait_v1_rscid19_width144_1)    0.659    0.658 1.76e+03    3.072   0.0
          InputDoubleBuffer_512_16_16_run_run_inputDoubleBufferWriterParams_cnsi_inst (InputDoubleBuffer_512_16_16_run_run_inputDoubleBufferWriterParams_cnsi)    0.759    2.273 1.31e+03    4.343   0.0
            InputDoubleBuffer_512_16_16_run_run_inputDoubleBufferWriterParams_cnsi_inputDoubleBufferWriterParams_wait_dp_inst (InputDoubleBuffer_512_16_16_run_run_inputDoubleBufferWriterParams_cnsi_inputDoubleBufferWriterParams_wait_dp) 1.17e-02    1.792  123.143    1.926   0.0
            InputDoubleBuffer_512_16_16_run_run_inputDoubleBufferWriterParams_cnsi_inputDoubleBufferWriterParams_wait_ctrl_inst (InputDoubleBuffer_512_16_16_run_run_inputDoubleBufferWriterParams_cnsi_inputDoubleBufferWriterParams_wait_ctrl) 3.74e-02 3.78e-02   78.019    0.153   0.0
            inputDoubleBufferWriterParams_cnsi (ccs_out_wait_v1_rscid18_width144_1)    0.709    0.443 1.11e+03    2.263   0.0
          InputDoubleBuffer_512_16_16_run_run_paramsIn_rsci_inst (InputDoubleBuffer_512_16_16_run_run_paramsIn_rsci)   47.691  247.433 1.71e+04  312.202   2.1
            InputDoubleBuffer_512_16_16_run_run_paramsIn_rsci_paramsIn_wait_dp_inst (InputDoubleBuffer_512_16_16_run_run_paramsIn_rsci_paramsIn_wait_dp)   46.307  246.547 1.52e+04  308.089   2.0
            InputDoubleBuffer_512_16_16_run_run_paramsIn_rsci_paramsIn_wait_ctrl_inst (InputDoubleBuffer_512_16_16_run_run_paramsIn_rsci_paramsIn_wait_ctrl) 9.08e-02    0.102   78.255    0.271   0.0
            paramsIn_rsci (ccs_in_wait_v1_rscid17_width144_1)    0.449    0.719 1.75e+03    2.921   0.0
      inputDoubleBufferReader (InputDoubleBufferReader_512_16_16)  199.274  894.031 1.62e+05 1.25e+03   8.3
        InputDoubleBufferReader_512_16_16_run_inst (InputDoubleBufferReader_512_16_16_run)  191.345  887.229 1.60e+05 1.24e+03   8.2
          DP_OP_154J3_135_4151 (InputDoubleBufferReader_512_16_16_run_DP_OP_154J3_135_4151_J3_0)    0.178 3.01e-02 6.94e+03    7.144   0.0
          DP_OP_153J3_134_4404 (InputDoubleBufferReader_512_16_16_run_DP_OP_153J3_134_4404_J3_0) 1.08e-02 3.91e-02  895.587    0.946   0.0
          add_x_1 (InputDoubleBufferReader_512_16_16_run_DW01_add_J3_2)    1.012    0.823  520.820    2.357   0.0
          add_x_2 (InputDoubleBufferReader_512_16_16_run_DW01_inc_J3_7)    0.000    0.000  680.454    0.680   0.0
          add_x_9 (InputDoubleBufferReader_512_16_16_run_DW01_inc_J3_6)    0.000    0.000  680.454    0.680   0.0
          mult_x_43 (InputDoubleBufferReader_512_16_16_run_DW_mult_uns_J3_0)    3.136    2.734 2.36e+04   29.482   0.2
          add_x_44 (InputDoubleBufferReader_512_16_16_run_DW01_dec_J3_0)    0.335    0.319 1.97e+03    2.622   0.0
          add_x_45 (InputDoubleBufferReader_512_16_16_run_DW01_add_J3_0) 7.01e-03 3.56e-02  463.877    0.506   0.0
          add_x_46 (InputDoubleBufferReader_512_16_16_run_DW01_inc_J3_4) 8.10e-05 1.16e-04  363.526    0.364   0.0
          add_x_47 (InputDoubleBufferReader_512_16_16_run_DW01_inc_J3_3) 7.98e-05 1.14e-04  690.556    0.691   0.0
          add_x_48 (InputDoubleBufferReader_512_16_16_run_DW01_inc_J3_2)    0.000    0.000  680.454    0.680   0.0
          add_x_55 (InputDoubleBufferReader_512_16_16_run_DW01_inc_J3_1)    0.000    0.000  680.454    0.680   0.0
          add_x_62 (InputDoubleBufferReader_512_16_16_run_DW01_inc_J3_0)    0.701    0.756  850.982    2.308   0.0
          DP_OP_161J3_122_9913 (InputDoubleBufferReader_512_16_16_run_DP_OP_161J3_122_9913_J3_0) 9.65e-02    0.164  903.141    1.163   0.0
          DP_OP_162J3_123_9913 (InputDoubleBufferReader_512_16_16_run_DP_OP_162J3_123_9913_J3_0)    0.101    0.165  903.092    1.169   0.0
          DP_OP_163J3_124_9913 (InputDoubleBufferReader_512_16_16_run_DP_OP_163J3_124_9913_J3_0)    0.107    0.165  903.088    1.175   0.0
          DP_OP_164J3_125_9913 (InputDoubleBufferReader_512_16_16_run_DP_OP_164J3_125_9913_J3_0)    0.109    0.166  903.075    1.178   0.0
          DP_OP_165J3_126_9913 (InputDoubleBufferReader_512_16_16_run_DP_OP_165J3_126_9913_J3_0)    0.285    0.409 1.03e+03    1.720   0.0
          DP_OP_166J3_127_9913 (InputDoubleBufferReader_512_16_16_run_DP_OP_166J3_127_9913_J3_0)    0.104    0.164  903.155    1.172   0.0
          DP_OP_167J3_128_1925 (InputDoubleBufferReader_512_16_16_run_DP_OP_167J3_128_1925_J3_0)    0.591    0.668 3.85e+03    5.113   0.0
          DP_OP_168J3_129_1925 (InputDoubleBufferReader_512_16_16_run_DP_OP_168J3_129_1925_J3_0)    0.604    0.666 3.85e+03    5.124   0.0
          DP_OP_169J3_130_1662 (InputDoubleBufferReader_512_16_16_run_DP_OP_169J3_130_1662_J3_0)    1.287    1.077 1.62e+04   18.573   0.1
          InputDoubleBufferReader_512_16_16_run_run_fsm_inst (InputDoubleBufferReader_512_16_16_run_run_fsm)    1.546    7.388 1.28e+03   10.216   0.1
          InputDoubleBufferReader_512_16_16_run_staller_inst (InputDoubleBufferReader_512_16_16_run_staller)    0.432    1.402  134.116    1.969   0.0
          InputDoubleBufferReader_512_16_16_run_din_rsc_req_obj_inst (InputDoubleBufferReader_512_16_16_run_din_rsc_req_obj) 3.00e-03    1.797  182.849    1.983   0.0
            InputDoubleBufferReader_512_16_16_run_din_rsc_req_obj_din_rsc_req_wait_dp_inst (InputDoubleBufferReader_512_16_16_run_din_rsc_req_obj_din_rsc_req_wait_dp) 3.00e-03    1.797  124.353    1.924   0.0
            InputDoubleBufferReader_512_16_16_run_din_rsc_req_obj_din_rsc_req_wait_ctrl_inst (InputDoubleBufferReader_512_16_16_run_din_rsc_req_obj_din_rsc_req_wait_ctrl)    0.000    0.000   45.733 4.57e-02   0.0
            din_rsc_req_obj (mgc_in_sync_v2_valid1_2)    0.000    0.000   12.763 1.28e-02   0.0
          InputDoubleBufferReader_512_16_16_run_din_rsc_rls_obj_inst (InputDoubleBufferReader_512_16_16_run_din_rsc_rls_obj) 1.39e-04 1.14e-04   44.747 4.50e-02   0.0
            InputDoubleBufferReader_512_16_16_run_din_rsc_rls_obj_din_rsc_rls_wait_ctrl_inst (InputDoubleBufferReader_512_16_16_run_din_rsc_rls_obj_din_rsc_rls_wait_ctrl) 1.39e-04 1.14e-04   31.984 3.22e-02   0.0
            din_rsc_rls_obj (mgc_io_sync_v2_valid0_2)    0.000    0.000   12.763 1.28e-02   0.0
          InputDoubleBufferReader_512_16_16_run_dout_rsci_inst (InputDoubleBufferReader_512_16_16_run_dout_rsci) 8.63e-02    1.842 1.86e+03    3.787   0.0
            InputDoubleBufferReader_512_16_16_run_dout_rsci_dout_wait_dp_inst (InputDoubleBufferReader_512_16_16_run_dout_rsci_dout_wait_dp)    0.000    1.792  122.338    1.915   0.0
            InputDoubleBufferReader_512_16_16_run_dout_rsci_dout_wait_ctrl_inst (InputDoubleBufferReader_512_16_16_run_dout_rsci_dout_wait_ctrl) 1.30e-04 1.15e-04   77.847 7.81e-02   0.0
            dout_rsci (ccs_out_wait_v1_rscid9_width128_1) 8.61e-02 5.01e-02 1.66e+03    1.794   0.0
          InputDoubleBufferReader_512_16_16_run_din_rsci_1_inst (InputDoubleBufferReader_512_16_16_run_din_rsci_1)   51.740  253.146 1.56e+04  320.487   2.1
            InputDoubleBufferReader_512_16_16_run_din_rsci_1_din_rsc_wait_ctrl_inst (InputDoubleBufferReader_512_16_16_run_din_rsci_1_din_rsc_wait_ctrl) 1.26e-04 1.13e-04   72.952 7.32e-02   0.0
            InputDoubleBufferReader_512_16_16_run_din_rsci_1_din_rsc_wait_dp_inst (InputDoubleBufferReader_512_16_16_run_din_rsci_1_din_rsc_wait_dp)   51.740  253.146 1.55e+04  320.414   2.1
          InputDoubleBufferReader_512_16_16_run_paramsIn_rsci_inst (InputDoubleBufferReader_512_16_16_run_paramsIn_rsci)   47.064  247.650 1.71e+04  311.768   2.1
            InputDoubleBufferReader_512_16_16_run_paramsIn_rsci_paramsIn_wait_dp_inst (InputDoubleBufferReader_512_16_16_run_paramsIn_rsci_paramsIn_wait_dp)   46.622  246.942 1.52e+04  308.785   2.0
            InputDoubleBufferReader_512_16_16_run_paramsIn_rsci_paramsIn_wait_ctrl_inst (InputDoubleBufferReader_512_16_16_run_paramsIn_rsci_paramsIn_wait_ctrl) 9.57e-02 8.32e-02   77.739    0.257   0.0
            paramsIn_rsci (ccs_in_wait_v1_rscid7_width144_1)    0.347    0.625 1.76e+03    2.727   0.0
        din_rsci (InputDoubleBufferReader_512_16_16_sram_512_128_sram_512_128_rwport_8_128_12_512_128_gen)    7.042    6.699 1.58e+03   15.317   0.1
      inputDoubleBufferWriter (InputDoubleBufferWriter_512_16_16)   99.576  420.349 9.06e+04  610.502   4.0
        InputDoubleBufferWriter_512_16_16_run_inst (InputDoubleBufferWriter_512_16_16_run)   98.255  419.689 8.88e+04  606.696   4.0
          add_x_1 (InputDoubleBufferWriter_512_16_16_run_DW01_add_J8_3) 5.35e-02    0.156  462.536    0.672   0.0
          add_x_3 (InputDoubleBufferWriter_512_16_16_run_DW01_inc_J8_2)    0.132    0.174  367.201    0.673   0.0
          add_x_31 (InputDoubleBufferWriter_512_16_16_run_DW01_add_J8_1) 7.10e-02    0.165  473.519    0.709   0.0
          mult_x_32 (InputDoubleBufferWriter_512_16_16_run_DW_mult_uns_J8_2)    0.870    0.917 3.17e+03    4.953   0.0
          add_x_33 (InputDoubleBufferWriter_512_16_16_run_DW01_add_J8_0) 3.56e-02 9.03e-02  843.544    0.969   0.0
          mult_x_36 (InputDoubleBufferWriter_512_16_16_run_DW_mult_uns_J8_1)    0.749    0.736 3.16e+03    4.650   0.0
          mult_x_37 (InputDoubleBufferWriter_512_16_16_run_DW_mult_uns_J8_0)    3.188    2.742 2.37e+04   29.592   0.2
          add_x_38 (InputDoubleBufferWriter_512_16_16_run_DW01_dec_J8_0)    0.334    0.320 1.97e+03    2.622   0.0
          DP_OP_85J8_122_4097 (InputDoubleBufferWriter_512_16_16_run_DP_OP_85J8_122_4097_J8_0)    0.000    0.000  625.738    0.626   0.0
          DP_OP_86J8_123_6961 (InputDoubleBufferWriter_512_16_16_run_DP_OP_86J8_123_6961_J8_0) 6.56e-02    0.110  513.932    0.689   0.0
          DP_OP_87J8_124_6902 (InputDoubleBufferWriter_512_16_16_run_DP_OP_87J8_124_6902_J8_0)    0.534    0.547 3.40e+03    4.483   0.0
          DP_OP_88J8_125_134 (InputDoubleBufferWriter_512_16_16_run_DP_OP_88J8_125_134_J8_0)    1.050    1.219 3.64e+03    5.909   0.0
          InputDoubleBufferWriter_512_16_16_run_run_fsm_inst (InputDoubleBufferWriter_512_16_16_run_run_fsm)    2.932    8.564 1.65e+03   13.150   0.1
          InputDoubleBufferWriter_512_16_16_run_staller_inst (InputDoubleBufferWriter_512_16_16_run_staller)    0.585    1.452  133.628    2.171   0.0
          InputDoubleBufferWriter_512_16_16_run_dout_rsc_req_obj_inst (InputDoubleBufferWriter_512_16_16_run_dout_rsc_req_obj) 1.28e-02    1.808  199.824    2.021   0.0
            InputDoubleBufferWriter_512_16_16_run_dout_rsc_req_obj_dout_rsc_req_wait_dp_inst (InputDoubleBufferWriter_512_16_16_run_dout_rsc_req_obj_dout_rsc_req_wait_dp) 5.32e-03    1.796  122.527    1.924   0.0
            InputDoubleBufferWriter_512_16_16_run_dout_rsc_req_obj_dout_rsc_req_wait_ctrl_inst (InputDoubleBufferWriter_512_16_16_run_dout_rsc_req_obj_dout_rsc_req_wait_ctrl) 7.50e-03 1.22e-02   67.632 8.73e-02   0.0
            dout_rsc_req_obj (mgc_in_sync_v2_valid1_3)    0.000    0.000    9.665 9.66e-03   0.0
          InputDoubleBufferWriter_512_16_16_run_dout_rsc_rls_obj_inst (InputDoubleBufferWriter_512_16_16_run_dout_rsc_rls_obj) 1.57e-04 1.13e-04   44.205 4.45e-02   0.0
            InputDoubleBufferWriter_512_16_16_run_dout_rsc_rls_obj_dout_rsc_rls_wait_ctrl_inst (InputDoubleBufferWriter_512_16_16_run_dout_rsc_rls_obj_dout_rsc_rls_wait_ctrl) 1.57e-04 1.13e-04   31.442 3.17e-02   0.0
            dout_rsc_rls_obj (mgc_io_sync_v2_valid0_3)    0.000    0.000   12.763 1.28e-02   0.0
          InputDoubleBufferWriter_512_16_16_run_dout_rsci_1_inst (InputDoubleBufferWriter_512_16_16_run_dout_rsci_1)    0.402 9.18e-02  205.397    0.699   0.0
            InputDoubleBufferWriter_512_16_16_run_dout_rsci_1_dout_rsc_wait_ctrl_inst (InputDoubleBufferWriter_512_16_16_run_dout_rsci_1_dout_rsc_wait_ctrl) 7.72e-03 1.43e-03   32.002 4.12e-02   0.0
          InputDoubleBufferWriter_512_16_16_run_din_rsci_inst (InputDoubleBufferWriter_512_16_16_run_din_rsci)   11.579   36.959 2.39e+03   50.925   0.3
            InputDoubleBufferWriter_512_16_16_run_din_rsci_din_wait_dp_inst (InputDoubleBufferWriter_512_16_16_run_din_rsci_din_wait_dp)   10.311   36.082 2.10e+03   48.498   0.3
            InputDoubleBufferWriter_512_16_16_run_din_rsci_din_wait_ctrl_inst (InputDoubleBufferWriter_512_16_16_run_din_rsci_din_wait_ctrl) 3.09e-02 1.35e-02   78.744    0.123   0.0
            din_rsci (ccs_in_wait_v1_rscid2_width16_1)    1.237    0.864  203.314    2.304   0.0
          InputDoubleBufferWriter_512_16_16_run_paramsIn_rsci_inst (InputDoubleBufferWriter_512_16_16_run_paramsIn_rsci)   29.937  157.459 1.08e+04  198.229   1.3
            InputDoubleBufferWriter_512_16_16_run_paramsIn_rsci_paramsIn_wait_dp_inst (InputDoubleBufferWriter_512_16_16_run_paramsIn_rsci_paramsIn_wait_dp)   29.611  156.962 9.64e+03  196.217   1.3
            InputDoubleBufferWriter_512_16_16_run_paramsIn_rsci_paramsIn_wait_ctrl_inst (InputDoubleBufferWriter_512_16_16_run_paramsIn_rsci_paramsIn_wait_ctrl) 9.39e-02 8.28e-02   78.171    0.255   0.0
            paramsIn_rsci (ccs_in_wait_v1_rscid1_width144_1)    0.232    0.415 1.11e+03    1.757   0.0
        dout_rsci (InputDoubleBufferWriter_512_16_16_sram_512_128_sram_512_128_rwport_3_128_12_512_128_gen)    1.140    0.637 1.78e+03    3.560   0.0
      inputDoubleBufferReaderParams_cns_pipe (ccs_pipe_v5_rscid16_width144_sz_width1_fifo_sz1_log2_sz0_ph_clk1_ph_en0_ph_arst0_ph_srst0_1)    4.888    9.449 2.11e+04   35.471   0.2
        FIFO (ccs_fifo_wait_core_v5_rscid16_width144_sz_width1_fifo_sz1_ph_clk1_ph_en0_ph_arst0_ph_srst0_ph_log20_1)    4.888    9.449 2.11e+04   35.471   0.2
          FIFO_REG_GEN_REGS_0__BUFREG (ccs_genreg_v1_144_1_0_0_0_1_2)    4.231    5.271 1.63e+04   25.780   0.2
          FIFO_REG_GEN_REGS_0__STATREG (ccs_genreg_v1_1_1_0_0_0_1_2) 6.56e-03    1.837  129.739    1.974   0.0
          FIFO_REG_HS_INIT_REG (ccs_genreg_v1_1_1_1_0_0_0_2) 5.44e-02    1.298  105.365    1.457   0.0
      mem_cns_comp_1 (sram_512_128_WRAPPER_DEPTH4096_WRAPPER_WIDTH128_WRAPPER_ADDR_BITS12_SRAM_DEPTH256_SRAM_WIDTH32_SRAM_ADDR_BITS8_num_inst_depth16_num_inst_width4_2)  175.762   32.430 5.41e+04  262.301   1.7
      mem_cns_comp (sram_512_128_WRAPPER_DEPTH4096_WRAPPER_WIDTH128_WRAPPER_ADDR_BITS12_SRAM_DEPTH256_SRAM_WIDTH32_SRAM_ADDR_BITS8_num_inst_depth16_num_inst_width4_3)  167.320   29.245 5.35e+04  250.108   1.7
      inputDoubleBufferWriterParams_cns_pipe (ccs_pipe_v5_rscid15_width144_sz_width1_fifo_sz2_log2_sz1_ph_clk1_ph_en0_ph_arst0_ph_srst0)    6.504   13.553 2.64e+04   46.471   0.3
        FIFO (ccs_fifo_wait_core_v5_rscid15_width144_sz_width1_fifo_sz2_ph_clk1_ph_en0_ph_arst0_ph_srst0_ph_log21)    6.504   13.553 2.64e+04   46.471   0.3
          FIFO_REG_GEN_REGS_0__BUFREG (ccs_genreg_v1_144_1_0_0_0_1_3)    2.904    3.510 1.03e+04   16.669   0.1
          FIFO_REG_GEN_REGS_0__STATREG (ccs_genreg_v1_1_1_0_0_0_1_3) 1.33e-03    1.857  129.307    1.988   0.0
          FIFO_REG_GEN_REGS_1__BUFREG (ccs_genreg_v1_144_1_0_0_0_1_4)    2.830    3.800 1.03e+04   16.883   0.1
          FIFO_REG_GEN_REGS_1__STATREG (ccs_genreg_v1_1_1_0_0_0_1_4) 5.96e-03    1.837  129.737    1.973   0.0
          FIFO_REG_HS_INIT_REG (ccs_genreg_v1_1_1_1_0_0_0_3) 4.48e-02    1.297  105.365    1.448   0.0
  outputSerializer (Serializer_PackedInt_16UL_16UL_ODTYPE_16)  135.218  711.191 6.72e+04  913.627   6.0
    Serializer_PackedInt_16UL_16UL_ODTYPE_16_run_inst (Serializer_PackedInt_16UL_16UL_ODTYPE_16_run)  134.729  711.134 6.72e+04  913.070   6.0
      Serializer_PackedInt_16UL_16UL_ODTYPE_16_run_run_fsm_inst (Serializer_PackedInt_16UL_16UL_ODTYPE_16_run_run_fsm)    0.109    1.251  106.386    1.466   0.0
      Serializer_PackedInt_16UL_16UL_ODTYPE_16_run_staller_inst (Serializer_PackedInt_16UL_16UL_ODTYPE_16_run_staller)    0.112 6.77e-02   24.863    0.204   0.0
      Serializer_PackedInt_16UL_16UL_ODTYPE_16_run_serialOutChannel_rsci_inst (Serializer_PackedInt_16UL_16UL_ODTYPE_16_run_serialOutChannel_rsci)    0.396    1.676  454.614    2.527   0.0
        Serializer_PackedInt_16UL_16UL_ODTYPE_16_run_serialOutChannel_rsci_serialOutChannel_wait_dp_inst (Serializer_PackedInt_16UL_16UL_ODTYPE_16_run_serialOutChannel_rsci_serialOutChannel_wait_dp)    0.102    1.467  141.934    1.711   0.0
        Serializer_PackedInt_16UL_16UL_ODTYPE_16_run_serialOutChannel_rsci_serialOutChannel_wait_ctrl_inst (Serializer_PackedInt_16UL_16UL_ODTYPE_16_run_serialOutChannel_rsci_serialOutChannel_wait_ctrl)    0.147    0.109   85.017    0.340   0.0
        serialOutChannel_rsci (ccs_out_wait_v1_rscid6_width16)    0.147    0.100  227.664    0.475   0.0
      Serializer_PackedInt_16UL_16UL_ODTYPE_16_run_inputChannel_rsci_inst (Serializer_PackedInt_16UL_16UL_ODTYPE_16_run_inputChannel_rsci)   85.525  464.947 3.13e+04  581.778   3.8
        Serializer_PackedInt_16UL_16UL_ODTYPE_16_run_inputChannel_rsci_inputChannel_wait_dp_inst (Serializer_PackedInt_16UL_16UL_ODTYPE_16_run_inputChannel_rsci_inputChannel_wait_dp)   84.812  464.787 2.79e+04  577.524   3.8
        Serializer_PackedInt_16UL_16UL_ODTYPE_16_run_inputChannel_rsci_inputChannel_wait_ctrl_inst (Serializer_PackedInt_16UL_16UL_ODTYPE_16_run_inputChannel_rsci_inputChannel_wait_ctrl)    0.107 6.21e-02   78.063    0.247   0.0
        inputChannel_rsci (ccs_in_wait_v1_rscid5_width256) 1.31e-02 4.58e-02 3.29e+03    3.350   0.0
  paramsDeserializer_1 (ParamsDeserializer)   31.593  128.951 3.12e+04  191.749   1.3
    ParamsDeserializer_run_inst (ParamsDeserializer_run)   31.163  128.894 3.12e+04  191.252   1.3
      ParamsDeserializer_run_run_fsm_inst (ParamsDeserializer_run_run_fsm)    2.615   10.301  948.369   13.864   0.1
      ParamsDeserializer_run_staller_inst (ParamsDeserializer_run_staller)    0.228 8.08e-02   43.899    0.352   0.0
      ParamsDeserializer_run_outputChannel3_rsci_inst (ParamsDeserializer_run_outputChannel3_rsci)    0.486    2.500 1.84e+03    4.830   0.0
        ParamsDeserializer_run_outputChannel3_rsci_outputChannel3_wait_dp_inst (ParamsDeserializer_run_outputChannel3_rsci_outputChannel3_wait_dp) 1.20e-02    1.801  122.807    1.936   0.0
        ParamsDeserializer_run_outputChannel3_rsci_outputChannel3_wait_ctrl_inst (ParamsDeserializer_run_outputChannel3_rsci_outputChannel3_wait_ctrl) 2.54e-02 4.24e-02   80.192    0.148   0.0
        outputChannel3_rsci (ccs_out_wait_v1_rscid4_width144)    0.449    0.657 1.64e+03    2.745   0.0
      ParamsDeserializer_run_outputChannel2_rsci_inst (ParamsDeserializer_run_outputChannel2_rsci)    0.205    2.341 1.44e+03    3.985   0.0
        ParamsDeserializer_run_outputChannel2_rsci_outputChannel2_wait_dp_inst (ParamsDeserializer_run_outputChannel2_rsci_outputChannel2_wait_dp) 1.23e-02    1.801  122.821    1.936   0.0
        ParamsDeserializer_run_outputChannel2_rsci_outputChannel2_wait_ctrl_inst (ParamsDeserializer_run_outputChannel2_rsci_outputChannel2_wait_ctrl) 2.79e-02 4.26e-02   80.231    0.151   0.0
        outputChannel2_rsci (ccs_out_wait_v1_rscid3_width144)    0.165    0.497 1.24e+03    1.898   0.0
      ParamsDeserializer_run_outputChannel1_rsci_inst (ParamsDeserializer_run_outputChannel1_rsci)    0.692    2.550 1.96e+03    5.199   0.0
        ParamsDeserializer_run_outputChannel1_rsci_outputChannel1_wait_dp_inst (ParamsDeserializer_run_outputChannel1_rsci_outputChannel1_wait_dp) 1.30e-02    1.801  122.821    1.937   0.0
        ParamsDeserializer_run_outputChannel1_rsci_outputChannel1_wait_ctrl_inst (ParamsDeserializer_run_outputChannel1_rsci_outputChannel1_wait_ctrl) 4.33e-02 4.35e-02   80.231    0.167   0.0
        outputChannel1_rsci (ccs_out_wait_v1_rscid2_width144)    0.636    0.706 1.75e+03    3.095   0.0
      ParamsDeserializer_run_inputChannel_rsci_inst (ParamsDeserializer_run_inputChannel_rsci)   10.797   37.311 2.37e+03   50.478   0.3
        ParamsDeserializer_run_inputChannel_rsci_inputChannel_wait_dp_inst (ParamsDeserializer_run_inputChannel_rsci_inputChannel_wait_dp)    9.849   36.201 2.08e+03   48.133   0.3
        ParamsDeserializer_run_inputChannel_rsci_inputChannel_wait_ctrl_inst (ParamsDeserializer_run_inputChannel_rsci_inputChannel_wait_ctrl)    0.235    0.220   84.817    0.540   0.0
        inputChannel_rsci (ccs_in_wait_v1_rscid1_width16)    0.713    0.889  201.928    1.805   0.0
  weight_out_cns_pipe (ccs_pipe_v5_rscid172_width128_sz_width1_fifo_sz3_log2_sz2_ph_clk1_ph_en0_ph_arst0_ph_srst0)   10.893   13.236 5.78e+04   81.974   0.5
    FIFO (ccs_fifo_wait_core_v5_rscid172_width128_sz_width1_fifo_sz3_ph_clk1_ph_en0_ph_arst0_ph_srst0_ph_log22)   10.893   13.236 5.78e+04   81.974   0.5
      FIFO_REG_GEN_REGS_0__BUFREG (ccs_genreg_v1_128_1_0_0_0_1_0)    3.483    2.159 1.52e+04   20.821   0.1
      FIFO_REG_GEN_REGS_0__STATREG (ccs_genreg_v1_1_1_0_0_0_1_11)    0.000    1.870  129.100    1.999   0.0
      FIFO_REG_GEN_REGS_1__BUFREG (ccs_genreg_v1_128_1_0_0_0_1_1)    3.535    2.043 1.52e+04   20.759   0.1
      FIFO_REG_GEN_REGS_1__STATREG (ccs_genreg_v1_1_1_0_0_0_1_12)    0.000    1.870  129.100    1.999   0.0
      FIFO_REG_GEN_REGS_2__BUFREG (ccs_genreg_v1_128_1_0_0_0_1_2)    3.577    2.043 1.52e+04   20.801   0.1
      FIFO_REG_GEN_REGS_2__STATREG (ccs_genreg_v1_1_1_0_0_0_1_13)    0.000    1.870  129.100    1.999   0.0
      FIFO_REG_HS_INIT_REG (ccs_genreg_v1_1_1_1_0_0_0_6) 5.07e-02    1.299  105.365    1.455   0.0
  input_out_cns_pipe (ccs_pipe_v5_rscid171_width128_sz_width1_fifo_sz3_log2_sz2_ph_clk1_ph_en0_ph_arst0_ph_srst0)   12.462   13.238 5.79e+04   83.559   0.6
    FIFO (ccs_fifo_wait_core_v5_rscid171_width128_sz_width1_fifo_sz3_ph_clk1_ph_en0_ph_arst0_ph_srst0_ph_log22)   12.462   13.238 5.79e+04   83.559   0.6
      FIFO_REG_GEN_REGS_0__BUFREG (ccs_genreg_v1_128_1_0_0_0_1_3)    3.603    2.116 1.52e+04   20.900   0.1
      FIFO_REG_GEN_REGS_0__STATREG (ccs_genreg_v1_1_1_0_0_0_1_14)    0.000    1.870  129.100    1.999   0.0
      FIFO_REG_GEN_REGS_1__BUFREG (ccs_genreg_v1_128_1_0_0_0_1_4)    3.558    2.002 1.52e+04   20.741   0.1
      FIFO_REG_GEN_REGS_1__STATREG (ccs_genreg_v1_1_1_0_0_0_1_15)    0.000    1.870  129.100    1.999   0.0
      FIFO_REG_GEN_REGS_2__BUFREG (ccs_genreg_v1_128_1_0_0_0_1_5)    4.112    2.008 1.52e+04   21.301   0.1
      FIFO_REG_GEN_REGS_2__STATREG (ccs_genreg_v1_1_1_0_0_0_1_16)    0.000    1.870  129.100    1.999   0.0
      FIFO_REG_HS_INIT_REG (ccs_genreg_v1_1_1_1_0_0_0_7) 5.11e-02    1.295  105.365    1.452   0.0
  output_cns_pipe (ccs_pipe_v5_rscid173_width256_sz_width1_fifo_sz3_log2_sz2_ph_clk1_ph_en0_ph_arst0_ph_srst0)   23.346   15.405 1.14e+05  153.245   1.0
    FIFO (ccs_fifo_wait_core_v5_rscid173_width256_sz_width1_fifo_sz3_ph_clk1_ph_en0_ph_arst0_ph_srst0_ph_log22)   23.346   15.405 1.14e+05  153.245   1.0
      FIFO_REG_GEN_REGS_0__BUFREG (ccs_genreg_v1_256_1_0_0_0_1_0)    7.816    2.911 3.03e+04   41.008   0.3
      FIFO_REG_GEN_REGS_0__STATREG (ccs_genreg_v1_1_1_0_0_0_1_17)    0.000    1.870  129.100    1.999   0.0
      FIFO_REG_GEN_REGS_1__BUFREG (ccs_genreg_v1_256_1_0_0_0_1_1)    7.016    2.636 3.03e+04   39.934   0.3
      FIFO_REG_GEN_REGS_1__STATREG (ccs_genreg_v1_1_1_0_0_0_1_18)    0.000    1.870  129.100    1.999   0.0
      FIFO_REG_GEN_REGS_2__BUFREG (ccs_genreg_v1_256_1_0_0_0_1_2)    6.744    2.728 3.03e+04   39.776   0.3
      FIFO_REG_GEN_REGS_2__STATREG (ccs_genreg_v1_1_1_0_0_0_1_19)    0.000    1.870  129.100    1.999   0.0
      FIFO_REG_HS_INIT_REG (ccs_genreg_v1_1_1_1_0_0_0_8) 5.16e-02    1.297  105.365    1.454   0.0
  systolicArrayParams_cns_pipe (ccs_pipe_v5_rscid174_width144_sz_width1_fifo_sz3_log2_sz2_ph_clk1_ph_en0_ph_arst0_ph_srst0)   15.246   24.605 5.81e+04   97.981   0.6
    FIFO (ccs_fifo_wait_core_v5_rscid174_width144_sz_width1_fifo_sz3_ph_clk1_ph_en0_ph_arst0_ph_srst0_ph_log22)   15.246   24.605 5.81e+04   97.981   0.6
      FIFO_REG_GEN_REGS_0__BUFREG (ccs_genreg_v1_144_1_0_0_0_1_8)    4.330    4.695 1.52e+04   24.265   0.2
      FIFO_REG_GEN_REGS_0__STATREG (ccs_genreg_v1_1_1_0_0_0_1_20) 4.06e-04    1.864  129.160    1.994   0.0
      FIFO_REG_GEN_REGS_1__BUFREG (ccs_genreg_v1_144_1_0_0_0_1_9)    3.985    4.709 1.52e+04   23.933   0.2
      FIFO_REG_GEN_REGS_1__STATREG (ccs_genreg_v1_1_1_0_0_0_1_21) 1.54e-03    1.856  129.318    1.987   0.0
      FIFO_REG_GEN_REGS_2__BUFREG (ccs_genreg_v1_144_1_0_0_0_1_10)    4.357    5.348 1.52e+04   24.941   0.2
      FIFO_REG_GEN_REGS_2__STATREG (ccs_genreg_v1_1_1_0_0_0_1_22) 1.04e-02    1.835  129.788    1.975   0.0
      FIFO_REG_HS_INIT_REG (ccs_genreg_v1_1_1_1_0_0_0_9) 5.48e-02    1.300  105.365    1.461   0.0
  weightDoubleBufferParams_cns_pipe (ccs_pipe_v5_rscid170_width144_sz_width1_fifo_sz3_log2_sz2_ph_clk1_ph_en0_ph_arst0_ph_srst0)   13.631   20.621 4.46e+04   78.820   0.5
    FIFO (ccs_fifo_wait_core_v5_rscid170_width144_sz_width1_fifo_sz3_ph_clk1_ph_en0_ph_arst0_ph_srst0_ph_log22)   12.833   20.334 4.38e+04   77.015   0.5
      FIFO_REG_GEN_REGS_0__BUFREG (ccs_genreg_v1_144_1_0_0_0_1_11)    4.393    3.801 1.14e+04   19.639   0.1
      FIFO_REG_GEN_REGS_0__STATREG (ccs_genreg_v1_1_1_0_0_0_1_23)    0.000    1.870  129.053    1.999   0.0
      FIFO_REG_GEN_REGS_1__BUFREG (ccs_genreg_v1_144_1_0_0_0_1_12)    2.690    3.574 1.14e+04   17.686   0.1
      FIFO_REG_GEN_REGS_1__STATREG (ccs_genreg_v1_1_1_0_0_0_1_24) 2.09e-04    1.869  129.073    1.998   0.0
      FIFO_REG_GEN_REGS_2__BUFREG (ccs_genreg_v1_144_1_0_0_0_1_13)    3.276    3.686 1.14e+04   18.396   0.1
      FIFO_REG_GEN_REGS_2__STATREG (ccs_genreg_v1_1_1_0_0_0_1_25) 8.32e-04    1.864  129.159    1.994   0.0
      FIFO_REG_HS_INIT_REG (ccs_genreg_v1_1_1_1_0_0_0_10) 5.39e-02    1.297  105.365    1.456   0.0
  inputDoubleBufferParams_cns_pipe (ccs_pipe_v5_rscid169_width144_sz_width1_fifo_sz3_log2_sz2_ph_clk1_ph_en0_ph_arst0_ph_srst0)   16.682   24.137 6.20e+04  102.854   0.7
    FIFO (ccs_fifo_wait_core_v5_rscid169_width144_sz_width1_fifo_sz3_ph_clk1_ph_en0_ph_arst0_ph_srst0_ph_log22)   15.916   24.079 6.20e+04  102.019   0.7
      FIFO_REG_GEN_REGS_0__BUFREG (ccs_genreg_v1_144_1_0_0_0_1_14)    5.113    4.730 1.63e+04   26.130   0.2
      FIFO_REG_GEN_REGS_0__STATREG (ccs_genreg_v1_1_1_0_0_0_1_26)    0.000    1.870  129.053    1.999   0.0
      FIFO_REG_GEN_REGS_1__BUFREG (ccs_genreg_v1_144_1_0_0_0_1_15)    4.572    4.609 1.63e+04   25.469   0.2
      FIFO_REG_GEN_REGS_1__STATREG (ccs_genreg_v1_1_1_0_0_0_1_27) 2.10e-04    1.869  129.073    1.998   0.0
      FIFO_REG_GEN_REGS_2__BUFREG (ccs_genreg_v1_144_1_0_0_0_1_16)    4.491    4.680 1.63e+04   25.458   0.2
      FIFO_REG_GEN_REGS_2__STATREG (ccs_genreg_v1_1_1_0_0_0_1_28) 1.08e-03    1.864  129.159    1.995   0.0
      FIFO_REG_HS_INIT_REG (ccs_genreg_v1_1_1_1_0_0_0_11) 5.33e-02    1.299  105.365    1.457   0.0
1
