Warning: Design 'Conv' has '5' unresolved references. For more detailed information, use the "link" command. (UID-341)
 
****************************************
Report : constraint
        -verbose
Design : Conv
Version: L-2016.03-SP5-5
Date   : Sun Feb 23 22:04:04 2020
****************************************


  Startpoint: input_serial_rsc_vld
              (input port clocked by ideal_clock)
  Endpoint: inputDoubleBuffer/InputDoubleBuffer_512_16_16_struct_inst/mem_cns_comp/output_mem_select_reg_0_
            (rising edge-triggered flip-flop clocked by ideal_clock)
  Path Group: REGIN
  Path Type: max

  Point                                                   Incr       Path
  --------------------------------------------------------------------------
  clock ideal_clock (rise edge)                           0.00       0.00
  clock network delay (ideal)                             0.00       0.00
  input external delay                                    2.00       2.00 r
  input_serial_rsc_vld (in)                               0.00       2.00 r
  inputDoubleBuffer/InputDoubleBuffer_512_16_16_struct_inst/inputDoubleBufferWriter/InputDoubleBufferWriter_512_16_16_run_inst/InputDoubleBufferWriter_512_16_16_run_din_rsci_inst/din_rsci/U2/Z (CLKBUF_X1)     0.04 *     2.04 r
  inputDoubleBuffer/InputDoubleBuffer_512_16_16_struct_inst/inputDoubleBufferWriter/InputDoubleBufferWriter_512_16_16_run_inst/InputDoubleBufferWriter_512_16_16_run_din_rsci_inst/InputDoubleBufferWriter_512_16_16_run_din_rsci_din_wait_ctrl_inst/U3/ZN (AND2_X1)     0.04 *     2.08 r
  inputDoubleBuffer/InputDoubleBuffer_512_16_16_struct_inst/inputDoubleBufferWriter/InputDoubleBufferWriter_512_16_16_run_inst/InputDoubleBufferWriter_512_16_16_run_din_rsci_inst/InputDoubleBufferWriter_512_16_16_run_din_rsci_din_wait_dp_inst/U3/ZN (NOR2_X1)     0.02 *     2.11 f
  inputDoubleBuffer/InputDoubleBuffer_512_16_16_struct_inst/inputDoubleBufferWriter/InputDoubleBufferWriter_512_16_16_run_inst/InputDoubleBufferWriter_512_16_16_run_din_rsci_inst/InputDoubleBufferWriter_512_16_16_run_din_rsci_din_wait_dp_inst/U4/ZN (NAND2_X1)     0.03 *     2.14 r
  inputDoubleBuffer/InputDoubleBuffer_512_16_16_struct_inst/inputDoubleBufferWriter/InputDoubleBufferWriter_512_16_16_run_inst/InputDoubleBufferWriter_512_16_16_run_staller_inst/U3/ZN (NAND3_X1)     0.03 *     2.16 f
  inputDoubleBuffer/InputDoubleBuffer_512_16_16_struct_inst/inputDoubleBufferWriter/InputDoubleBufferWriter_512_16_16_run_inst/InputDoubleBufferWriter_512_16_16_run_staller_inst/U4/ZN (INV_X1)     0.09 *     2.25 r
  inputDoubleBuffer/InputDoubleBuffer_512_16_16_struct_inst/inputDoubleBufferWriter/InputDoubleBufferWriter_512_16_16_run_inst/U346/ZN (INV_X1)     0.12 *     2.37 f
  inputDoubleBuffer/InputDoubleBuffer_512_16_16_struct_inst/inputDoubleBufferWriter/InputDoubleBufferWriter_512_16_16_run_inst/InputDoubleBufferWriter_512_16_16_run_dout_rsci_1_inst/InputDoubleBufferWriter_512_16_16_run_dout_rsci_1_dout_rsc_wait_ctrl_inst/U2/ZN (NOR2_X1)     0.06 *     2.43 r
  inputDoubleBuffer/InputDoubleBuffer_512_16_16_struct_inst/inputDoubleBufferWriter/InputDoubleBufferWriter_512_16_16_run_inst/InputDoubleBufferWriter_512_16_16_run_dout_rsci_1_inst/U1/ZN (INV_X1)     0.01 *     2.44 f
  inputDoubleBuffer/InputDoubleBuffer_512_16_16_struct_inst/inputDoubleBufferWriter/U3/ZN (INV_X1)     0.02 *     2.46 r
  inputDoubleBuffer/InputDoubleBuffer_512_16_16_struct_inst/inputDoubleBufferWriter/dout_rsci/U142/ZN (INV_X1)     0.01 *     2.47 f
  inputDoubleBuffer/InputDoubleBuffer_512_16_16_struct_inst/InputDoubleBDjtfoem_cns_bctl_inst/U313/ZN (NOR3_X1)     0.05 *     2.52 r
  inputDoubleBuffer/InputDoubleBuffer_512_16_16_struct_inst/InputDoubleBDjtfoem_cns_bctl_inst/U314/ZN (AOI22_X1)     0.03 *     2.56 f
  inputDoubleBuffer/InputDoubleBuffer_512_16_16_struct_inst/mem_cns_comp/U1711/ZN (NOR2_X1)     0.07 *     2.63 r
  inputDoubleBuffer/InputDoubleBuffer_512_16_16_struct_inst/mem_cns_comp/U1712/ZN (INV_X1)     0.02 *     2.65 f
  inputDoubleBuffer/InputDoubleBuffer_512_16_16_struct_inst/mem_cns_comp/U1716/ZN (AOI22_X1)     0.05 *     2.70 r
  inputDoubleBuffer/InputDoubleBuffer_512_16_16_struct_inst/mem_cns_comp/output_mem_select_reg_0_/D (DFF_X1)     0.00 *     2.70 r
  data arrival time                                                  2.70

  clock ideal_clock (rise edge)                           4.00       4.00
  clock network delay (ideal)                             0.00       4.00
  inputDoubleBuffer/InputDoubleBuffer_512_16_16_struct_inst/mem_cns_comp/output_mem_select_reg_0_/CK (DFF_X1)     0.00     4.00 r
  library setup time                                     -0.04       3.96
  data required time                                                 3.96
  --------------------------------------------------------------------------
  data required time                                                 3.96
  data arrival time                                                 -2.70
  --------------------------------------------------------------------------
  slack (MET)                                                        1.27


  Startpoint: inputDoubleBuffer/InputDoubleBuffer_512_16_16_struct_inst/inputDoubleBufferWriter/InputDoubleBufferWriter_512_16_16_run_inst/InputDoubleBufferWriter_512_16_16_run_din_rsci_inst/InputDoubleBufferWriter_512_16_16_run_din_rsci_din_wait_dp_inst/din_rsci_bcwt_reg
              (rising edge-triggered flip-flop clocked by ideal_clock)
  Endpoint: input_serial_rsc_rdy
            (output port clocked by ideal_clock)
  Path Group: REGOUT
  Path Type: max

  Point                                                   Incr       Path
  --------------------------------------------------------------------------
  clock ideal_clock (rise edge)                           0.00       0.00
  clock network delay (ideal)                             0.00       0.00
  inputDoubleBuffer/InputDoubleBuffer_512_16_16_struct_inst/inputDoubleBufferWriter/InputDoubleBufferWriter_512_16_16_run_inst/InputDoubleBufferWriter_512_16_16_run_din_rsci_inst/InputDoubleBufferWriter_512_16_16_run_din_rsci_din_wait_dp_inst/din_rsci_bcwt_reg/CK (DFFR_X2)     0.00     0.00 r
  inputDoubleBuffer/InputDoubleBuffer_512_16_16_struct_inst/inputDoubleBufferWriter/InputDoubleBufferWriter_512_16_16_run_inst/InputDoubleBufferWriter_512_16_16_run_din_rsci_inst/InputDoubleBufferWriter_512_16_16_run_din_rsci_din_wait_dp_inst/din_rsci_bcwt_reg/Q (DFFR_X2)     0.20     0.20 r
  inputDoubleBuffer/InputDoubleBuffer_512_16_16_struct_inst/inputDoubleBufferWriter/InputDoubleBufferWriter_512_16_16_run_inst/InputDoubleBufferWriter_512_16_16_run_din_rsci_inst/InputDoubleBufferWriter_512_16_16_run_din_rsci_din_wait_ctrl_inst/U2/ZN (NOR2_X1)     0.06 *     0.26 f
  inputDoubleBuffer/InputDoubleBuffer_512_16_16_struct_inst/inputDoubleBufferWriter/InputDoubleBufferWriter_512_16_16_run_inst/InputDoubleBufferWriter_512_16_16_run_din_rsci_inst/din_rsci/U1/Z (CLKBUF_X1)     0.04 *     0.30 f
  inputDoubleBuffer/InputDoubleBuffer_512_16_16_struct_inst/InputDoubleBDjtfoem_cns_bctl_inst/U154/Z (CLKBUF_X1)     0.04 *     0.34 f
  input_serial_rsc_rdy (out)                              0.00 *     0.34 f
  data arrival time                                                  0.34

  clock ideal_clock (rise edge)                           4.00       4.00
  clock network delay (ideal)                             0.00       4.00
  output external delay                                   0.00       4.00
  data required time                                                 4.00
  --------------------------------------------------------------------------
  data required time                                                 4.00
  data arrival time                                                 -0.34
  --------------------------------------------------------------------------
  slack (MET)                                                        3.66


  Startpoint: weightDoubleBuffer/WeightDoubleBuffer_384_16_16_struct_inst/weightDoubleBufferReader/WeightDoubleBufferReader_384_16_16_run_inst/reg_paramsIn_crt_sva_127_0_ftd_reg_11_
              (rising edge-triggered flip-flop clocked by ideal_clock)
  Endpoint: weightDoubleBuffer/WeightDoubleBuffer_384_16_16_struct_inst/weightDoubleBufferReader/WeightDoubleBufferReader_384_16_16_run_inst/WeightDoubleBufferReader_384_16_16_run_run_fsm_inst/state_var_reg_2_
            (rising edge-triggered flip-flop clocked by ideal_clock)
  Path Group: ideal_clock
  Path Type: max

  Point                                                   Incr       Path
  --------------------------------------------------------------------------
  clock ideal_clock (rise edge)                           0.00       0.00
  clock network delay (ideal)                             0.00       0.00
  weightDoubleBuffer/WeightDoubleBuffer_384_16_16_struct_inst/weightDoubleBufferReader/WeightDoubleBufferReader_384_16_16_run_inst/reg_paramsIn_crt_sva_127_0_ftd_reg_11_/CK (DFFR_X1)     0.00     0.00 r
  weightDoubleBuffer/WeightDoubleBuffer_384_16_16_struct_inst/weightDoubleBufferReader/WeightDoubleBufferReader_384_16_16_run_inst/reg_paramsIn_crt_sva_127_0_ftd_reg_11_/Q (DFFR_X1)     0.21     0.21 r
  weightDoubleBuffer/WeightDoubleBuffer_384_16_16_struct_inst/weightDoubleBufferReader/WeightDoubleBufferReader_384_16_16_run_inst/mult_x_4/U2595/ZN (XNOR2_X1)     0.07 *     0.28 r
  weightDoubleBuffer/WeightDoubleBuffer_384_16_16_struct_inst/weightDoubleBufferReader/WeightDoubleBufferReader_384_16_16_run_inst/mult_x_4/U2639/ZN (AND2_X1)     0.11 *     0.39 r
  weightDoubleBuffer/WeightDoubleBuffer_384_16_16_struct_inst/weightDoubleBufferReader/WeightDoubleBufferReader_384_16_16_run_inst/mult_x_4/U2464/Z (CLKBUF_X1)     0.10 *     0.49 r
  weightDoubleBuffer/WeightDoubleBuffer_384_16_16_struct_inst/weightDoubleBufferReader/WeightDoubleBufferReader_384_16_16_run_inst/mult_x_4/U2641/ZN (AOI22_X1)     0.03 *     0.52 f
  weightDoubleBuffer/WeightDoubleBuffer_384_16_16_struct_inst/weightDoubleBufferReader/WeightDoubleBufferReader_384_16_16_run_inst/mult_x_4/U2642/ZN (OAI21_X1)     0.04 *     0.56 r
  weightDoubleBuffer/WeightDoubleBuffer_384_16_16_struct_inst/weightDoubleBufferReader/WeightDoubleBufferReader_384_16_16_run_inst/mult_x_4/U2643/Z (XOR2_X1)     0.06 *     0.62 r
  weightDoubleBuffer/WeightDoubleBuffer_384_16_16_struct_inst/weightDoubleBufferReader/WeightDoubleBufferReader_384_16_16_run_inst/mult_x_4/U2679/CO (HA_X1)     0.04 *     0.66 r
  weightDoubleBuffer/WeightDoubleBuffer_384_16_16_struct_inst/weightDoubleBufferReader/WeightDoubleBufferReader_384_16_16_run_inst/mult_x_4/U2743/CO (HA_X1)     0.03 *     0.69 r
  weightDoubleBuffer/WeightDoubleBuffer_384_16_16_struct_inst/weightDoubleBufferReader/WeightDoubleBufferReader_384_16_16_run_inst/mult_x_4/U2778/S (FA_X1)     0.09 *     0.79 f
  weightDoubleBuffer/WeightDoubleBuffer_384_16_16_struct_inst/weightDoubleBufferReader/WeightDoubleBufferReader_384_16_16_run_inst/mult_x_4/U2779/S (FA_X1)     0.12 *     0.90 r
  weightDoubleBuffer/WeightDoubleBuffer_384_16_16_struct_inst/weightDoubleBufferReader/WeightDoubleBufferReader_384_16_16_run_inst/mult_x_4/U2796/S (FA_X1)     0.09 *     1.00 f
  weightDoubleBuffer/WeightDoubleBuffer_384_16_16_struct_inst/weightDoubleBufferReader/WeightDoubleBufferReader_384_16_16_run_inst/mult_x_4/U2370/ZN (OR2_X1)     0.05 *     1.05 f
  weightDoubleBuffer/WeightDoubleBuffer_384_16_16_struct_inst/weightDoubleBufferReader/WeightDoubleBufferReader_384_16_16_run_inst/mult_x_4/U2757/ZN (AOI21_X1)     0.04 *     1.09 r
  weightDoubleBuffer/WeightDoubleBuffer_384_16_16_struct_inst/weightDoubleBufferReader/WeightDoubleBufferReader_384_16_16_run_inst/mult_x_4/U2799/ZN (OAI21_X1)     0.03 *     1.12 f
  weightDoubleBuffer/WeightDoubleBuffer_384_16_16_struct_inst/weightDoubleBufferReader/WeightDoubleBufferReader_384_16_16_run_inst/mult_x_4/U2833/ZN (AOI21_X1)     0.04 *     1.16 r
  weightDoubleBuffer/WeightDoubleBuffer_384_16_16_struct_inst/weightDoubleBufferReader/WeightDoubleBufferReader_384_16_16_run_inst/mult_x_4/U2868/ZN (OAI21_X1)     0.03 *     1.18 f
  weightDoubleBuffer/WeightDoubleBuffer_384_16_16_struct_inst/weightDoubleBufferReader/WeightDoubleBufferReader_384_16_16_run_inst/mult_x_4/U2905/ZN (AOI21_X1)     0.04 *     1.22 r
  weightDoubleBuffer/WeightDoubleBuffer_384_16_16_struct_inst/weightDoubleBufferReader/WeightDoubleBufferReader_384_16_16_run_inst/mult_x_4/U2942/ZN (OAI21_X1)     0.03 *     1.25 f
  weightDoubleBuffer/WeightDoubleBuffer_384_16_16_struct_inst/weightDoubleBufferReader/WeightDoubleBufferReader_384_16_16_run_inst/mult_x_4/U2979/ZN (AOI21_X1)     0.04 *     1.29 r
  weightDoubleBuffer/WeightDoubleBuffer_384_16_16_struct_inst/weightDoubleBufferReader/WeightDoubleBufferReader_384_16_16_run_inst/mult_x_4/U3017/ZN (OAI21_X1)     0.03 *     1.31 f
  weightDoubleBuffer/WeightDoubleBuffer_384_16_16_struct_inst/weightDoubleBufferReader/WeightDoubleBufferReader_384_16_16_run_inst/mult_x_4/U3053/ZN (AOI21_X1)     0.04 *     1.36 r
  weightDoubleBuffer/WeightDoubleBuffer_384_16_16_struct_inst/weightDoubleBufferReader/WeightDoubleBufferReader_384_16_16_run_inst/mult_x_4/U3093/ZN (OAI21_X1)     0.03 *     1.38 f
  weightDoubleBuffer/WeightDoubleBuffer_384_16_16_struct_inst/weightDoubleBufferReader/WeightDoubleBufferReader_384_16_16_run_inst/mult_x_4/U3131/ZN (AOI21_X1)     0.05 *     1.43 r
  weightDoubleBuffer/WeightDoubleBuffer_384_16_16_struct_inst/weightDoubleBufferReader/WeightDoubleBufferReader_384_16_16_run_inst/mult_x_4/U3169/ZN (OAI21_X1)     0.03 *     1.45 f
  weightDoubleBuffer/WeightDoubleBuffer_384_16_16_struct_inst/weightDoubleBufferReader/WeightDoubleBufferReader_384_16_16_run_inst/mult_x_4/U3209/ZN (AOI21_X1)     0.04 *     1.50 r
  weightDoubleBuffer/WeightDoubleBuffer_384_16_16_struct_inst/weightDoubleBufferReader/WeightDoubleBufferReader_384_16_16_run_inst/mult_x_4/U3248/ZN (OAI21_X1)     0.03 *     1.52 f
  weightDoubleBuffer/WeightDoubleBuffer_384_16_16_struct_inst/weightDoubleBufferReader/WeightDoubleBufferReader_384_16_16_run_inst/mult_x_4/U3290/ZN (AOI21_X1)     0.04 *     1.56 r
  weightDoubleBuffer/WeightDoubleBuffer_384_16_16_struct_inst/weightDoubleBufferReader/WeightDoubleBufferReader_384_16_16_run_inst/mult_x_4/U3328/ZN (OAI21_X1)     0.02 *     1.59 f
  weightDoubleBuffer/WeightDoubleBuffer_384_16_16_struct_inst/weightDoubleBufferReader/WeightDoubleBufferReader_384_16_16_run_inst/mult_x_4/U4074/ZN (AOI21_X1)     0.04 *     1.63 r
  weightDoubleBuffer/WeightDoubleBuffer_384_16_16_struct_inst/weightDoubleBufferReader/WeightDoubleBufferReader_384_16_16_run_inst/mult_x_4/U4098/ZN (OAI21_X1)     0.02 *     1.65 f
  weightDoubleBuffer/WeightDoubleBuffer_384_16_16_struct_inst/weightDoubleBufferReader/WeightDoubleBufferReader_384_16_16_run_inst/mult_x_4/U4124/ZN (AOI21_X1)     0.04 *     1.69 r
  weightDoubleBuffer/WeightDoubleBuffer_384_16_16_struct_inst/weightDoubleBufferReader/WeightDoubleBufferReader_384_16_16_run_inst/mult_x_4/U4148/ZN (OAI21_X1)     0.03 *     1.72 f
  weightDoubleBuffer/WeightDoubleBuffer_384_16_16_struct_inst/weightDoubleBufferReader/WeightDoubleBufferReader_384_16_16_run_inst/mult_x_4/U4159/ZN (AOI21_X1)     0.04 *     1.76 r
  weightDoubleBuffer/WeightDoubleBuffer_384_16_16_struct_inst/weightDoubleBufferReader/WeightDoubleBufferReader_384_16_16_run_inst/mult_x_4/U4166/ZN (OAI21_X1)     0.03 *     1.78 f
  weightDoubleBuffer/WeightDoubleBuffer_384_16_16_struct_inst/weightDoubleBufferReader/WeightDoubleBufferReader_384_16_16_run_inst/mult_x_4/U4173/ZN (AOI21_X1)     0.03 *     1.81 r
  weightDoubleBuffer/WeightDoubleBuffer_384_16_16_struct_inst/weightDoubleBufferReader/WeightDoubleBufferReader_384_16_16_run_inst/mult_x_4/U4174/ZN (INV_X1)     0.01 *     1.82 f
  weightDoubleBuffer/WeightDoubleBuffer_384_16_16_struct_inst/weightDoubleBufferReader/WeightDoubleBufferReader_384_16_16_run_inst/mult_x_4/U4238/CO (FA_X1)     0.07 *     1.89 f
  weightDoubleBuffer/WeightDoubleBuffer_384_16_16_struct_inst/weightDoubleBufferReader/WeightDoubleBufferReader_384_16_16_run_inst/mult_x_4/U4239/CO (FA_X1)     0.07 *     1.97 f
  weightDoubleBuffer/WeightDoubleBuffer_384_16_16_struct_inst/weightDoubleBufferReader/WeightDoubleBufferReader_384_16_16_run_inst/mult_x_4/U4240/CO (FA_X1)     0.07 *     2.04 f
  weightDoubleBuffer/WeightDoubleBuffer_384_16_16_struct_inst/weightDoubleBufferReader/WeightDoubleBufferReader_384_16_16_run_inst/mult_x_4/U4241/CO (FA_X1)     0.07 *     2.11 f
  weightDoubleBuffer/WeightDoubleBuffer_384_16_16_struct_inst/weightDoubleBufferReader/WeightDoubleBufferReader_384_16_16_run_inst/mult_x_4/U4242/CO (FA_X1)     0.07 *     2.18 f
  weightDoubleBuffer/WeightDoubleBuffer_384_16_16_struct_inst/weightDoubleBufferReader/WeightDoubleBufferReader_384_16_16_run_inst/mult_x_4/U4243/CO (FA_X1)     0.07 *     2.25 f
  weightDoubleBuffer/WeightDoubleBuffer_384_16_16_struct_inst/weightDoubleBufferReader/WeightDoubleBufferReader_384_16_16_run_inst/mult_x_4/U4244/CO (FA_X1)     0.07 *     2.32 f
  weightDoubleBuffer/WeightDoubleBuffer_384_16_16_struct_inst/weightDoubleBufferReader/WeightDoubleBufferReader_384_16_16_run_inst/mult_x_4/U4245/CO (FA_X1)     0.07 *     2.40 f
  weightDoubleBuffer/WeightDoubleBuffer_384_16_16_struct_inst/weightDoubleBufferReader/WeightDoubleBufferReader_384_16_16_run_inst/mult_x_4/U4246/CO (FA_X1)     0.07 *     2.47 f
  weightDoubleBuffer/WeightDoubleBuffer_384_16_16_struct_inst/weightDoubleBufferReader/WeightDoubleBufferReader_384_16_16_run_inst/mult_x_4/U4247/CO (FA_X1)     0.07 *     2.54 f
  weightDoubleBuffer/WeightDoubleBuffer_384_16_16_struct_inst/weightDoubleBufferReader/WeightDoubleBufferReader_384_16_16_run_inst/mult_x_4/U4248/CO (FA_X1)     0.07 *     2.61 f
  weightDoubleBuffer/WeightDoubleBuffer_384_16_16_struct_inst/weightDoubleBufferReader/WeightDoubleBufferReader_384_16_16_run_inst/mult_x_4/U4249/CO (FA_X1)     0.07 *     2.68 f
  weightDoubleBuffer/WeightDoubleBuffer_384_16_16_struct_inst/weightDoubleBufferReader/WeightDoubleBufferReader_384_16_16_run_inst/mult_x_4/U4250/CO (FA_X1)     0.07 *     2.75 f
  weightDoubleBuffer/WeightDoubleBuffer_384_16_16_struct_inst/weightDoubleBufferReader/WeightDoubleBufferReader_384_16_16_run_inst/mult_x_4/U4251/CO (FA_X1)     0.07 *     2.82 f
  weightDoubleBuffer/WeightDoubleBuffer_384_16_16_struct_inst/weightDoubleBufferReader/WeightDoubleBufferReader_384_16_16_run_inst/mult_x_4/U4252/CO (FA_X1)     0.07 *     2.90 f
  weightDoubleBuffer/WeightDoubleBuffer_384_16_16_struct_inst/weightDoubleBufferReader/WeightDoubleBufferReader_384_16_16_run_inst/mult_x_4/U4253/CO (FA_X1)     0.07 *     2.97 f
  weightDoubleBuffer/WeightDoubleBuffer_384_16_16_struct_inst/weightDoubleBufferReader/WeightDoubleBufferReader_384_16_16_run_inst/mult_x_4/U4254/CO (FA_X1)     0.07 *     3.04 f
  weightDoubleBuffer/WeightDoubleBuffer_384_16_16_struct_inst/weightDoubleBufferReader/WeightDoubleBufferReader_384_16_16_run_inst/mult_x_4/U4255/CO (FA_X1)     0.07 *     3.11 f
  weightDoubleBuffer/WeightDoubleBuffer_384_16_16_struct_inst/weightDoubleBufferReader/WeightDoubleBufferReader_384_16_16_run_inst/mult_x_4/U4256/CO (FA_X1)     0.07 *     3.18 f
  weightDoubleBuffer/WeightDoubleBuffer_384_16_16_struct_inst/weightDoubleBufferReader/WeightDoubleBufferReader_384_16_16_run_inst/mult_x_4/U4257/CO (FA_X1)     0.07 *     3.25 f
  weightDoubleBuffer/WeightDoubleBuffer_384_16_16_struct_inst/weightDoubleBufferReader/WeightDoubleBufferReader_384_16_16_run_inst/mult_x_4/U4258/CO (FA_X1)     0.07 *     3.32 f
  weightDoubleBuffer/WeightDoubleBuffer_384_16_16_struct_inst/weightDoubleBufferReader/WeightDoubleBufferReader_384_16_16_run_inst/mult_x_4/U4259/CO (FA_X1)     0.07 *     3.40 f
  weightDoubleBuffer/WeightDoubleBuffer_384_16_16_struct_inst/weightDoubleBufferReader/WeightDoubleBufferReader_384_16_16_run_inst/mult_x_4/U4260/CO (FA_X1)     0.07 *     3.47 f
  weightDoubleBuffer/WeightDoubleBuffer_384_16_16_struct_inst/weightDoubleBufferReader/WeightDoubleBufferReader_384_16_16_run_inst/mult_x_4/U4261/CO (FA_X1)     0.07 *     3.54 f
  weightDoubleBuffer/WeightDoubleBuffer_384_16_16_struct_inst/weightDoubleBufferReader/WeightDoubleBufferReader_384_16_16_run_inst/mult_x_4/U4262/CO (FA_X1)     0.07 *     3.61 f
  weightDoubleBuffer/WeightDoubleBuffer_384_16_16_struct_inst/weightDoubleBufferReader/WeightDoubleBufferReader_384_16_16_run_inst/mult_x_4/U4179/Z (XOR2_X1)     0.05 *     3.66 f
  weightDoubleBuffer/WeightDoubleBuffer_384_16_16_struct_inst/weightDoubleBufferReader/WeightDoubleBufferReader_384_16_16_run_inst/U260/ZN (INV_X1)     0.01 *     3.68 r
  weightDoubleBuffer/WeightDoubleBuffer_384_16_16_struct_inst/weightDoubleBufferReader/WeightDoubleBufferReader_384_16_16_run_inst/add_x_2/U94/ZN (NAND2_X1)     0.01 *     3.69 f
  weightDoubleBuffer/WeightDoubleBuffer_384_16_16_struct_inst/weightDoubleBufferReader/WeightDoubleBufferReader_384_16_16_run_inst/add_x_2/U95/ZN (NOR2_X1)     0.03 *     3.72 r
  weightDoubleBuffer/WeightDoubleBuffer_384_16_16_struct_inst/weightDoubleBufferReader/WeightDoubleBufferReader_384_16_16_run_inst/add_x_2/U96/ZN (NAND2_X1)     0.02 *     3.73 f
  weightDoubleBuffer/WeightDoubleBuffer_384_16_16_struct_inst/weightDoubleBufferReader/WeightDoubleBufferReader_384_16_16_run_inst/add_x_2/U97/ZN (NOR2_X1)     0.03 *     3.76 r
  weightDoubleBuffer/WeightDoubleBuffer_384_16_16_struct_inst/weightDoubleBufferReader/WeightDoubleBufferReader_384_16_16_run_inst/add_x_2/U98/ZN (NAND2_X1)     0.01 *     3.78 f
  weightDoubleBuffer/WeightDoubleBuffer_384_16_16_struct_inst/weightDoubleBufferReader/WeightDoubleBufferReader_384_16_16_run_inst/add_x_2/U130/ZN (OR2_X1)     0.05 *     3.83 f
  weightDoubleBuffer/WeightDoubleBuffer_384_16_16_struct_inst/weightDoubleBufferReader/WeightDoubleBufferReader_384_16_16_run_inst/U159/ZN (AOI21_X1)     0.07 *     3.90 r
  weightDoubleBuffer/WeightDoubleBuffer_384_16_16_struct_inst/weightDoubleBufferReader/WeightDoubleBufferReader_384_16_16_run_inst/WeightDoubleBufferReader_384_16_16_run_run_fsm_inst/U35/ZN (INV_X1)     0.01 *     3.91 f
  weightDoubleBuffer/WeightDoubleBuffer_384_16_16_struct_inst/weightDoubleBufferReader/WeightDoubleBufferReader_384_16_16_run_inst/WeightDoubleBufferReader_384_16_16_run_run_fsm_inst/U38/ZN (AOI21_X1)     0.03 *     3.93 r
  weightDoubleBuffer/WeightDoubleBuffer_384_16_16_struct_inst/weightDoubleBufferReader/WeightDoubleBufferReader_384_16_16_run_inst/WeightDoubleBufferReader_384_16_16_run_run_fsm_inst/U39/ZN (OAI21_X1)     0.02 *     3.95 f
  weightDoubleBuffer/WeightDoubleBuffer_384_16_16_struct_inst/weightDoubleBufferReader/WeightDoubleBufferReader_384_16_16_run_inst/WeightDoubleBufferReader_384_16_16_run_run_fsm_inst/state_var_reg_2_/D (DFFR_X1)     0.00 *     3.95 f
  data arrival time                                                  3.95

  clock ideal_clock (rise edge)                           4.00       4.00
  clock network delay (ideal)                             0.00       4.00
  weightDoubleBuffer/WeightDoubleBuffer_384_16_16_struct_inst/weightDoubleBufferReader/WeightDoubleBufferReader_384_16_16_run_inst/WeightDoubleBufferReader_384_16_16_run_run_fsm_inst/state_var_reg_2_/CK (DFFR_X1)     0.00     4.00 r
  library setup time                                     -0.04       3.96
  data required time                                                 3.96
  --------------------------------------------------------------------------
  data required time                                                 3.96
  data arrival time                                                 -3.95
  --------------------------------------------------------------------------
  slack (MET)                                                        0.00


  Startpoint: weight_serial_rsc_dat[2]
              (input port clocked by ideal_clock)
  Endpoint: weightDoubleBuffer/WeightDoubleBuffer_384_16_16_struct_inst/weightDoubleBufferWriter/WeightDoubleBufferWriter_384_16_16_run_inst/WeightDoubleBufferWriter_384_16_16_run_din_rsci_inst/WeightDoubleBufferWriter_384_16_16_run_din_rsci_din_wait_dp_inst/din_rsci_idat_bfwt_reg_2_
            (rising edge-triggered flip-flop clocked by ideal_clock)
  Path Group: REGIN
  Path Type: min

  Point                                                   Incr       Path
  --------------------------------------------------------------------------
  clock ideal_clock (rise edge)                           0.00       0.00
  clock network delay (ideal)                             0.00       0.00
  input external delay                                    2.00       2.00 r
  weight_serial_rsc_dat[2] (in)                           0.00       2.00 r
  weightDoubleBuffer/WeightDoubleBuffer_384_16_16_struct_inst/weightDoubleBufferWriter/WeightDoubleBufferWriter_384_16_16_run_inst/WeightDoubleBufferWriter_384_16_16_run_din_rsci_inst/din_rsci/U5/Z (CLKBUF_X1)     0.03 *     2.03 r
  weightDoubleBuffer/WeightDoubleBuffer_384_16_16_struct_inst/weightDoubleBufferWriter/WeightDoubleBufferWriter_384_16_16_run_inst/WeightDoubleBufferWriter_384_16_16_run_din_rsci_inst/WeightDoubleBufferWriter_384_16_16_run_din_rsci_din_wait_dp_inst/U10/Z (MUX2_X1)     0.08 *     2.11 r
  weightDoubleBuffer/WeightDoubleBuffer_384_16_16_struct_inst/weightDoubleBufferWriter/WeightDoubleBufferWriter_384_16_16_run_inst/WeightDoubleBufferWriter_384_16_16_run_din_rsci_inst/WeightDoubleBufferWriter_384_16_16_run_din_rsci_din_wait_dp_inst/din_rsci_idat_bfwt_reg_2_/D (DFFR_X1)     0.00 *     2.11 r
  data arrival time                                                  2.11

  clock ideal_clock (rise edge)                           0.00       0.00
  clock network delay (ideal)                             0.00       0.00
  weightDoubleBuffer/WeightDoubleBuffer_384_16_16_struct_inst/weightDoubleBufferWriter/WeightDoubleBufferWriter_384_16_16_run_inst/WeightDoubleBufferWriter_384_16_16_run_din_rsci_inst/WeightDoubleBufferWriter_384_16_16_run_din_rsci_din_wait_dp_inst/din_rsci_idat_bfwt_reg_2_/CK (DFFR_X1)     0.00     0.00 r
  library hold time                                       0.02       0.02
  data required time                                                 0.02
  --------------------------------------------------------------------------
  data required time                                                 0.02
  data arrival time                                                 -2.11
  --------------------------------------------------------------------------
  slack (MET)                                                        2.09


  Startpoint: outputSerializer/Serializer_PackedInt_16UL_16UL_ODTYPE_16_run_inst/serialOutChannel_rsci_idat_reg_12_
              (rising edge-triggered flip-flop clocked by ideal_clock)
  Endpoint: output_serial_rsc_dat[12]
            (output port clocked by ideal_clock)
  Path Group: REGOUT
  Path Type: min

  Point                                                   Incr       Path
  --------------------------------------------------------------------------
  clock ideal_clock (rise edge)                           0.00       0.00
  clock network delay (ideal)                             0.00       0.00
  outputSerializer/Serializer_PackedInt_16UL_16UL_ODTYPE_16_run_inst/serialOutChannel_rsci_idat_reg_12_/CK (DFFR_X1)     0.00     0.00 r
  outputSerializer/Serializer_PackedInt_16UL_16UL_ODTYPE_16_run_inst/serialOutChannel_rsci_idat_reg_12_/Q (DFFR_X1)     0.08     0.08 f
  outputSerializer/Serializer_PackedInt_16UL_16UL_ODTYPE_16_run_inst/Serializer_PackedInt_16UL_16UL_ODTYPE_16_run_serialOutChannel_rsci_inst/serialOutChannel_rsci/U15/Z (CLKBUF_X1)     0.05 *     0.13 f
  output_serial_rsc_dat[12] (out)                         0.00 *     0.13 f
  data arrival time                                                  0.13

  clock ideal_clock (rise edge)                           0.00       0.00
  clock network delay (ideal)                             0.00       0.00
  output external delay                                   0.00       0.00
  data required time                                                 0.00
  --------------------------------------------------------------------------
  data required time                                                 0.00
  data arrival time                                                 -0.13
  --------------------------------------------------------------------------
  slack (MET)                                                        0.13


  Startpoint: outputSerializer/Serializer_PackedInt_16UL_16UL_ODTYPE_16_run_inst/Serializer_PackedInt_16UL_16UL_ODTYPE_16_run_run_fsm_inst/state_var_reg_0_
              (rising edge-triggered flip-flop clocked by ideal_clock)
  Endpoint: outputSerializer/Serializer_PackedInt_16UL_16UL_ODTYPE_16_run_inst/reg_serialOutChannel_rsci_ivld_run_psct_cse_reg
            (rising edge-triggered flip-flop clocked by ideal_clock)
  Path Group: ideal_clock
  Path Type: min

  Point                                                   Incr       Path
  --------------------------------------------------------------------------
  clock ideal_clock (rise edge)                           0.00       0.00
  clock network delay (ideal)                             0.00       0.00
  outputSerializer/Serializer_PackedInt_16UL_16UL_ODTYPE_16_run_inst/Serializer_PackedInt_16UL_16UL_ODTYPE_16_run_run_fsm_inst/state_var_reg_0_/CK (SDFFR_X1)     0.00     0.00 r
  outputSerializer/Serializer_PackedInt_16UL_16UL_ODTYPE_16_run_inst/Serializer_PackedInt_16UL_16UL_ODTYPE_16_run_run_fsm_inst/state_var_reg_0_/Q (SDFFR_X1)     0.08     0.08 r
  outputSerializer/Serializer_PackedInt_16UL_16UL_ODTYPE_16_run_inst/reg_serialOutChannel_rsci_ivld_run_psct_cse_reg/D (DFFR_X1)     0.00 *     0.08 r
  data arrival time                                                  0.08

  clock ideal_clock (rise edge)                           0.00       0.00
  clock network delay (ideal)                             0.00       0.00
  outputSerializer/Serializer_PackedInt_16UL_16UL_ODTYPE_16_run_inst/reg_serialOutChannel_rsci_ivld_run_psct_cse_reg/CK (DFFR_X1)     0.00     0.00 r
  library hold time                                       0.01       0.01
  data required time                                                 0.01
  --------------------------------------------------------------------------
  data required time                                                 0.01
  data arrival time                                                 -0.08
  --------------------------------------------------------------------------
  slack (MET)                                                        0.07


    Net: systolicArray/systolicArrayCore/SystolicArrayCore_IDTYPE_WDTYPE_ODTYPE_16_16_struct_inst/accumulation_buffer_rsc_0_0_addr[5]

    max_transition         0.20
  - Transition Time        0.15
  ------------------------------
    Slack                  0.05  (MET)


    Net: inputDoubleBuffer/InputDoubleBuffer_512_16_16_struct_inst/n272

    max_fanout            20.00
  - Fanout                21.00
  ------------------------------
    Slack                 -1.00  (VIOLATED)


    Net: systolicArray/systolicArrayCore/SystolicArrayCore_IDTYPE_WDTYPE_ODTYPE_16_16_struct_inst/accumulation_buffer_rsc_0_0_addr[5]

    max_capacitance       24.60
  - Capacitance           27.51
  ------------------------------
    Slack                 -2.91  (VIOLATED)


    Design: Conv

    max_leakage_power          0.00
  - Current Leakage Power  3228147.00
  ----------------------------------
    Slack                  -3228147.00  (VIOLATED)


    Net: systolicArray/systolicArrayCore/SystolicArrayCore_IDTYPE_WDTYPE_ODTYPE_16_16_struct_inst/SystolicArrayCore_IDTYPE_WDTYPE_ODTYPE_16_16_run_inst/SystolicArrayCore_IDTYPE_WDTYPE_ODTYPE_16_16_run_accumulation_buffer_rsc_0_0_i_1_inst/SystolicArrayCore_IDTYPE_WDTYPE_ODTYPE_16_16_run_accumulation_buffer_rsc_0_0_i_1_accumulation_buffer_rsc_0_0_wait_dp_inst/accumulation_buffer_rsc_0_0_i_addr_d[11]

    multiport_net          0.00
  - actual cost            5.00
  ------------------------------
    Violation             -5.00  (VIOLATED)


Min pulse width constraints

                       Required      Actual
  Pin                pulse width   pulse width   Slack           Scenario
--------------------------------------------------------------------------------
  inputDoubleBuffer/InputDoubleBuffer_512_16_16_struct_inst/inputDoubleBufferWriter/InputDoubleBufferWriter_512_16_16_run_inst/InputDoubleBufferWriter_512_16_16_run_din_rsci_inst/InputDoubleBufferWriter_512_16_16_run_din_rsci_din_wait_dp_inst/din_rsci_bcwt_reg/CK(high)  0.09  2.00  1.91 (MET)

1
