Information: Propagating switching activity (low effort zero delay simulation). (PWR-6)
Warning: Design has unannotated primary inputs. (PWR-414)
Warning: Design has unannotated sequential cell outputs. (PWR-415)
Warning: Design has unannotated black box outputs. (PWR-428)
 
****************************************
Report : power
        -hier
        -analysis_effort low
Design : Conv
Version: L-2016.03-SP5-5
Date   : Sun Feb 23 20:05:21 2020
****************************************


Library(s) Used:

    NangateOpenCellLibrary (File: /home/users/skavya/ee272/ee272-hw5/Conv/design/5-synopsys-dc-synthesis/inputs/adk/stdcells.db)


Operating Conditions: typical   Library: NangateOpenCellLibrary
Wire Load Model Mode: Inactive.


Global Operating Voltage = 1.1  
Power-specific unit information :
    Voltage Units = 1V
    Capacitance Units = 1.000000ff
    Time Units = 1ns
    Dynamic Power Units = 1uW    (derived from V,C,T units)
    Leakage Power Units = 1nW


--------------------------------------------------------------------------------
                                       Switch   Int      Leak     Total
Hierarchy                              Power    Power    Power    Power    %
--------------------------------------------------------------------------------
Conv                                    115.587  355.767 3.18e+06 3.65e+03 100.0
  systolicArray (SystolicArrayWrapper_IDTYPE_WDTYPE_ODTYPE_16_16)   49.563  192.711 1.72e+06 1.96e+03  53.6
    systolicArrayLooper_1 (SystolicArrayLooper)    3.625   15.572 8.14e+04  100.614   2.8
      SystolicArrayLooper_run_inst (SystolicArrayLooper_run)    3.597   15.569 8.14e+04  100.572   2.8
        mult_x_1 (SystolicArrayLooper_run_DW_mult_uns_J4_0)    0.172    0.149 2.37e+04   23.977   0.7
        add_x_7 (SystolicArrayLooper_run_DW01_add_J4_0) 4.54e-02 7.31e-02 1.94e+03    2.059   0.1
        add_x_8 (SystolicArrayLooper_run_DW01_inc_J4_0) 7.26e-04 9.16e-04  681.643    0.683   0.0
        SystolicArrayLooper_run_run_fsm_inst (SystolicArrayLooper_run_run_fsm) 6.96e-02    0.295 1.61e+03    1.970   0.1
        SystolicArrayLooper_run_staller_inst (SystolicArrayLooper_run_staller) 4.03e-03 3.26e-03   30.597 3.79e-02   0.0
        SystolicArrayLooper_run_loopIndicesOut_rsci_inst (SystolicArrayLooper_run_loopIndicesOut_rsci) 3.91e-03 7.55e-02  839.036    0.918   0.0
          SystolicArrayLooper_run_loopIndicesOut_rsci_loopIndicesOut_wait_dp_inst (SystolicArrayLooper_run_loopIndicesOut_rsci_loopIndicesOut_wait_dp) 2.63e-04 7.19e-02  124.262    0.196   0.0
          SystolicArrayLooper_run_loopIndicesOut_rsci_loopIndicesOut_wait_ctrl_inst (SystolicArrayLooper_run_loopIndicesOut_rsci_loopIndicesOut_wait_ctrl) 6.84e-04 7.74e-04   78.336 7.98e-02   0.0
          loopIndicesOut_rsci (ccs_out_wait_v1_rscid158_width48) 2.96e-03 2.78e-03  636.438    0.642   0.0
        SystolicArrayLooper_run_paramsOut_rsci_inst (SystolicArrayLooper_run_paramsOut_rsci) 1.81e-02 8.30e-02 1.24e+03    1.342   0.0
          SystolicArrayLooper_run_paramsOut_rsci_paramsOut_wait_dp_inst (SystolicArrayLooper_run_paramsOut_rsci_paramsOut_wait_dp) 2.52e-04 7.20e-02  124.262    0.196   0.0
          SystolicArrayLooper_run_paramsOut_rsci_paramsOut_wait_ctrl_inst (SystolicArrayLooper_run_paramsOut_rsci_paramsOut_wait_ctrl) 4.56e-04 7.60e-04   78.336 7.96e-02   0.0
          paramsOut_rsci (ccs_out_wait_v1_rscid157_width144) 1.74e-02 1.03e-02 1.04e+03    1.066   0.0
        SystolicArrayLooper_run_paramsIn_rsci_inst (SystolicArrayLooper_run_paramsIn_rsci)    1.812    9.241 1.63e+04   27.368   0.7
          SystolicArrayLooper_run_paramsIn_rsci_paramsIn_wait_dp_inst (SystolicArrayLooper_run_paramsIn_rsci_paramsIn_wait_dp)    1.752    9.206 1.43e+04   25.240   0.7
          SystolicArrayLooper_run_paramsIn_rsci_paramsIn_wait_ctrl_inst (SystolicArrayLooper_run_paramsIn_rsci_paramsIn_wait_ctrl) 6.79e-03 3.44e-03   77.988 8.82e-02   0.0
          paramsIn_rsci (ccs_in_wait_v1_rscid156_width144) 2.01e-02 2.61e-02 1.64e+03    1.686   0.0
    systolicArrayCore (SystolicArrayCore_IDTYPE_WDTYPE_ODTYPE_16_16)   45.311  175.811 1.57e+06 1.80e+03  49.2
      SystolicArrayCore_IDTYPE_WDTYPE_ODTYPE_16_16_struct_inst (SystolicArrayCore_IDTYPE_WDTYPE_ODTYPE_16_16_struct)   45.311  175.811 1.57e+06 1.80e+03  49.2
        SystolicArrayCore_IDTYPE_WDTYPE_ODTYPE_16_16_run_inst (SystolicArrayCore_IDTYPE_WDTYPE_ODTYPE_16_16_run)   42.813  175.260 1.57e+06 1.79e+03  49.0
          add_x_504 (SystolicArrayCore_IDTYPE_WDTYPE_ODTYPE_16_16_run_DW01_inc_J1_0)    0.000    0.000  680.454    0.680   0.0
          DP_OP_743J1_122_5484 (SystolicArrayCore_IDTYPE_WDTYPE_ODTYPE_16_16_run_DP_OP_743J1_122_5484_J1_0) 8.64e-02 7.20e-02 2.40e+04   24.148   0.7
          DP_OP_744J1_123_666 (SystolicArrayCore_IDTYPE_WDTYPE_ODTYPE_16_16_run_DP_OP_744J1_123_666_J1_0) 3.46e-03 5.05e-03 1.26e+03    1.264   0.0
          DP_OP_745J1_124_7340 (SystolicArrayCore_IDTYPE_WDTYPE_ODTYPE_16_16_run_DP_OP_745J1_124_7340_J1_0) 6.59e-03 7.24e-03 1.40e+03    1.418   0.0
          DP_OP_746J1_125_7340 (SystolicArrayCore_IDTYPE_WDTYPE_ODTYPE_16_16_run_DP_OP_746J1_125_7340_J1_0) 6.66e-03 7.24e-03 1.40e+03    1.418   0.0
          DP_OP_747J1_126_7340 (SystolicArrayCore_IDTYPE_WDTYPE_ODTYPE_16_16_run_DP_OP_747J1_126_7340_J1_0) 7.18e-03 7.22e-03 1.40e+03    1.418   0.0
          DP_OP_748J1_127_9097 (SystolicArrayCore_IDTYPE_WDTYPE_ODTYPE_16_16_run_DP_OP_748J1_127_9097_J1_0) 6.44e-03 7.14e-03 2.34e+03    2.359   0.1
          SystolicArrayCore_IDTYPE_WDTYPE_ODTYPE_16_16_run_run_fsm_inst (SystolicArrayCore_IDTYPE_WDTYPE_ODTYPE_16_16_run_run_fsm) 8.07e-02    0.461 1.64e+03    2.184   0.1
          SystolicArrayCore_IDTYPE_WDTYPE_ODTYPE_16_16_run_staller_inst (SystolicArrayCore_IDTYPE_WDTYPE_ODTYPE_16_16_run_staller) 7.45e-02 5.84e-02  177.036    0.310   0.0
          SystolicArrayCore_IDTYPE_WDTYPE_ODTYPE_16_16_run_wait_dp_inst (SystolicArrayCore_IDTYPE_WDTYPE_ODTYPE_16_16_run_wait_dp) 2.89e-03 6.54e-04  200.247    0.204   0.0
          SystolicArrayCore_IDTYPE_WDTYPE_ODTYPE_16_16_run_accumulation_buffer_rsc_0_15_i_1_inst (SystolicArrayCore_IDTYPE_WDTYPE_ODTYPE_16_16_run_accumulation_buffer_rsc_0_15_i_1)    0.268    1.442 2.20e+03    3.907   0.1
            SystolicArrayCore_IDTYPE_WDTYPE_ODTYPE_16_16_run_accumulation_buffer_rsc_0_15_i_1_accumulation_buffer_rsc_0_15_wait_dp_inst (SystolicArrayCore_IDTYPE_WDTYPE_ODTYPE_16_16_run_accumulation_buffer_rsc_0_15_i_1_accumulation_buffer_rsc_0_15_wait_dp)    0.268    1.442 2.08e+03    3.794   0.1
            SystolicArrayCore_IDTYPE_WDTYPE_ODTYPE_16_16_run_accumulation_buffer_rsc_0_15_i_1_accumulation_buffer_rsc_0_15_wait_ctrl_inst (SystolicArrayCore_IDTYPE_WDTYPE_ODTYPE_16_16_run_accumulation_buffer_rsc_0_15_i_1_accumulation_buffer_rsc_0_15_wait_ctrl) 4.93e-06 1.13e-05  113.715    0.114   0.0
          SystolicArrayCore_IDTYPE_WDTYPE_ODTYPE_16_16_run_accumulation_buffer_rsc_0_14_i_1_inst (SystolicArrayCore_IDTYPE_WDTYPE_ODTYPE_16_16_run_accumulation_buffer_rsc_0_14_i_1)    0.239    1.448 2.18e+03    3.872   0.1
            SystolicArrayCore_IDTYPE_WDTYPE_ODTYPE_16_16_run_accumulation_buffer_rsc_0_14_i_1_accumulation_buffer_rsc_0_14_wait_dp_inst (SystolicArrayCore_IDTYPE_WDTYPE_ODTYPE_16_16_run_accumulation_buffer_rsc_0_14_i_1_accumulation_buffer_rsc_0_14_wait_dp)    0.239    1.448 2.07e+03    3.758   0.1
            SystolicArrayCore_IDTYPE_WDTYPE_ODTYPE_16_16_run_accumulation_buffer_rsc_0_14_i_1_accumulation_buffer_rsc_0_14_wait_ctrl_inst (SystolicArrayCore_IDTYPE_WDTYPE_ODTYPE_16_16_run_accumulation_buffer_rsc_0_14_i_1_accumulation_buffer_rsc_0_14_wait_ctrl) 4.97e-06 1.13e-05  113.715    0.114   0.0
          SystolicArrayCore_IDTYPE_WDTYPE_ODTYPE_16_16_run_accumulation_buffer_rsc_0_13_i_1_inst (SystolicArrayCore_IDTYPE_WDTYPE_ODTYPE_16_16_run_accumulation_buffer_rsc_0_13_i_1)    0.232    1.446 2.19e+03    3.863   0.1
            SystolicArrayCore_IDTYPE_WDTYPE_ODTYPE_16_16_run_accumulation_buffer_rsc_0_13_i_1_accumulation_buffer_rsc_0_13_wait_dp_inst (SystolicArrayCore_IDTYPE_WDTYPE_ODTYPE_16_16_run_accumulation_buffer_rsc_0_13_i_1_accumulation_buffer_rsc_0_13_wait_dp)    0.232    1.446 2.07e+03    3.749   0.1
            SystolicArrayCore_IDTYPE_WDTYPE_ODTYPE_16_16_run_accumulation_buffer_rsc_0_13_i_1_accumulation_buffer_rsc_0_13_wait_ctrl_inst (SystolicArrayCore_IDTYPE_WDTYPE_ODTYPE_16_16_run_accumulation_buffer_rsc_0_13_i_1_accumulation_buffer_rsc_0_13_wait_ctrl) 4.91e-06 1.13e-05  113.715    0.114   0.0
          SystolicArrayCore_IDTYPE_WDTYPE_ODTYPE_16_16_run_accumulation_buffer_rsc_0_12_i_1_inst (SystolicArrayCore_IDTYPE_WDTYPE_ODTYPE_16_16_run_accumulation_buffer_rsc_0_12_i_1)    0.244    1.443 2.20e+03    3.884   0.1
            SystolicArrayCore_IDTYPE_WDTYPE_ODTYPE_16_16_run_accumulation_buffer_rsc_0_12_i_1_accumulation_buffer_rsc_0_12_wait_dp_inst (SystolicArrayCore_IDTYPE_WDTYPE_ODTYPE_16_16_run_accumulation_buffer_rsc_0_12_i_1_accumulation_buffer_rsc_0_12_wait_dp)    0.225    1.441 2.07e+03    3.737   0.1
            SystolicArrayCore_IDTYPE_WDTYPE_ODTYPE_16_16_run_accumulation_buffer_rsc_0_12_i_1_accumulation_buffer_rsc_0_12_wait_ctrl_inst (SystolicArrayCore_IDTYPE_WDTYPE_ODTYPE_16_16_run_accumulation_buffer_rsc_0_12_i_1_accumulation_buffer_rsc_0_12_wait_ctrl) 4.89e-06 8.13e-06  113.715    0.114   0.0
          SystolicArrayCore_IDTYPE_WDTYPE_ODTYPE_16_16_run_accumulation_buffer_rsc_0_11_i_1_inst (SystolicArrayCore_IDTYPE_WDTYPE_ODTYPE_16_16_run_accumulation_buffer_rsc_0_11_i_1)    0.226    1.442 2.19e+03    3.854   0.1
            SystolicArrayCore_IDTYPE_WDTYPE_ODTYPE_16_16_run_accumulation_buffer_rsc_0_11_i_1_accumulation_buffer_rsc_0_11_wait_dp_inst (SystolicArrayCore_IDTYPE_WDTYPE_ODTYPE_16_16_run_accumulation_buffer_rsc_0_11_i_1_accumulation_buffer_rsc_0_11_wait_dp)    0.226    1.442 2.07e+03    3.740   0.1
            SystolicArrayCore_IDTYPE_WDTYPE_ODTYPE_16_16_run_accumulation_buffer_rsc_0_11_i_1_accumulation_buffer_rsc_0_11_wait_ctrl_inst (SystolicArrayCore_IDTYPE_WDTYPE_ODTYPE_16_16_run_accumulation_buffer_rsc_0_11_i_1_accumulation_buffer_rsc_0_11_wait_ctrl) 4.93e-06 1.13e-05  113.715    0.114   0.0
          SystolicArrayCore_IDTYPE_WDTYPE_ODTYPE_16_16_run_accumulation_buffer_rsc_0_10_i_1_inst (SystolicArrayCore_IDTYPE_WDTYPE_ODTYPE_16_16_run_accumulation_buffer_rsc_0_10_i_1)    0.245    1.444 2.20e+03    3.885   0.1
            SystolicArrayCore_IDTYPE_WDTYPE_ODTYPE_16_16_run_accumulation_buffer_rsc_0_10_i_1_accumulation_buffer_rsc_0_10_wait_dp_inst (SystolicArrayCore_IDTYPE_WDTYPE_ODTYPE_16_16_run_accumulation_buffer_rsc_0_10_i_1_accumulation_buffer_rsc_0_10_wait_dp)    0.225    1.441 2.07e+03    3.737   0.1
            SystolicArrayCore_IDTYPE_WDTYPE_ODTYPE_16_16_run_accumulation_buffer_rsc_0_10_i_1_accumulation_buffer_rsc_0_10_wait_ctrl_inst (SystolicArrayCore_IDTYPE_WDTYPE_ODTYPE_16_16_run_accumulation_buffer_rsc_0_10_i_1_accumulation_buffer_rsc_0_10_wait_ctrl) 4.91e-06 8.13e-06  113.715    0.114   0.0
          SystolicArrayCore_IDTYPE_WDTYPE_ODTYPE_16_16_run_accumulation_buffer_rsc_0_9_i_1_inst (SystolicArrayCore_IDTYPE_WDTYPE_ODTYPE_16_16_run_accumulation_buffer_rsc_0_9_i_1)    0.245    1.444 2.20e+03    3.886   0.1
            SystolicArrayCore_IDTYPE_WDTYPE_ODTYPE_16_16_run_accumulation_buffer_rsc_0_9_i_1_accumulation_buffer_rsc_0_9_wait_dp_inst (SystolicArrayCore_IDTYPE_WDTYPE_ODTYPE_16_16_run_accumulation_buffer_rsc_0_9_i_1_accumulation_buffer_rsc_0_9_wait_dp)    0.245    1.444 2.08e+03    3.772   0.1
            SystolicArrayCore_IDTYPE_WDTYPE_ODTYPE_16_16_run_accumulation_buffer_rsc_0_9_i_1_accumulation_buffer_rsc_0_9_wait_ctrl_inst (SystolicArrayCore_IDTYPE_WDTYPE_ODTYPE_16_16_run_accumulation_buffer_rsc_0_9_i_1_accumulation_buffer_rsc_0_9_wait_ctrl) 4.94e-06 8.13e-06  113.715    0.114   0.0
          SystolicArrayCore_IDTYPE_WDTYPE_ODTYPE_16_16_run_accumulation_buffer_rsc_0_8_i_1_inst (SystolicArrayCore_IDTYPE_WDTYPE_ODTYPE_16_16_run_accumulation_buffer_rsc_0_8_i_1)    0.227    1.438 2.19e+03    3.851   0.1
            SystolicArrayCore_IDTYPE_WDTYPE_ODTYPE_16_16_run_accumulation_buffer_rsc_0_8_i_1_accumulation_buffer_rsc_0_8_wait_dp_inst (SystolicArrayCore_IDTYPE_WDTYPE_ODTYPE_16_16_run_accumulation_buffer_rsc_0_8_i_1_accumulation_buffer_rsc_0_8_wait_dp)    0.227    1.438 2.07e+03    3.737   0.1
            SystolicArrayCore_IDTYPE_WDTYPE_ODTYPE_16_16_run_accumulation_buffer_rsc_0_8_i_1_accumulation_buffer_rsc_0_8_wait_ctrl_inst (SystolicArrayCore_IDTYPE_WDTYPE_ODTYPE_16_16_run_accumulation_buffer_rsc_0_8_i_1_accumulation_buffer_rsc_0_8_wait_ctrl) 4.98e-06 1.13e-05  113.715    0.114   0.0
          SystolicArrayCore_IDTYPE_WDTYPE_ODTYPE_16_16_run_accumulation_buffer_rsc_0_7_i_1_inst (SystolicArrayCore_IDTYPE_WDTYPE_ODTYPE_16_16_run_accumulation_buffer_rsc_0_7_i_1)    0.246    1.447 2.20e+03    3.890   0.1
            SystolicArrayCore_IDTYPE_WDTYPE_ODTYPE_16_16_run_accumulation_buffer_rsc_0_7_i_1_accumulation_buffer_rsc_0_7_wait_dp_inst (SystolicArrayCore_IDTYPE_WDTYPE_ODTYPE_16_16_run_accumulation_buffer_rsc_0_7_i_1_accumulation_buffer_rsc_0_7_wait_dp)    0.227    1.445 2.07e+03    3.743   0.1
            SystolicArrayCore_IDTYPE_WDTYPE_ODTYPE_16_16_run_accumulation_buffer_rsc_0_7_i_1_accumulation_buffer_rsc_0_7_wait_ctrl_inst (SystolicArrayCore_IDTYPE_WDTYPE_ODTYPE_16_16_run_accumulation_buffer_rsc_0_7_i_1_accumulation_buffer_rsc_0_7_wait_ctrl) 4.90e-06 1.13e-05  113.715    0.114   0.0
          SystolicArrayCore_IDTYPE_WDTYPE_ODTYPE_16_16_run_accumulation_buffer_rsc_0_6_i_1_inst (SystolicArrayCore_IDTYPE_WDTYPE_ODTYPE_16_16_run_accumulation_buffer_rsc_0_6_i_1)    0.243    1.449 2.20e+03    3.887   0.1
            SystolicArrayCore_IDTYPE_WDTYPE_ODTYPE_16_16_run_accumulation_buffer_rsc_0_6_i_1_accumulation_buffer_rsc_0_6_wait_dp_inst (SystolicArrayCore_IDTYPE_WDTYPE_ODTYPE_16_16_run_accumulation_buffer_rsc_0_6_i_1_accumulation_buffer_rsc_0_6_wait_dp)    0.243    1.449 2.08e+03    3.774   0.1
            SystolicArrayCore_IDTYPE_WDTYPE_ODTYPE_16_16_run_accumulation_buffer_rsc_0_6_i_1_accumulation_buffer_rsc_0_6_wait_ctrl_inst (SystolicArrayCore_IDTYPE_WDTYPE_ODTYPE_16_16_run_accumulation_buffer_rsc_0_6_i_1_accumulation_buffer_rsc_0_6_wait_ctrl) 4.92e-06 8.13e-06  113.715    0.114   0.0
          SystolicArrayCore_IDTYPE_WDTYPE_ODTYPE_16_16_run_accumulation_buffer_rsc_0_5_i_1_inst (SystolicArrayCore_IDTYPE_WDTYPE_ODTYPE_16_16_run_accumulation_buffer_rsc_0_5_i_1)    0.244    1.450 2.20e+03    3.890   0.1
            SystolicArrayCore_IDTYPE_WDTYPE_ODTYPE_16_16_run_accumulation_buffer_rsc_0_5_i_1_accumulation_buffer_rsc_0_5_wait_dp_inst (SystolicArrayCore_IDTYPE_WDTYPE_ODTYPE_16_16_run_accumulation_buffer_rsc_0_5_i_1_accumulation_buffer_rsc_0_5_wait_dp)    0.224    1.448 2.07e+03    3.743   0.1
            SystolicArrayCore_IDTYPE_WDTYPE_ODTYPE_16_16_run_accumulation_buffer_rsc_0_5_i_1_accumulation_buffer_rsc_0_5_wait_ctrl_inst (SystolicArrayCore_IDTYPE_WDTYPE_ODTYPE_16_16_run_accumulation_buffer_rsc_0_5_i_1_accumulation_buffer_rsc_0_5_wait_ctrl) 4.94e-06 8.13e-06  113.715    0.114   0.0
          SystolicArrayCore_IDTYPE_WDTYPE_ODTYPE_16_16_run_accumulation_buffer_rsc_0_4_i_1_inst (SystolicArrayCore_IDTYPE_WDTYPE_ODTYPE_16_16_run_accumulation_buffer_rsc_0_4_i_1)    0.244    1.443 2.20e+03    3.883   0.1
            SystolicArrayCore_IDTYPE_WDTYPE_ODTYPE_16_16_run_accumulation_buffer_rsc_0_4_i_1_accumulation_buffer_rsc_0_4_wait_dp_inst (SystolicArrayCore_IDTYPE_WDTYPE_ODTYPE_16_16_run_accumulation_buffer_rsc_0_4_i_1_accumulation_buffer_rsc_0_4_wait_dp)    0.224    1.441 2.07e+03    3.736   0.1
            SystolicArrayCore_IDTYPE_WDTYPE_ODTYPE_16_16_run_accumulation_buffer_rsc_0_4_i_1_accumulation_buffer_rsc_0_4_wait_ctrl_inst (SystolicArrayCore_IDTYPE_WDTYPE_ODTYPE_16_16_run_accumulation_buffer_rsc_0_4_i_1_accumulation_buffer_rsc_0_4_wait_ctrl) 4.95e-06 8.13e-06  113.715    0.114   0.0
          SystolicArrayCore_IDTYPE_WDTYPE_ODTYPE_16_16_run_accumulation_buffer_rsc_0_3_i_1_inst (SystolicArrayCore_IDTYPE_WDTYPE_ODTYPE_16_16_run_accumulation_buffer_rsc_0_3_i_1)    0.247    1.444 2.20e+03    3.888   0.1
            SystolicArrayCore_IDTYPE_WDTYPE_ODTYPE_16_16_run_accumulation_buffer_rsc_0_3_i_1_accumulation_buffer_rsc_0_3_wait_dp_inst (SystolicArrayCore_IDTYPE_WDTYPE_ODTYPE_16_16_run_accumulation_buffer_rsc_0_3_i_1_accumulation_buffer_rsc_0_3_wait_dp)    0.227    1.442 2.07e+03    3.741   0.1
            SystolicArrayCore_IDTYPE_WDTYPE_ODTYPE_16_16_run_accumulation_buffer_rsc_0_3_i_1_accumulation_buffer_rsc_0_3_wait_ctrl_inst (SystolicArrayCore_IDTYPE_WDTYPE_ODTYPE_16_16_run_accumulation_buffer_rsc_0_3_i_1_accumulation_buffer_rsc_0_3_wait_ctrl) 4.90e-06 1.13e-05  113.715    0.114   0.0
          SystolicArrayCore_IDTYPE_WDTYPE_ODTYPE_16_16_run_accumulation_buffer_rsc_0_2_i_1_inst (SystolicArrayCore_IDTYPE_WDTYPE_ODTYPE_16_16_run_accumulation_buffer_rsc_0_2_i_1)    0.227    1.443 2.19e+03    3.855   0.1
            SystolicArrayCore_IDTYPE_WDTYPE_ODTYPE_16_16_run_accumulation_buffer_rsc_0_2_i_1_accumulation_buffer_rsc_0_2_wait_dp_inst (SystolicArrayCore_IDTYPE_WDTYPE_ODTYPE_16_16_run_accumulation_buffer_rsc_0_2_i_1_accumulation_buffer_rsc_0_2_wait_dp)    0.227    1.443 2.07e+03    3.741   0.1
            SystolicArrayCore_IDTYPE_WDTYPE_ODTYPE_16_16_run_accumulation_buffer_rsc_0_2_i_1_accumulation_buffer_rsc_0_2_wait_ctrl_inst (SystolicArrayCore_IDTYPE_WDTYPE_ODTYPE_16_16_run_accumulation_buffer_rsc_0_2_i_1_accumulation_buffer_rsc_0_2_wait_ctrl) 4.89e-06 8.13e-06  113.715    0.114   0.0
          SystolicArrayCore_IDTYPE_WDTYPE_ODTYPE_16_16_run_accumulation_buffer_rsc_0_1_i_1_inst (SystolicArrayCore_IDTYPE_WDTYPE_ODTYPE_16_16_run_accumulation_buffer_rsc_0_1_i_1)    0.250    1.445 2.20e+03    3.891   0.1
            SystolicArrayCore_IDTYPE_WDTYPE_ODTYPE_16_16_run_accumulation_buffer_rsc_0_1_i_1_accumulation_buffer_rsc_0_1_wait_dp_inst (SystolicArrayCore_IDTYPE_WDTYPE_ODTYPE_16_16_run_accumulation_buffer_rsc_0_1_i_1_accumulation_buffer_rsc_0_1_wait_dp)    0.250    1.445 2.08e+03    3.777   0.1
            SystolicArrayCore_IDTYPE_WDTYPE_ODTYPE_16_16_run_accumulation_buffer_rsc_0_1_i_1_accumulation_buffer_rsc_0_1_wait_ctrl_inst (SystolicArrayCore_IDTYPE_WDTYPE_ODTYPE_16_16_run_accumulation_buffer_rsc_0_1_i_1_accumulation_buffer_rsc_0_1_wait_ctrl) 4.93e-06 1.13e-05  113.715    0.114   0.0
          SystolicArrayCore_IDTYPE_WDTYPE_ODTYPE_16_16_run_accumulation_buffer_rsc_0_0_i_1_inst (SystolicArrayCore_IDTYPE_WDTYPE_ODTYPE_16_16_run_accumulation_buffer_rsc_0_0_i_1)    0.230    1.445 2.19e+03    3.860   0.1
            SystolicArrayCore_IDTYPE_WDTYPE_ODTYPE_16_16_run_accumulation_buffer_rsc_0_0_i_1_accumulation_buffer_rsc_0_0_wait_dp_inst (SystolicArrayCore_IDTYPE_WDTYPE_ODTYPE_16_16_run_accumulation_buffer_rsc_0_0_i_1_accumulation_buffer_rsc_0_0_wait_dp)    0.230    1.445 2.07e+03    3.747   0.1
            SystolicArrayCore_IDTYPE_WDTYPE_ODTYPE_16_16_run_accumulation_buffer_rsc_0_0_i_1_accumulation_buffer_rsc_0_0_wait_ctrl_inst (SystolicArrayCore_IDTYPE_WDTYPE_ODTYPE_16_16_run_accumulation_buffer_rsc_0_0_i_1_accumulation_buffer_rsc_0_0_wait_ctrl) 4.94e-06 1.13e-05  113.715    0.114   0.0
          SystolicArrayCore_IDTYPE_WDTYPE_ODTYPE_16_16_run_loopIndicesIn_rsci_inst (SystolicArrayCore_IDTYPE_WDTYPE_ODTYPE_16_16_run_loopIndicesIn_rsci)    0.668    3.643 6.13e+03   10.439   0.3
            SystolicArrayCore_IDTYPE_WDTYPE_ODTYPE_16_16_run_loopIndicesIn_rsci_loopIndicesIn_wait_dp_inst (SystolicArrayCore_IDTYPE_WDTYPE_ODTYPE_16_16_run_loopIndicesIn_rsci_loopIndicesIn_wait_dp)    0.641    3.635 5.40e+03    9.678   0.3
            SystolicArrayCore_IDTYPE_WDTYPE_ODTYPE_16_16_run_loopIndicesIn_rsci_loopIndicesIn_wait_ctrl_inst (SystolicArrayCore_IDTYPE_WDTYPE_ODTYPE_16_16_run_loopIndicesIn_rsci_loopIndicesIn_wait_ctrl) 5.65e-03 3.19e-03   78.166 8.70e-02   0.0
            loopIndicesIn_rsci (ccs_in_wait_v1_rscid104_width48) 6.86e-04 2.18e-03  636.497    0.639   0.0
          SystolicArrayCore_IDTYPE_WDTYPE_ODTYPE_16_16_run_paramsIn_rsci_inst (SystolicArrayCore_IDTYPE_WDTYPE_ODTYPE_16_16_run_paramsIn_rsci)    1.103    5.867 1.01e+04   17.061   0.5
            SystolicArrayCore_IDTYPE_WDTYPE_ODTYPE_16_16_run_paramsIn_rsci_paramsIn_wait_dp_inst (SystolicArrayCore_IDTYPE_WDTYPE_ODTYPE_16_16_run_paramsIn_rsci_paramsIn_wait_dp)    1.095    5.854 8.98e+03   15.924   0.4
            SystolicArrayCore_IDTYPE_WDTYPE_ODTYPE_16_16_run_paramsIn_rsci_paramsIn_wait_ctrl_inst (SystolicArrayCore_IDTYPE_WDTYPE_ODTYPE_16_16_run_paramsIn_rsci_paramsIn_wait_ctrl) 3.04e-03 3.31e-03   78.166 8.45e-02   0.0
            paramsIn_rsci (ccs_in_wait_v1_rscid103_width144) 4.69e-03 9.74e-03 1.04e+03    1.053   0.0
          SystolicArrayCore_IDTYPE_WDTYPE_ODTYPE_16_16_run_output_rsci_inst (SystolicArrayCore_IDTYPE_WDTYPE_ODTYPE_16_16_run_output_rsci) 1.97e-03 7.37e-02 3.49e+03    3.567   0.1
            SystolicArrayCore_IDTYPE_WDTYPE_ODTYPE_16_16_run_output_rsci_output_wait_dp_inst (SystolicArrayCore_IDTYPE_WDTYPE_ODTYPE_16_16_run_output_rsci_output_wait_dp)    0.000 7.17e-02  122.338    0.194   0.0
            SystolicArrayCore_IDTYPE_WDTYPE_ODTYPE_16_16_run_output_rsci_output_wait_ctrl_inst (SystolicArrayCore_IDTYPE_WDTYPE_ODTYPE_16_16_run_output_rsci_output_wait_ctrl) 5.51e-06 4.68e-06   77.744 7.78e-02   0.0
            output_rsci (ccs_out_wait_v1_rscid102_width256) 1.97e-03 1.96e-03 3.29e+03    3.295   0.1
          SystolicArrayCore_IDTYPE_WDTYPE_ODTYPE_16_16_run_weight_rsci_inst (SystolicArrayCore_IDTYPE_WDTYPE_ODTYPE_16_16_run_weight_rsci)    1.728    9.353 1.59e+04   26.944   0.7
            SystolicArrayCore_IDTYPE_WDTYPE_ODTYPE_16_16_run_weight_rsci_weight_wait_dp_inst (SystolicArrayCore_IDTYPE_WDTYPE_ODTYPE_16_16_run_weight_rsci_weight_wait_dp)    1.698    9.350 1.40e+04   25.091   0.7
            SystolicArrayCore_IDTYPE_WDTYPE_ODTYPE_16_16_run_weight_rsci_weight_wait_ctrl_inst (SystolicArrayCore_IDTYPE_WDTYPE_ODTYPE_16_16_run_weight_rsci_weight_wait_ctrl) 6.72e-04 2.21e-04   73.156 7.40e-02   0.0
            weight_rsci (ccs_in_wait_v1_rscid101_width128) 4.49e-05 1.54e-04 1.66e+03    1.659   0.0
          SystolicArrayCore_IDTYPE_WDTYPE_ODTYPE_16_16_run_input_rsci_inst (SystolicArrayCore_IDTYPE_WDTYPE_ODTYPE_16_16_run_input_rsci)    1.712    9.352 1.58e+04   26.864   0.7
            SystolicArrayCore_IDTYPE_WDTYPE_ODTYPE_16_16_run_input_rsci_input_wait_dp_inst (SystolicArrayCore_IDTYPE_WDTYPE_ODTYPE_16_16_run_input_rsci_input_wait_dp)    1.712    9.352 1.41e+04   25.131   0.7
            SystolicArrayCore_IDTYPE_WDTYPE_ODTYPE_16_16_run_input_rsci_input_wait_ctrl_inst (SystolicArrayCore_IDTYPE_WDTYPE_ODTYPE_16_16_run_input_rsci_input_wait_ctrl) 3.65e-04 2.23e-04   73.156 7.37e-02   0.0
            input_rsci (ccs_in_wait_v1_rscid100_width128) 4.53e-05 1.55e-04 1.66e+03    1.659   0.0
          input_fifo_0_run_cmp (Fifo_IDTYPE_1)    0.000 5.76e-02  883.420    0.941   0.0
            Fifo_IDTYPE_1_run_inst (Fifo_IDTYPE_1_run)    0.000 5.76e-02  883.420    0.941   0.0
              output_rsci (mgc_out_dreg_v2_rscid7_width8)    0.000    0.000  102.107    0.102   0.0
              input_rsci (ccs_in_v1_rscid6_width8)    0.000    0.000  102.107    0.102   0.0
          accum_fifo_0_run_cmp (Fifo_ODTYPE_1) 4.18e-02    0.174 1.77e+03    1.985   0.1
            Fifo_ODTYPE_1_run_inst (Fifo_ODTYPE_1_run) 4.18e-02    0.174 1.77e+03    1.985   0.1
              output_rsci (mgc_out_dreg_v2_rscid54_width16) 2.05e-03 1.58e-03  202.977    0.207   0.0
              input_rsci (ccs_in_v1_rscid53_width16) 1.75e-02 3.07e-02  179.424    0.228   0.0
          pe_0_0_run_cmp (ProcessingElement_IDTYPE_ODTYPE) 7.04e-02 9.75e-02 9.54e+03    9.712   0.3
            ProcessingElement_IDTYPE_ODTYPE_run_inst (ProcessingElement_IDTYPE_ODTYPE_run) 5.18e-02 9.54e-02 9.42e+03    9.565   0.3
              DP_OP_3J13_122_1785 (ProcessingElement_IDTYPE_ODTYPE_run_DP_OP_3J13_122_1785_J13_0) 1.11e-02 2.07e-02 6.58e+03    6.615   0.2
              psum_out_rsci (mgc_out_dreg_v2_rscid5_width16) 3.15e-05 1.02e-04  204.206    0.204   0.0
              input_out_rsci (mgc_out_dreg_v2_rscid4_width8) 4.61e-06 1.57e-05  102.106    0.102   0.0
              weight_rsci (ccs_in_v1_rscid3_width8)    0.000    0.000  102.107    0.102   0.0
              psum_in_rsci (ccs_in_v1_rscid2_width16) 3.92e-03 2.85e-03  203.083    0.210   0.0
              input_in_rsci (ccs_in_v1_rscid1_width8) 1.77e-04 1.75e-05  102.106    0.102   0.0
          input_fifo_1_rsci (Fifo_IDTYPE_2) 2.90e-04    0.115 1.60e+03    1.711   0.0
            Fifo_IDTYPE_2_run_inst (Fifo_IDTYPE_2_run) 2.90e-04    0.115 1.60e+03    1.711   0.0
              ccs_ccore_start_rsci (ccs_in_v1_rscid147_width1) 2.90e-04 1.71e-04   12.624 1.31e-02   0.0
              output_rsci (mgc_out_dreg_v2_rscid9_width8)    0.000    0.000  102.107    0.102   0.0
              input_rsci (ccs_in_v1_rscid8_width8)    0.000    0.000  102.107    0.102   0.0
          input_fifo_2_rsci (Fifo_IDTYPE_3) 2.22e-02    0.118 2.22e+03    2.365   0.1
            Fifo_IDTYPE_3_run_inst (Fifo_IDTYPE_3_run) 2.22e-02    0.118 2.22e+03    2.365   0.1
              ccs_ccore_start_rsci (ccs_in_v1_rscid146_width1) 2.46e-04 1.70e-04   12.624 1.30e-02   0.0
              output_rsci (mgc_out_dreg_v2_rscid12_width8)    0.000    0.000  102.107    0.102   0.0
              input_rsci (ccs_in_v1_rscid11_width8) 7.08e-06 9.49e-06  102.106    0.102   0.0
          input_fifo_3_rsci (Fifo_IDTYPE_4) 2.20e-02    0.118 2.86e+03    2.996   0.1
            Fifo_IDTYPE_4_run_inst (Fifo_IDTYPE_4_run) 2.20e-02    0.118 2.86e+03    2.996   0.1
              ccs_ccore_start_rsci (ccs_in_v1_rscid145_width1) 2.53e-04 1.71e-04   12.624 1.30e-02   0.0
              output_rsci (mgc_out_dreg_v2_rscid15_width8)    0.000    0.000  102.107    0.102   0.0
              input_rsci (ccs_in_v1_rscid14_width8) 4.09e-06 9.20e-06  102.106    0.102   0.0
          input_fifo_4_rsci (Fifo_IDTYPE_5) 2.51e-02    0.121 3.49e+03    3.631   0.1
            Fifo_IDTYPE_5_run_inst (Fifo_IDTYPE_5_run) 2.51e-02    0.121 3.49e+03    3.631   0.1
              ccs_ccore_start_rsci (ccs_in_v1_rscid144_width1) 2.30e-04 1.70e-04   12.624 1.30e-02   0.0
              output_rsci (mgc_out_dreg_v2_rscid18_width8)    0.000    0.000  102.107    0.102   0.0
              input_rsci (ccs_in_v1_rscid17_width8)    0.000    0.000  102.107    0.102   0.0
          input_fifo_5_rsci (Fifo_IDTYPE_6) 6.50e-02    0.126 4.13e+03    4.317   0.1
            Fifo_IDTYPE_6_run_inst (Fifo_IDTYPE_6_run) 6.50e-02    0.126 4.13e+03    4.317   0.1
              ccs_ccore_start_rsci (ccs_in_v1_rscid143_width1) 2.65e-04 1.71e-04   12.624 1.31e-02   0.0
              output_rsci (mgc_out_dreg_v2_rscid21_width8)    0.000    0.000  102.107    0.102   0.0
              input_rsci (ccs_in_v1_rscid20_width8) 4.86e-06 9.31e-06  102.106    0.102   0.0
          input_fifo_6_rsci (Fifo_IDTYPE_7) 7.46e-02    0.127 4.73e+03    4.932   0.1
            Fifo_IDTYPE_7_run_inst (Fifo_IDTYPE_7_run) 7.46e-02    0.127 4.73e+03    4.932   0.1
              ccs_ccore_start_rsci (ccs_in_v1_rscid142_width1) 1.91e-04 1.66e-04   12.624 1.30e-02   0.0
              output_rsci (mgc_out_dreg_v2_rscid24_width8)    0.000    0.000  102.107    0.102   0.0
              input_rsci (ccs_in_v1_rscid23_width8)    0.000    0.000  102.107    0.102   0.0
          input_fifo_7_rsci (Fifo_IDTYPE_8) 7.76e-02    0.126 5.35e+03    5.553   0.2
            Fifo_IDTYPE_8_run_inst (Fifo_IDTYPE_8_run) 7.76e-02    0.126 5.35e+03    5.553   0.2
              ccs_ccore_start_rsci (ccs_in_v1_rscid141_width1) 1.61e-04 1.64e-04   12.624 1.29e-02   0.0
              output_rsci (mgc_out_dreg_v2_rscid27_width8)    0.000    0.000  102.107    0.102   0.0
              input_rsci (ccs_in_v1_rscid26_width8)    0.000    0.000  102.107    0.102   0.0
          input_fifo_8_rsci (Fifo_IDTYPE_9) 8.55e-02    0.126 5.98e+03    6.192   0.2
            Fifo_IDTYPE_9_run_inst (Fifo_IDTYPE_9_run) 8.55e-02    0.126 5.98e+03    6.192   0.2
              ccs_ccore_start_rsci (ccs_in_v1_rscid140_width1) 1.37e-04 1.63e-04   12.624 1.29e-02   0.0
              output_rsci (mgc_out_dreg_v2_rscid30_width8)    0.000    0.000  102.107    0.102   0.0
              input_rsci (ccs_in_v1_rscid29_width8)    0.000    0.000  102.107    0.102   0.0
          input_fifo_9_rsci (Fifo_IDTYPE_10) 9.68e-02    0.129 6.60e+03    6.822   0.2
            Fifo_IDTYPE_10_run_inst (Fifo_IDTYPE_10_run) 9.68e-02    0.129 6.60e+03    6.822   0.2
              ccs_ccore_start_rsci (ccs_in_v1_rscid139_width1) 1.25e-04 1.63e-04   12.624 1.29e-02   0.0
              output_rsci (mgc_out_dreg_v2_rscid33_width8)    0.000    0.000  102.107    0.102   0.0
              input_rsci (ccs_in_v1_rscid32_width8)    0.000    0.000  102.107    0.102   0.0
          input_fifo_10_rsci (Fifo_IDTYPE_11) 9.96e-02    0.133 7.23e+03    7.458   0.2
            Fifo_IDTYPE_11_run_inst (Fifo_IDTYPE_11_run) 9.96e-02    0.133 7.23e+03    7.458   0.2
              ccs_ccore_start_rsci (ccs_in_v1_rscid138_width1) 2.17e-04 1.66e-04   12.624 1.30e-02   0.0
              output_rsci (mgc_out_dreg_v2_rscid36_width8)    0.000    0.000  102.107    0.102   0.0
              input_rsci (ccs_in_v1_rscid35_width8)    0.000    0.000  102.107    0.102   0.0
          input_fifo_11_rsci (Fifo_IDTYPE_12)    0.130    0.133 7.84e+03    8.107   0.2
            Fifo_IDTYPE_12_run_inst (Fifo_IDTYPE_12_run)    0.105    0.131 7.83e+03    8.068   0.2
              ccs_ccore_start_rsci (ccs_in_v1_rscid137_width1) 1.91e-04 1.66e-04   12.624 1.30e-02   0.0
              output_rsci (mgc_out_dreg_v2_rscid39_width8)    0.000    0.000  102.107    0.102   0.0
              input_rsci (ccs_in_v1_rscid38_width8) 5.35e-06 9.38e-06  102.106    0.102   0.0
          input_fifo_12_rsci (Fifo_IDTYPE_13)    0.123    0.138 8.48e+03    8.745   0.2
            Fifo_IDTYPE_13_run_inst (Fifo_IDTYPE_13_run)    0.123    0.138 8.48e+03    8.745   0.2
              ccs_ccore_start_rsci (ccs_in_v1_rscid136_width1) 2.27e-04 1.67e-04   12.624 1.30e-02   0.0
              output_rsci (mgc_out_dreg_v2_rscid42_width8)    0.000    0.000  102.107    0.102   0.0
              input_rsci (ccs_in_v1_rscid41_width8)    0.000    0.000  102.107    0.102   0.0
          input_fifo_13_rsci (Fifo_IDTYPE_14)    0.134    0.135 9.10e+03    9.373   0.3
            Fifo_IDTYPE_14_run_inst (Fifo_IDTYPE_14_run)    0.134    0.135 9.10e+03    9.373   0.3
              ccs_ccore_start_rsci (ccs_in_v1_rscid135_width1) 1.89e-04 1.93e-04   12.624 1.30e-02   0.0
              output_rsci (mgc_out_dreg_v2_rscid45_width8)    0.000    0.000  102.107    0.102   0.0
              input_rsci (ccs_in_v1_rscid44_width8)    0.000    0.000  102.107    0.102   0.0
          input_fifo_14_rsci (Fifo_IDTYPE_15)    0.146    0.137 9.72e+03   10.003   0.3
            Fifo_IDTYPE_15_run_inst (Fifo_IDTYPE_15_run)    0.146    0.137 9.72e+03   10.003   0.3
              ccs_ccore_start_rsci (ccs_in_v1_rscid134_width1) 1.59e-04 1.91e-04   12.624 1.30e-02   0.0
              output_rsci (mgc_out_dreg_v2_rscid48_width8)    0.000    0.000  102.107    0.102   0.0
              input_rsci (ccs_in_v1_rscid47_width8)    0.000    0.000  102.107    0.102   0.0
          input_fifo_15_rsci (Fifo_IDTYPE_16)    0.162    0.141 1.03e+04   10.653   0.3
            Fifo_IDTYPE_16_run_inst (Fifo_IDTYPE_16_run)    0.162    0.141 1.03e+04   10.653   0.3
              ccs_ccore_start_rsci (ccs_in_v1_rscid133_width1) 1.27e-04 1.63e-04   12.624 1.29e-02   0.0
              output_rsci (mgc_out_dreg_v2_rscid51_width8)    0.000    0.000  102.107    0.102   0.0
              input_rsci (ccs_in_v1_rscid50_width8)    0.000    0.000  102.107    0.102   0.0
          output_fifo_14_rsci (Fifo_ODTYPE_2_0) 4.29e-02    0.231 3.10e+03    3.377   0.1
            Fifo_ODTYPE_2_run_inst (Fifo_ODTYPE_2_run_0) 4.29e-02    0.231 3.10e+03    3.377   0.1
              ccs_ccore_start_rsci (ccs_in_v1_rscid131_width1_0) 2.60e-04 2.10e-04   12.749 1.32e-02   0.0
              output_rsci (mgc_out_dreg_v2_rscid56_width16_0)    0.000    0.000  204.215    0.204   0.0
              input_rsci (ccs_in_v1_rscid55_width16_0) 1.81e-02 3.08e-02  179.426    0.228   0.0
          accum_fifo_1_rsci (Fifo_ODTYPE_2_1) 3.89e-02    0.208 3.07e+03    3.320   0.1
            Fifo_ODTYPE_2_run_inst (Fifo_ODTYPE_2_run_1) 3.89e-02    0.208 3.07e+03    3.320   0.1
              ccs_ccore_start_rsci (ccs_in_v1_rscid131_width1_1)    0.000    0.000   12.763 1.28e-02   0.0
              output_rsci (mgc_out_dreg_v2_rscid56_width16_1)    0.000    0.000  204.215    0.204   0.0
              input_rsci (ccs_in_v1_rscid55_width16_1) 1.66e-02 3.02e-02  191.450    0.238   0.0
          output_fifo_13_rsci (Fifo_ODTYPE_3_0) 7.79e-02    0.241 4.36e+03    4.681   0.1
            Fifo_ODTYPE_3_run_inst (Fifo_ODTYPE_3_run_0) 6.42e-02    0.239 4.35e+03    4.654   0.1
              ccs_ccore_start_rsci (ccs_in_v1_rscid130_width1_0) 5.30e-04 1.91e-04   12.749 1.35e-02   0.0
              output_rsci (mgc_out_dreg_v2_rscid59_width16_0)    0.000    0.000  204.215    0.204   0.0
              input_rsci (ccs_in_v1_rscid58_width16_0) 1.66e-02 3.08e-02  179.426    0.227   0.0
          accum_fifo_2_rsci (Fifo_ODTYPE_3_1) 8.11e-02    0.213 4.34e+03    4.638   0.1
            Fifo_ODTYPE_3_run_inst (Fifo_ODTYPE_3_run_1) 6.17e-02    0.211 4.33e+03    4.605   0.1
              ccs_ccore_start_rsci (ccs_in_v1_rscid130_width1_1)    0.000    0.000   12.763 1.28e-02   0.0
              output_rsci (mgc_out_dreg_v2_rscid59_width16_1)    0.000    0.000  204.215    0.204   0.0
              input_rsci (ccs_in_v1_rscid58_width16_1) 1.82e-02 3.03e-02  191.474    0.240   0.0
          output_fifo_12_rsci (Fifo_ODTYPE_4_0)    0.100    0.250 5.62e+03    5.972   0.2
            Fifo_ODTYPE_4_run_inst (Fifo_ODTYPE_4_run_0)    0.100    0.250 5.62e+03    5.972   0.2
              ccs_ccore_start_rsci (ccs_in_v1_rscid129_width1_0) 4.54e-04 1.91e-04   12.749 1.34e-02   0.0
              output_rsci (mgc_out_dreg_v2_rscid62_width16_0)    0.000    0.000  204.215    0.204   0.0
              input_rsci (ccs_in_v1_rscid61_width16_0) 1.90e-02 3.12e-02  179.426    0.230   0.0
          accum_fifo_3_rsci (Fifo_ODTYPE_4_1) 9.60e-02    0.215 5.58e+03    5.890   0.2
            Fifo_ODTYPE_4_run_inst (Fifo_ODTYPE_4_run_1) 8.21e-02    0.213 5.57e+03    5.862   0.2
              ccs_ccore_start_rsci (ccs_in_v1_rscid129_width1_1)    0.000    0.000   12.763 1.28e-02   0.0
              output_rsci (mgc_out_dreg_v2_rscid62_width16_1)    0.000    0.000  204.215    0.204   0.0
              input_rsci (ccs_in_v1_rscid61_width16_1) 1.68e-02 2.99e-02  191.591    0.238   0.0
          output_fifo_11_rsci (Fifo_ODTYPE_5_0)    0.121    0.259 6.88e+03    7.262   0.2
            Fifo_ODTYPE_5_run_inst (Fifo_ODTYPE_5_run_0)    0.121    0.259 6.88e+03    7.262   0.2
              ccs_ccore_start_rsci (ccs_in_v1_rscid128_width1_0) 2.80e-04 1.88e-04   12.749 1.32e-02   0.0
              output_rsci (mgc_out_dreg_v2_rscid65_width16_0)    0.000    0.000  204.215    0.204   0.0
              input_rsci (ccs_in_v1_rscid64_width16_0) 1.75e-02 3.07e-02  179.426    0.228   0.0
          accum_fifo_4_rsci (Fifo_ODTYPE_5_1)    0.114    0.218 6.83e+03    7.158   0.2
            Fifo_ODTYPE_5_run_inst (Fifo_ODTYPE_5_run_1)    0.114    0.218 6.83e+03    7.158   0.2
              ccs_ccore_start_rsci (ccs_in_v1_rscid128_width1_1)    0.000    0.000   12.763 1.28e-02   0.0
              output_rsci (mgc_out_dreg_v2_rscid65_width16_1)    0.000    0.000  204.215    0.204   0.0
              input_rsci (ccs_in_v1_rscid64_width16_1) 1.59e-02 2.99e-02  191.475    0.237   0.0
          output_fifo_10_rsci (Fifo_ODTYPE_6_0)    0.127    0.263 8.09e+03    8.484   0.2
            Fifo_ODTYPE_6_run_inst (Fifo_ODTYPE_6_run_0)    0.127    0.263 8.09e+03    8.484   0.2
              ccs_ccore_start_rsci (ccs_in_v1_rscid127_width1_0) 2.41e-04 2.10e-04   12.749 1.32e-02   0.0
              output_rsci (mgc_out_dreg_v2_rscid68_width16_0)    0.000    0.000  204.215    0.204   0.0
              input_rsci (ccs_in_v1_rscid67_width16_0) 1.54e-02 3.05e-02  179.426    0.225   0.0
          accum_fifo_5_rsci (Fifo_ODTYPE_6_1)    0.132    0.225 8.10e+03    8.454   0.2
            Fifo_ODTYPE_6_run_inst (Fifo_ODTYPE_6_run_1)    0.132    0.225 8.10e+03    8.454   0.2
              ccs_ccore_start_rsci (ccs_in_v1_rscid127_width1_1)    0.000    0.000   12.763 1.28e-02   0.0
              output_rsci (mgc_out_dreg_v2_rscid68_width16_1)    0.000    0.000  204.215    0.204   0.0
              input_rsci (ccs_in_v1_rscid67_width16_1) 1.68e-02 3.01e-02  191.524    0.238   0.0
          output_fifo_9_rsci (Fifo_ODTYPE_7_0)    0.150    0.275 9.35e+03    9.778   0.3
            Fifo_ODTYPE_7_run_inst (Fifo_ODTYPE_7_run_0)    0.150    0.275 9.35e+03    9.778   0.3
              ccs_ccore_start_rsci (ccs_in_v1_rscid126_width1_0) 2.50e-04 2.10e-04   12.749 1.32e-02   0.0
              output_rsci (mgc_out_dreg_v2_rscid71_width16_0)    0.000    0.000  204.215    0.204   0.0
              input_rsci (ccs_in_v1_rscid70_width16_0) 2.55e-02 3.17e-02  179.426    0.237   0.0
          accum_fifo_6_rsci (Fifo_ODTYPE_7_1)    0.149    0.226 9.34e+03    9.719   0.3
            Fifo_ODTYPE_7_run_inst (Fifo_ODTYPE_7_run_1)    0.149    0.226 9.34e+03    9.719   0.3
              ccs_ccore_start_rsci (ccs_in_v1_rscid126_width1_1)    0.000    0.000   12.763 1.28e-02   0.0
              output_rsci (mgc_out_dreg_v2_rscid71_width16_1)    0.000    0.000  204.215    0.204   0.0
              input_rsci (ccs_in_v1_rscid70_width16_1) 1.62e-02 3.00e-02  191.699    0.238   0.0
          output_fifo_8_rsci (Fifo_ODTYPE_8_0)    0.194    0.186 1.06e+04   10.948   0.3
            Fifo_ODTYPE_8_run_inst (Fifo_ODTYPE_8_run_0)    0.168    0.184 1.06e+04   10.908   0.3
              ccs_ccore_start_rsci (ccs_in_v1_rscid125_width1_0) 5.68e-04 1.91e-04   12.749 1.35e-02   0.0
              output_rsci (mgc_out_dreg_v2_rscid74_width16_0)    0.000    0.000  204.215    0.204   0.0
              input_rsci (ccs_in_v1_rscid73_width16_0)    0.000    0.000  204.215    0.204   0.0
          accum_fifo_7_rsci (Fifo_ODTYPE_8_1)    0.164    0.231 1.06e+04   10.974   0.3
            Fifo_ODTYPE_8_run_inst (Fifo_ODTYPE_8_run_1)    0.164    0.231 1.06e+04   10.974   0.3
              ccs_ccore_start_rsci (ccs_in_v1_rscid125_width1_1)    0.000    0.000   12.763 1.28e-02   0.0
              output_rsci (mgc_out_dreg_v2_rscid74_width16_1)    0.000    0.000  204.215    0.204   0.0
              input_rsci (ccs_in_v1_rscid73_width16_1) 1.59e-02 3.01e-02  191.530    0.237   0.0
          output_fifo_7_rsci (Fifo_ODTYPE_9_0)    0.202    0.291 1.18e+04   12.341   0.3
            Fifo_ODTYPE_9_run_inst (Fifo_ODTYPE_9_run_0)    0.202    0.291 1.18e+04   12.341   0.3
              ccs_ccore_start_rsci (ccs_in_v1_rscid124_width1_0) 1.69e-04 2.07e-04   12.749 1.31e-02   0.0
              output_rsci (mgc_out_dreg_v2_rscid77_width16_0)    0.000    0.000  204.215    0.204   0.0
              input_rsci (ccs_in_v1_rscid76_width16_0) 1.84e-02 3.13e-02  179.426    0.229   0.0
          accum_fifo_8_rsci (Fifo_ODTYPE_9_1)    0.189    0.234 1.18e+04   12.250   0.3
            Fifo_ODTYPE_9_run_inst (Fifo_ODTYPE_9_run_1)    0.189    0.234 1.18e+04   12.250   0.3
              ccs_ccore_start_rsci (ccs_in_v1_rscid124_width1_1)    0.000    0.000   12.763 1.28e-02   0.0
              output_rsci (mgc_out_dreg_v2_rscid77_width16_1)    0.000    0.000  204.215    0.204   0.0
              input_rsci (ccs_in_v1_rscid76_width16_1) 1.98e-02 3.04e-02  191.492    0.242   0.0
          output_fifo_6_rsci (Fifo_ODTYPE_10_0)    0.229    0.303 1.31e+04   13.638   0.4
            Fifo_ODTYPE_10_run_inst (Fifo_ODTYPE_10_run_0)    0.229    0.303 1.31e+04   13.638   0.4
              ccs_ccore_start_rsci (ccs_in_v1_rscid123_width1_0) 4.09e-04 1.89e-04   12.749 1.33e-02   0.0
              output_rsci (mgc_out_dreg_v2_rscid80_width16_0)    0.000    0.000  204.215    0.204   0.0
              input_rsci (ccs_in_v1_rscid79_width16_0) 2.51e-02 3.25e-02  179.426    0.237   0.0
          accum_fifo_9_rsci (Fifo_ODTYPE_10_1)    0.193    0.234 1.31e+04   13.503   0.4
            Fifo_ODTYPE_10_run_inst (Fifo_ODTYPE_10_run_1)    0.193    0.234 1.31e+04   13.503   0.4
              ccs_ccore_start_rsci (ccs_in_v1_rscid123_width1_1)    0.000    0.000   12.763 1.28e-02   0.0
              output_rsci (mgc_out_dreg_v2_rscid80_width16_1)    0.000    0.000  204.215    0.204   0.0
              input_rsci (ccs_in_v1_rscid79_width16_1) 1.70e-02 3.01e-02  191.481    0.239   0.0
          output_fifo_5_rsci (Fifo_ODTYPE_11_0)    0.263    0.310 1.44e+04   14.927   0.4
            Fifo_ODTYPE_11_run_inst (Fifo_ODTYPE_11_run_0)    0.263    0.310 1.44e+04   14.927   0.4
              ccs_ccore_start_rsci (ccs_in_v1_rscid122_width1_0) 4.32e-04 1.89e-04   12.749 1.34e-02   0.0
              output_rsci (mgc_out_dreg_v2_rscid83_width16_0)    0.000    0.000  204.215    0.204   0.0
              input_rsci (ccs_in_v1_rscid82_width16_0) 3.82e-02 3.26e-02  179.426    0.250   0.0
          accum_fifo_10_rsci (Fifo_ODTYPE_11_1)    0.261    0.239 1.43e+04   14.834   0.4
            Fifo_ODTYPE_11_run_inst (Fifo_ODTYPE_11_run_1)    0.235    0.237 1.43e+04   14.795   0.4
              ccs_ccore_start_rsci (ccs_in_v1_rscid122_width1_1)    0.000    0.000   12.763 1.28e-02   0.0
              output_rsci (mgc_out_dreg_v2_rscid83_width16_1)    0.000    0.000  204.215    0.204   0.0
              input_rsci (ccs_in_v1_rscid82_width16_1) 1.47e-02 2.97e-02  191.515    0.236   0.0
          output_fifo_4_rsci (Fifo_ODTYPE_12_0)    0.274    0.320 1.56e+04   16.220   0.4
            Fifo_ODTYPE_12_run_inst (Fifo_ODTYPE_12_run_0)    0.274    0.320 1.56e+04   16.220   0.4
              ccs_ccore_start_rsci (ccs_in_v1_rscid121_width1_0) 4.57e-04 1.89e-04   12.749 1.34e-02   0.0
              output_rsci (mgc_out_dreg_v2_rscid86_width16_0)    0.000    0.000  204.215    0.204   0.0
              input_rsci (ccs_in_v1_rscid85_width16_0) 2.90e-02 3.20e-02  179.426    0.240   0.0
          accum_fifo_11_rsci (Fifo_ODTYPE_12_1)    0.252    0.243 1.56e+04   16.075   0.4
            Fifo_ODTYPE_12_run_inst (Fifo_ODTYPE_12_run_1)    0.252    0.243 1.56e+04   16.075   0.4
              ccs_ccore_start_rsci (ccs_in_v1_rscid121_width1_1)    0.000    0.000   12.763 1.28e-02   0.0
              output_rsci (mgc_out_dreg_v2_rscid86_width16_1)    0.000    0.000  204.215    0.204   0.0
              input_rsci (ccs_in_v1_rscid85_width16_1) 1.51e-02 2.98e-02  191.494    0.236   0.0
          output_fifo_3_rsci (Fifo_ODTYPE_13_0)    0.298    0.329 1.69e+04   17.488   0.5
            Fifo_ODTYPE_13_run_inst (Fifo_ODTYPE_13_run_0)    0.298    0.329 1.69e+04   17.488   0.5
              ccs_ccore_start_rsci (ccs_in_v1_rscid120_width1_0) 4.96e-04 1.89e-04   12.749 1.34e-02   0.0
              output_rsci (mgc_out_dreg_v2_rscid89_width16_0)    0.000    0.000  204.215    0.204   0.0
              input_rsci (ccs_in_v1_rscid88_width16_0) 3.01e-02 3.28e-02  179.426    0.242   0.0
          accum_fifo_12_rsci (Fifo_ODTYPE_13_1)    0.269    0.246 1.68e+04   17.355   0.5
            Fifo_ODTYPE_13_run_inst (Fifo_ODTYPE_13_run_1)    0.249    0.243 1.68e+04   17.322   0.5
              ccs_ccore_start_rsci (ccs_in_v1_rscid120_width1_1)    0.000    0.000   12.763 1.28e-02   0.0
              output_rsci (mgc_out_dreg_v2_rscid89_width16_1)    0.000    0.000  204.215    0.204   0.0
              input_rsci (ccs_in_v1_rscid88_width16_1) 1.69e-02 3.02e-02  191.540    0.239   0.0
          output_fifo_2_rsci (Fifo_ODTYPE_14_0)    0.296    0.335 1.81e+04   18.752   0.5
            Fifo_ODTYPE_14_run_inst (Fifo_ODTYPE_14_run_0)    0.296    0.335 1.81e+04   18.752   0.5
              ccs_ccore_start_rsci (ccs_in_v1_rscid119_width1_0) 5.32e-04 1.89e-04   12.749 1.35e-02   0.0
              output_rsci (mgc_out_dreg_v2_rscid92_width16_0)    0.000    0.000  204.215    0.204   0.0
              input_rsci (ccs_in_v1_rscid91_width16_0) 1.77e-02 3.08e-02  179.426    0.228   0.0
          accum_fifo_13_rsci (Fifo_ODTYPE_14_1)    0.280    0.250 1.81e+04   18.594   0.5
            Fifo_ODTYPE_14_run_inst (Fifo_ODTYPE_14_run_1)    0.280    0.250 1.81e+04   18.594   0.5
              ccs_ccore_start_rsci (ccs_in_v1_rscid119_width1_1)    0.000    0.000   12.763 1.28e-02   0.0
              output_rsci (mgc_out_dreg_v2_rscid92_width16_1)    0.000    0.000  204.215    0.204   0.0
              input_rsci (ccs_in_v1_rscid91_width16_1) 1.63e-02 3.02e-02  191.479    0.238   0.0
          output_fifo_1_rsci (Fifo_ODTYPE_15_0)    0.352    0.343 1.94e+04   20.051   0.5
            Fifo_ODTYPE_15_run_inst (Fifo_ODTYPE_15_run_0)    0.335    0.341 1.93e+04   20.021   0.5
              ccs_ccore_start_rsci (ccs_in_v1_rscid118_width1_0) 5.69e-04 1.89e-04   12.749 1.35e-02   0.0
              output_rsci (mgc_out_dreg_v2_rscid95_width16_0)    0.000    0.000  204.215    0.204   0.0
              input_rsci (ccs_in_v1_rscid94_width16_0) 4.44e-02 3.29e-02  179.426    0.257   0.0
          accum_fifo_14_rsci (Fifo_ODTYPE_15_1)    0.379    0.259 1.93e+04   19.972   0.5
            Fifo_ODTYPE_15_run_inst (Fifo_ODTYPE_15_run_1)    0.344    0.257 1.93e+04   19.924   0.5
              ccs_ccore_start_rsci (ccs_in_v1_rscid118_width1_1)    0.000    0.000   12.763 1.28e-02   0.0
              output_rsci (mgc_out_dreg_v2_rscid95_width16_1)    0.000    0.000  204.215    0.204   0.0
              input_rsci (ccs_in_v1_rscid94_width16_1) 6.47e-02 3.15e-02  191.577    0.288   0.0
          output_fifo_0_rsci (Fifo_ODTYPE_16_0)    0.336    0.346 2.06e+04   21.251   0.6
            Fifo_ODTYPE_16_run_inst (Fifo_ODTYPE_16_run_0)    0.336    0.346 2.06e+04   21.251   0.6
              ccs_ccore_start_rsci (ccs_in_v1_rscid117_width1_0) 4.03e-04 1.88e-04   12.749 1.33e-02   0.0
              output_rsci (mgc_out_dreg_v2_rscid98_width16_0)    0.000    0.000  204.215    0.204   0.0
              input_rsci (ccs_in_v1_rscid97_width16_0) 2.48e-02 3.18e-02  179.426    0.236   0.0
          accum_fifo_15_rsci (Fifo_ODTYPE_16_1)    0.350    0.259 2.06e+04   21.179   0.6
            Fifo_ODTYPE_16_run_inst (Fifo_ODTYPE_16_run_1)    0.316    0.257 2.06e+04   21.132   0.6
              ccs_ccore_start_rsci (ccs_in_v1_rscid117_width1_1)    0.000    0.000   12.763 1.28e-02   0.0
              output_rsci (mgc_out_dreg_v2_rscid98_width16_1)    0.000    0.000  204.215    0.204   0.0
              input_rsci (ccs_in_v1_rscid97_width16_1) 2.41e-02 3.07e-02  191.511    0.246   0.0
        accumulation_buffer_rsc_0_15_i (SystolicArrayCore_IDTYPE_WDTYPE_ODTYPE_16_16_sram_512_128_sram_512_128_rwport_164_16_12_256_16_gen) 2.80e-02 3.44e-02  209.729    0.272   0.0
        accumulation_buffer_rsc_0_14_i (SystolicArrayCore_IDTYPE_WDTYPE_ODTYPE_16_16_sram_512_128_sram_512_128_rwport_163_16_12_256_16_gen) 2.55e-02 3.42e-02  209.729    0.269   0.0
        accumulation_buffer_rsc_0_13_i (SystolicArrayCore_IDTYPE_WDTYPE_ODTYPE_16_16_sram_512_128_sram_512_128_rwport_162_16_12_256_16_gen) 3.35e-02 3.45e-02  209.729    0.278   0.0
        accumulation_buffer_rsc_0_12_i (SystolicArrayCore_IDTYPE_WDTYPE_ODTYPE_16_16_sram_512_128_sram_512_128_rwport_161_16_12_256_16_gen) 3.31e-02 3.46e-02  209.729    0.277   0.0
        accumulation_buffer_rsc_0_11_i (SystolicArrayCore_IDTYPE_WDTYPE_ODTYPE_16_16_sram_512_128_sram_512_128_rwport_160_16_12_256_16_gen) 2.65e-02 3.43e-02  209.729    0.271   0.0
        accumulation_buffer_rsc_0_10_i (SystolicArrayCore_IDTYPE_WDTYPE_ODTYPE_16_16_sram_512_128_sram_512_128_rwport_159_16_12_256_16_gen) 2.88e-02 3.44e-02  209.729    0.273   0.0
        accumulation_buffer_rsc_0_9_i (SystolicArrayCore_IDTYPE_WDTYPE_ODTYPE_16_16_sram_512_128_sram_512_128_rwport_158_16_12_256_16_gen) 2.81e-02 3.44e-02  209.729    0.272   0.0
        accumulation_buffer_rsc_0_8_i (SystolicArrayCore_IDTYPE_WDTYPE_ODTYPE_16_16_sram_512_128_sram_512_128_rwport_157_16_12_256_16_gen) 3.04e-02 3.45e-02  209.729    0.275   0.0
        accumulation_buffer_rsc_0_7_i (SystolicArrayCore_IDTYPE_WDTYPE_ODTYPE_16_16_sram_512_128_sram_512_128_rwport_156_16_12_256_16_gen) 3.09e-02 3.45e-02  209.729    0.275   0.0
        accumulation_buffer_rsc_0_6_i (SystolicArrayCore_IDTYPE_WDTYPE_ODTYPE_16_16_sram_512_128_sram_512_128_rwport_155_16_12_256_16_gen) 3.04e-02 3.45e-02  209.729    0.275   0.0
        accumulation_buffer_rsc_0_5_i (SystolicArrayCore_IDTYPE_WDTYPE_ODTYPE_16_16_sram_512_128_sram_512_128_rwport_154_16_12_256_16_gen) 2.80e-02 3.44e-02  209.729    0.272   0.0
        accumulation_buffer_rsc_0_4_i (SystolicArrayCore_IDTYPE_WDTYPE_ODTYPE_16_16_sram_512_128_sram_512_128_rwport_153_16_12_256_16_gen) 2.95e-02 3.44e-02  209.729    0.274   0.0
        accumulation_buffer_rsc_0_3_i (SystolicArrayCore_IDTYPE_WDTYPE_ODTYPE_16_16_sram_512_128_sram_512_128_rwport_152_16_12_256_16_gen) 2.84e-02 3.44e-02  209.729    0.273   0.0
        accumulation_buffer_rsc_0_2_i (SystolicArrayCore_IDTYPE_WDTYPE_ODTYPE_16_16_sram_512_128_sram_512_128_rwport_151_16_12_256_16_gen) 3.02e-02 3.45e-02  209.729    0.274   0.0
        accumulation_buffer_rsc_0_1_i (SystolicArrayCore_IDTYPE_WDTYPE_ODTYPE_16_16_sram_512_128_sram_512_128_rwport_150_16_12_256_16_gen) 3.12e-02 3.45e-02  209.729    0.275   0.0
        accumulation_buffer_rsc_0_0_i (SystolicArrayCore_IDTYPE_WDTYPE_ODTYPE_16_16_sram_512_128_sram_512_128_rwport_149_16_12_256_16_gen) 2.89e-02 3.44e-02  209.729    0.273   0.0
    loopIndicesChannel_cns_pipe (ccs_pipe_v5_rscid164_width48_sz_width1_fifo_sz3_log2_sz2_ph_clk1_ph_en0_ph_arst0_ph_srst0)    0.235    0.538 2.24e+04   23.219   0.6
      FIFO (ccs_fifo_wait_core_v5_rscid164_width48_sz_width1_fifo_sz3_ph_clk1_ph_en0_ph_arst0_ph_srst0_ph_log22)    0.202    0.536 2.24e+04   23.172   0.6
        FIFO_REG_GEN_REGS_0__BUFREG (ccs_genreg_v1_48_1_0_0_0_1_0) 6.77e-02 8.57e-02 5.74e+03    5.895   0.2
        FIFO_REG_GEN_REGS_0__STATREG (ccs_genreg_v1_1_1_0_0_0_1_4) 2.81e-04 7.24e-02  130.346    0.203   0.0
        FIFO_REG_GEN_REGS_1__BUFREG (ccs_genreg_v1_48_1_0_0_0_1_1) 6.79e-02 8.72e-02 5.75e+03    5.909   0.2
        FIFO_REG_GEN_REGS_1__STATREG (ccs_genreg_v1_1_1_0_0_0_1_5) 5.21e-04 7.23e-02  130.473    0.203   0.0
        FIFO_REG_GEN_REGS_2__BUFREG (ccs_genreg_v1_48_1_0_0_0_1_2) 4.33e-02 8.46e-02 5.73e+03    5.859   0.2
        FIFO_REG_GEN_REGS_2__STATREG (ccs_genreg_v1_1_1_0_0_0_1_6) 4.96e-04 7.20e-02  130.614    0.203   0.0
        FIFO_REG_HS_INIT_REG (ccs_genreg_v1_1_1_1_0_0_0_3) 2.12e-03 5.20e-02  105.365    0.159   0.0
    paramsChannel_cns_pipe (ccs_pipe_v5_rscid163_width144_sz_width1_fifo_sz3_log2_sz2_ph_clk1_ph_en0_ph_arst0_ph_srst0)    0.355    0.780 3.67e+04   37.859   1.0
      FIFO (ccs_fifo_wait_core_v5_rscid163_width144_sz_width1_fifo_sz3_ph_clk1_ph_en0_ph_arst0_ph_srst0_ph_log22)    0.336    0.778 3.67e+04   37.827   1.0
        FIFO_REG_GEN_REGS_0__BUFREG (ccs_genreg_v1_144_1_0_0_0_1_4)    0.101    0.152 9.54e+03    9.790   0.3
        FIFO_REG_GEN_REGS_0__STATREG (ccs_genreg_v1_1_1_0_0_0_1_7) 2.80e-04 7.24e-02  130.346    0.203   0.0
        FIFO_REG_GEN_REGS_1__BUFREG (ccs_genreg_v1_144_1_0_0_0_1_5)    0.101    0.155 9.54e+03    9.793   0.3
        FIFO_REG_GEN_REGS_1__STATREG (ccs_genreg_v1_1_1_0_0_0_1_8) 5.15e-04 7.23e-02  130.473    0.203   0.0
        FIFO_REG_GEN_REGS_2__BUFREG (ccs_genreg_v1_144_1_0_0_0_1_6) 9.23e-02    0.159 9.53e+03    9.776   0.3
        FIFO_REG_GEN_REGS_2__STATREG (ccs_genreg_v1_1_1_0_0_0_1_9) 7.14e-04 7.20e-02  130.614    0.203   0.0
        FIFO_REG_HS_INIT_REG (ccs_genreg_v1_1_1_1_0_0_0_4) 2.13e-03 5.18e-02  105.365    0.159   0.0
  weightDoubleBuffer (WeightDoubleBuffer_384_16_16)   27.930   61.151 5.32e+05  621.063  17.0
    WeightDoubleBuffer_384_16_16_struct_inst (WeightDoubleBuffer_384_16_16_struct)   27.930   61.151 5.32e+05  621.063  17.0
      WeightDoublefeSAqem_cns_bctl_inst (WeightDoublefeSAqem_cns_bctl)    0.413    1.552 1.51e+04   17.102   0.5
      unreg_1 (unreg_hier_0)           1.13e-04 8.54e-05   12.748 1.29e-02   0.0
      unreg (unreg_hier_1)             1.76e-06 4.56e-06    9.666 9.67e-03   0.0
      WeightDoubleBuffer_384_16_16_run_inst (WeightDoubleBuffer_384_16_16_run)    1.588    7.715 2.30e+04   32.274   0.9
        WeightDoubleBuffer_384_16_16_run_run_inst (WeightDoubleBuffer_384_16_16_run_run)    1.570    7.712 2.30e+04   32.243   0.9
          WeightDoubleBuffer_384_16_16_run_run_run_fsm_inst (WeightDoubleBuffer_384_16_16_run_run_run_fsm) 8.60e-03    0.138  302.228    0.448   0.0
          WeightDoubleBuffer_384_16_16_run_run_staller_inst (WeightDoubleBuffer_384_16_16_run_run_staller) 1.10e-02 3.80e-03   29.727 4.45e-02   0.0
          WeightDoubleBuffer_384_16_16_run_run_weightDoubleBufferReaderParams_cnsi_inst (WeightDoubleBuffer_384_16_16_run_run_weightDoubleBufferReaderParams_cnsi) 2.41e-02 9.29e-02 1.44e+03    1.555   0.0
            WeightDoubleBuffer_384_16_16_run_run_weightDoubleBufferReaderParams_cnsi_weightDoubleBufferReaderParams_wait_dp_inst (WeightDoubleBuffer_384_16_16_run_run_weightDoubleBufferReaderParams_cnsi_weightDoubleBufferReaderParams_wait_dp) 4.66e-04 7.20e-02  123.035    0.196   0.0
            WeightDoubleBuffer_384_16_16_run_run_weightDoubleBufferReaderParams_cnsi_weightDoubleBufferReaderParams_wait_ctrl_inst (WeightDoubleBuffer_384_16_16_run_run_weightDoubleBufferReaderParams_cnsi_weightDoubleBufferReaderParams_wait_ctrl) 9.51e-04 1.53e-03   77.802 8.03e-02   0.0
            weightDoubleBufferReaderParams_cnsi (ccs_out_wait_v1_rscid19_width144_0) 2.27e-02 1.93e-02 1.24e+03    1.279   0.0
          WeightDoubleBuffer_384_16_16_run_run_weightDoubleBufferWriterParams_cnsi_inst (WeightDoubleBuffer_384_16_16_run_run_weightDoubleBufferWriterParams_cnsi) 1.83e-02 8.90e-02 1.16e+03    1.267   0.0
            WeightDoubleBuffer_384_16_16_run_run_weightDoubleBufferWriterParams_cnsi_weightDoubleBufferWriterParams_wait_dp_inst (WeightDoubleBuffer_384_16_16_run_run_weightDoubleBufferWriterParams_cnsi_weightDoubleBufferWriterParams_wait_dp) 4.38e-04 7.20e-02  123.035    0.196   0.0
            WeightDoubleBuffer_384_16_16_run_run_weightDoubleBufferWriterParams_cnsi_weightDoubleBufferWriterParams_wait_ctrl_inst (WeightDoubleBuffer_384_16_16_run_run_weightDoubleBufferWriterParams_cnsi_weightDoubleBufferWriterParams_wait_ctrl) 9.72e-04 1.53e-03   77.802 8.03e-02   0.0
            weightDoubleBufferWriterParams_cnsi (ccs_out_wait_v1_rscid18_width144_0) 1.69e-02 1.54e-02  958.937    0.991   0.0
          WeightDoubleBuffer_384_16_16_run_run_paramsIn_rsci_inst (WeightDoubleBuffer_384_16_16_run_run_paramsIn_rsci)    1.344    6.987 1.21e+04   20.404   0.6
            WeightDoubleBuffer_384_16_16_run_run_paramsIn_rsci_paramsIn_wait_dp_inst (WeightDoubleBuffer_384_16_16_run_run_paramsIn_rsci_paramsIn_wait_dp)    1.298    6.960 1.07e+04   19.006   0.5
            WeightDoubleBuffer_384_16_16_run_run_paramsIn_rsci_paramsIn_wait_ctrl_inst (WeightDoubleBuffer_384_16_16_run_run_paramsIn_rsci_paramsIn_wait_ctrl) 4.07e-03 4.10e-03   78.244 8.64e-02   0.0
            paramsIn_rsci (ccs_in_wait_v1_rscid17_width144_0) 1.71e-02 2.11e-02 1.24e+03    1.274   0.0
      weightDoubleBufferReader (WeightDoubleBufferReader_384_16_16)    7.014   28.640 2.02e+05  237.980   6.5
        WeightDoubleBufferReader_384_16_16_run_inst (WeightDoubleBufferReader_384_16_16_run)    6.768   28.373 2.01e+05  235.782   6.5
          add_x_2 (WeightDoubleBufferReader_384_16_16_run_DW01_inc_J5_4) 3.53e-03 5.82e-03 1.41e+03    1.424   0.0
          mult_x_4 (WeightDoubleBufferReader_384_16_16_run_DW_mult_uns_J5_3)    0.318    0.395 4.11e+04   41.793   1.1
          add_x_6 (WeightDoubleBufferReader_384_16_16_run_DW01_inc_J5_2) 3.48e-03 5.53e-03 1.32e+03    1.324   0.0
          mult_x_7 (WeightDoubleBufferReader_384_16_16_run_DW_mult_uns_J5_2)    0.205    0.228 3.17e+04   32.119   0.9
          mult_x_14 (WeightDoubleBufferReader_384_16_16_run_DW_mult_uns_J5_1) 3.18e-03 4.98e-03  805.008    0.813   0.0
          mult_x_15 (WeightDoubleBufferReader_384_16_16_run_DW_mult_uns_J5_0)    0.152    0.134 2.37e+04   23.942   0.7
          add_x_16 (WeightDoubleBufferReader_384_16_16_run_DW01_inc_J5_1) 2.42e-03 8.82e-03 1.43e+03    1.442   0.0
          add_x_19 (WeightDoubleBufferReader_384_16_16_run_DW01_dec_J5_0) 2.59e-02 2.38e-02 4.01e+03    4.060   0.1
          add_x_20 (WeightDoubleBufferReader_384_16_16_run_DW01_add_J5_0) 1.41e-04 7.79e-04  268.813    0.270   0.0
          DP_OP_49J5_122_507 (WeightDoubleBufferReader_384_16_16_run_DP_OP_49J5_122_507_J5_0) 1.77e-03 2.52e-03 1.06e+03    1.069   0.0
          DP_OP_50J5_123_2648 (WeightDoubleBufferReader_384_16_16_run_DP_OP_50J5_123_2648_J5_0)    0.149    0.130 2.17e+04   21.974   0.6
          DP_OP_51J5_124_8762 (WeightDoubleBufferReader_384_16_16_run_DP_OP_51J5_124_8762_J5_0) 8.15e-03 1.33e-02 1.85e+03    1.870   0.1
          DP_OP_52J5_125_365 (WeightDoubleBufferReader_384_16_16_run_DP_OP_52J5_125_365_J5_0) 7.83e-04 9.78e-04  428.805    0.431   0.0
          WeightDoubleBufferReader_384_16_16_run_run_fsm_inst (WeightDoubleBufferReader_384_16_16_run_run_fsm) 6.33e-02    0.300 1.05e+03    1.415   0.0
          WeightDoubleBufferReader_384_16_16_run_staller_inst (WeightDoubleBufferReader_384_16_16_run_staller) 1.79e-02 5.64e-02  134.171    0.208   0.0
          WeightDoubleBufferReader_384_16_16_run_din_rsc_req_obj_inst (WeightDoubleBufferReader_384_16_16_run_din_rsc_req_obj) 5.55e-04 7.23e-02  182.958    0.256   0.0
            WeightDoubleBufferReader_384_16_16_run_din_rsc_req_obj_din_rsc_req_wait_dp_inst (WeightDoubleBufferReader_384_16_16_run_din_rsc_req_obj_din_rsc_req_wait_dp) 2.28e-04 7.19e-02  124.294    0.196   0.0
            WeightDoubleBufferReader_384_16_16_run_din_rsc_req_obj_din_rsc_req_wait_ctrl_inst (WeightDoubleBufferReader_384_16_16_run_din_rsc_req_obj_din_rsc_req_wait_ctrl) 1.33e-04 2.37e-04   45.916 4.63e-02   0.0
            din_rsc_req_obj (mgc_in_sync_v2_valid1_0) 1.94e-04 8.70e-05   12.748 1.30e-02   0.0
          WeightDoubleBufferReader_384_16_16_run_din_rsc_rls_obj_inst (WeightDoubleBufferReader_384_16_16_run_din_rsc_rls_obj) 2.89e-04 1.23e-04   44.677 4.51e-02   0.0
            WeightDoubleBufferReader_384_16_16_run_din_rsc_rls_obj_din_rsc_rls_wait_ctrl_inst (WeightDoubleBufferReader_384_16_16_run_din_rsc_rls_obj_din_rsc_rls_wait_ctrl) 1.00e-04 6.97e-05   31.918 3.21e-02   0.0
            din_rsc_rls_obj (mgc_io_sync_v2_valid0_0) 1.88e-04 5.32e-05   12.760 1.30e-02   0.0
          WeightDoubleBufferReader_384_16_16_run_dout_rsci_inst (WeightDoubleBufferReader_384_16_16_run_dout_rsci) 4.11e-03 7.37e-02 1.86e+03    1.936   0.1
            WeightDoubleBufferReader_384_16_16_run_dout_rsci_dout_wait_dp_inst (WeightDoubleBufferReader_384_16_16_run_dout_rsci_dout_wait_dp)    0.000 7.17e-02  122.338    0.194   0.0
            WeightDoubleBufferReader_384_16_16_run_dout_rsci_dout_wait_ctrl_inst (WeightDoubleBufferReader_384_16_16_run_dout_rsci_dout_wait_ctrl) 5.06e-06 4.92e-06   77.914 7.79e-02   0.0
            dout_rsci (ccs_out_wait_v1_rscid9_width128_0) 4.11e-03 2.01e-03 1.66e+03    1.664   0.0
          WeightDoubleBufferReader_384_16_16_run_din_rsci_1_inst (WeightDoubleBufferReader_384_16_16_run_din_rsci_1)    2.080   10.097 1.57e+04   27.851   0.8
            WeightDoubleBufferReader_384_16_16_run_din_rsci_1_din_rsc_wait_ctrl_inst (WeightDoubleBufferReader_384_16_16_run_din_rsci_1_din_rsc_wait_ctrl) 5.46e-06 4.79e-06   72.882 7.29e-02   0.0
            WeightDoubleBufferReader_384_16_16_run_din_rsci_1_din_rsc_wait_dp_inst (WeightDoubleBufferReader_384_16_16_run_din_rsci_1_din_rsc_wait_dp)    2.080   10.097 1.56e+04   27.778   0.8
          WeightDoubleBufferReader_384_16_16_run_paramsIn_rsci_inst (WeightDoubleBufferReader_384_16_16_run_paramsIn_rsci)    1.377    6.978 1.23e+04   20.705   0.6
            WeightDoubleBufferReader_384_16_16_run_paramsIn_rsci_paramsIn_wait_dp_inst (WeightDoubleBufferReader_384_16_16_run_paramsIn_rsci_paramsIn_wait_dp)    1.331    6.952 1.07e+04   19.015   0.5
            WeightDoubleBufferReader_384_16_16_run_paramsIn_rsci_paramsIn_wait_ctrl_inst (WeightDoubleBufferReader_384_16_16_run_paramsIn_rsci_paramsIn_wait_ctrl) 4.23e-03 3.34e-03   77.812 8.54e-02   0.0
            paramsIn_rsci (ccs_in_wait_v1_rscid7_width144_0) 1.19e-02 1.83e-02 1.24e+03    1.267   0.0
        din_rsci (WeightDoubleBufferReader_384_16_16_sram_512_128_sram_512_128_rwport_8_128_12_384_128_gen)    0.195    0.259 1.58e+03    2.039   0.1
      weightDoubleBufferWriter (WeightDoubleBufferWriter_384_16_16)    4.948   20.180 1.57e+05  182.624   5.0
        WeightDoubleBufferWriter_384_16_16_run_inst (WeightDoubleBufferWriter_384_16_16_run)    4.895   20.154 1.56e+05  180.720   5.0
          add_x_1 (WeightDoubleBufferWriter_384_16_16_run_DW01_add_J7_0)    0.000    0.000  266.953    0.267   0.0
          add_x_3 (WeightDoubleBufferWriter_384_16_16_run_DW01_inc_J7_3) 5.13e-03 5.90e-03 1.31e+03    1.324   0.0
          mult_x_5 (WeightDoubleBufferWriter_384_16_16_run_DW_mult_uns_J7_3)    0.300    0.362 4.12e+04   41.911   1.1
          add_x_6 (WeightDoubleBufferWriter_384_16_16_run_DW01_inc_J7_2) 1.61e-03 5.91e-03  353.121    0.361   0.0
          add_x_8 (WeightDoubleBufferWriter_384_16_16_run_DW01_inc_J7_1) 5.13e-03 5.58e-03 1.31e+03    1.325   0.0
          mult_x_13 (WeightDoubleBufferWriter_384_16_16_run_DW_mult_uns_J7_2)    0.151    0.134 2.37e+04   23.951   0.7
          mult_x_14 (WeightDoubleBufferWriter_384_16_16_run_DW_mult_uns_J7_1)    0.193    0.206 3.17e+04   32.096   0.9
          mult_x_35 (WeightDoubleBufferWriter_384_16_16_run_DW_mult_uns_J7_0) 3.88e-03 5.00e-03  805.008    0.814   0.0
          add_x_36 (WeightDoubleBufferWriter_384_16_16_run_DW01_dec_J7_0) 2.61e-02 2.36e-02 4.01e+03    4.059   0.1
          DP_OP_79J7_122_1074 (WeightDoubleBufferWriter_384_16_16_run_DP_OP_79J7_122_1074_J7_0) 8.59e-04 1.05e-03  428.666    0.431   0.0
          DP_OP_80J7_123_4812 (WeightDoubleBufferWriter_384_16_16_run_DP_OP_80J7_123_4812_J7_0)    0.000    0.000  350.402    0.350   0.0
          WeightDoubleBufferWriter_384_16_16_run_run_fsm_inst (WeightDoubleBufferWriter_384_16_16_run_run_fsm) 8.80e-02    0.329 1.34e+03    1.760   0.0
          WeightDoubleBufferWriter_384_16_16_run_staller_inst (WeightDoubleBufferWriter_384_16_16_run_staller) 1.21e-02 5.82e-02  133.671    0.204   0.0
          WeightDoubleBufferWriter_384_16_16_run_dout_rsc_req_obj_inst (WeightDoubleBufferWriter_384_16_16_run_dout_rsc_req_obj) 9.30e-04 7.28e-02  199.994    0.274   0.0
            WeightDoubleBufferWriter_384_16_16_run_dout_rsc_req_obj_dout_rsc_req_wait_dp_inst (WeightDoubleBufferWriter_384_16_16_run_dout_rsc_req_obj_dout_rsc_req_wait_dp) 3.81e-04 7.20e-02  122.683    0.195   0.0
            WeightDoubleBufferWriter_384_16_16_run_dout_rsc_req_obj_dout_rsc_req_wait_ctrl_inst (WeightDoubleBufferWriter_384_16_16_run_dout_rsc_req_obj_dout_rsc_req_wait_ctrl) 5.46e-04 8.78e-04   67.645 6.91e-02   0.0
            dout_rsc_req_obj (mgc_in_sync_v2_valid1_1) 3.19e-06 4.74e-06    9.666 9.67e-03   0.0
          WeightDoubleBufferWriter_384_16_16_run_dout_rsc_rls_obj_inst (WeightDoubleBufferWriter_384_16_16_run_dout_rsc_rls_obj) 1.46e-04 2.09e-04   44.250 4.46e-02   0.0
            WeightDoubleBufferWriter_384_16_16_run_dout_rsc_rls_obj_dout_rsc_rls_wait_ctrl_inst (WeightDoubleBufferWriter_384_16_16_run_dout_rsc_rls_obj_dout_rsc_rls_wait_ctrl) 7.70e-05 1.18e-04   31.493 3.17e-02   0.0
            dout_rsc_rls_obj (mgc_io_sync_v2_valid0_1) 6.87e-05 9.07e-05   12.756 1.29e-02   0.0
          WeightDoubleBufferWriter_384_16_16_run_dout_rsci_1_inst (WeightDoubleBufferWriter_384_16_16_run_dout_rsci_1) 2.18e-03 3.37e-03  204.526    0.210   0.0
            WeightDoubleBufferWriter_384_16_16_run_dout_rsci_1_dout_rsc_wait_ctrl_inst (WeightDoubleBufferWriter_384_16_16_run_dout_rsci_1_dout_rsc_wait_ctrl) 7.05e-05 7.11e-05   32.049 3.22e-02   0.0
          WeightDoubleBufferWriter_384_16_16_run_din_rsci_inst (WeightDoubleBufferWriter_384_16_16_run_din_rsci)    0.374    1.480 2.35e+03    4.206   0.1
            WeightDoubleBufferWriter_384_16_16_run_din_rsci_din_wait_dp_inst (WeightDoubleBufferWriter_384_16_16_run_din_rsci_din_wait_dp)    0.356    1.447 2.07e+03    3.872   0.1
            WeightDoubleBufferWriter_384_16_16_run_din_rsci_din_wait_ctrl_inst (WeightDoubleBufferWriter_384_16_16_run_din_rsci_din_wait_ctrl) 7.64e-04 7.13e-04   78.811 8.03e-02   0.0
            din_rsci (ccs_in_wait_v1_rscid2_width16_0) 1.76e-02 3.28e-02  203.282    0.254   0.0
          WeightDoubleBufferWriter_384_16_16_run_paramsIn_rsci_inst (WeightDoubleBufferWriter_384_16_16_run_paramsIn_rsci)    1.081    5.429 9.70e+03   16.210   0.4
            WeightDoubleBufferWriter_384_16_16_run_paramsIn_rsci_paramsIn_wait_dp_inst (WeightDoubleBufferWriter_384_16_16_run_paramsIn_rsci_paramsIn_wait_dp)    1.034    5.407 8.35e+03   14.787   0.4
            WeightDoubleBufferWriter_384_16_16_run_paramsIn_rsci_paramsIn_wait_ctrl_inst (WeightDoubleBufferWriter_384_16_16_run_paramsIn_rsci_paramsIn_wait_ctrl) 6.62e-03 3.31e-03   78.151 8.81e-02   0.0
            paramsIn_rsci (ccs_in_wait_v1_rscid1_width144_0) 9.21e-03 1.46e-02  959.132    0.983   0.0
        dout_rsci (WeightDoubleBufferWriter_384_16_16_sram_512_128_sram_512_128_rwport_3_128_12_384_128_gen) 5.29e-02 2.58e-02 1.78e+03    1.860   0.1
      weightDoubleBufferReaderParams_cns_pipe (ccs_pipe_v5_rscid16_width144_sz_width1_fifo_sz1_log2_sz0_ph_clk1_ph_en0_ph_arst0_ph_srst0)    0.147    0.327 1.50e+04   15.446   0.4
        FIFO (ccs_fifo_wait_core_v5_rscid16_width144_sz_width1_fifo_sz1_ph_clk1_ph_en0_ph_arst0_ph_srst0_ph_log20)    0.147    0.327 1.50e+04   15.446   0.4
          FIFO_REG_GEN_REGS_0__BUFREG (ccs_genreg_v1_144_1_0_0_0_1_0)    0.117    0.169 1.14e+04   11.725   0.3
          FIFO_REG_GEN_REGS_0__STATREG (ccs_genreg_v1_1_1_0_0_0_1_0) 2.68e-04 7.35e-02  129.804    0.204   0.0
          FIFO_REG_HS_INIT_REG (ccs_genreg_v1_1_1_1_0_0_0_0) 2.18e-03 5.19e-02  105.365    0.159   0.0
      mem_cns_comp_1 (sram_512_128_WRAPPER_DEPTH4096_WRAPPER_WIDTH128_WRAPPER_ADDR_BITS12_SRAM_DEPTH256_SRAM_WIDTH32_SRAM_ADDR_BITS8_num_inst_depth16_num_inst_width4_0)    6.675    1.278 5.41e+04   62.037   1.7
      mem_cns_comp (sram_512_128_WRAPPER_DEPTH4096_WRAPPER_WIDTH128_WRAPPER_ADDR_BITS12_SRAM_DEPTH256_SRAM_WIDTH32_SRAM_ADDR_BITS8_num_inst_depth16_num_inst_width4_1)    6.960    1.153 5.32e+04   61.340   1.7
      weightDoubleBufferWriterParams_cns_pipe (ccs_pipe_v5_rscid15_width144_sz_width1_fifo_sz1_log2_sz0_ph_clk1_ph_en0_ph_arst0_ph_srst0)    0.122    0.297 1.17e+04   12.086   0.3
        FIFO (ccs_fifo_wait_core_v5_rscid15_width144_sz_width1_fifo_sz1_ph_clk1_ph_en0_ph_arst0_ph_srst0_ph_log20)    0.122    0.297 1.17e+04   12.086   0.3
          FIFO_REG_GEN_REGS_0__BUFREG (ccs_genreg_v1_144_1_0_0_0_1_1)    0.101    0.145 8.84e+03    9.090   0.2
          FIFO_REG_GEN_REGS_0__STATREG (ccs_genreg_v1_1_1_0_0_0_1_1) 2.23e-04 7.35e-02  129.804    0.203   0.0
          FIFO_REG_HS_INIT_REG (ccs_genreg_v1_1_1_1_0_0_0_1) 2.03e-03 5.19e-02  105.365    0.159   0.0
  inputDoubleBuffer (InputDoubleBuffer_512_16_16)   27.413   63.816 4.35e+05  526.588  14.4
    InputDoubleBuffer_512_16_16_struct_inst (InputDoubleBuffer_512_16_16_struct)   27.413   63.816 4.35e+05  526.588  14.4
      InputDoubleBDjtfoem_cns_bctl_inst (InputDoubleBDjtfoem_cns_bctl)    0.270    1.526 1.51e+04   16.900   0.5
      unreg_1 (unreg_hier_2)           4.43e-06 9.25e-06   12.755 1.28e-02   0.0
      unreg (unreg_hier_3)             3.59e-06 9.12e-06    9.668 9.68e-03   0.0
      InputDoubleBuffer_512_16_16_run_inst (InputDoubleBuffer_512_16_16_run)    2.206   10.667 3.19e+04   44.809   1.2
        InputDoubleBuffer_512_16_16_run_run_inst (InputDoubleBuffer_512_16_16_run_run)    2.206   10.667 3.19e+04   44.809   1.2
          InputDoubleBuffer_512_16_16_run_run_run_fsm_inst (InputDoubleBuffer_512_16_16_run_run_run_fsm) 8.21e-03    0.138  302.210    0.448   0.0
          InputDoubleBuffer_512_16_16_run_run_staller_inst (InputDoubleBuffer_512_16_16_run_run_staller) 1.13e-02 3.79e-03   29.970 4.50e-02   0.0
          InputDoubleBuffer_512_16_16_run_run_inputDoubleBufferReaderParams_cnsi_inst (InputDoubleBuffer_512_16_16_run_run_inputDoubleBufferReaderParams_cnsi) 2.27e-02 9.88e-02 1.96e+03    2.077   0.1
            InputDoubleBuffer_512_16_16_run_run_inputDoubleBufferReaderParams_cnsi_inputDoubleBufferReaderParams_wait_dp_inst (InputDoubleBuffer_512_16_16_run_run_inputDoubleBufferReaderParams_cnsi_inputDoubleBufferReaderParams_wait_dp) 3.91e-04 7.20e-02  123.397    0.196   0.0
            InputDoubleBuffer_512_16_16_run_run_inputDoubleBufferReaderParams_cnsi_inputDoubleBufferReaderParams_wait_ctrl_inst (InputDoubleBuffer_512_16_16_run_run_inputDoubleBufferReaderParams_cnsi_inputDoubleBufferReaderParams_wait_ctrl) 1.40e-03 1.36e-03   77.309 8.01e-02   0.0
            inputDoubleBufferReaderParams_cnsi (ccs_out_wait_v1_rscid19_width144_1) 2.09e-02 2.54e-02 1.76e+03    1.802   0.0
          InputDoubleBuffer_512_16_16_run_run_inputDoubleBufferWriterParams_cnsi_inst (InputDoubleBuffer_512_16_16_run_run_inputDoubleBufferWriterParams_cnsi) 2.47e-02 8.99e-02 1.31e+03    1.427   0.0
            InputDoubleBuffer_512_16_16_run_run_inputDoubleBufferWriterParams_cnsi_inputDoubleBufferWriterParams_wait_dp_inst (InputDoubleBuffer_512_16_16_run_run_inputDoubleBufferWriterParams_cnsi_inputDoubleBufferWriterParams_wait_dp) 5.43e-04 7.12e-02  123.892    0.196   0.0
            InputDoubleBuffer_512_16_16_run_run_inputDoubleBufferWriterParams_cnsi_inputDoubleBufferWriterParams_wait_ctrl_inst (InputDoubleBuffer_512_16_16_run_run_inputDoubleBufferWriterParams_cnsi_inputDoubleBufferWriterParams_wait_ctrl) 1.25e-03 1.44e-03   78.394 8.11e-02   0.0
            inputDoubleBufferWriterParams_cnsi (ccs_out_wait_v1_rscid18_width144_1) 2.29e-02 1.73e-02 1.11e+03    1.151   0.0
          InputDoubleBuffer_512_16_16_run_run_paramsIn_rsci_inst (InputDoubleBuffer_512_16_16_run_run_paramsIn_rsci)    1.880    9.855 1.71e+04   28.865   0.8
            InputDoubleBuffer_512_16_16_run_run_paramsIn_rsci_paramsIn_wait_dp_inst (InputDoubleBuffer_512_16_16_run_run_paramsIn_rsci_paramsIn_wait_dp)    1.853    9.822 1.53e+04   26.973   0.7
            InputDoubleBuffer_512_16_16_run_run_paramsIn_rsci_paramsIn_wait_ctrl_inst (InputDoubleBuffer_512_16_16_run_run_paramsIn_rsci_paramsIn_wait_ctrl) 3.82e-03 3.95e-03   78.139 8.59e-02   0.0
            paramsIn_rsci (ccs_in_wait_v1_rscid17_width144_1) 2.37e-02 2.87e-02 1.75e+03    1.806   0.0
      inputDoubleBufferReader (InputDoubleBufferReader_512_16_16)    7.281   31.865 1.65e+05  204.048   5.6
        InputDoubleBufferReader_512_16_16_run_inst (InputDoubleBufferReader_512_16_16_run)    7.107   31.616 1.63e+05  201.994   5.5
          mult_x_18 (InputDoubleBufferReader_512_16_16_run_DW_mult_uns_J3_0)    0.129    0.110 2.37e+04   23.904   0.7
          add_x_50 (InputDoubleBufferReader_512_16_16_run_DW01_inc_J3_6)    0.000    0.000  353.424    0.353   0.0
          add_x_52 (InputDoubleBufferReader_512_16_16_run_DW01_add_J3_1) 9.11e-04 1.91e-03  843.920    0.847   0.0
          add_x_53 (InputDoubleBufferReader_512_16_16_run_DW01_inc_J3_5) 1.07e-04 1.33e-04  680.513    0.681   0.0
          add_x_55 (InputDoubleBufferReader_512_16_16_run_DW01_dec_J3_0) 1.32e-02 1.27e-02 1.97e+03    1.994   0.1
          add_x_56 (InputDoubleBufferReader_512_16_16_run_DW01_add_J3_0) 2.91e-04 1.53e-03  464.278    0.466   0.0
          add_x_59 (InputDoubleBufferReader_512_16_16_run_DW01_inc_J3_4)    0.000    0.000  690.556    0.691   0.0
          add_x_60 (InputDoubleBufferReader_512_16_16_run_DW01_inc_J3_3)    0.000    0.000  680.454    0.680   0.0
          add_x_61 (InputDoubleBufferReader_512_16_16_run_DW01_inc_J3_2)    0.000    0.000  680.454    0.680   0.0
          add_x_62 (InputDoubleBufferReader_512_16_16_run_DW01_inc_J3_1)    0.000    0.000  680.454    0.680   0.0
          add_x_64 (InputDoubleBufferReader_512_16_16_run_DW01_inc_J3_0) 2.77e-02 3.01e-02  851.198    0.909   0.0
          DP_OP_169J3_122_7998 (InputDoubleBufferReader_512_16_16_run_DP_OP_169J3_122_7998_J3_0) 6.75e-02 1.95e-02 1.99e+04   20.031   0.5
          DP_OP_170J3_123_9913 (InputDoubleBufferReader_512_16_16_run_DP_OP_170J3_123_9913_J3_0) 4.69e-03 6.88e-03  902.990    0.915   0.0
          DP_OP_171J3_124_9913 (InputDoubleBufferReader_512_16_16_run_DP_OP_171J3_124_9913_J3_0) 4.14e-03 6.79e-03  903.056    0.914   0.0
          DP_OP_172J3_125_9913 (InputDoubleBufferReader_512_16_16_run_DP_OP_172J3_125_9913_J3_0) 4.37e-03 6.84e-03  903.008    0.914   0.0
          DP_OP_173J3_126_9913 (InputDoubleBufferReader_512_16_16_run_DP_OP_173J3_126_9913_J3_0) 4.32e-03 6.84e-03  903.004    0.914   0.0
          DP_OP_174J3_127_9913 (InputDoubleBufferReader_512_16_16_run_DP_OP_174J3_127_9913_J3_0) 1.13e-02 1.65e-02 1.03e+03    1.054   0.0
          DP_OP_175J3_128_9913 (InputDoubleBufferReader_512_16_16_run_DP_OP_175J3_128_9913_J3_0) 4.26e-03 6.60e-03  903.202    0.914   0.0
          DP_OP_176J3_129_1662 (InputDoubleBufferReader_512_16_16_run_DP_OP_176J3_129_1662_J3_0) 8.83e-02 8.42e-02 1.49e+04   15.024   0.4
          InputDoubleBufferReader_512_16_16_run_run_fsm_inst (InputDoubleBufferReader_512_16_16_run_run_fsm) 4.93e-02    0.282 1.01e+03    1.341   0.0
          InputDoubleBufferReader_512_16_16_run_staller_inst (InputDoubleBufferReader_512_16_16_run_staller) 1.69e-02 5.59e-02  134.223    0.207   0.0
          InputDoubleBufferReader_512_16_16_run_din_rsc_req_obj_inst (InputDoubleBufferReader_512_16_16_run_din_rsc_req_obj) 1.65e-04 7.19e-02  183.066    0.255   0.0
            InputDoubleBufferReader_512_16_16_run_din_rsc_req_obj_din_rsc_req_wait_dp_inst (InputDoubleBufferReader_512_16_16_run_din_rsc_req_obj_din_rsc_req_wait_dp) 1.33e-04 7.19e-02  124.569    0.197   0.0
            InputDoubleBufferReader_512_16_16_run_din_rsc_req_obj_din_rsc_req_wait_ctrl_inst (InputDoubleBufferReader_512_16_16_run_din_rsc_req_obj_din_rsc_req_wait_ctrl)    0.000    0.000   45.742 4.57e-02   0.0
            din_rsc_req_obj (mgc_in_sync_v2_valid1_2) 3.22e-05 9.89e-06   12.755 1.28e-02   0.0
          InputDoubleBufferReader_512_16_16_run_din_rsc_rls_obj_inst (InputDoubleBufferReader_512_16_16_run_din_rsc_rls_obj) 7.87e-05 2.65e-05   44.804 4.49e-02   0.0
            InputDoubleBufferReader_512_16_16_run_din_rsc_rls_obj_din_rsc_rls_wait_ctrl_inst (InputDoubleBufferReader_512_16_16_run_din_rsc_rls_obj_din_rsc_rls_wait_ctrl) 1.96e-05 1.66e-05   32.042 3.21e-02   0.0
            din_rsc_rls_obj (mgc_io_sync_v2_valid0_2) 5.91e-05 9.94e-06   12.763 1.28e-02   0.0
          InputDoubleBufferReader_512_16_16_run_dout_rsci_inst (InputDoubleBufferReader_512_16_16_run_dout_rsci) 4.00e-03 7.37e-02 1.86e+03    1.936   0.1
            InputDoubleBufferReader_512_16_16_run_dout_rsci_dout_wait_dp_inst (InputDoubleBufferReader_512_16_16_run_dout_rsci_dout_wait_dp)    0.000 7.17e-02  122.338    0.194   0.0
            InputDoubleBufferReader_512_16_16_run_dout_rsci_dout_wait_ctrl_inst (InputDoubleBufferReader_512_16_16_run_dout_rsci_dout_wait_ctrl) 5.80e-06 4.57e-06   77.798 7.78e-02   0.0
            dout_rsci (ccs_out_wait_v1_rscid9_width128_1) 4.00e-03 2.02e-03 1.66e+03    1.664   0.0
          InputDoubleBufferReader_512_16_16_run_din_rsci_1_inst (InputDoubleBufferReader_512_16_16_run_din_rsci_1)    2.044   10.072 1.56e+04   27.760   0.8
            InputDoubleBufferReader_512_16_16_run_din_rsci_1_din_rsc_wait_ctrl_inst (InputDoubleBufferReader_512_16_16_run_din_rsci_1_din_rsc_wait_ctrl) 4.94e-06 4.53e-06   73.005 7.30e-02   0.0
            InputDoubleBufferReader_512_16_16_run_din_rsci_1_din_rsc_wait_dp_inst (InputDoubleBufferReader_512_16_16_run_din_rsci_1_din_rsc_wait_dp)    2.044   10.072 1.56e+04   27.687   0.8
          InputDoubleBufferReader_512_16_16_run_paramsIn_rsci_inst (InputDoubleBufferReader_512_16_16_run_paramsIn_rsci)    1.914    9.889 1.71e+04   28.886   0.8
            InputDoubleBufferReader_512_16_16_run_paramsIn_rsci_paramsIn_wait_dp_inst (InputDoubleBufferReader_512_16_16_run_paramsIn_rsci_paramsIn_wait_dp)    1.874    9.858 1.52e+04   26.971   0.7
            InputDoubleBufferReader_512_16_16_run_paramsIn_rsci_paramsIn_wait_ctrl_inst (InputDoubleBufferReader_512_16_16_run_paramsIn_rsci_paramsIn_wait_ctrl) 3.01e-03 3.39e-03   77.701 8.41e-02   0.0
            paramsIn_rsci (ccs_in_wait_v1_rscid7_width144_1) 1.91e-02 2.54e-02 1.76e+03    1.800   0.0
        din_rsci (InputDoubleBufferReader_512_16_16_sram_512_128_sram_512_128_rwport_8_128_12_512_128_gen)    0.174    0.248 1.59e+03    2.012   0.1
      inputDoubleBufferWriter (InputDoubleBufferWriter_512_16_16)    3.831   16.753 8.93e+04  109.850   3.0
        InputDoubleBufferWriter_512_16_16_run_inst (InputDoubleBufferWriter_512_16_16_run)    3.783   16.727 8.74e+04  107.949   3.0
          add_x_1 (InputDoubleBufferWriter_512_16_16_run_DW01_add_J22_3) 6.83e-03 7.55e-03  463.584    0.478   0.0
          add_x_3 (InputDoubleBufferWriter_512_16_16_run_DW01_inc_J22_3) 3.58e-03 4.75e-03  366.422    0.375   0.0
          mult_x_4 (InputDoubleBufferWriter_512_16_16_run_DW_mult_uns_J22_2)    0.129    0.110 2.37e+04   23.900   0.7
          add_x_32 (InputDoubleBufferWriter_512_16_16_run_DW01_add_J22_1) 2.28e-03 5.52e-03  842.054    0.850   0.0
          mult_x_33 (InputDoubleBufferWriter_512_16_16_run_DW_mult_uns_J22_1) 2.37e-02 2.41e-02 3.17e+03    3.218   0.1
          add_x_34 (InputDoubleBufferWriter_512_16_16_run_DW01_add_J22_0) 1.97e-03 5.22e-03  465.491    0.473   0.0
          mult_x_37 (InputDoubleBufferWriter_512_16_16_run_DW_mult_uns_J22_0) 1.13e-02 8.11e-03 3.16e+03    3.181   0.1
          add_x_38 (InputDoubleBufferWriter_512_16_16_run_DW01_dec_J22_0) 1.32e-02 1.28e-02 1.97e+03    1.994   0.1
          DP_OP_82J22_122_6961 (InputDoubleBufferWriter_512_16_16_run_DP_OP_82J22_122_6961_J22_0) 2.71e-03 4.56e-03  513.055    0.520   0.0
          DP_OP_83J22_123_134 (InputDoubleBufferWriter_512_16_16_run_DP_OP_83J22_123_134_J22_0) 2.44e-02 2.67e-02 3.85e+03    3.905   0.1
          DP_OP_84J22_124_134 (InputDoubleBufferWriter_512_16_16_run_DP_OP_84J22_124_134_J22_0) 3.06e-02 3.45e-02 3.64e+03    3.704   0.1
          InputDoubleBufferWriter_512_16_16_run_run_fsm_inst (InputDoubleBufferWriter_512_16_16_run_run_fsm)    0.101    0.322 1.53e+03    1.957   0.1
          InputDoubleBufferWriter_512_16_16_run_staller_inst (InputDoubleBufferWriter_512_16_16_run_staller) 1.57e-02 5.82e-02  133.713    0.208   0.0
          InputDoubleBufferWriter_512_16_16_run_dout_rsc_req_obj_inst (InputDoubleBufferWriter_512_16_16_run_dout_rsc_req_obj) 4.58e-04 7.23e-02  199.809    0.273   0.0
            InputDoubleBufferWriter_512_16_16_run_dout_rsc_req_obj_dout_rsc_req_wait_dp_inst (InputDoubleBufferWriter_512_16_16_run_dout_rsc_req_obj_dout_rsc_req_wait_dp) 1.82e-04 7.18e-02  122.507    0.195   0.0
            InputDoubleBufferWriter_512_16_16_run_dout_rsc_req_obj_dout_rsc_req_wait_ctrl_inst (InputDoubleBufferWriter_512_16_16_run_dout_rsc_req_obj_dout_rsc_req_wait_ctrl) 2.67e-04 4.36e-04   67.634 6.83e-02   0.0
            dout_rsc_req_obj (mgc_in_sync_v2_valid1_3) 9.13e-06 9.64e-06    9.668 9.69e-03   0.0
          InputDoubleBufferWriter_512_16_16_run_dout_rsc_rls_obj_inst (InputDoubleBufferWriter_512_16_16_run_dout_rsc_rls_obj) 5.98e-06 4.52e-06   44.168 4.42e-02   0.0
            InputDoubleBufferWriter_512_16_16_run_dout_rsc_rls_obj_dout_rsc_rls_wait_ctrl_inst (InputDoubleBufferWriter_512_16_16_run_dout_rsc_rls_obj_dout_rsc_rls_wait_ctrl) 5.98e-06 4.52e-06   31.405 3.14e-02   0.0
            dout_rsc_rls_obj (mgc_io_sync_v2_valid0_3)    0.000    0.000   12.763 1.28e-02   0.0
          InputDoubleBufferWriter_512_16_16_run_dout_rsci_1_inst (InputDoubleBufferWriter_512_16_16_run_dout_rsci_1) 2.11e-03 3.53e-03  205.333    0.211   0.0
            InputDoubleBufferWriter_512_16_16_run_dout_rsci_1_dout_rsc_wait_ctrl_inst (InputDoubleBufferWriter_512_16_16_run_dout_rsci_1_dout_rsc_wait_ctrl) 1.52e-04 4.70e-05   31.958 3.22e-02   0.0
          InputDoubleBufferWriter_512_16_16_run_din_rsci_inst (InputDoubleBufferWriter_512_16_16_run_din_rsci)    0.422    1.483 2.40e+03    4.305   0.1
            InputDoubleBufferWriter_512_16_16_run_din_rsci_din_wait_dp_inst (InputDoubleBufferWriter_512_16_16_run_din_rsci_din_wait_dp)    0.397    1.449 2.12e+03    3.964   0.1
            InputDoubleBufferWriter_512_16_16_run_din_rsci_din_wait_ctrl_inst (InputDoubleBufferWriter_512_16_16_run_din_rsci_din_wait_ctrl) 6.40e-04 4.71e-04   78.755 7.99e-02   0.0
            din_rsci (ccs_in_wait_v1_rscid2_width16_1) 2.45e-02 3.31e-02  203.321    0.261   0.0
          InputDoubleBufferWriter_512_16_16_run_paramsIn_rsci_inst (InputDoubleBufferWriter_512_16_16_run_paramsIn_rsci)    1.198    6.284 1.09e+04   18.335   0.5
            InputDoubleBufferWriter_512_16_16_run_paramsIn_rsci_paramsIn_wait_dp_inst (InputDoubleBufferWriter_512_16_16_run_paramsIn_rsci_paramsIn_wait_dp)    1.186    6.264 9.66e+03   17.114   0.5
            InputDoubleBufferWriter_512_16_16_run_paramsIn_rsci_paramsIn_wait_ctrl_inst (InputDoubleBufferWriter_512_16_16_run_paramsIn_rsci_paramsIn_wait_ctrl) 3.83e-03 3.33e-03   78.209 8.54e-02   0.0
            paramsIn_rsci (ccs_in_wait_v1_rscid1_width144_1) 8.34e-03 1.65e-02 1.11e+03    1.135   0.0
        dout_rsci (InputDoubleBufferWriter_512_16_16_sram_512_128_sram_512_128_rwport_3_128_12_512_128_gen) 4.53e-02 2.51e-02 1.78e+03    1.853   0.1
      mem_cns_comp_1 (sram_512_128_WRAPPER_DEPTH4096_WRAPPER_WIDTH128_WRAPPER_ADDR_BITS12_SRAM_DEPTH256_SRAM_WIDTH32_SRAM_ADDR_BITS8_num_inst_depth16_num_inst_width4_2)    6.700    1.279 5.41e+04   62.089   1.7
      mem_cns_comp (sram_512_128_WRAPPER_DEPTH4096_WRAPPER_WIDTH128_WRAPPER_ADDR_BITS12_SRAM_DEPTH256_SRAM_WIDTH32_SRAM_ADDR_BITS8_num_inst_depth16_num_inst_width4_3)    6.832    1.183 5.36e+04   61.588   1.7
      inputDoubleBufferWriterParams_cns_pipe (ccs_pipe_v5_rscid15_width144_sz_width1_fifo_sz2_log2_sz1_ph_clk1_ph_en0_ph_arst0_ph_srst0)    0.243    0.536 2.64e+04   27.191   0.7
        FIFO (ccs_fifo_wait_core_v5_rscid15_width144_sz_width1_fifo_sz2_ph_clk1_ph_en0_ph_arst0_ph_srst0_ph_log21)    0.243    0.536 2.64e+04   27.191   0.7
          FIFO_REG_GEN_REGS_0__BUFREG (ccs_genreg_v1_144_1_0_0_0_1_2)    0.105    0.133 1.03e+04   10.494   0.3
          FIFO_REG_GEN_REGS_0__STATREG (ccs_genreg_v1_1_1_0_0_0_1_2) 1.39e-05 7.48e-02  129.062    0.204   0.0
          FIFO_REG_GEN_REGS_1__BUFREG (ccs_genreg_v1_144_1_0_0_0_1_3)    0.107    0.154 1.03e+04   10.514   0.3
          FIFO_REG_GEN_REGS_1__STATREG (ccs_genreg_v1_1_1_0_0_0_1_3) 3.17e-04 7.35e-02  129.802    0.204   0.0
          FIFO_REG_HS_INIT_REG (ccs_genreg_v1_1_1_1_0_0_0_2) 1.60e-03 5.18e-02  105.365    0.159   0.0
  outputSerializer (Serializer_PackedInt_16UL_16UL_ODTYPE_16)    5.387   28.404 6.72e+04  101.009   2.8
    Serializer_PackedInt_16UL_16UL_ODTYPE_16_run_inst (Serializer_PackedInt_16UL_16UL_ODTYPE_16_run)    5.387   28.404 6.72e+04  101.009   2.8
      Serializer_PackedInt_16UL_16UL_ODTYPE_16_run_run_fsm_inst (Serializer_PackedInt_16UL_16UL_ODTYPE_16_run_run_fsm) 4.59e-03 5.01e-02  106.390    0.161   0.0
      Serializer_PackedInt_16UL_16UL_ODTYPE_16_run_staller_inst (Serializer_PackedInt_16UL_16UL_ODTYPE_16_run_staller) 3.72e-03 2.66e-03   24.881 3.13e-02   0.0
      Serializer_PackedInt_16UL_16UL_ODTYPE_16_run_serialOutChannel_rsci_inst (Serializer_PackedInt_16UL_16UL_ODTYPE_16_run_serialOutChannel_rsci) 1.40e-02 6.70e-02  454.608    0.536   0.0
        Serializer_PackedInt_16UL_16UL_ODTYPE_16_run_serialOutChannel_rsci_serialOutChannel_wait_dp_inst (Serializer_PackedInt_16UL_16UL_ODTYPE_16_run_serialOutChannel_rsci_serialOutChannel_wait_dp) 4.07e-03 5.87e-02  141.929    0.205   0.0
        Serializer_PackedInt_16UL_16UL_ODTYPE_16_run_serialOutChannel_rsci_serialOutChannel_wait_ctrl_inst (Serializer_PackedInt_16UL_16UL_ODTYPE_16_run_serialOutChannel_rsci_serialOutChannel_wait_ctrl) 4.42e-03 4.34e-03   85.021 9.38e-02   0.0
        serialOutChannel_rsci (ccs_out_wait_v1_rscid6_width16) 5.51e-03 3.98e-03  227.659    0.237   0.0
      Serializer_PackedInt_16UL_16UL_ODTYPE_16_run_inputChannel_rsci_inst (Serializer_PackedInt_16UL_16UL_ODTYPE_16_run_inputChannel_rsci)    3.417   18.555 3.13e+04   53.302   1.5
        Serializer_PackedInt_16UL_16UL_ODTYPE_16_run_inputChannel_rsci_inputChannel_wait_dp_inst (Serializer_PackedInt_16UL_16UL_ODTYPE_16_run_inputChannel_rsci_inputChannel_wait_dp)    3.389   18.549 2.79e+04   49.887   1.4
        Serializer_PackedInt_16UL_16UL_ODTYPE_16_run_inputChannel_rsci_inputChannel_wait_ctrl_inst (Serializer_PackedInt_16UL_16UL_ODTYPE_16_run_inputChannel_rsci_inputChannel_wait_ctrl) 3.47e-03 2.48e-03   78.063 8.40e-02   0.0
        inputChannel_rsci (ccs_in_wait_v1_rscid5_width256) 5.17e-04 1.81e-03 3.29e+03    3.294   0.1
  paramsDeserializer_1 (ParamsDeserializer)    1.283    5.172 3.13e+04   37.706   1.0
    ParamsDeserializer_run_inst (ParamsDeserializer_run)    1.283    5.172 3.13e+04   37.706   1.0
      ParamsDeserializer_run_run_fsm_inst (ParamsDeserializer_run_run_fsm)    0.105    0.412  937.830    1.455   0.0
      ParamsDeserializer_run_staller_inst (ParamsDeserializer_run_staller) 8.43e-03 3.22e-03   43.899 5.56e-02   0.0
      ParamsDeserializer_run_outputChannel3_rsci_inst (ParamsDeserializer_run_outputChannel3_rsci) 2.14e-02    0.100 1.84e+03    1.964   0.1
        ParamsDeserializer_run_outputChannel3_rsci_outputChannel3_wait_dp_inst (ParamsDeserializer_run_outputChannel3_rsci_outputChannel3_wait_dp) 4.98e-04 7.21e-02  122.807    0.195   0.0
        ParamsDeserializer_run_outputChannel3_rsci_outputChannel3_wait_ctrl_inst (ParamsDeserializer_run_outputChannel3_rsci_outputChannel3_wait_ctrl) 1.28e-03 1.71e-03   80.192 8.32e-02   0.0
        outputChannel3_rsci (ccs_out_wait_v1_rscid4_width144) 1.96e-02 2.63e-02 1.64e+03    1.686   0.0
      ParamsDeserializer_run_outputChannel2_rsci_inst (ParamsDeserializer_run_outputChannel2_rsci) 9.14e-03 9.37e-02 1.44e+03    1.542   0.0
        ParamsDeserializer_run_outputChannel2_rsci_outputChannel2_wait_dp_inst (ParamsDeserializer_run_outputChannel2_rsci_outputChannel2_wait_dp) 4.89e-04 7.20e-02  122.821    0.195   0.0
        ParamsDeserializer_run_outputChannel2_rsci_outputChannel2_wait_ctrl_inst (ParamsDeserializer_run_outputChannel2_rsci_outputChannel2_wait_ctrl) 1.24e-03 1.71e-03   80.231 8.32e-02   0.0
        outputChannel2_rsci (ccs_out_wait_v1_rscid3_width144) 7.41e-03 1.99e-02 1.24e+03    1.263   0.0
      ParamsDeserializer_run_outputChannel1_rsci_inst (ParamsDeserializer_run_outputChannel1_rsci) 2.42e-02    0.102 1.96e+03    2.082   0.1
        ParamsDeserializer_run_outputChannel1_rsci_outputChannel1_wait_dp_inst (ParamsDeserializer_run_outputChannel1_rsci_outputChannel1_wait_dp) 5.63e-04 7.20e-02  122.821    0.195   0.0
        ParamsDeserializer_run_outputChannel1_rsci_outputChannel1_wait_ctrl_inst (ParamsDeserializer_run_outputChannel1_rsci_outputChannel1_wait_ctrl) 1.01e-03 1.69e-03   80.225 8.29e-02   0.0
        outputChannel1_rsci (ccs_out_wait_v1_rscid2_width144) 2.26e-02 2.81e-02 1.75e+03    1.804   0.0
      ParamsDeserializer_run_inputChannel_rsci_inst (ParamsDeserializer_run_inputChannel_rsci)    0.371    1.492 2.37e+03    4.234   0.1
        ParamsDeserializer_run_inputChannel_rsci_inputChannel_wait_dp_inst (ParamsDeserializer_run_inputChannel_rsci_inputChannel_wait_dp)    0.333    1.448 2.08e+03    3.864   0.1
        ParamsDeserializer_run_inputChannel_rsci_inputChannel_wait_ctrl_inst (ParamsDeserializer_run_inputChannel_rsci_inputChannel_wait_ctrl) 7.45e-03 8.65e-03   84.817    0.101   0.0
        inputChannel_rsci (ccs_in_wait_v1_rscid1_width16) 3.10e-02 3.58e-02  201.928    0.269   0.0
  weight_out_cns_pipe (ccs_pipe_v5_rscid172_width128_sz_width1_fifo_sz3_log2_sz2_ph_clk1_ph_en0_ph_arst0_ph_srst0)    0.483    0.539 5.79e+04   58.959   1.6
    FIFO (ccs_fifo_wait_core_v5_rscid172_width128_sz_width1_fifo_sz3_ph_clk1_ph_en0_ph_arst0_ph_srst0_ph_log22)    0.482    0.538 5.79e+04   58.945   1.6
      FIFO_REG_GEN_REGS_0__BUFREG (ccs_genreg_v1_128_1_0_0_0_1_0)    0.146 8.90e-02 1.52e+04   15.426   0.4
      FIFO_REG_GEN_REGS_0__STATREG (ccs_genreg_v1_1_1_0_0_0_1_10)    0.000 7.48e-02  129.100    0.204   0.0
      FIFO_REG_GEN_REGS_1__BUFREG (ccs_genreg_v1_128_1_0_0_0_1_1)    0.145 8.40e-02 1.52e+04   15.421   0.4
      FIFO_REG_GEN_REGS_1__STATREG (ccs_genreg_v1_1_1_0_0_0_1_11)    0.000 7.48e-02  129.100    0.204   0.0
      FIFO_REG_GEN_REGS_2__BUFREG (ccs_genreg_v1_128_1_0_0_0_1_2)    0.145 8.39e-02 1.52e+04   15.421   0.4
      FIFO_REG_GEN_REGS_2__STATREG (ccs_genreg_v1_1_1_0_0_0_1_12)    0.000 7.48e-02  129.100    0.204   0.0
      FIFO_REG_HS_INIT_REG (ccs_genreg_v1_1_1_1_0_0_0_5) 2.06e-03 5.20e-02  105.365    0.159   0.0
  input_out_cns_pipe (ccs_pipe_v5_rscid171_width128_sz_width1_fifo_sz3_log2_sz2_ph_clk1_ph_en0_ph_arst0_ph_srst0)    0.444    0.534 5.79e+04   58.903   1.6
    FIFO (ccs_fifo_wait_core_v5_rscid171_width128_sz_width1_fifo_sz3_ph_clk1_ph_en0_ph_arst0_ph_srst0_ph_log22)    0.444    0.534 5.79e+04   58.903   1.6
      FIFO_REG_GEN_REGS_0__BUFREG (ccs_genreg_v1_128_1_0_0_0_1_3)    0.147 8.93e-02 1.52e+04   15.439   0.4
      FIFO_REG_GEN_REGS_0__STATREG (ccs_genreg_v1_1_1_0_0_0_1_13)    0.000 7.48e-02  129.100    0.204   0.0
      FIFO_REG_GEN_REGS_1__BUFREG (ccs_genreg_v1_128_1_0_0_0_1_4)    0.145 8.05e-02 1.52e+04   15.406   0.4
      FIFO_REG_GEN_REGS_1__STATREG (ccs_genreg_v1_1_1_0_0_0_1_14)    0.000 7.48e-02  129.100    0.204   0.0
      FIFO_REG_GEN_REGS_2__BUFREG (ccs_genreg_v1_128_1_0_0_0_1_5)    0.147 8.47e-02 1.52e+04   15.434   0.4
      FIFO_REG_GEN_REGS_2__STATREG (ccs_genreg_v1_1_1_0_0_0_1_15)    0.000 7.48e-02  129.100    0.204   0.0
      FIFO_REG_HS_INIT_REG (ccs_genreg_v1_1_1_1_0_0_0_6) 2.09e-03 5.18e-02  105.365    0.159   0.0
  output_cns_pipe (ccs_pipe_v5_rscid173_width256_sz_width1_fifo_sz3_log2_sz2_ph_clk1_ph_en0_ph_arst0_ph_srst0)    0.929    0.615 1.15e+05  116.060   3.2
    FIFO (ccs_fifo_wait_core_v5_rscid173_width256_sz_width1_fifo_sz3_ph_clk1_ph_en0_ph_arst0_ph_srst0_ph_log22)    0.929    0.615 1.15e+05  116.060   3.2
      FIFO_REG_GEN_REGS_0__BUFREG (ccs_genreg_v1_256_1_0_0_0_1_0)    0.304    0.118 3.03e+04   30.713   0.8
      FIFO_REG_GEN_REGS_0__STATREG (ccs_genreg_v1_1_1_0_0_0_1_16)    0.000 7.48e-02  129.100    0.204   0.0
      FIFO_REG_GEN_REGS_1__BUFREG (ccs_genreg_v1_256_1_0_0_0_1_1)    0.279    0.109 3.03e+04   30.680   0.8
      FIFO_REG_GEN_REGS_1__STATREG (ccs_genreg_v1_1_1_0_0_0_1_17)    0.000 7.48e-02  129.100    0.204   0.0
      FIFO_REG_GEN_REGS_2__BUFREG (ccs_genreg_v1_256_1_0_0_0_1_2)    0.294    0.105 3.03e+04   30.692   0.8
      FIFO_REG_GEN_REGS_2__STATREG (ccs_genreg_v1_1_1_0_0_0_1_18)    0.000 7.48e-02  129.100    0.204   0.0
      FIFO_REG_HS_INIT_REG (ccs_genreg_v1_1_1_1_0_0_0_7) 2.21e-03 5.20e-02  105.365    0.160   0.0
  systolicArrayParams_cns_pipe (ccs_pipe_v5_rscid174_width144_sz_width1_fifo_sz3_log2_sz2_ph_clk1_ph_en0_ph_arst0_ph_srst0)    0.640    0.969 5.80e+04   59.659   1.6
    FIFO (ccs_fifo_wait_core_v5_rscid174_width144_sz_width1_fifo_sz3_ph_clk1_ph_en0_ph_arst0_ph_srst0_ph_log22)    0.612    0.967 5.80e+04   59.617   1.6
      FIFO_REG_GEN_REGS_0__BUFREG (ccs_genreg_v1_144_1_0_0_0_1_7)    0.191    0.183 1.52e+04   15.591   0.4
      FIFO_REG_GEN_REGS_0__STATREG (ccs_genreg_v1_1_1_0_0_0_1_19) 1.62e-05 7.46e-02  129.160    0.204   0.0
      FIFO_REG_GEN_REGS_1__BUFREG (ccs_genreg_v1_144_1_0_0_0_1_8)    0.171    0.183 1.52e+04   15.571   0.4
      FIFO_REG_GEN_REGS_1__STATREG (ccs_genreg_v1_1_1_0_0_0_1_20) 6.25e-05 7.42e-02  129.318    0.204   0.0
      FIFO_REG_GEN_REGS_2__BUFREG (ccs_genreg_v1_144_1_0_0_0_1_9)    0.171    0.208 1.52e+04   15.592   0.4
      FIFO_REG_GEN_REGS_2__STATREG (ccs_genreg_v1_1_1_0_0_0_1_21) 3.86e-04 7.34e-02  129.788    0.204   0.0
      FIFO_REG_HS_INIT_REG (ccs_genreg_v1_1_1_1_0_0_0_8) 2.06e-03 5.19e-02  105.365    0.159   0.0
  weightDoubleBufferParams_cns_pipe (ccs_pipe_v5_rscid170_width144_sz_width1_fifo_sz3_log2_sz2_ph_clk1_ph_en0_ph_arst0_ph_srst0)    0.455    0.812 4.39e+04   45.120   1.2
    FIFO (ccs_fifo_wait_core_v5_rscid170_width144_sz_width1_fifo_sz3_ph_clk1_ph_en0_ph_arst0_ph_srst0_ph_log22)    0.436    0.810 4.38e+04   45.087   1.2
      FIFO_REG_GEN_REGS_0__BUFREG (ccs_genreg_v1_144_1_0_0_0_1_10)    0.152    0.150 1.14e+04   11.746   0.3
      FIFO_REG_GEN_REGS_0__STATREG (ccs_genreg_v1_1_1_0_0_0_1_22)    0.000 7.48e-02  129.053    0.204   0.0
      FIFO_REG_GEN_REGS_1__BUFREG (ccs_genreg_v1_144_1_0_0_0_1_11)    0.116    0.147 1.14e+04   11.708   0.3
      FIFO_REG_GEN_REGS_1__STATREG (ccs_genreg_v1_1_1_0_0_0_1_23) 8.28e-06 7.48e-02  129.073    0.204   0.0
      FIFO_REG_GEN_REGS_2__BUFREG (ccs_genreg_v1_144_1_0_0_0_1_12)    0.111    0.146 1.14e+04   11.691   0.3
      FIFO_REG_GEN_REGS_2__STATREG (ccs_genreg_v1_1_1_0_0_0_1_24) 2.72e-05 7.46e-02  129.159    0.204   0.0
      FIFO_REG_HS_INIT_REG (ccs_genreg_v1_1_1_1_0_0_0_9) 2.13e-03 5.18e-02  105.365    0.159   0.0
  inputDoubleBufferParams_cns_pipe (ccs_pipe_v5_rscid169_width144_sz_width1_fifo_sz3_log2_sz2_ph_clk1_ph_en0_ph_arst0_ph_srst0)    0.754    0.989 6.26e+04   64.372   1.8
    FIFO (ccs_fifo_wait_core_v5_rscid169_width144_sz_width1_fifo_sz3_ph_clk1_ph_en0_ph_arst0_ph_srst0_ph_log22)    0.731    0.980 6.21e+04   63.785   1.7
      FIFO_REG_GEN_REGS_0__BUFREG (ccs_genreg_v1_144_1_0_0_0_1_13)    0.225    0.193 1.63e+04   16.716   0.5
      FIFO_REG_GEN_REGS_0__STATREG (ccs_genreg_v1_1_1_0_0_0_1_25) 4.96e-06 7.48e-02  129.073    0.204   0.0
      FIFO_REG_GEN_REGS_1__BUFREG (ccs_genreg_v1_144_1_0_0_0_1_14)    0.163    0.187 1.63e+04   16.636   0.5
      FIFO_REG_GEN_REGS_1__STATREG (ccs_genreg_v1_1_1_0_0_0_1_26) 2.59e-05 7.46e-02  129.159    0.204   0.0
      FIFO_REG_GEN_REGS_2__BUFREG (ccs_genreg_v1_144_1_0_0_0_1_15)    0.213    0.194 1.63e+04   16.693   0.5
      FIFO_REG_GEN_REGS_2__STATREG (ccs_genreg_v1_1_1_0_0_0_1_27) 1.24e-04 7.42e-02  129.318    0.204   0.0
      FIFO_REG_HS_INIT_REG (ccs_genreg_v1_1_1_1_0_0_0_10) 2.15e-03 5.19e-02  105.365    0.159   0.0
1
