Warning: Design 'Conv' has '5' unresolved references. For more detailed information, use the "link" command. (UID-341)
 
****************************************
Report : constraint
        -verbose
Design : Conv
Version: L-2016.03-SP5-5
Date   : Sun Feb 23 20:04:56 2020
****************************************


  Startpoint: input_serial_rsc_vld
              (input port clocked by ideal_clock)
  Endpoint: inputDoubleBuffer/InputDoubleBuffer_512_16_16_struct_inst/mem_cns_comp/output_mem_select_reg_3_
            (rising edge-triggered flip-flop clocked by ideal_clock)
  Path Group: REGIN
  Path Type: max

  Point                                                   Incr       Path
  --------------------------------------------------------------------------
  clock ideal_clock (rise edge)                           0.00       0.00
  clock network delay (ideal)                             0.00       0.00
  input external delay                                   50.00      50.00 r
  input_serial_rsc_vld (in)                               0.00      50.00 r
  inputDoubleBuffer/InputDoubleBuffer_512_16_16_struct_inst/inputDoubleBufferWriter/InputDoubleBufferWriter_512_16_16_run_inst/InputDoubleBufferWriter_512_16_16_run_din_rsci_inst/din_rsci/U2/Z (CLKBUF_X1)     0.03 *    50.03 r
  inputDoubleBuffer/InputDoubleBuffer_512_16_16_struct_inst/inputDoubleBufferWriter/InputDoubleBufferWriter_512_16_16_run_inst/InputDoubleBufferWriter_512_16_16_run_din_rsci_inst/InputDoubleBufferWriter_512_16_16_run_din_rsci_din_wait_ctrl_inst/U3/ZN (AND2_X1)     0.04 *    50.07 r
  inputDoubleBuffer/InputDoubleBuffer_512_16_16_struct_inst/inputDoubleBufferWriter/InputDoubleBufferWriter_512_16_16_run_inst/InputDoubleBufferWriter_512_16_16_run_din_rsci_inst/InputDoubleBufferWriter_512_16_16_run_din_rsci_din_wait_dp_inst/U3/ZN (NOR2_X1)     0.02 *    50.08 f
  inputDoubleBuffer/InputDoubleBuffer_512_16_16_struct_inst/inputDoubleBufferWriter/InputDoubleBufferWriter_512_16_16_run_inst/InputDoubleBufferWriter_512_16_16_run_din_rsci_inst/InputDoubleBufferWriter_512_16_16_run_din_rsci_din_wait_dp_inst/U4/ZN (NAND2_X1)     0.02 *    50.10 r
  inputDoubleBuffer/InputDoubleBuffer_512_16_16_struct_inst/inputDoubleBufferWriter/InputDoubleBufferWriter_512_16_16_run_inst/InputDoubleBufferWriter_512_16_16_run_staller_inst/U3/ZN (NAND3_X1)     0.02 *    50.13 f
  inputDoubleBuffer/InputDoubleBuffer_512_16_16_struct_inst/inputDoubleBufferWriter/InputDoubleBufferWriter_512_16_16_run_inst/InputDoubleBufferWriter_512_16_16_run_staller_inst/U4/ZN (INV_X1)     0.06 *    50.19 r
  inputDoubleBuffer/InputDoubleBuffer_512_16_16_struct_inst/inputDoubleBufferWriter/InputDoubleBufferWriter_512_16_16_run_inst/U344/ZN (INV_X1)     0.08 *    50.26 f
  inputDoubleBuffer/InputDoubleBuffer_512_16_16_struct_inst/inputDoubleBufferWriter/InputDoubleBufferWriter_512_16_16_run_inst/InputDoubleBufferWriter_512_16_16_run_dout_rsci_1_inst/InputDoubleBufferWriter_512_16_16_run_dout_rsci_1_dout_rsc_wait_ctrl_inst/U2/ZN (NOR2_X1)     0.04 *    50.30 r
  inputDoubleBuffer/InputDoubleBuffer_512_16_16_struct_inst/inputDoubleBufferWriter/InputDoubleBufferWriter_512_16_16_run_inst/InputDoubleBufferWriter_512_16_16_run_dout_rsci_1_inst/U1/ZN (INV_X1)     0.01 *    50.32 f
  inputDoubleBuffer/InputDoubleBuffer_512_16_16_struct_inst/inputDoubleBufferWriter/U3/ZN (INV_X1)     0.02 *    50.33 r
  inputDoubleBuffer/InputDoubleBuffer_512_16_16_struct_inst/inputDoubleBufferWriter/dout_rsci/U142/ZN (INV_X1)     0.01 *    50.34 f
  inputDoubleBuffer/InputDoubleBuffer_512_16_16_struct_inst/InputDoubleBDjtfoem_cns_bctl_inst/U309/ZN (NOR3_X1)     0.05 *    50.39 r
  inputDoubleBuffer/InputDoubleBuffer_512_16_16_struct_inst/InputDoubleBDjtfoem_cns_bctl_inst/U310/ZN (AOI22_X1)     0.03 *    50.42 f
  inputDoubleBuffer/InputDoubleBuffer_512_16_16_struct_inst/mem_cns_comp/U1711/ZN (NOR2_X1)     0.07 *    50.49 r
  inputDoubleBuffer/InputDoubleBuffer_512_16_16_struct_inst/mem_cns_comp/U1712/ZN (INV_X1)     0.02 *    50.51 f
  inputDoubleBuffer/InputDoubleBuffer_512_16_16_struct_inst/mem_cns_comp/U1713/ZN (AOI22_X1)     0.05 *    50.56 r
  inputDoubleBuffer/InputDoubleBuffer_512_16_16_struct_inst/mem_cns_comp/output_mem_select_reg_3_/D (DFF_X1)     0.00 *    50.56 r
  data arrival time                                                 50.56

  clock ideal_clock (rise edge)                         100.00     100.00
  clock network delay (ideal)                             0.00     100.00
  inputDoubleBuffer/InputDoubleBuffer_512_16_16_struct_inst/mem_cns_comp/output_mem_select_reg_3_/CK (DFF_X1)     0.00   100.00 r
  library setup time                                     -0.04      99.96
  data required time                                                99.96
  --------------------------------------------------------------------------
  data required time                                                99.96
  data arrival time                                                -50.56
  --------------------------------------------------------------------------
  slack (MET)                                                       49.41


  Startpoint: inputDoubleBuffer/InputDoubleBuffer_512_16_16_struct_inst/inputDoubleBufferWriter/InputDoubleBufferWriter_512_16_16_run_inst/InputDoubleBufferWriter_512_16_16_run_din_rsci_inst/InputDoubleBufferWriter_512_16_16_run_din_rsci_din_wait_dp_inst/din_rsci_bcwt_reg
              (rising edge-triggered flip-flop clocked by ideal_clock)
  Endpoint: input_serial_rsc_rdy
            (output port clocked by ideal_clock)
  Path Group: REGOUT
  Path Type: max

  Point                                                   Incr       Path
  --------------------------------------------------------------------------
  clock ideal_clock (rise edge)                           0.00       0.00
  clock network delay (ideal)                             0.00       0.00
  inputDoubleBuffer/InputDoubleBuffer_512_16_16_struct_inst/inputDoubleBufferWriter/InputDoubleBufferWriter_512_16_16_run_inst/InputDoubleBufferWriter_512_16_16_run_din_rsci_inst/InputDoubleBufferWriter_512_16_16_run_din_rsci_din_wait_dp_inst/din_rsci_bcwt_reg/CK (DFFR_X1)     0.00     0.00 r
  inputDoubleBuffer/InputDoubleBuffer_512_16_16_struct_inst/inputDoubleBufferWriter/InputDoubleBufferWriter_512_16_16_run_inst/InputDoubleBufferWriter_512_16_16_run_din_rsci_inst/InputDoubleBufferWriter_512_16_16_run_din_rsci_din_wait_dp_inst/din_rsci_bcwt_reg/Q (DFFR_X1)     0.09     0.09 f
  inputDoubleBuffer/InputDoubleBuffer_512_16_16_struct_inst/inputDoubleBufferWriter/InputDoubleBufferWriter_512_16_16_run_inst/InputDoubleBufferWriter_512_16_16_run_din_rsci_inst/InputDoubleBufferWriter_512_16_16_run_din_rsci_din_wait_dp_inst/U24/Z (CLKBUF_X2)     0.11 *     0.20 f
  inputDoubleBuffer/InputDoubleBuffer_512_16_16_struct_inst/inputDoubleBufferWriter/InputDoubleBufferWriter_512_16_16_run_inst/InputDoubleBufferWriter_512_16_16_run_din_rsci_inst/InputDoubleBufferWriter_512_16_16_run_din_rsci_din_wait_ctrl_inst/U2/ZN (NOR2_X1)     0.10 *     0.29 r
  inputDoubleBuffer/InputDoubleBuffer_512_16_16_struct_inst/inputDoubleBufferWriter/InputDoubleBufferWriter_512_16_16_run_inst/InputDoubleBufferWriter_512_16_16_run_din_rsci_inst/din_rsci/U1/Z (CLKBUF_X1)     0.04 *     0.34 r
  inputDoubleBuffer/InputDoubleBuffer_512_16_16_struct_inst/InputDoubleBDjtfoem_cns_bctl_inst/U107/Z (CLKBUF_X1)     0.04 *     0.38 r
  input_serial_rsc_rdy (out)                              0.00 *     0.38 r
  data arrival time                                                  0.38

  clock ideal_clock (rise edge)                         100.00     100.00
  clock network delay (ideal)                             0.00     100.00
  output external delay                                   0.00     100.00
  data required time                                               100.00
  --------------------------------------------------------------------------
  data required time                                               100.00
  data arrival time                                                 -0.38
  --------------------------------------------------------------------------
  slack (MET)                                                       99.62


  Startpoint: weightDoubleBuffer/WeightDoubleBuffer_384_16_16_struct_inst/weightDoubleBufferWriter/WeightDoubleBufferWriter_384_16_16_run_inst/reg_paramsIn_crt_sva_116_0_ftd_21_reg_2_
              (rising edge-triggered flip-flop clocked by ideal_clock)
  Endpoint: weightDoubleBuffer/WeightDoubleBuffer_384_16_16_struct_inst/weightDoubleBufferWriter/WeightDoubleBufferWriter_384_16_16_run_inst/WeightDoubleBufferWriter_384_16_16_run_run_fsm_inst/state_var_reg_2_
            (rising edge-triggered flip-flop clocked by ideal_clock)
  Path Group: ideal_clock
  Path Type: max

  Point                                                   Incr       Path
  --------------------------------------------------------------------------
  clock ideal_clock (rise edge)                           0.00       0.00
  clock network delay (ideal)                             0.00       0.00
  weightDoubleBuffer/WeightDoubleBuffer_384_16_16_struct_inst/weightDoubleBufferWriter/WeightDoubleBufferWriter_384_16_16_run_inst/reg_paramsIn_crt_sva_116_0_ftd_21_reg_2_/CK (DFFR_X1)     0.00     0.00 r
  weightDoubleBuffer/WeightDoubleBuffer_384_16_16_struct_inst/weightDoubleBufferWriter/WeightDoubleBufferWriter_384_16_16_run_inst/reg_paramsIn_crt_sva_116_0_ftd_21_reg_2_/Q (DFFR_X1)     0.19     0.19 r
  weightDoubleBuffer/WeightDoubleBuffer_384_16_16_struct_inst/weightDoubleBufferWriter/WeightDoubleBufferWriter_384_16_16_run_inst/mult_x_5/U1480/ZN (INV_X1)     0.06 *     0.25 f
  weightDoubleBuffer/WeightDoubleBuffer_384_16_16_struct_inst/weightDoubleBufferWriter/WeightDoubleBufferWriter_384_16_16_run_inst/mult_x_5/U2700/ZN (OAI22_X1)     0.05 *     0.30 r
  weightDoubleBuffer/WeightDoubleBuffer_384_16_16_struct_inst/weightDoubleBufferWriter/WeightDoubleBufferWriter_384_16_16_run_inst/mult_x_5/U2701/ZN (AND2_X1)     0.09 *     0.39 r
  weightDoubleBuffer/WeightDoubleBuffer_384_16_16_struct_inst/weightDoubleBufferWriter/WeightDoubleBufferWriter_384_16_16_run_inst/mult_x_5/U1889/Z (CLKBUF_X1)     0.13 *     0.51 r
  weightDoubleBuffer/WeightDoubleBuffer_384_16_16_struct_inst/weightDoubleBufferWriter/WeightDoubleBufferWriter_384_16_16_run_inst/mult_x_5/U2956/ZN (AOI222_X1)     0.04 *     0.56 f
  weightDoubleBuffer/WeightDoubleBuffer_384_16_16_struct_inst/weightDoubleBufferWriter/WeightDoubleBufferWriter_384_16_16_run_inst/mult_x_5/U2957/Z (XOR2_X1)     0.07 *     0.63 f
  weightDoubleBuffer/WeightDoubleBuffer_384_16_16_struct_inst/weightDoubleBufferWriter/WeightDoubleBufferWriter_384_16_16_run_inst/mult_x_5/U2966/CO (HA_X1)     0.04 *     0.67 f
  weightDoubleBuffer/WeightDoubleBuffer_384_16_16_struct_inst/weightDoubleBufferWriter/WeightDoubleBufferWriter_384_16_16_run_inst/mult_x_5/U2967/CO (HA_X1)     0.03 *     0.69 f
  weightDoubleBuffer/WeightDoubleBuffer_384_16_16_struct_inst/weightDoubleBufferWriter/WeightDoubleBufferWriter_384_16_16_run_inst/mult_x_5/U2968/CO (FA_X1)     0.07 *     0.76 f
  weightDoubleBuffer/WeightDoubleBuffer_384_16_16_struct_inst/weightDoubleBufferWriter/WeightDoubleBufferWriter_384_16_16_run_inst/mult_x_5/U2969/CO (FA_X1)     0.07 *     0.84 f
  weightDoubleBuffer/WeightDoubleBuffer_384_16_16_struct_inst/weightDoubleBufferWriter/WeightDoubleBufferWriter_384_16_16_run_inst/mult_x_5/U2970/CO (FA_X1)     0.07 *     0.91 f
  weightDoubleBuffer/WeightDoubleBuffer_384_16_16_struct_inst/weightDoubleBufferWriter/WeightDoubleBufferWriter_384_16_16_run_inst/mult_x_5/U2971/CO (FA_X1)     0.07 *     0.98 f
  weightDoubleBuffer/WeightDoubleBuffer_384_16_16_struct_inst/weightDoubleBufferWriter/WeightDoubleBufferWriter_384_16_16_run_inst/mult_x_5/U2972/CO (FA_X1)     0.07 *     1.05 f
  weightDoubleBuffer/WeightDoubleBuffer_384_16_16_struct_inst/weightDoubleBufferWriter/WeightDoubleBufferWriter_384_16_16_run_inst/mult_x_5/U2973/CO (FA_X1)     0.07 *     1.12 f
  weightDoubleBuffer/WeightDoubleBuffer_384_16_16_struct_inst/weightDoubleBufferWriter/WeightDoubleBufferWriter_384_16_16_run_inst/mult_x_5/U2974/CO (FA_X1)     0.07 *     1.20 f
  weightDoubleBuffer/WeightDoubleBuffer_384_16_16_struct_inst/weightDoubleBufferWriter/WeightDoubleBufferWriter_384_16_16_run_inst/mult_x_5/U2975/CO (FA_X1)     0.07 *     1.27 f
  weightDoubleBuffer/WeightDoubleBuffer_384_16_16_struct_inst/weightDoubleBufferWriter/WeightDoubleBufferWriter_384_16_16_run_inst/mult_x_5/U2976/CO (FA_X1)     0.07 *     1.34 f
  weightDoubleBuffer/WeightDoubleBuffer_384_16_16_struct_inst/weightDoubleBufferWriter/WeightDoubleBufferWriter_384_16_16_run_inst/mult_x_5/U2977/CO (FA_X1)     0.07 *     1.41 f
  weightDoubleBuffer/WeightDoubleBuffer_384_16_16_struct_inst/weightDoubleBufferWriter/WeightDoubleBufferWriter_384_16_16_run_inst/mult_x_5/U2978/CO (FA_X1)     0.07 *     1.49 f
  weightDoubleBuffer/WeightDoubleBuffer_384_16_16_struct_inst/weightDoubleBufferWriter/WeightDoubleBufferWriter_384_16_16_run_inst/mult_x_5/U2979/CO (FA_X1)     0.07 *     1.56 f
  weightDoubleBuffer/WeightDoubleBuffer_384_16_16_struct_inst/weightDoubleBufferWriter/WeightDoubleBufferWriter_384_16_16_run_inst/mult_x_5/U2980/CO (FA_X1)     0.07 *     1.63 f
  weightDoubleBuffer/WeightDoubleBuffer_384_16_16_struct_inst/weightDoubleBufferWriter/WeightDoubleBufferWriter_384_16_16_run_inst/mult_x_5/U2981/CO (FA_X1)     0.07 *     1.70 f
  weightDoubleBuffer/WeightDoubleBuffer_384_16_16_struct_inst/weightDoubleBufferWriter/WeightDoubleBufferWriter_384_16_16_run_inst/mult_x_5/U2982/CO (FA_X1)     0.07 *     1.77 f
  weightDoubleBuffer/WeightDoubleBuffer_384_16_16_struct_inst/weightDoubleBufferWriter/WeightDoubleBufferWriter_384_16_16_run_inst/mult_x_5/U2983/CO (FA_X1)     0.07 *     1.85 f
  weightDoubleBuffer/WeightDoubleBuffer_384_16_16_struct_inst/weightDoubleBufferWriter/WeightDoubleBufferWriter_384_16_16_run_inst/mult_x_5/U2984/CO (FA_X1)     0.07 *     1.92 f
  weightDoubleBuffer/WeightDoubleBuffer_384_16_16_struct_inst/weightDoubleBufferWriter/WeightDoubleBufferWriter_384_16_16_run_inst/mult_x_5/U2985/CO (FA_X1)     0.07 *     1.99 f
  weightDoubleBuffer/WeightDoubleBuffer_384_16_16_struct_inst/weightDoubleBufferWriter/WeightDoubleBufferWriter_384_16_16_run_inst/mult_x_5/U2986/CO (FA_X1)     0.07 *     2.06 f
  weightDoubleBuffer/WeightDoubleBuffer_384_16_16_struct_inst/weightDoubleBufferWriter/WeightDoubleBufferWriter_384_16_16_run_inst/mult_x_5/U2987/CO (FA_X1)     0.07 *     2.13 f
  weightDoubleBuffer/WeightDoubleBuffer_384_16_16_struct_inst/weightDoubleBufferWriter/WeightDoubleBufferWriter_384_16_16_run_inst/mult_x_5/U2988/CO (FA_X1)     0.07 *     2.21 f
  weightDoubleBuffer/WeightDoubleBuffer_384_16_16_struct_inst/weightDoubleBufferWriter/WeightDoubleBufferWriter_384_16_16_run_inst/mult_x_5/U2989/CO (FA_X1)     0.07 *     2.28 f
  weightDoubleBuffer/WeightDoubleBuffer_384_16_16_struct_inst/weightDoubleBufferWriter/WeightDoubleBufferWriter_384_16_16_run_inst/mult_x_5/U2990/CO (FA_X1)     0.07 *     2.35 f
  weightDoubleBuffer/WeightDoubleBuffer_384_16_16_struct_inst/weightDoubleBufferWriter/WeightDoubleBufferWriter_384_16_16_run_inst/mult_x_5/U2991/CO (FA_X1)     0.07 *     2.42 f
  weightDoubleBuffer/WeightDoubleBuffer_384_16_16_struct_inst/weightDoubleBufferWriter/WeightDoubleBufferWriter_384_16_16_run_inst/mult_x_5/U2992/CO (FA_X1)     0.07 *     2.50 f
  weightDoubleBuffer/WeightDoubleBuffer_384_16_16_struct_inst/weightDoubleBufferWriter/WeightDoubleBufferWriter_384_16_16_run_inst/mult_x_5/U2993/CO (FA_X1)     0.07 *     2.57 f
  weightDoubleBuffer/WeightDoubleBuffer_384_16_16_struct_inst/weightDoubleBufferWriter/WeightDoubleBufferWriter_384_16_16_run_inst/mult_x_5/U2994/CO (FA_X1)     0.07 *     2.64 f
  weightDoubleBuffer/WeightDoubleBuffer_384_16_16_struct_inst/weightDoubleBufferWriter/WeightDoubleBufferWriter_384_16_16_run_inst/mult_x_5/U2995/CO (FA_X1)     0.07 *     2.71 f
  weightDoubleBuffer/WeightDoubleBuffer_384_16_16_struct_inst/weightDoubleBufferWriter/WeightDoubleBufferWriter_384_16_16_run_inst/mult_x_5/U2996/CO (FA_X1)     0.07 *     2.78 f
  weightDoubleBuffer/WeightDoubleBuffer_384_16_16_struct_inst/weightDoubleBufferWriter/WeightDoubleBufferWriter_384_16_16_run_inst/mult_x_5/U2997/CO (FA_X1)     0.07 *     2.86 f
  weightDoubleBuffer/WeightDoubleBuffer_384_16_16_struct_inst/weightDoubleBufferWriter/WeightDoubleBufferWriter_384_16_16_run_inst/mult_x_5/U2998/CO (FA_X1)     0.07 *     2.93 f
  weightDoubleBuffer/WeightDoubleBuffer_384_16_16_struct_inst/weightDoubleBufferWriter/WeightDoubleBufferWriter_384_16_16_run_inst/mult_x_5/U2999/CO (FA_X1)     0.07 *     3.00 f
  weightDoubleBuffer/WeightDoubleBuffer_384_16_16_struct_inst/weightDoubleBufferWriter/WeightDoubleBufferWriter_384_16_16_run_inst/mult_x_5/U3000/CO (FA_X1)     0.07 *     3.07 f
  weightDoubleBuffer/WeightDoubleBuffer_384_16_16_struct_inst/weightDoubleBufferWriter/WeightDoubleBufferWriter_384_16_16_run_inst/mult_x_5/U3001/CO (FA_X1)     0.07 *     3.14 f
  weightDoubleBuffer/WeightDoubleBuffer_384_16_16_struct_inst/weightDoubleBufferWriter/WeightDoubleBufferWriter_384_16_16_run_inst/mult_x_5/U3002/CO (FA_X1)     0.07 *     3.21 f
  weightDoubleBuffer/WeightDoubleBuffer_384_16_16_struct_inst/weightDoubleBufferWriter/WeightDoubleBufferWriter_384_16_16_run_inst/mult_x_5/U3003/CO (FA_X1)     0.07 *     3.28 f
  weightDoubleBuffer/WeightDoubleBuffer_384_16_16_struct_inst/weightDoubleBufferWriter/WeightDoubleBufferWriter_384_16_16_run_inst/mult_x_5/U3004/CO (FA_X1)     0.07 *     3.36 f
  weightDoubleBuffer/WeightDoubleBuffer_384_16_16_struct_inst/weightDoubleBufferWriter/WeightDoubleBufferWriter_384_16_16_run_inst/mult_x_5/U3005/CO (FA_X1)     0.07 *     3.43 f
  weightDoubleBuffer/WeightDoubleBuffer_384_16_16_struct_inst/weightDoubleBufferWriter/WeightDoubleBufferWriter_384_16_16_run_inst/mult_x_5/U3006/CO (FA_X1)     0.07 *     3.50 f
  weightDoubleBuffer/WeightDoubleBuffer_384_16_16_struct_inst/weightDoubleBufferWriter/WeightDoubleBufferWriter_384_16_16_run_inst/mult_x_5/U3007/CO (FA_X1)     0.07 *     3.57 f
  weightDoubleBuffer/WeightDoubleBuffer_384_16_16_struct_inst/weightDoubleBufferWriter/WeightDoubleBufferWriter_384_16_16_run_inst/mult_x_5/U3008/CO (FA_X1)     0.07 *     3.64 f
  weightDoubleBuffer/WeightDoubleBuffer_384_16_16_struct_inst/weightDoubleBufferWriter/WeightDoubleBufferWriter_384_16_16_run_inst/mult_x_5/U3009/CO (FA_X1)     0.07 *     3.71 f
  weightDoubleBuffer/WeightDoubleBuffer_384_16_16_struct_inst/weightDoubleBufferWriter/WeightDoubleBufferWriter_384_16_16_run_inst/mult_x_5/U3010/CO (FA_X1)     0.07 *     3.79 f
  weightDoubleBuffer/WeightDoubleBuffer_384_16_16_struct_inst/weightDoubleBufferWriter/WeightDoubleBufferWriter_384_16_16_run_inst/mult_x_5/U3011/CO (FA_X1)     0.07 *     3.86 f
  weightDoubleBuffer/WeightDoubleBuffer_384_16_16_struct_inst/weightDoubleBufferWriter/WeightDoubleBufferWriter_384_16_16_run_inst/mult_x_5/U3012/CO (FA_X1)     0.07 *     3.93 f
  weightDoubleBuffer/WeightDoubleBuffer_384_16_16_struct_inst/weightDoubleBufferWriter/WeightDoubleBufferWriter_384_16_16_run_inst/mult_x_5/U3013/CO (FA_X1)     0.07 *     4.00 f
  weightDoubleBuffer/WeightDoubleBuffer_384_16_16_struct_inst/weightDoubleBufferWriter/WeightDoubleBufferWriter_384_16_16_run_inst/mult_x_5/U3014/CO (FA_X1)     0.07 *     4.07 f
  weightDoubleBuffer/WeightDoubleBuffer_384_16_16_struct_inst/weightDoubleBufferWriter/WeightDoubleBufferWriter_384_16_16_run_inst/mult_x_5/U3015/CO (FA_X1)     0.07 *     4.14 f
  weightDoubleBuffer/WeightDoubleBuffer_384_16_16_struct_inst/weightDoubleBufferWriter/WeightDoubleBufferWriter_384_16_16_run_inst/mult_x_5/U3016/CO (FA_X1)     0.07 *     4.22 f
  weightDoubleBuffer/WeightDoubleBuffer_384_16_16_struct_inst/weightDoubleBufferWriter/WeightDoubleBufferWriter_384_16_16_run_inst/mult_x_5/U3017/CO (FA_X1)     0.07 *     4.29 f
  weightDoubleBuffer/WeightDoubleBuffer_384_16_16_struct_inst/weightDoubleBufferWriter/WeightDoubleBufferWriter_384_16_16_run_inst/mult_x_5/U3018/CO (FA_X1)     0.07 *     4.36 f
  weightDoubleBuffer/WeightDoubleBuffer_384_16_16_struct_inst/weightDoubleBufferWriter/WeightDoubleBufferWriter_384_16_16_run_inst/mult_x_5/U3019/CO (FA_X1)     0.07 *     4.43 f
  weightDoubleBuffer/WeightDoubleBuffer_384_16_16_struct_inst/weightDoubleBufferWriter/WeightDoubleBufferWriter_384_16_16_run_inst/mult_x_5/U3020/CO (FA_X1)     0.07 *     4.50 f
  weightDoubleBuffer/WeightDoubleBuffer_384_16_16_struct_inst/weightDoubleBufferWriter/WeightDoubleBufferWriter_384_16_16_run_inst/mult_x_5/U3021/CO (FA_X1)     0.07 *     4.57 f
  weightDoubleBuffer/WeightDoubleBuffer_384_16_16_struct_inst/weightDoubleBufferWriter/WeightDoubleBufferWriter_384_16_16_run_inst/mult_x_5/U3022/CO (FA_X1)     0.07 *     4.65 f
  weightDoubleBuffer/WeightDoubleBuffer_384_16_16_struct_inst/weightDoubleBufferWriter/WeightDoubleBufferWriter_384_16_16_run_inst/mult_x_5/U3023/CO (FA_X1)     0.07 *     4.72 f
  weightDoubleBuffer/WeightDoubleBuffer_384_16_16_struct_inst/weightDoubleBufferWriter/WeightDoubleBufferWriter_384_16_16_run_inst/mult_x_5/U3024/CO (FA_X1)     0.07 *     4.79 f
  weightDoubleBuffer/WeightDoubleBuffer_384_16_16_struct_inst/weightDoubleBufferWriter/WeightDoubleBufferWriter_384_16_16_run_inst/mult_x_5/U3025/CO (FA_X1)     0.07 *     4.86 f
  weightDoubleBuffer/WeightDoubleBuffer_384_16_16_struct_inst/weightDoubleBufferWriter/WeightDoubleBufferWriter_384_16_16_run_inst/mult_x_5/U3026/CO (FA_X1)     0.07 *     4.93 f
  weightDoubleBuffer/WeightDoubleBuffer_384_16_16_struct_inst/weightDoubleBufferWriter/WeightDoubleBufferWriter_384_16_16_run_inst/mult_x_5/U3027/CO (FA_X1)     0.07 *     5.00 f
  weightDoubleBuffer/WeightDoubleBuffer_384_16_16_struct_inst/weightDoubleBufferWriter/WeightDoubleBufferWriter_384_16_16_run_inst/mult_x_5/U2963/Z (XOR2_X1)     0.05 *     5.06 f
  weightDoubleBuffer/WeightDoubleBuffer_384_16_16_struct_inst/weightDoubleBufferWriter/WeightDoubleBufferWriter_384_16_16_run_inst/mult_x_5/U2964/ZN (XNOR2_X1)     0.04 *     5.10 f
  weightDoubleBuffer/WeightDoubleBuffer_384_16_16_struct_inst/weightDoubleBufferWriter/WeightDoubleBufferWriter_384_16_16_run_inst/U48/ZN (INV_X1)     0.01 *     5.11 r
  weightDoubleBuffer/WeightDoubleBuffer_384_16_16_struct_inst/weightDoubleBufferWriter/WeightDoubleBufferWriter_384_16_16_run_inst/add_x_3/U85/ZN (NAND4_X1)     0.03 *     5.14 f
  weightDoubleBuffer/WeightDoubleBuffer_384_16_16_struct_inst/weightDoubleBufferWriter/WeightDoubleBufferWriter_384_16_16_run_inst/add_x_3/U87/ZN (NOR4_X1)     0.09 *     5.23 r
  weightDoubleBuffer/WeightDoubleBuffer_384_16_16_struct_inst/weightDoubleBufferWriter/WeightDoubleBufferWriter_384_16_16_run_inst/add_x_3/U88/ZN (NAND4_X1)     0.10 *     5.33 f
  weightDoubleBuffer/WeightDoubleBuffer_384_16_16_struct_inst/weightDoubleBufferWriter/WeightDoubleBufferWriter_384_16_16_run_inst/U112/ZN (AOI22_X1)     0.12 *     5.45 r
  weightDoubleBuffer/WeightDoubleBuffer_384_16_16_struct_inst/weightDoubleBufferWriter/WeightDoubleBufferWriter_384_16_16_run_inst/WeightDoubleBufferWriter_384_16_16_run_run_fsm_inst/U19/ZN (OAI22_X1)     0.03 *     5.48 f
  weightDoubleBuffer/WeightDoubleBuffer_384_16_16_struct_inst/weightDoubleBufferWriter/WeightDoubleBufferWriter_384_16_16_run_inst/WeightDoubleBufferWriter_384_16_16_run_run_fsm_inst/U20/ZN (AOI221_X1)     0.08 *     5.56 r
  weightDoubleBuffer/WeightDoubleBuffer_384_16_16_struct_inst/weightDoubleBufferWriter/WeightDoubleBufferWriter_384_16_16_run_inst/WeightDoubleBufferWriter_384_16_16_run_run_fsm_inst/U21/ZN (OAI221_X1)     0.04 *     5.60 f
  weightDoubleBuffer/WeightDoubleBuffer_384_16_16_struct_inst/weightDoubleBufferWriter/WeightDoubleBufferWriter_384_16_16_run_inst/WeightDoubleBufferWriter_384_16_16_run_run_fsm_inst/state_var_reg_2_/D (DFFR_X1)     0.00 *     5.60 f
  data arrival time                                                  5.60

  clock ideal_clock (rise edge)                         100.00     100.00
  clock network delay (ideal)                             0.00     100.00
  weightDoubleBuffer/WeightDoubleBuffer_384_16_16_struct_inst/weightDoubleBufferWriter/WeightDoubleBufferWriter_384_16_16_run_inst/WeightDoubleBufferWriter_384_16_16_run_run_fsm_inst/state_var_reg_2_/CK (DFFR_X1)     0.00   100.00 r
  library setup time                                     -0.04      99.96
  data required time                                                99.96
  --------------------------------------------------------------------------
  data required time                                                99.96
  data arrival time                                                 -5.60
  --------------------------------------------------------------------------
  slack (MET)                                                       94.36


  Startpoint: paramsIn_rsc_dat[9]
              (input port clocked by ideal_clock)
  Endpoint: paramsDeserializer_1/ParamsDeserializer_run_inst/ParamsDeserializer_run_inputChannel_rsci_inst/ParamsDeserializer_run_inputChannel_rsci_inputChannel_wait_dp_inst/inputChannel_rsci_idat_bfwt_reg_9_
            (rising edge-triggered flip-flop clocked by ideal_clock)
  Path Group: REGIN
  Path Type: min

  Point                                                   Incr       Path
  --------------------------------------------------------------------------
  clock ideal_clock (rise edge)                           0.00       0.00
  clock network delay (ideal)                             0.00       0.00
  input external delay                                   50.00      50.00 r
  paramsIn_rsc_dat[9] (in)                                0.00      50.00 r
  paramsDeserializer_1/ParamsDeserializer_run_inst/ParamsDeserializer_run_inputChannel_rsci_inst/inputChannel_rsci/U12/Z (CLKBUF_X1)     0.03 *    50.03 r
  paramsDeserializer_1/ParamsDeserializer_run_inst/ParamsDeserializer_run_inputChannel_rsci_inst/ParamsDeserializer_run_inputChannel_rsci_inputChannel_wait_dp_inst/U17/Z (MUX2_X1)     0.06 *    50.09 r
  paramsDeserializer_1/ParamsDeserializer_run_inst/ParamsDeserializer_run_inputChannel_rsci_inst/ParamsDeserializer_run_inputChannel_rsci_inputChannel_wait_dp_inst/inputChannel_rsci_idat_bfwt_reg_9_/D (DFFR_X1)     0.00 *    50.09 r
  data arrival time                                                 50.09

  clock ideal_clock (rise edge)                           0.00       0.00
  clock network delay (ideal)                             0.00       0.00
  paramsDeserializer_1/ParamsDeserializer_run_inst/ParamsDeserializer_run_inputChannel_rsci_inst/ParamsDeserializer_run_inputChannel_rsci_inputChannel_wait_dp_inst/inputChannel_rsci_idat_bfwt_reg_9_/CK (DFFR_X1)     0.00     0.00 r
  library hold time                                       0.01       0.01
  data required time                                                 0.01
  --------------------------------------------------------------------------
  data required time                                                 0.01
  data arrival time                                                -50.09
  --------------------------------------------------------------------------
  slack (MET)                                                       50.08


  Startpoint: outputSerializer/Serializer_PackedInt_16UL_16UL_ODTYPE_16_run_inst/serialOutChannel_rsci_idat_reg_14_
              (rising edge-triggered flip-flop clocked by ideal_clock)
  Endpoint: output_serial_rsc_dat[14]
            (output port clocked by ideal_clock)
  Path Group: REGOUT
  Path Type: min

  Point                                                   Incr       Path
  --------------------------------------------------------------------------
  clock ideal_clock (rise edge)                           0.00       0.00
  clock network delay (ideal)                             0.00       0.00
  outputSerializer/Serializer_PackedInt_16UL_16UL_ODTYPE_16_run_inst/serialOutChannel_rsci_idat_reg_14_/CK (DFFR_X1)     0.00     0.00 r
  outputSerializer/Serializer_PackedInt_16UL_16UL_ODTYPE_16_run_inst/serialOutChannel_rsci_idat_reg_14_/Q (DFFR_X1)     0.08     0.08 f
  outputSerializer/Serializer_PackedInt_16UL_16UL_ODTYPE_16_run_inst/Serializer_PackedInt_16UL_16UL_ODTYPE_16_run_serialOutChannel_rsci_inst/serialOutChannel_rsci/U17/Z (CLKBUF_X1)     0.05 *     0.13 f
  output_serial_rsc_dat[14] (out)                         0.00 *     0.13 f
  data arrival time                                                  0.13

  clock ideal_clock (rise edge)                           0.00       0.00
  clock network delay (ideal)                             0.00       0.00
  output external delay                                   0.00       0.00
  data required time                                                 0.00
  --------------------------------------------------------------------------
  data required time                                                 0.00
  data arrival time                                                 -0.13
  --------------------------------------------------------------------------
  slack (MET)                                                        0.13


  Startpoint: outputSerializer/Serializer_PackedInt_16UL_16UL_ODTYPE_16_run_inst/Serializer_PackedInt_16UL_16UL_ODTYPE_16_run_run_fsm_inst/state_var_reg_0_
              (rising edge-triggered flip-flop clocked by ideal_clock)
  Endpoint: outputSerializer/Serializer_PackedInt_16UL_16UL_ODTYPE_16_run_inst/reg_serialOutChannel_rsci_ivld_run_psct_cse_reg
            (rising edge-triggered flip-flop clocked by ideal_clock)
  Path Group: ideal_clock
  Path Type: min

  Point                                                   Incr       Path
  --------------------------------------------------------------------------
  clock ideal_clock (rise edge)                           0.00       0.00
  clock network delay (ideal)                             0.00       0.00
  outputSerializer/Serializer_PackedInt_16UL_16UL_ODTYPE_16_run_inst/Serializer_PackedInt_16UL_16UL_ODTYPE_16_run_run_fsm_inst/state_var_reg_0_/CK (SDFFR_X1)     0.00     0.00 r
  outputSerializer/Serializer_PackedInt_16UL_16UL_ODTYPE_16_run_inst/Serializer_PackedInt_16UL_16UL_ODTYPE_16_run_run_fsm_inst/state_var_reg_0_/Q (SDFFR_X1)     0.08     0.08 r
  outputSerializer/Serializer_PackedInt_16UL_16UL_ODTYPE_16_run_inst/reg_serialOutChannel_rsci_ivld_run_psct_cse_reg/D (DFFR_X1)     0.00 *     0.08 r
  data arrival time                                                  0.08

  clock ideal_clock (rise edge)                           0.00       0.00
  clock network delay (ideal)                             0.00       0.00
  outputSerializer/Serializer_PackedInt_16UL_16UL_ODTYPE_16_run_inst/reg_serialOutChannel_rsci_ivld_run_psct_cse_reg/CK (DFFR_X1)     0.00     0.00 r
  library hold time                                       0.01       0.01
  data required time                                                 0.01
  --------------------------------------------------------------------------
  data required time                                                 0.01
  data arrival time                                                 -0.08
  --------------------------------------------------------------------------
  slack (MET)                                                        0.07


    Net: systolicArray/systolicArrayCore/SystolicArrayCore_IDTYPE_WDTYPE_ODTYPE_16_16_struct_inst/accumulation_buffer_rsc_0_0_addr[1]

    max_transition         0.20
  - Transition Time        0.16
  ------------------------------
    Slack                  0.04  (MET)


    Net: inputDoubleBuffer/InputDoubleBuffer_512_16_16_struct_inst/n265

    max_fanout            20.00
  - Fanout                22.00
  ------------------------------
    Slack                 -2.00  (VIOLATED)


    Net: systolicArray/systolicArrayCore/SystolicArrayCore_IDTYPE_WDTYPE_ODTYPE_16_16_struct_inst/accumulation_buffer_rsc_0_0_addr[1]

    max_capacitance       24.60
  - Capacitance           31.35
  ------------------------------
    Slack                 -6.74  (VIOLATED)


    Design: Conv

    max_leakage_power          0.00
  - Current Leakage Power  3179164.50
  ----------------------------------
    Slack                  -3179164.50  (VIOLATED)


    Net: systolicArray/systolicArrayCore/SystolicArrayCore_IDTYPE_WDTYPE_ODTYPE_16_16_struct_inst/SystolicArrayCore_IDTYPE_WDTYPE_ODTYPE_16_16_run_inst/SystolicArrayCore_IDTYPE_WDTYPE_ODTYPE_16_16_run_accumulation_buffer_rsc_0_0_i_1_inst/SystolicArrayCore_IDTYPE_WDTYPE_ODTYPE_16_16_run_accumulation_buffer_rsc_0_0_i_1_accumulation_buffer_rsc_0_0_wait_dp_inst/accumulation_buffer_rsc_0_0_i_addr_d[11]

    multiport_net          0.00
  - actual cost            5.00
  ------------------------------
    Violation             -5.00  (VIOLATED)


Min pulse width constraints

                       Required      Actual
  Pin                pulse width   pulse width   Slack           Scenario
--------------------------------------------------------------------------------
  paramsDeserializer_1/ParamsDeserializer_run_inst/clk_gate_reg_outputChannel3_rsci_idat_143_128_cse_reg/latch/CK(low)  0.08 50.00 49.92 (MET)

1
