Warning: Design 'Conv' has '5' unresolved references. For more detailed information, use the "link" command. (UID-341)
 
****************************************
Report : constraint
        -verbose
Design : Conv
Version: L-2016.03-SP5-5
Date   : Sun Feb 23 21:29:18 2020
****************************************


  Startpoint: input_serial_rsc_vld
              (input port clocked by ideal_clock)
  Endpoint: inputDoubleBuffer/InputDoubleBuffer_512_16_16_struct_inst/mem_cns_comp/output_mem_select_reg_3_
            (rising edge-triggered flip-flop clocked by ideal_clock)
  Path Group: REGIN
  Path Type: max

  Point                                                   Incr       Path
  --------------------------------------------------------------------------
  clock ideal_clock (rise edge)                           0.00       0.00
  clock network delay (ideal)                             0.00       0.00
  input external delay                                    5.00       5.00 r
  input_serial_rsc_vld (in)                               0.00       5.00 r
  inputDoubleBuffer/InputDoubleBuffer_512_16_16_struct_inst/inputDoubleBufferWriter/InputDoubleBufferWriter_512_16_16_run_inst/InputDoubleBufferWriter_512_16_16_run_din_rsci_inst/din_rsci/U2/Z (CLKBUF_X1)     0.04 *     5.05 r
  inputDoubleBuffer/InputDoubleBuffer_512_16_16_struct_inst/inputDoubleBufferWriter/InputDoubleBufferWriter_512_16_16_run_inst/InputDoubleBufferWriter_512_16_16_run_din_rsci_inst/InputDoubleBufferWriter_512_16_16_run_din_rsci_din_wait_ctrl_inst/U3/ZN (AND2_X1)     0.04 *     5.09 r
  inputDoubleBuffer/InputDoubleBuffer_512_16_16_struct_inst/inputDoubleBufferWriter/InputDoubleBufferWriter_512_16_16_run_inst/InputDoubleBufferWriter_512_16_16_run_din_rsci_inst/InputDoubleBufferWriter_512_16_16_run_din_rsci_din_wait_dp_inst/U3/ZN (NOR2_X1)     0.02 *     5.10 f
  inputDoubleBuffer/InputDoubleBuffer_512_16_16_struct_inst/inputDoubleBufferWriter/InputDoubleBufferWriter_512_16_16_run_inst/InputDoubleBufferWriter_512_16_16_run_din_rsci_inst/InputDoubleBufferWriter_512_16_16_run_din_rsci_din_wait_dp_inst/U4/ZN (NAND2_X1)     0.02 *     5.12 r
  inputDoubleBuffer/InputDoubleBuffer_512_16_16_struct_inst/inputDoubleBufferWriter/InputDoubleBufferWriter_512_16_16_run_inst/InputDoubleBufferWriter_512_16_16_run_staller_inst/U3/ZN (NAND3_X1)     0.02 *     5.15 f
  inputDoubleBuffer/InputDoubleBuffer_512_16_16_struct_inst/inputDoubleBufferWriter/InputDoubleBufferWriter_512_16_16_run_inst/InputDoubleBufferWriter_512_16_16_run_staller_inst/U4/ZN (INV_X1)     0.06 *     5.21 r
  inputDoubleBuffer/InputDoubleBuffer_512_16_16_struct_inst/inputDoubleBufferWriter/InputDoubleBufferWriter_512_16_16_run_inst/U150/ZN (INV_X1)     0.08 *     5.29 f
  inputDoubleBuffer/InputDoubleBuffer_512_16_16_struct_inst/inputDoubleBufferWriter/InputDoubleBufferWriter_512_16_16_run_inst/InputDoubleBufferWriter_512_16_16_run_dout_rsci_1_inst/InputDoubleBufferWriter_512_16_16_run_dout_rsci_1_dout_rsc_wait_ctrl_inst/U2/ZN (NOR2_X1)     0.05 *     5.34 r
  inputDoubleBuffer/InputDoubleBuffer_512_16_16_struct_inst/inputDoubleBufferWriter/InputDoubleBufferWriter_512_16_16_run_inst/InputDoubleBufferWriter_512_16_16_run_dout_rsci_1_inst/U1/ZN (INV_X1)     0.02 *     5.36 f
  inputDoubleBuffer/InputDoubleBuffer_512_16_16_struct_inst/inputDoubleBufferWriter/U3/ZN (INV_X1)     0.02 *     5.38 r
  inputDoubleBuffer/InputDoubleBuffer_512_16_16_struct_inst/inputDoubleBufferWriter/dout_rsci/U142/ZN (INV_X1)     0.01 *     5.39 f
  inputDoubleBuffer/InputDoubleBuffer_512_16_16_struct_inst/InputDoubleBDjtfoem_cns_bctl_inst/U309/ZN (NOR3_X1)     0.05 *     5.43 r
  inputDoubleBuffer/InputDoubleBuffer_512_16_16_struct_inst/InputDoubleBDjtfoem_cns_bctl_inst/U310/ZN (AOI22_X1)     0.03 *     5.47 f
  inputDoubleBuffer/InputDoubleBuffer_512_16_16_struct_inst/mem_cns_comp/U1711/ZN (NOR2_X1)     0.07 *     5.53 r
  inputDoubleBuffer/InputDoubleBuffer_512_16_16_struct_inst/mem_cns_comp/U1712/ZN (INV_X1)     0.02 *     5.56 f
  inputDoubleBuffer/InputDoubleBuffer_512_16_16_struct_inst/mem_cns_comp/U1713/ZN (AOI22_X1)     0.05 *     5.60 r
  inputDoubleBuffer/InputDoubleBuffer_512_16_16_struct_inst/mem_cns_comp/output_mem_select_reg_3_/D (DFF_X1)     0.00 *     5.60 r
  data arrival time                                                  5.60

  clock ideal_clock (rise edge)                          10.00      10.00
  clock network delay (ideal)                             0.00      10.00
  inputDoubleBuffer/InputDoubleBuffer_512_16_16_struct_inst/mem_cns_comp/output_mem_select_reg_3_/CK (DFF_X1)     0.00    10.00 r
  library setup time                                     -0.04       9.96
  data required time                                                 9.96
  --------------------------------------------------------------------------
  data required time                                                 9.96
  data arrival time                                                 -5.60
  --------------------------------------------------------------------------
  slack (MET)                                                        4.36


  Startpoint: inputDoubleBuffer/InputDoubleBuffer_512_16_16_struct_inst/inputDoubleBufferWriter/InputDoubleBufferWriter_512_16_16_run_inst/InputDoubleBufferWriter_512_16_16_run_din_rsci_inst/InputDoubleBufferWriter_512_16_16_run_din_rsci_din_wait_dp_inst/din_rsci_bcwt_reg
              (rising edge-triggered flip-flop clocked by ideal_clock)
  Endpoint: input_serial_rsc_rdy
            (output port clocked by ideal_clock)
  Path Group: REGOUT
  Path Type: max

  Point                                                   Incr       Path
  --------------------------------------------------------------------------
  clock ideal_clock (rise edge)                           0.00       0.00
  clock network delay (ideal)                             0.00       0.00
  inputDoubleBuffer/InputDoubleBuffer_512_16_16_struct_inst/inputDoubleBufferWriter/InputDoubleBufferWriter_512_16_16_run_inst/InputDoubleBufferWriter_512_16_16_run_din_rsci_inst/InputDoubleBufferWriter_512_16_16_run_din_rsci_din_wait_dp_inst/din_rsci_bcwt_reg/CK (DFFR_X1)     0.00     0.00 r
  inputDoubleBuffer/InputDoubleBuffer_512_16_16_struct_inst/inputDoubleBufferWriter/InputDoubleBufferWriter_512_16_16_run_inst/InputDoubleBufferWriter_512_16_16_run_din_rsci_inst/InputDoubleBufferWriter_512_16_16_run_din_rsci_din_wait_dp_inst/din_rsci_bcwt_reg/Q (DFFR_X1)     0.09     0.09 f
  inputDoubleBuffer/InputDoubleBuffer_512_16_16_struct_inst/inputDoubleBufferWriter/InputDoubleBufferWriter_512_16_16_run_inst/InputDoubleBufferWriter_512_16_16_run_din_rsci_inst/InputDoubleBufferWriter_512_16_16_run_din_rsci_din_wait_dp_inst/U24/Z (CLKBUF_X2)     0.12 *     0.21 f
  inputDoubleBuffer/InputDoubleBuffer_512_16_16_struct_inst/inputDoubleBufferWriter/InputDoubleBufferWriter_512_16_16_run_inst/InputDoubleBufferWriter_512_16_16_run_din_rsci_inst/InputDoubleBufferWriter_512_16_16_run_din_rsci_din_wait_ctrl_inst/U2/ZN (NOR2_X1)     0.19 *     0.40 r
  inputDoubleBuffer/InputDoubleBuffer_512_16_16_struct_inst/inputDoubleBufferWriter/InputDoubleBufferWriter_512_16_16_run_inst/InputDoubleBufferWriter_512_16_16_run_din_rsci_inst/din_rsci/U1/Z (CLKBUF_X1)     0.06 *     0.46 r
  inputDoubleBuffer/InputDoubleBuffer_512_16_16_struct_inst/InputDoubleBDjtfoem_cns_bctl_inst/U149/Z (CLKBUF_X1)     0.04 *     0.50 r
  input_serial_rsc_rdy (out)                              0.00 *     0.50 r
  data arrival time                                                  0.50

  clock ideal_clock (rise edge)                          10.00      10.00
  clock network delay (ideal)                             0.00      10.00
  output external delay                                   0.00      10.00
  data required time                                                10.00
  --------------------------------------------------------------------------
  data required time                                                10.00
  data arrival time                                                 -0.50
  --------------------------------------------------------------------------
  slack (MET)                                                        9.50


  Startpoint: weightDoubleBuffer/WeightDoubleBuffer_384_16_16_struct_inst/weightDoubleBufferReader/WeightDoubleBufferReader_384_16_16_run_inst/reg_paramsIn_crt_sva_127_0_ftd_reg_2_
              (rising edge-triggered flip-flop clocked by ideal_clock)
  Endpoint: weightDoubleBuffer/WeightDoubleBuffer_384_16_16_struct_inst/weightDoubleBufferReader/WeightDoubleBufferReader_384_16_16_run_inst/total_blocks_lpi_3_reg_63_
            (rising edge-triggered flip-flop clocked by ideal_clock)
  Path Group: ideal_clock
  Path Type: max

  Point                                                   Incr       Path
  --------------------------------------------------------------------------
  clock ideal_clock (rise edge)                           0.00       0.00
  clock network delay (ideal)                             0.00       0.00
  weightDoubleBuffer/WeightDoubleBuffer_384_16_16_struct_inst/weightDoubleBufferReader/WeightDoubleBufferReader_384_16_16_run_inst/reg_paramsIn_crt_sva_127_0_ftd_reg_2_/CK (DFFR_X1)     0.00     0.00 r
  weightDoubleBuffer/WeightDoubleBuffer_384_16_16_struct_inst/weightDoubleBufferReader/WeightDoubleBufferReader_384_16_16_run_inst/reg_paramsIn_crt_sva_127_0_ftd_reg_2_/Q (DFFR_X1)     0.19     0.19 r
  weightDoubleBuffer/WeightDoubleBuffer_384_16_16_struct_inst/weightDoubleBufferReader/WeightDoubleBufferReader_384_16_16_run_inst/mult_x_16/U1502/Z (CLKBUF_X1)     0.09 *     0.28 r
  weightDoubleBuffer/WeightDoubleBuffer_384_16_16_struct_inst/weightDoubleBufferReader/WeightDoubleBufferReader_384_16_16_run_inst/mult_x_16/U1504/ZN (INV_X1)     0.05 *     0.33 f
  weightDoubleBuffer/WeightDoubleBuffer_384_16_16_struct_inst/weightDoubleBufferReader/WeightDoubleBufferReader_384_16_16_run_inst/mult_x_16/U2190/Z (XOR2_X1)     0.07 *     0.40 f
  weightDoubleBuffer/WeightDoubleBuffer_384_16_16_struct_inst/weightDoubleBufferReader/WeightDoubleBufferReader_384_16_16_run_inst/mult_x_16/U2191/ZN (NOR2_X1)     0.15 *     0.55 r
  weightDoubleBuffer/WeightDoubleBuffer_384_16_16_struct_inst/weightDoubleBufferReader/WeightDoubleBufferReader_384_16_16_run_inst/mult_x_16/U2688/ZN (AOI222_X1)     0.05 *     0.60 f
  weightDoubleBuffer/WeightDoubleBuffer_384_16_16_struct_inst/weightDoubleBufferReader/WeightDoubleBufferReader_384_16_16_run_inst/mult_x_16/U2689/Z (XOR2_X1)     0.07 *     0.67 f
  weightDoubleBuffer/WeightDoubleBuffer_384_16_16_struct_inst/weightDoubleBufferReader/WeightDoubleBufferReader_384_16_16_run_inst/mult_x_16/U2948/S (HA_X1)     0.06 *     0.73 f
  weightDoubleBuffer/WeightDoubleBuffer_384_16_16_struct_inst/weightDoubleBufferReader/WeightDoubleBufferReader_384_16_16_run_inst/mult_x_16/U2969/CO (FA_X1)     0.08 *     0.81 f
  weightDoubleBuffer/WeightDoubleBuffer_384_16_16_struct_inst/weightDoubleBufferReader/WeightDoubleBufferReader_384_16_16_run_inst/mult_x_16/U2970/CO (FA_X1)     0.07 *     0.89 f
  weightDoubleBuffer/WeightDoubleBuffer_384_16_16_struct_inst/weightDoubleBufferReader/WeightDoubleBufferReader_384_16_16_run_inst/mult_x_16/U2971/CO (FA_X1)     0.07 *     0.96 f
  weightDoubleBuffer/WeightDoubleBuffer_384_16_16_struct_inst/weightDoubleBufferReader/WeightDoubleBufferReader_384_16_16_run_inst/mult_x_16/U2972/CO (FA_X1)     0.07 *     1.03 f
  weightDoubleBuffer/WeightDoubleBuffer_384_16_16_struct_inst/weightDoubleBufferReader/WeightDoubleBufferReader_384_16_16_run_inst/mult_x_16/U2973/CO (FA_X1)     0.07 *     1.10 f
  weightDoubleBuffer/WeightDoubleBuffer_384_16_16_struct_inst/weightDoubleBufferReader/WeightDoubleBufferReader_384_16_16_run_inst/mult_x_16/U2974/CO (FA_X1)     0.07 *     1.17 f
  weightDoubleBuffer/WeightDoubleBuffer_384_16_16_struct_inst/weightDoubleBufferReader/WeightDoubleBufferReader_384_16_16_run_inst/mult_x_16/U2975/CO (FA_X1)     0.07 *     1.24 f
  weightDoubleBuffer/WeightDoubleBuffer_384_16_16_struct_inst/weightDoubleBufferReader/WeightDoubleBufferReader_384_16_16_run_inst/mult_x_16/U2976/CO (FA_X1)     0.07 *     1.32 f
  weightDoubleBuffer/WeightDoubleBuffer_384_16_16_struct_inst/weightDoubleBufferReader/WeightDoubleBufferReader_384_16_16_run_inst/mult_x_16/U2977/CO (FA_X1)     0.07 *     1.39 f
  weightDoubleBuffer/WeightDoubleBuffer_384_16_16_struct_inst/weightDoubleBufferReader/WeightDoubleBufferReader_384_16_16_run_inst/mult_x_16/U2978/CO (FA_X1)     0.07 *     1.46 f
  weightDoubleBuffer/WeightDoubleBuffer_384_16_16_struct_inst/weightDoubleBufferReader/WeightDoubleBufferReader_384_16_16_run_inst/mult_x_16/U2979/CO (FA_X1)     0.07 *     1.53 f
  weightDoubleBuffer/WeightDoubleBuffer_384_16_16_struct_inst/weightDoubleBufferReader/WeightDoubleBufferReader_384_16_16_run_inst/mult_x_16/U2980/CO (FA_X1)     0.07 *     1.61 f
  weightDoubleBuffer/WeightDoubleBuffer_384_16_16_struct_inst/weightDoubleBufferReader/WeightDoubleBufferReader_384_16_16_run_inst/mult_x_16/U2981/CO (FA_X1)     0.07 *     1.68 f
  weightDoubleBuffer/WeightDoubleBuffer_384_16_16_struct_inst/weightDoubleBufferReader/WeightDoubleBufferReader_384_16_16_run_inst/mult_x_16/U2982/CO (FA_X1)     0.07 *     1.75 f
  weightDoubleBuffer/WeightDoubleBuffer_384_16_16_struct_inst/weightDoubleBufferReader/WeightDoubleBufferReader_384_16_16_run_inst/mult_x_16/U2983/CO (FA_X1)     0.07 *     1.82 f
  weightDoubleBuffer/WeightDoubleBuffer_384_16_16_struct_inst/weightDoubleBufferReader/WeightDoubleBufferReader_384_16_16_run_inst/mult_x_16/U2984/CO (FA_X1)     0.07 *     1.89 f
  weightDoubleBuffer/WeightDoubleBuffer_384_16_16_struct_inst/weightDoubleBufferReader/WeightDoubleBufferReader_384_16_16_run_inst/mult_x_16/U2985/CO (FA_X1)     0.07 *     1.96 f
  weightDoubleBuffer/WeightDoubleBuffer_384_16_16_struct_inst/weightDoubleBufferReader/WeightDoubleBufferReader_384_16_16_run_inst/mult_x_16/U2986/CO (FA_X1)     0.07 *     2.03 f
  weightDoubleBuffer/WeightDoubleBuffer_384_16_16_struct_inst/weightDoubleBufferReader/WeightDoubleBufferReader_384_16_16_run_inst/mult_x_16/U2987/CO (FA_X1)     0.07 *     2.11 f
  weightDoubleBuffer/WeightDoubleBuffer_384_16_16_struct_inst/weightDoubleBufferReader/WeightDoubleBufferReader_384_16_16_run_inst/mult_x_16/U2988/CO (FA_X1)     0.07 *     2.18 f
  weightDoubleBuffer/WeightDoubleBuffer_384_16_16_struct_inst/weightDoubleBufferReader/WeightDoubleBufferReader_384_16_16_run_inst/mult_x_16/U2989/CO (FA_X1)     0.07 *     2.25 f
  weightDoubleBuffer/WeightDoubleBuffer_384_16_16_struct_inst/weightDoubleBufferReader/WeightDoubleBufferReader_384_16_16_run_inst/mult_x_16/U2990/CO (FA_X1)     0.07 *     2.33 f
  weightDoubleBuffer/WeightDoubleBuffer_384_16_16_struct_inst/weightDoubleBufferReader/WeightDoubleBufferReader_384_16_16_run_inst/mult_x_16/U2991/CO (FA_X1)     0.07 *     2.40 f
  weightDoubleBuffer/WeightDoubleBuffer_384_16_16_struct_inst/weightDoubleBufferReader/WeightDoubleBufferReader_384_16_16_run_inst/mult_x_16/U2992/CO (FA_X1)     0.07 *     2.47 f
  weightDoubleBuffer/WeightDoubleBuffer_384_16_16_struct_inst/weightDoubleBufferReader/WeightDoubleBufferReader_384_16_16_run_inst/mult_x_16/U2993/CO (FA_X1)     0.07 *     2.54 f
  weightDoubleBuffer/WeightDoubleBuffer_384_16_16_struct_inst/weightDoubleBufferReader/WeightDoubleBufferReader_384_16_16_run_inst/mult_x_16/U2994/CO (FA_X1)     0.07 *     2.61 f
  weightDoubleBuffer/WeightDoubleBuffer_384_16_16_struct_inst/weightDoubleBufferReader/WeightDoubleBufferReader_384_16_16_run_inst/mult_x_16/U2995/CO (FA_X1)     0.07 *     2.69 f
  weightDoubleBuffer/WeightDoubleBuffer_384_16_16_struct_inst/weightDoubleBufferReader/WeightDoubleBufferReader_384_16_16_run_inst/mult_x_16/U2996/CO (FA_X1)     0.07 *     2.76 f
  weightDoubleBuffer/WeightDoubleBuffer_384_16_16_struct_inst/weightDoubleBufferReader/WeightDoubleBufferReader_384_16_16_run_inst/mult_x_16/U2997/CO (FA_X1)     0.07 *     2.83 f
  weightDoubleBuffer/WeightDoubleBuffer_384_16_16_struct_inst/weightDoubleBufferReader/WeightDoubleBufferReader_384_16_16_run_inst/mult_x_16/U2998/CO (FA_X1)     0.07 *     2.90 f
  weightDoubleBuffer/WeightDoubleBuffer_384_16_16_struct_inst/weightDoubleBufferReader/WeightDoubleBufferReader_384_16_16_run_inst/mult_x_16/U2999/CO (FA_X1)     0.07 *     2.97 f
  weightDoubleBuffer/WeightDoubleBuffer_384_16_16_struct_inst/weightDoubleBufferReader/WeightDoubleBufferReader_384_16_16_run_inst/mult_x_16/U3000/CO (FA_X1)     0.07 *     3.05 f
  weightDoubleBuffer/WeightDoubleBuffer_384_16_16_struct_inst/weightDoubleBufferReader/WeightDoubleBufferReader_384_16_16_run_inst/mult_x_16/U3001/CO (FA_X1)     0.07 *     3.12 f
  weightDoubleBuffer/WeightDoubleBuffer_384_16_16_struct_inst/weightDoubleBufferReader/WeightDoubleBufferReader_384_16_16_run_inst/mult_x_16/U3002/CO (FA_X1)     0.07 *     3.19 f
  weightDoubleBuffer/WeightDoubleBuffer_384_16_16_struct_inst/weightDoubleBufferReader/WeightDoubleBufferReader_384_16_16_run_inst/mult_x_16/U3003/CO (FA_X1)     0.07 *     3.26 f
  weightDoubleBuffer/WeightDoubleBuffer_384_16_16_struct_inst/weightDoubleBufferReader/WeightDoubleBufferReader_384_16_16_run_inst/mult_x_16/U3004/CO (FA_X1)     0.07 *     3.34 f
  weightDoubleBuffer/WeightDoubleBuffer_384_16_16_struct_inst/weightDoubleBufferReader/WeightDoubleBufferReader_384_16_16_run_inst/mult_x_16/U3005/CO (FA_X1)     0.07 *     3.41 f
  weightDoubleBuffer/WeightDoubleBuffer_384_16_16_struct_inst/weightDoubleBufferReader/WeightDoubleBufferReader_384_16_16_run_inst/mult_x_16/U3006/CO (FA_X1)     0.07 *     3.48 f
  weightDoubleBuffer/WeightDoubleBuffer_384_16_16_struct_inst/weightDoubleBufferReader/WeightDoubleBufferReader_384_16_16_run_inst/mult_x_16/U3007/CO (FA_X1)     0.07 *     3.55 f
  weightDoubleBuffer/WeightDoubleBuffer_384_16_16_struct_inst/weightDoubleBufferReader/WeightDoubleBufferReader_384_16_16_run_inst/mult_x_16/U3008/CO (FA_X1)     0.07 *     3.62 f
  weightDoubleBuffer/WeightDoubleBuffer_384_16_16_struct_inst/weightDoubleBufferReader/WeightDoubleBufferReader_384_16_16_run_inst/mult_x_16/U3009/CO (FA_X1)     0.07 *     3.69 f
  weightDoubleBuffer/WeightDoubleBuffer_384_16_16_struct_inst/weightDoubleBufferReader/WeightDoubleBufferReader_384_16_16_run_inst/mult_x_16/U3010/CO (FA_X1)     0.07 *     3.76 f
  weightDoubleBuffer/WeightDoubleBuffer_384_16_16_struct_inst/weightDoubleBufferReader/WeightDoubleBufferReader_384_16_16_run_inst/mult_x_16/U3011/CO (FA_X1)     0.07 *     3.84 f
  weightDoubleBuffer/WeightDoubleBuffer_384_16_16_struct_inst/weightDoubleBufferReader/WeightDoubleBufferReader_384_16_16_run_inst/mult_x_16/U3012/CO (FA_X1)     0.07 *     3.91 f
  weightDoubleBuffer/WeightDoubleBuffer_384_16_16_struct_inst/weightDoubleBufferReader/WeightDoubleBufferReader_384_16_16_run_inst/mult_x_16/U3013/CO (FA_X1)     0.07 *     3.98 f
  weightDoubleBuffer/WeightDoubleBuffer_384_16_16_struct_inst/weightDoubleBufferReader/WeightDoubleBufferReader_384_16_16_run_inst/mult_x_16/U3014/CO (FA_X1)     0.07 *     4.05 f
  weightDoubleBuffer/WeightDoubleBuffer_384_16_16_struct_inst/weightDoubleBufferReader/WeightDoubleBufferReader_384_16_16_run_inst/mult_x_16/U3015/CO (FA_X1)     0.07 *     4.12 f
  weightDoubleBuffer/WeightDoubleBuffer_384_16_16_struct_inst/weightDoubleBufferReader/WeightDoubleBufferReader_384_16_16_run_inst/mult_x_16/U3016/CO (FA_X1)     0.07 *     4.20 f
  weightDoubleBuffer/WeightDoubleBuffer_384_16_16_struct_inst/weightDoubleBufferReader/WeightDoubleBufferReader_384_16_16_run_inst/mult_x_16/U3017/CO (FA_X1)     0.07 *     4.27 f
  weightDoubleBuffer/WeightDoubleBuffer_384_16_16_struct_inst/weightDoubleBufferReader/WeightDoubleBufferReader_384_16_16_run_inst/mult_x_16/U3018/CO (FA_X1)     0.07 *     4.34 f
  weightDoubleBuffer/WeightDoubleBuffer_384_16_16_struct_inst/weightDoubleBufferReader/WeightDoubleBufferReader_384_16_16_run_inst/mult_x_16/U3019/CO (FA_X1)     0.07 *     4.41 f
  weightDoubleBuffer/WeightDoubleBuffer_384_16_16_struct_inst/weightDoubleBufferReader/WeightDoubleBufferReader_384_16_16_run_inst/mult_x_16/U3020/CO (FA_X1)     0.07 *     4.48 f
  weightDoubleBuffer/WeightDoubleBuffer_384_16_16_struct_inst/weightDoubleBufferReader/WeightDoubleBufferReader_384_16_16_run_inst/mult_x_16/U3021/CO (FA_X1)     0.07 *     4.55 f
  weightDoubleBuffer/WeightDoubleBuffer_384_16_16_struct_inst/weightDoubleBufferReader/WeightDoubleBufferReader_384_16_16_run_inst/mult_x_16/U3022/CO (FA_X1)     0.07 *     4.62 f
  weightDoubleBuffer/WeightDoubleBuffer_384_16_16_struct_inst/weightDoubleBufferReader/WeightDoubleBufferReader_384_16_16_run_inst/mult_x_16/U3023/CO (FA_X1)     0.07 *     4.70 f
  weightDoubleBuffer/WeightDoubleBuffer_384_16_16_struct_inst/weightDoubleBufferReader/WeightDoubleBufferReader_384_16_16_run_inst/mult_x_16/U3024/CO (FA_X1)     0.07 *     4.77 f
  weightDoubleBuffer/WeightDoubleBuffer_384_16_16_struct_inst/weightDoubleBufferReader/WeightDoubleBufferReader_384_16_16_run_inst/mult_x_16/U3025/CO (FA_X1)     0.07 *     4.84 f
  weightDoubleBuffer/WeightDoubleBuffer_384_16_16_struct_inst/weightDoubleBufferReader/WeightDoubleBufferReader_384_16_16_run_inst/mult_x_16/U3026/CO (FA_X1)     0.07 *     4.91 f
  weightDoubleBuffer/WeightDoubleBuffer_384_16_16_struct_inst/weightDoubleBufferReader/WeightDoubleBufferReader_384_16_16_run_inst/mult_x_16/U3027/CO (FA_X1)     0.07 *     4.98 f
  weightDoubleBuffer/WeightDoubleBuffer_384_16_16_struct_inst/weightDoubleBufferReader/WeightDoubleBufferReader_384_16_16_run_inst/mult_x_16/U2963/Z (XOR2_X1)     0.05 *     5.03 f
  weightDoubleBuffer/WeightDoubleBuffer_384_16_16_struct_inst/weightDoubleBufferReader/WeightDoubleBufferReader_384_16_16_run_inst/mult_x_16/U2964/ZN (XNOR2_X1)     0.04 *     5.07 f
  weightDoubleBuffer/WeightDoubleBuffer_384_16_16_struct_inst/weightDoubleBufferReader/WeightDoubleBufferReader_384_16_16_run_inst/U220/Z (MUX2_X1)     0.06 *     5.13 f
  weightDoubleBuffer/WeightDoubleBuffer_384_16_16_struct_inst/weightDoubleBufferReader/WeightDoubleBufferReader_384_16_16_run_inst/total_blocks_lpi_3_reg_63_/D (DFFR_X1)     0.00 *     5.13 f
  data arrival time                                                  5.13

  clock ideal_clock (rise edge)                          10.00      10.00
  clock network delay (ideal)                             0.00      10.00
  weightDoubleBuffer/WeightDoubleBuffer_384_16_16_struct_inst/weightDoubleBufferReader/WeightDoubleBufferReader_384_16_16_run_inst/total_blocks_lpi_3_reg_63_/CK (DFFR_X1)     0.00    10.00 r
  library setup time                                     -0.04       9.96
  data required time                                                 9.96
  --------------------------------------------------------------------------
  data required time                                                 9.96
  data arrival time                                                 -5.13
  --------------------------------------------------------------------------
  slack (MET)                                                        4.83


  Startpoint: paramsIn_rsc_dat[15]
              (input port clocked by ideal_clock)
  Endpoint: paramsDeserializer_1/ParamsDeserializer_run_inst/ParamsDeserializer_run_inputChannel_rsci_inst/ParamsDeserializer_run_inputChannel_rsci_inputChannel_wait_dp_inst/inputChannel_rsci_idat_bfwt_reg_15_
            (rising edge-triggered flip-flop clocked by ideal_clock)
  Path Group: REGIN
  Path Type: min

  Point                                                   Incr       Path
  --------------------------------------------------------------------------
  clock ideal_clock (rise edge)                           0.00       0.00
  clock network delay (ideal)                             0.00       0.00
  input external delay                                    5.00       5.00 r
  paramsIn_rsc_dat[15] (in)                               0.00       5.00 r
  paramsDeserializer_1/ParamsDeserializer_run_inst/ParamsDeserializer_run_inputChannel_rsci_inst/inputChannel_rsci/U18/Z (CLKBUF_X1)     0.03 *     5.03 r
  paramsDeserializer_1/ParamsDeserializer_run_inst/ParamsDeserializer_run_inputChannel_rsci_inst/ParamsDeserializer_run_inputChannel_rsci_inputChannel_wait_dp_inst/U23/Z (MUX2_X1)     0.06 *     5.09 r
  paramsDeserializer_1/ParamsDeserializer_run_inst/ParamsDeserializer_run_inputChannel_rsci_inst/ParamsDeserializer_run_inputChannel_rsci_inputChannel_wait_dp_inst/inputChannel_rsci_idat_bfwt_reg_15_/D (DFFR_X1)     0.00 *     5.09 r
  data arrival time                                                  5.09

  clock ideal_clock (rise edge)                           0.00       0.00
  clock network delay (ideal)                             0.00       0.00
  paramsDeserializer_1/ParamsDeserializer_run_inst/ParamsDeserializer_run_inputChannel_rsci_inst/ParamsDeserializer_run_inputChannel_rsci_inputChannel_wait_dp_inst/inputChannel_rsci_idat_bfwt_reg_15_/CK (DFFR_X1)     0.00     0.00 r
  library hold time                                       0.01       0.01
  data required time                                                 0.01
  --------------------------------------------------------------------------
  data required time                                                 0.01
  data arrival time                                                 -5.09
  --------------------------------------------------------------------------
  slack (MET)                                                        5.08


  Startpoint: outputSerializer/Serializer_PackedInt_16UL_16UL_ODTYPE_16_run_inst/serialOutChannel_rsci_idat_reg_15_
              (rising edge-triggered flip-flop clocked by ideal_clock)
  Endpoint: output_serial_rsc_dat[15]
            (output port clocked by ideal_clock)
  Path Group: REGOUT
  Path Type: min

  Point                                                   Incr       Path
  --------------------------------------------------------------------------
  clock ideal_clock (rise edge)                           0.00       0.00
  clock network delay (ideal)                             0.00       0.00
  outputSerializer/Serializer_PackedInt_16UL_16UL_ODTYPE_16_run_inst/serialOutChannel_rsci_idat_reg_15_/CK (DFFR_X1)     0.00     0.00 r
  outputSerializer/Serializer_PackedInt_16UL_16UL_ODTYPE_16_run_inst/serialOutChannel_rsci_idat_reg_15_/Q (DFFR_X1)     0.08     0.08 f
  outputSerializer/Serializer_PackedInt_16UL_16UL_ODTYPE_16_run_inst/Serializer_PackedInt_16UL_16UL_ODTYPE_16_run_serialOutChannel_rsci_inst/serialOutChannel_rsci/U18/Z (CLKBUF_X1)     0.05 *     0.13 f
  output_serial_rsc_dat[15] (out)                         0.00 *     0.13 f
  data arrival time                                                  0.13

  clock ideal_clock (rise edge)                           0.00       0.00
  clock network delay (ideal)                             0.00       0.00
  output external delay                                   0.00       0.00
  data required time                                                 0.00
  --------------------------------------------------------------------------
  data required time                                                 0.00
  data arrival time                                                 -0.13
  --------------------------------------------------------------------------
  slack (MET)                                                        0.13


  Startpoint: outputSerializer/Serializer_PackedInt_16UL_16UL_ODTYPE_16_run_inst/Serializer_PackedInt_16UL_16UL_ODTYPE_16_run_run_fsm_inst/state_var_reg_0_
              (rising edge-triggered flip-flop clocked by ideal_clock)
  Endpoint: outputSerializer/Serializer_PackedInt_16UL_16UL_ODTYPE_16_run_inst/reg_serialOutChannel_rsci_ivld_run_psct_cse_reg
            (rising edge-triggered flip-flop clocked by ideal_clock)
  Path Group: ideal_clock
  Path Type: min

  Point                                                   Incr       Path
  --------------------------------------------------------------------------
  clock ideal_clock (rise edge)                           0.00       0.00
  clock network delay (ideal)                             0.00       0.00
  outputSerializer/Serializer_PackedInt_16UL_16UL_ODTYPE_16_run_inst/Serializer_PackedInt_16UL_16UL_ODTYPE_16_run_run_fsm_inst/state_var_reg_0_/CK (SDFFR_X1)     0.00     0.00 r
  outputSerializer/Serializer_PackedInt_16UL_16UL_ODTYPE_16_run_inst/Serializer_PackedInt_16UL_16UL_ODTYPE_16_run_run_fsm_inst/state_var_reg_0_/Q (SDFFR_X1)     0.08     0.08 r
  outputSerializer/Serializer_PackedInt_16UL_16UL_ODTYPE_16_run_inst/reg_serialOutChannel_rsci_ivld_run_psct_cse_reg/D (DFFR_X1)     0.00 *     0.08 r
  data arrival time                                                  0.08

  clock ideal_clock (rise edge)                           0.00       0.00
  clock network delay (ideal)                             0.00       0.00
  outputSerializer/Serializer_PackedInt_16UL_16UL_ODTYPE_16_run_inst/reg_serialOutChannel_rsci_ivld_run_psct_cse_reg/CK (DFFR_X1)     0.00     0.00 r
  library hold time                                       0.01       0.01
  data required time                                                 0.01
  --------------------------------------------------------------------------
  data required time                                                 0.01
  data arrival time                                                 -0.08
  --------------------------------------------------------------------------
  slack (MET)                                                        0.07


    Net: systolicArray/systolicArrayCore/SystolicArrayCore_IDTYPE_WDTYPE_ODTYPE_16_16_struct_inst/accumulation_buffer_rsc_0_0_addr[5]

    max_transition         0.20
  - Transition Time        0.14
  ------------------------------
    Slack                  0.06  (MET)


    Net: inputDoubleBuffer/InputDoubleBuffer_512_16_16_struct_inst/inputDoubleBufferReader/InputDoubleBufferReader_512_16_16_run_inst/paramsIn_crt_sva_136_0[19]

    max_fanout            20.00
  - Fanout                21.00
  ------------------------------
    Slack                 -1.00  (VIOLATED)


    Net: systolicArray/systolicArrayCore/SystolicArrayCore_IDTYPE_WDTYPE_ODTYPE_16_16_struct_inst/accumulation_buffer_rsc_0_0_addr[5]

    max_capacitance       24.60
  - Capacitance           26.87
  ------------------------------
    Slack                 -2.26  (VIOLATED)


    Design: Conv

    max_leakage_power          0.00
  - Current Leakage Power  3168914.25
  ----------------------------------
    Slack                  -3168914.25  (VIOLATED)


    Net: systolicArray/systolicArrayCore/SystolicArrayCore_IDTYPE_WDTYPE_ODTYPE_16_16_struct_inst/SystolicArrayCore_IDTYPE_WDTYPE_ODTYPE_16_16_run_inst/SystolicArrayCore_IDTYPE_WDTYPE_ODTYPE_16_16_run_accumulation_buffer_rsc_0_0_i_1_inst/SystolicArrayCore_IDTYPE_WDTYPE_ODTYPE_16_16_run_accumulation_buffer_rsc_0_0_i_1_accumulation_buffer_rsc_0_0_wait_dp_inst/accumulation_buffer_rsc_0_0_i_addr_d[11]

    multiport_net          0.00
  - actual cost            5.00
  ------------------------------
    Violation             -5.00  (VIOLATED)


Min pulse width constraints

                       Required      Actual
  Pin                pulse width   pulse width   Slack           Scenario
--------------------------------------------------------------------------------
  paramsDeserializer_1/ParamsDeserializer_run_inst/clk_gate_reg_outputChannel3_rsci_idat_143_128_cse_reg/latch/CK(low)  0.08  5.00  4.92 (MET)

1
