Information: Propagating switching activity (low effort zero delay simulation). (PWR-6)
Warning: Design has unannotated primary inputs. (PWR-414)
Warning: Design has unannotated sequential cell outputs. (PWR-415)
Warning: Design has unannotated black box outputs. (PWR-428)
 
****************************************
Report : power
        -hier
        -analysis_effort low
Design : Conv
Version: L-2016.03-SP5-5
Date   : Sun Feb 23 20:22:30 2020
****************************************


Library(s) Used:

    NangateOpenCellLibrary (File: /home/users/sophliu/ee272/ee272-hw5/Conv/build/5-synopsys-dc-synthesis/inputs/adk/stdcells.db)


Operating Conditions: typical   Library: NangateOpenCellLibrary
Wire Load Model Mode: Inactive.


Global Operating Voltage = 1.1  
Power-specific unit information :
    Voltage Units = 1V
    Capacitance Units = 1.000000ff
    Time Units = 1ns
    Dynamic Power Units = 1uW    (derived from V,C,T units)
    Leakage Power Units = 1nW


--------------------------------------------------------------------------------
                                       Switch   Int      Leak     Total
Hierarchy                              Power    Power    Power    Power    %
--------------------------------------------------------------------------------
Conv                                    574.076 1.78e+03 3.18e+06 5.53e+03 100.0
  systolicArray (SystolicArrayWrapper_IDTYPE_WDTYPE_ODTYPE_16_16)  247.017  963.081 1.72e+06 2.93e+03  52.9
    systolicArrayLooper_1 (SystolicArrayLooper)   18.003   77.845 8.14e+04  177.285   3.2
      SystolicArrayLooper_run_inst (SystolicArrayLooper_run)   17.880   77.834 8.14e+04  177.140   3.2
        mult_x_1 (SystolicArrayLooper_run_DW_mult_uns_J4_0)    0.861    0.741 2.36e+04   25.248   0.5
        add_x_7 (SystolicArrayLooper_run_DW01_add_J4_0)    0.225    0.365 1.94e+03    2.530   0.0
        add_x_8 (SystolicArrayLooper_run_DW01_inc_J4_0) 3.01e-03 4.56e-03  681.643    0.689   0.0
        SystolicArrayLooper_run_run_fsm_inst (SystolicArrayLooper_run_run_fsm)    0.343    1.474 1.61e+03    3.421   0.1
        SystolicArrayLooper_run_staller_inst (SystolicArrayLooper_run_staller) 1.97e-02 1.63e-02   30.597 6.66e-02   0.0
        SystolicArrayLooper_run_loopIndicesOut_rsci_inst (SystolicArrayLooper_run_loopIndicesOut_rsci) 2.11e-02    0.377  839.036    1.238   0.0
          SystolicArrayLooper_run_loopIndicesOut_rsci_loopIndicesOut_wait_dp_inst (SystolicArrayLooper_run_loopIndicesOut_rsci_loopIndicesOut_wait_dp) 1.37e-03    0.360  124.262    0.485   0.0
          SystolicArrayLooper_run_loopIndicesOut_rsci_loopIndicesOut_wait_ctrl_inst (SystolicArrayLooper_run_loopIndicesOut_rsci_loopIndicesOut_wait_ctrl) 2.94e-03 3.84e-03   78.336 8.51e-02   0.0
          loopIndicesOut_rsci (ccs_out_wait_v1_rscid158_width48) 1.68e-02 1.39e-02  636.438    0.667   0.0
        SystolicArrayLooper_run_paramsOut_rsci_inst (SystolicArrayLooper_run_paramsOut_rsci)    0.105    0.415 1.24e+03    1.761   0.0
          SystolicArrayLooper_run_paramsOut_rsci_paramsOut_wait_dp_inst (SystolicArrayLooper_run_paramsOut_rsci_paramsOut_wait_dp) 1.26e-03    0.360  124.262    0.485   0.0
          SystolicArrayLooper_run_paramsOut_rsci_paramsOut_wait_ctrl_inst (SystolicArrayLooper_run_paramsOut_rsci_paramsOut_wait_ctrl) 2.36e-03 3.80e-03   78.336 8.45e-02   0.0
          paramsOut_rsci (ccs_out_wait_v1_rscid157_width144)    0.101 5.18e-02 1.04e+03    1.191   0.0
        SystolicArrayLooper_run_paramsIn_rsci_inst (SystolicArrayLooper_run_paramsIn_rsci)    9.146   46.200 1.63e+04   71.679   1.3
          SystolicArrayLooper_run_paramsIn_rsci_paramsIn_wait_dp_inst (SystolicArrayLooper_run_paramsIn_rsci_paramsIn_wait_dp)    8.692   46.015 1.43e+04   68.996   1.2
          SystolicArrayLooper_run_paramsIn_rsci_paramsIn_wait_ctrl_inst (SystolicArrayLooper_run_paramsIn_rsci_paramsIn_wait_ctrl) 2.54e-02 1.71e-02   77.988    0.120   0.0
          paramsIn_rsci (ccs_in_wait_v1_rscid156_width144)    0.124    0.131 1.64e+03    1.896   0.0
    systolicArrayCore (SystolicArrayCore_IDTYPE_WDTYPE_ODTYPE_16_16)  226.130  878.606 1.58e+06 2.68e+03  48.4
      SystolicArrayCore_IDTYPE_WDTYPE_ODTYPE_16_16_struct_inst (SystolicArrayCore_IDTYPE_WDTYPE_ODTYPE_16_16_struct)  226.130  878.606 1.58e+06 2.68e+03  48.4
        SystolicArrayCore_IDTYPE_WDTYPE_ODTYPE_16_16_run_inst (SystolicArrayCore_IDTYPE_WDTYPE_ODTYPE_16_16_run)  213.749  875.840 1.57e+06 2.66e+03  48.1
          add_x_504 (SystolicArrayCore_IDTYPE_WDTYPE_ODTYPE_16_16_run_DW01_inc_J1_0)    0.000    0.000  680.454    0.680   0.0
          DP_OP_743J1_122_5484 (SystolicArrayCore_IDTYPE_WDTYPE_ODTYPE_16_16_run_DP_OP_743J1_122_5484_J1_0)    0.431    0.361 2.40e+04   24.802   0.4
          DP_OP_744J1_123_666 (SystolicArrayCore_IDTYPE_WDTYPE_ODTYPE_16_16_run_DP_OP_744J1_123_666_J1_0) 1.69e-02 2.52e-02 1.26e+03    1.298   0.0
          DP_OP_745J1_124_7340 (SystolicArrayCore_IDTYPE_WDTYPE_ODTYPE_16_16_run_DP_OP_745J1_124_7340_J1_0) 3.31e-02 3.62e-02 1.40e+03    1.473   0.0
          DP_OP_746J1_125_7340 (SystolicArrayCore_IDTYPE_WDTYPE_ODTYPE_16_16_run_DP_OP_746J1_125_7340_J1_0) 3.29e-02 3.62e-02 1.40e+03    1.473   0.0
          DP_OP_747J1_126_7340 (SystolicArrayCore_IDTYPE_WDTYPE_ODTYPE_16_16_run_DP_OP_747J1_126_7340_J1_0) 3.53e-02 3.61e-02 1.40e+03    1.475   0.0
          DP_OP_748J1_127_9097 (SystolicArrayCore_IDTYPE_WDTYPE_ODTYPE_16_16_run_DP_OP_748J1_127_9097_J1_0) 3.20e-02 3.57e-02 2.38e+03    2.450   0.0
          SystolicArrayCore_IDTYPE_WDTYPE_ODTYPE_16_16_run_run_fsm_inst (SystolicArrayCore_IDTYPE_WDTYPE_ODTYPE_16_16_run_run_fsm)    0.400    2.308 1.64e+03    4.349   0.1
          SystolicArrayCore_IDTYPE_WDTYPE_ODTYPE_16_16_run_staller_inst (SystolicArrayCore_IDTYPE_WDTYPE_ODTYPE_16_16_run_staller)    0.365    0.292  177.036    0.834   0.0
          SystolicArrayCore_IDTYPE_WDTYPE_ODTYPE_16_16_run_wait_dp_inst (SystolicArrayCore_IDTYPE_WDTYPE_ODTYPE_16_16_run_wait_dp) 1.09e-02 3.18e-03  200.247    0.214   0.0
          SystolicArrayCore_IDTYPE_WDTYPE_ODTYPE_16_16_run_accumulation_buffer_rsc_0_15_i_1_inst (SystolicArrayCore_IDTYPE_WDTYPE_ODTYPE_16_16_run_accumulation_buffer_rsc_0_15_i_1)    1.213    7.200 2.19e+03   10.598   0.2
            SystolicArrayCore_IDTYPE_WDTYPE_ODTYPE_16_16_run_accumulation_buffer_rsc_0_15_i_1_accumulation_buffer_rsc_0_15_wait_dp_inst (SystolicArrayCore_IDTYPE_WDTYPE_ODTYPE_16_16_run_accumulation_buffer_rsc_0_15_i_1_accumulation_buffer_rsc_0_15_wait_dp)    1.213    7.200 2.07e+03   10.485   0.2
            SystolicArrayCore_IDTYPE_WDTYPE_ODTYPE_16_16_run_accumulation_buffer_rsc_0_15_i_1_accumulation_buffer_rsc_0_15_wait_ctrl_inst (SystolicArrayCore_IDTYPE_WDTYPE_ODTYPE_16_16_run_accumulation_buffer_rsc_0_15_i_1_accumulation_buffer_rsc_0_15_wait_ctrl) 2.46e-05 5.23e-05  113.715    0.114   0.0
          SystolicArrayCore_IDTYPE_WDTYPE_ODTYPE_16_16_run_accumulation_buffer_rsc_0_14_i_1_inst (SystolicArrayCore_IDTYPE_WDTYPE_ODTYPE_16_16_run_accumulation_buffer_rsc_0_14_i_1)    1.251    7.246 2.20e+03   10.694   0.2
            SystolicArrayCore_IDTYPE_WDTYPE_ODTYPE_16_16_run_accumulation_buffer_rsc_0_14_i_1_accumulation_buffer_rsc_0_14_wait_dp_inst (SystolicArrayCore_IDTYPE_WDTYPE_ODTYPE_16_16_run_accumulation_buffer_rsc_0_14_i_1_accumulation_buffer_rsc_0_14_wait_dp)    1.153    7.236 2.07e+03   10.460   0.2
            SystolicArrayCore_IDTYPE_WDTYPE_ODTYPE_16_16_run_accumulation_buffer_rsc_0_14_i_1_accumulation_buffer_rsc_0_14_wait_ctrl_inst (SystolicArrayCore_IDTYPE_WDTYPE_ODTYPE_16_16_run_accumulation_buffer_rsc_0_14_i_1_accumulation_buffer_rsc_0_14_wait_ctrl) 2.48e-05 5.23e-05  113.715    0.114   0.0
          SystolicArrayCore_IDTYPE_WDTYPE_ODTYPE_16_16_run_accumulation_buffer_rsc_0_13_i_1_inst (SystolicArrayCore_IDTYPE_WDTYPE_ODTYPE_16_16_run_accumulation_buffer_rsc_0_13_i_1)    1.233    7.237 2.20e+03   10.667   0.2
            SystolicArrayCore_IDTYPE_WDTYPE_ODTYPE_16_16_run_accumulation_buffer_rsc_0_13_i_1_accumulation_buffer_rsc_0_13_wait_dp_inst (SystolicArrayCore_IDTYPE_WDTYPE_ODTYPE_16_16_run_accumulation_buffer_rsc_0_13_i_1_accumulation_buffer_rsc_0_13_wait_dp)    1.233    7.237 2.08e+03   10.553   0.2
            SystolicArrayCore_IDTYPE_WDTYPE_ODTYPE_16_16_run_accumulation_buffer_rsc_0_13_i_1_accumulation_buffer_rsc_0_13_wait_ctrl_inst (SystolicArrayCore_IDTYPE_WDTYPE_ODTYPE_16_16_run_accumulation_buffer_rsc_0_13_i_1_accumulation_buffer_rsc_0_13_wait_ctrl) 2.48e-05 3.84e-05  113.715    0.114   0.0
          SystolicArrayCore_IDTYPE_WDTYPE_ODTYPE_16_16_run_accumulation_buffer_rsc_0_12_i_1_inst (SystolicArrayCore_IDTYPE_WDTYPE_ODTYPE_16_16_run_accumulation_buffer_rsc_0_12_i_1)    1.290    7.221 2.20e+03   10.707   0.2
            SystolicArrayCore_IDTYPE_WDTYPE_ODTYPE_16_16_run_accumulation_buffer_rsc_0_12_i_1_accumulation_buffer_rsc_0_12_wait_dp_inst (SystolicArrayCore_IDTYPE_WDTYPE_ODTYPE_16_16_run_accumulation_buffer_rsc_0_12_i_1_accumulation_buffer_rsc_0_12_wait_dp)    1.290    7.221 2.08e+03   10.594   0.2
            SystolicArrayCore_IDTYPE_WDTYPE_ODTYPE_16_16_run_accumulation_buffer_rsc_0_12_i_1_accumulation_buffer_rsc_0_12_wait_ctrl_inst (SystolicArrayCore_IDTYPE_WDTYPE_ODTYPE_16_16_run_accumulation_buffer_rsc_0_12_i_1_accumulation_buffer_rsc_0_12_wait_ctrl) 2.48e-05 3.84e-05  113.715    0.114   0.0
          SystolicArrayCore_IDTYPE_WDTYPE_ODTYPE_16_16_run_accumulation_buffer_rsc_0_11_i_1_inst (SystolicArrayCore_IDTYPE_WDTYPE_ODTYPE_16_16_run_accumulation_buffer_rsc_0_11_i_1)    1.205    7.221 2.20e+03   10.623   0.2
            SystolicArrayCore_IDTYPE_WDTYPE_ODTYPE_16_16_run_accumulation_buffer_rsc_0_11_i_1_accumulation_buffer_rsc_0_11_wait_dp_inst (SystolicArrayCore_IDTYPE_WDTYPE_ODTYPE_16_16_run_accumulation_buffer_rsc_0_11_i_1_accumulation_buffer_rsc_0_11_wait_dp)    1.205    7.221 2.08e+03   10.509   0.2
            SystolicArrayCore_IDTYPE_WDTYPE_ODTYPE_16_16_run_accumulation_buffer_rsc_0_11_i_1_accumulation_buffer_rsc_0_11_wait_ctrl_inst (SystolicArrayCore_IDTYPE_WDTYPE_ODTYPE_16_16_run_accumulation_buffer_rsc_0_11_i_1_accumulation_buffer_rsc_0_11_wait_ctrl) 2.45e-05 3.84e-05  113.715    0.114   0.0
          SystolicArrayCore_IDTYPE_WDTYPE_ODTYPE_16_16_run_accumulation_buffer_rsc_0_10_i_1_inst (SystolicArrayCore_IDTYPE_WDTYPE_ODTYPE_16_16_run_accumulation_buffer_rsc_0_10_i_1)    1.230    7.219 2.20e+03   10.646   0.2
            SystolicArrayCore_IDTYPE_WDTYPE_ODTYPE_16_16_run_accumulation_buffer_rsc_0_10_i_1_accumulation_buffer_rsc_0_10_wait_dp_inst (SystolicArrayCore_IDTYPE_WDTYPE_ODTYPE_16_16_run_accumulation_buffer_rsc_0_10_i_1_accumulation_buffer_rsc_0_10_wait_dp)    1.132    7.207 2.07e+03   10.410   0.2
            SystolicArrayCore_IDTYPE_WDTYPE_ODTYPE_16_16_run_accumulation_buffer_rsc_0_10_i_1_accumulation_buffer_rsc_0_10_wait_ctrl_inst (SystolicArrayCore_IDTYPE_WDTYPE_ODTYPE_16_16_run_accumulation_buffer_rsc_0_10_i_1_accumulation_buffer_rsc_0_10_wait_ctrl) 2.49e-05 5.23e-05  113.715    0.114   0.0
          SystolicArrayCore_IDTYPE_WDTYPE_ODTYPE_16_16_run_accumulation_buffer_rsc_0_9_i_1_inst (SystolicArrayCore_IDTYPE_WDTYPE_ODTYPE_16_16_run_accumulation_buffer_rsc_0_9_i_1)    1.126    7.213 2.19e+03   10.524   0.2
            SystolicArrayCore_IDTYPE_WDTYPE_ODTYPE_16_16_run_accumulation_buffer_rsc_0_9_i_1_accumulation_buffer_rsc_0_9_wait_dp_inst (SystolicArrayCore_IDTYPE_WDTYPE_ODTYPE_16_16_run_accumulation_buffer_rsc_0_9_i_1_accumulation_buffer_rsc_0_9_wait_dp)    1.126    7.213 2.07e+03   10.410   0.2
            SystolicArrayCore_IDTYPE_WDTYPE_ODTYPE_16_16_run_accumulation_buffer_rsc_0_9_i_1_accumulation_buffer_rsc_0_9_wait_ctrl_inst (SystolicArrayCore_IDTYPE_WDTYPE_ODTYPE_16_16_run_accumulation_buffer_rsc_0_9_i_1_accumulation_buffer_rsc_0_9_wait_ctrl) 2.46e-05 3.84e-05  113.715    0.114   0.0
          SystolicArrayCore_IDTYPE_WDTYPE_ODTYPE_16_16_run_accumulation_buffer_rsc_0_8_i_1_inst (SystolicArrayCore_IDTYPE_WDTYPE_ODTYPE_16_16_run_accumulation_buffer_rsc_0_8_i_1)    1.212    7.203 2.20e+03   10.611   0.2
            SystolicArrayCore_IDTYPE_WDTYPE_ODTYPE_16_16_run_accumulation_buffer_rsc_0_8_i_1_accumulation_buffer_rsc_0_8_wait_dp_inst (SystolicArrayCore_IDTYPE_WDTYPE_ODTYPE_16_16_run_accumulation_buffer_rsc_0_8_i_1_accumulation_buffer_rsc_0_8_wait_dp)    1.212    7.203 2.08e+03   10.498   0.2
            SystolicArrayCore_IDTYPE_WDTYPE_ODTYPE_16_16_run_accumulation_buffer_rsc_0_8_i_1_accumulation_buffer_rsc_0_8_wait_ctrl_inst (SystolicArrayCore_IDTYPE_WDTYPE_ODTYPE_16_16_run_accumulation_buffer_rsc_0_8_i_1_accumulation_buffer_rsc_0_8_wait_ctrl) 2.46e-05 3.84e-05  113.715    0.114   0.0
          SystolicArrayCore_IDTYPE_WDTYPE_ODTYPE_16_16_run_accumulation_buffer_rsc_0_7_i_1_inst (SystolicArrayCore_IDTYPE_WDTYPE_ODTYPE_16_16_run_accumulation_buffer_rsc_0_7_i_1)    1.239    7.238 2.20e+03   10.673   0.2
            SystolicArrayCore_IDTYPE_WDTYPE_ODTYPE_16_16_run_accumulation_buffer_rsc_0_7_i_1_accumulation_buffer_rsc_0_7_wait_dp_inst (SystolicArrayCore_IDTYPE_WDTYPE_ODTYPE_16_16_run_accumulation_buffer_rsc_0_7_i_1_accumulation_buffer_rsc_0_7_wait_dp)    1.141    7.227 2.07e+03   10.439   0.2
            SystolicArrayCore_IDTYPE_WDTYPE_ODTYPE_16_16_run_accumulation_buffer_rsc_0_7_i_1_accumulation_buffer_rsc_0_7_wait_ctrl_inst (SystolicArrayCore_IDTYPE_WDTYPE_ODTYPE_16_16_run_accumulation_buffer_rsc_0_7_i_1_accumulation_buffer_rsc_0_7_wait_ctrl) 2.45e-05 5.23e-05  113.715    0.114   0.0
          SystolicArrayCore_IDTYPE_WDTYPE_ODTYPE_16_16_run_accumulation_buffer_rsc_0_6_i_1_inst (SystolicArrayCore_IDTYPE_WDTYPE_ODTYPE_16_16_run_accumulation_buffer_rsc_0_6_i_1)    1.227    7.246 2.20e+03   10.669   0.2
            SystolicArrayCore_IDTYPE_WDTYPE_ODTYPE_16_16_run_accumulation_buffer_rsc_0_6_i_1_accumulation_buffer_rsc_0_6_wait_dp_inst (SystolicArrayCore_IDTYPE_WDTYPE_ODTYPE_16_16_run_accumulation_buffer_rsc_0_6_i_1_accumulation_buffer_rsc_0_6_wait_dp)    1.227    7.246 2.08e+03   10.555   0.2
            SystolicArrayCore_IDTYPE_WDTYPE_ODTYPE_16_16_run_accumulation_buffer_rsc_0_6_i_1_accumulation_buffer_rsc_0_6_wait_ctrl_inst (SystolicArrayCore_IDTYPE_WDTYPE_ODTYPE_16_16_run_accumulation_buffer_rsc_0_6_i_1_accumulation_buffer_rsc_0_6_wait_ctrl) 2.48e-05 3.84e-05  113.715    0.114   0.0
          SystolicArrayCore_IDTYPE_WDTYPE_ODTYPE_16_16_run_accumulation_buffer_rsc_0_5_i_1_inst (SystolicArrayCore_IDTYPE_WDTYPE_ODTYPE_16_16_run_accumulation_buffer_rsc_0_5_i_1)    1.122    7.240 2.18e+03   10.547   0.2
            SystolicArrayCore_IDTYPE_WDTYPE_ODTYPE_16_16_run_accumulation_buffer_rsc_0_5_i_1_accumulation_buffer_rsc_0_5_wait_dp_inst (SystolicArrayCore_IDTYPE_WDTYPE_ODTYPE_16_16_run_accumulation_buffer_rsc_0_5_i_1_accumulation_buffer_rsc_0_5_wait_dp)    1.122    7.240 2.07e+03   10.433   0.2
            SystolicArrayCore_IDTYPE_WDTYPE_ODTYPE_16_16_run_accumulation_buffer_rsc_0_5_i_1_accumulation_buffer_rsc_0_5_wait_ctrl_inst (SystolicArrayCore_IDTYPE_WDTYPE_ODTYPE_16_16_run_accumulation_buffer_rsc_0_5_i_1_accumulation_buffer_rsc_0_5_wait_ctrl) 2.46e-05 3.84e-05  113.715    0.114   0.0
          SystolicArrayCore_IDTYPE_WDTYPE_ODTYPE_16_16_run_accumulation_buffer_rsc_0_4_i_1_inst (SystolicArrayCore_IDTYPE_WDTYPE_ODTYPE_16_16_run_accumulation_buffer_rsc_0_4_i_1)    1.144    7.205 2.19e+03   10.534   0.2
            SystolicArrayCore_IDTYPE_WDTYPE_ODTYPE_16_16_run_accumulation_buffer_rsc_0_4_i_1_accumulation_buffer_rsc_0_4_wait_dp_inst (SystolicArrayCore_IDTYPE_WDTYPE_ODTYPE_16_16_run_accumulation_buffer_rsc_0_4_i_1_accumulation_buffer_rsc_0_4_wait_dp)    1.144    7.205 2.07e+03   10.421   0.2
            SystolicArrayCore_IDTYPE_WDTYPE_ODTYPE_16_16_run_accumulation_buffer_rsc_0_4_i_1_accumulation_buffer_rsc_0_4_wait_ctrl_inst (SystolicArrayCore_IDTYPE_WDTYPE_ODTYPE_16_16_run_accumulation_buffer_rsc_0_4_i_1_accumulation_buffer_rsc_0_4_wait_ctrl) 2.48e-05 5.23e-05  113.715    0.114   0.0
          SystolicArrayCore_IDTYPE_WDTYPE_ODTYPE_16_16_run_accumulation_buffer_rsc_0_3_i_1_inst (SystolicArrayCore_IDTYPE_WDTYPE_ODTYPE_16_16_run_accumulation_buffer_rsc_0_3_i_1)    1.145    7.212 2.19e+03   10.543   0.2
            SystolicArrayCore_IDTYPE_WDTYPE_ODTYPE_16_16_run_accumulation_buffer_rsc_0_3_i_1_accumulation_buffer_rsc_0_3_wait_dp_inst (SystolicArrayCore_IDTYPE_WDTYPE_ODTYPE_16_16_run_accumulation_buffer_rsc_0_3_i_1_accumulation_buffer_rsc_0_3_wait_dp)    1.145    7.212 2.07e+03   10.429   0.2
            SystolicArrayCore_IDTYPE_WDTYPE_ODTYPE_16_16_run_accumulation_buffer_rsc_0_3_i_1_accumulation_buffer_rsc_0_3_wait_ctrl_inst (SystolicArrayCore_IDTYPE_WDTYPE_ODTYPE_16_16_run_accumulation_buffer_rsc_0_3_i_1_accumulation_buffer_rsc_0_3_wait_ctrl) 2.48e-05 5.23e-05  113.715    0.114   0.0
          SystolicArrayCore_IDTYPE_WDTYPE_ODTYPE_16_16_run_accumulation_buffer_rsc_0_2_i_1_inst (SystolicArrayCore_IDTYPE_WDTYPE_ODTYPE_16_16_run_accumulation_buffer_rsc_0_2_i_1)    1.245    7.227 2.20e+03   10.668   0.2
            SystolicArrayCore_IDTYPE_WDTYPE_ODTYPE_16_16_run_accumulation_buffer_rsc_0_2_i_1_accumulation_buffer_rsc_0_2_wait_dp_inst (SystolicArrayCore_IDTYPE_WDTYPE_ODTYPE_16_16_run_accumulation_buffer_rsc_0_2_i_1_accumulation_buffer_rsc_0_2_wait_dp)    1.245    7.227 2.08e+03   10.554   0.2
            SystolicArrayCore_IDTYPE_WDTYPE_ODTYPE_16_16_run_accumulation_buffer_rsc_0_2_i_1_accumulation_buffer_rsc_0_2_wait_ctrl_inst (SystolicArrayCore_IDTYPE_WDTYPE_ODTYPE_16_16_run_accumulation_buffer_rsc_0_2_i_1_accumulation_buffer_rsc_0_2_wait_ctrl) 2.47e-05 5.23e-05  113.715    0.114   0.0
          SystolicArrayCore_IDTYPE_WDTYPE_ODTYPE_16_16_run_accumulation_buffer_rsc_0_1_i_1_inst (SystolicArrayCore_IDTYPE_WDTYPE_ODTYPE_16_16_run_accumulation_buffer_rsc_0_1_i_1)    1.345    7.236 2.21e+03   10.790   0.2
            SystolicArrayCore_IDTYPE_WDTYPE_ODTYPE_16_16_run_accumulation_buffer_rsc_0_1_i_1_accumulation_buffer_rsc_0_1_wait_dp_inst (SystolicArrayCore_IDTYPE_WDTYPE_ODTYPE_16_16_run_accumulation_buffer_rsc_0_1_i_1_accumulation_buffer_rsc_0_1_wait_dp)    1.345    7.236 2.09e+03   10.676   0.2
            SystolicArrayCore_IDTYPE_WDTYPE_ODTYPE_16_16_run_accumulation_buffer_rsc_0_1_i_1_accumulation_buffer_rsc_0_1_wait_ctrl_inst (SystolicArrayCore_IDTYPE_WDTYPE_ODTYPE_16_16_run_accumulation_buffer_rsc_0_1_i_1_accumulation_buffer_rsc_0_1_wait_ctrl) 2.49e-05 5.23e-05  113.715    0.114   0.0
          SystolicArrayCore_IDTYPE_WDTYPE_ODTYPE_16_16_run_accumulation_buffer_rsc_0_0_i_1_inst (SystolicArrayCore_IDTYPE_WDTYPE_ODTYPE_16_16_run_accumulation_buffer_rsc_0_0_i_1)    1.153    7.225 2.19e+03   10.563   0.2
            SystolicArrayCore_IDTYPE_WDTYPE_ODTYPE_16_16_run_accumulation_buffer_rsc_0_0_i_1_accumulation_buffer_rsc_0_0_wait_dp_inst (SystolicArrayCore_IDTYPE_WDTYPE_ODTYPE_16_16_run_accumulation_buffer_rsc_0_0_i_1_accumulation_buffer_rsc_0_0_wait_dp)    1.153    7.225 2.07e+03   10.450   0.2
            SystolicArrayCore_IDTYPE_WDTYPE_ODTYPE_16_16_run_accumulation_buffer_rsc_0_0_i_1_accumulation_buffer_rsc_0_0_wait_ctrl_inst (SystolicArrayCore_IDTYPE_WDTYPE_ODTYPE_16_16_run_accumulation_buffer_rsc_0_0_i_1_accumulation_buffer_rsc_0_0_wait_ctrl) 2.45e-05 5.23e-05  113.715    0.114   0.0
          SystolicArrayCore_IDTYPE_WDTYPE_ODTYPE_16_16_run_loopIndicesIn_rsci_inst (SystolicArrayCore_IDTYPE_WDTYPE_ODTYPE_16_16_run_loopIndicesIn_rsci)    3.305   18.212 6.13e+03   27.645   0.5
            SystolicArrayCore_IDTYPE_WDTYPE_ODTYPE_16_16_run_loopIndicesIn_rsci_loopIndicesIn_wait_dp_inst (SystolicArrayCore_IDTYPE_WDTYPE_ODTYPE_16_16_run_loopIndicesIn_rsci_loopIndicesIn_wait_dp)    3.203   18.173 5.40e+03   26.778   0.5
            SystolicArrayCore_IDTYPE_WDTYPE_ODTYPE_16_16_run_loopIndicesIn_rsci_loopIndicesIn_wait_ctrl_inst (SystolicArrayCore_IDTYPE_WDTYPE_ODTYPE_16_16_run_loopIndicesIn_rsci_loopIndicesIn_wait_ctrl) 1.85e-02 1.65e-02   78.166    0.113   0.0
            loopIndicesIn_rsci (ccs_in_wait_v1_rscid104_width48) 3.79e-03 1.09e-02  636.497    0.651   0.0
          SystolicArrayCore_IDTYPE_WDTYPE_ODTYPE_16_16_run_paramsIn_rsci_inst (SystolicArrayCore_IDTYPE_WDTYPE_ODTYPE_16_16_run_paramsIn_rsci)    5.496   29.318 1.01e+04   44.882   0.8
            SystolicArrayCore_IDTYPE_WDTYPE_ODTYPE_16_16_run_paramsIn_rsci_paramsIn_wait_dp_inst (SystolicArrayCore_IDTYPE_WDTYPE_ODTYPE_16_16_run_paramsIn_rsci_paramsIn_wait_dp)    5.457   29.253 8.95e+03   43.661   0.8
            SystolicArrayCore_IDTYPE_WDTYPE_ODTYPE_16_16_run_paramsIn_rsci_paramsIn_wait_ctrl_inst (SystolicArrayCore_IDTYPE_WDTYPE_ODTYPE_16_16_run_paramsIn_rsci_paramsIn_wait_ctrl) 1.37e-02 1.70e-02   78.166    0.109   0.0
            paramsIn_rsci (ccs_in_wait_v1_rscid103_width144) 2.51e-02 4.88e-02 1.04e+03    1.112   0.0
          SystolicArrayCore_IDTYPE_WDTYPE_ODTYPE_16_16_run_output_rsci_inst (SystolicArrayCore_IDTYPE_WDTYPE_ODTYPE_16_16_run_output_rsci) 9.33e-03    0.368 3.49e+03    3.869   0.1
            SystolicArrayCore_IDTYPE_WDTYPE_ODTYPE_16_16_run_output_rsci_output_wait_dp_inst (SystolicArrayCore_IDTYPE_WDTYPE_ODTYPE_16_16_run_output_rsci_output_wait_dp)    0.000    0.358  122.338    0.481   0.0
            SystolicArrayCore_IDTYPE_WDTYPE_ODTYPE_16_16_run_output_rsci_output_wait_ctrl_inst (SystolicArrayCore_IDTYPE_WDTYPE_ODTYPE_16_16_run_output_rsci_output_wait_ctrl) 2.97e-05 2.37e-05   77.744 7.78e-02   0.0
            output_rsci (ccs_out_wait_v1_rscid102_width256) 9.30e-03 9.81e-03 3.29e+03    3.311   0.1
          SystolicArrayCore_IDTYPE_WDTYPE_ODTYPE_16_16_run_weight_rsci_inst (SystolicArrayCore_IDTYPE_WDTYPE_ODTYPE_16_16_run_weight_rsci)    8.580   46.757 1.64e+04   71.736   1.3
            SystolicArrayCore_IDTYPE_WDTYPE_ODTYPE_16_16_run_weight_rsci_weight_wait_dp_inst (SystolicArrayCore_IDTYPE_WDTYPE_ODTYPE_16_16_run_weight_rsci_weight_wait_dp)    8.579   46.755 1.41e+04   69.388   1.3
            SystolicArrayCore_IDTYPE_WDTYPE_ODTYPE_16_16_run_weight_rsci_weight_wait_ctrl_inst (SystolicArrayCore_IDTYPE_WDTYPE_ODTYPE_16_16_run_weight_rsci_weight_wait_ctrl) 1.26e-03 1.12e-03   73.156 7.55e-02   0.0
            weight_rsci (ccs_in_wait_v1_rscid101_width128) 2.24e-04 7.74e-04 1.66e+03    1.660   0.0
          SystolicArrayCore_IDTYPE_WDTYPE_ODTYPE_16_16_run_input_rsci_inst (SystolicArrayCore_IDTYPE_WDTYPE_ODTYPE_16_16_run_input_rsci)    8.777   46.789 1.58e+04   71.413   1.3
            SystolicArrayCore_IDTYPE_WDTYPE_ODTYPE_16_16_run_input_rsci_input_wait_dp_inst (SystolicArrayCore_IDTYPE_WDTYPE_ODTYPE_16_16_run_input_rsci_input_wait_dp)    8.774   46.787 1.41e+04   69.675   1.3
            SystolicArrayCore_IDTYPE_WDTYPE_ODTYPE_16_16_run_input_rsci_input_wait_ctrl_inst (SystolicArrayCore_IDTYPE_WDTYPE_ODTYPE_16_16_run_input_rsci_input_wait_ctrl) 3.06e-03 1.10e-03   73.156 7.73e-02   0.0
            input_rsci (ccs_in_wait_v1_rscid100_width128) 2.40e-04 7.74e-04 1.66e+03    1.660   0.0
          input_fifo_0_run_cmp (Fifo_IDTYPE_1) 4.60e-02    0.301  894.634    1.241   0.0
            Fifo_IDTYPE_1_run_inst (Fifo_IDTYPE_1_run) 4.60e-02    0.301  894.634    1.241   0.0
              output_rsci (mgc_out_dreg_v2_rscid7_width8)    0.000    0.000  102.107    0.102   0.0
              input_rsci (ccs_in_v1_rscid6_width8)    0.000    0.000  102.107    0.102   0.0
          accum_fifo_0_run_cmp (Fifo_ODTYPE_1)    0.200    0.870 1.77e+03    2.839   0.1
            Fifo_ODTYPE_1_run_inst (Fifo_ODTYPE_1_run)    0.104    0.860 1.76e+03    2.722   0.0
              output_rsci (mgc_out_dreg_v2_rscid54_width16) 1.08e-02 7.92e-03  202.977    0.222   0.0
              input_rsci (ccs_in_v1_rscid53_width16) 8.12e-02    0.153  179.424    0.413   0.0
          pe_0_0_run_cmp (ProcessingElement_IDTYPE_ODTYPE)    0.216    0.478 9.51e+03   10.201   0.2
            ProcessingElement_IDTYPE_ODTYPE_run_inst (ProcessingElement_IDTYPE_ODTYPE_run)    0.212    0.477 9.39e+03   10.082   0.2
              DP_OP_3J13_122_1785 (ProcessingElement_IDTYPE_ODTYPE_run_DP_OP_3J13_122_1785_J13_0) 5.52e-02    0.103 6.58e+03    6.742   0.1
              psum_out_rsci (mgc_out_dreg_v2_rscid5_width16) 1.54e-04 5.12e-04  204.206    0.205   0.0
              input_out_rsci (mgc_out_dreg_v2_rscid4_width8) 2.19e-04 8.00e-05  102.106    0.102   0.0
              weight_rsci (ccs_in_v1_rscid3_width8)    0.000    0.000  102.107    0.102   0.0
              psum_in_rsci (ccs_in_v1_rscid2_width16) 2.00e-02 1.43e-02  203.083    0.237   0.0
              input_in_rsci (ccs_in_v1_rscid1_width8) 7.20e-04 8.91e-05  102.106    0.103   0.0
          input_fifo_1_rsci (Fifo_IDTYPE_2) 1.05e-03    0.577 1.60e+03    2.173   0.0
            Fifo_IDTYPE_2_run_inst (Fifo_IDTYPE_2_run) 1.05e-03    0.577 1.60e+03    2.173   0.0
              ccs_ccore_start_rsci (ccs_in_v1_rscid147_width1) 1.05e-03 9.51e-04   12.624 1.46e-02   0.0
              output_rsci (mgc_out_dreg_v2_rscid9_width8)    0.000    0.000  102.107    0.102   0.0
              input_rsci (ccs_in_v1_rscid8_width8)    0.000    0.000  102.107    0.102   0.0
          input_fifo_2_rsci (Fifo_IDTYPE_3)    0.112    0.589 2.22e+03    2.927   0.1
            Fifo_IDTYPE_3_run_inst (Fifo_IDTYPE_3_run)    0.112    0.589 2.22e+03    2.927   0.1
              ccs_ccore_start_rsci (ccs_in_v1_rscid146_width1) 2.00e-03 8.72e-04   12.624 1.55e-02   0.0
              output_rsci (mgc_out_dreg_v2_rscid12_width8)    0.000    0.000  102.107    0.102   0.0
              input_rsci (ccs_in_v1_rscid11_width8) 2.51e-05 4.66e-05  102.106    0.102   0.0
          input_fifo_3_rsci (Fifo_IDTYPE_4)    0.112    0.592 2.84e+03    3.548   0.1
            Fifo_IDTYPE_4_run_inst (Fifo_IDTYPE_4_run)    0.112    0.592 2.84e+03    3.548   0.1
              ccs_ccore_start_rsci (ccs_in_v1_rscid145_width1) 2.16e-03 8.72e-04   12.624 1.57e-02   0.0
              output_rsci (mgc_out_dreg_v2_rscid15_width8)    0.000    0.000  102.107    0.102   0.0
              input_rsci (ccs_in_v1_rscid14_width8) 3.39e-05 4.73e-05  102.106    0.102   0.0
          input_fifo_4_rsci (Fifo_IDTYPE_5)    0.127    0.605 3.47e+03    4.204   0.1
            Fifo_IDTYPE_5_run_inst (Fifo_IDTYPE_5_run)    0.127    0.605 3.47e+03    4.204   0.1
              ccs_ccore_start_rsci (ccs_in_v1_rscid144_width1) 1.96e-03 8.71e-04   12.624 1.55e-02   0.0
              output_rsci (mgc_out_dreg_v2_rscid18_width8)    0.000    0.000  102.107    0.102   0.0
              input_rsci (ccs_in_v1_rscid17_width8)    0.000    0.000  102.107    0.102   0.0
          input_fifo_5_rsci (Fifo_IDTYPE_6)    0.323    0.619 4.10e+03    5.043   0.1
            Fifo_IDTYPE_6_run_inst (Fifo_IDTYPE_6_run)    0.323    0.619 4.10e+03    5.043   0.1
              ccs_ccore_start_rsci (ccs_in_v1_rscid143_width1) 2.00e-03 8.72e-04   12.624 1.55e-02   0.0
              output_rsci (mgc_out_dreg_v2_rscid21_width8)    0.000    0.000  102.107    0.102   0.0
              input_rsci (ccs_in_v1_rscid20_width8) 4.59e-05 4.79e-05  102.106    0.102   0.0
          input_fifo_6_rsci (Fifo_IDTYPE_7)    0.361    0.621 4.72e+03    5.701   0.1
            Fifo_IDTYPE_7_run_inst (Fifo_IDTYPE_7_run)    0.220    0.610 4.71e+03    5.538   0.1
              ccs_ccore_start_rsci (ccs_in_v1_rscid142_width1) 2.08e-03 8.72e-04   12.624 1.56e-02   0.0
              output_rsci (mgc_out_dreg_v2_rscid24_width8)    0.000    0.000  102.107    0.102   0.0
              input_rsci (ccs_in_v1_rscid23_width8)    0.000    0.000  102.107    0.102   0.0
          input_fifo_7_rsci (Fifo_IDTYPE_8)    0.422    0.631 5.35e+03    6.402   0.1
            Fifo_IDTYPE_8_run_inst (Fifo_IDTYPE_8_run)    0.322    0.620 5.34e+03    6.281   0.1
              ccs_ccore_start_rsci (ccs_in_v1_rscid141_width1) 1.07e-03 8.36e-04   12.624 1.45e-02   0.0
              output_rsci (mgc_out_dreg_v2_rscid27_width8)    0.000    0.000  102.107    0.102   0.0
              input_rsci (ccs_in_v1_rscid26_width8)    0.000    0.000  102.107    0.102   0.0
          input_fifo_8_rsci (Fifo_IDTYPE_9)    0.453    0.635 5.98e+03    7.068   0.1
            Fifo_IDTYPE_9_run_inst (Fifo_IDTYPE_9_run)    0.336    0.623 5.97e+03    6.928   0.1
              ccs_ccore_start_rsci (ccs_in_v1_rscid140_width1) 1.07e-03 8.36e-04   12.624 1.45e-02   0.0
              output_rsci (mgc_out_dreg_v2_rscid30_width8)    0.000    0.000  102.107    0.102   0.0
              input_rsci (ccs_in_v1_rscid29_width8)    0.000    0.000  102.107    0.102   0.0
          input_fifo_9_rsci (Fifo_IDTYPE_10)    0.509    0.665 6.62e+03    7.793   0.1
            Fifo_IDTYPE_10_run_inst (Fifo_IDTYPE_10_run)    0.494    0.654 6.61e+03    7.756   0.1
              ccs_ccore_start_rsci (ccs_in_v1_rscid139_width1) 9.93e-04 8.35e-04   12.624 1.45e-02   0.0
              output_rsci (mgc_out_dreg_v2_rscid33_width8)    0.000    0.000  102.107    0.102   0.0
              input_rsci (ccs_in_v1_rscid32_width8)    0.000    0.000  102.107    0.102   0.0
          input_fifo_10_rsci (Fifo_IDTYPE_11)    0.686    0.669 7.23e+03    8.581   0.2
            Fifo_IDTYPE_11_run_inst (Fifo_IDTYPE_11_run)    0.686    0.669 7.23e+03    8.581   0.2
              ccs_ccore_start_rsci (ccs_in_v1_rscid138_width1) 8.90e-04 8.31e-04   12.624 1.43e-02   0.0
              output_rsci (mgc_out_dreg_v2_rscid36_width8)    0.000    0.000  102.107    0.102   0.0
              input_rsci (ccs_in_v1_rscid35_width8)    0.000    0.000  102.107    0.102   0.0
          input_fifo_11_rsci (Fifo_IDTYPE_12)    0.586    0.662 7.84e+03    9.091   0.2
            Fifo_IDTYPE_12_run_inst (Fifo_IDTYPE_12_run)    0.586    0.662 7.84e+03    9.091   0.2
              ccs_ccore_start_rsci (ccs_in_v1_rscid137_width1) 1.08e-03 8.36e-04   12.624 1.45e-02   0.0
              output_rsci (mgc_out_dreg_v2_rscid39_width8)    0.000    0.000  102.107    0.102   0.0
              input_rsci (ccs_in_v1_rscid38_width8) 1.06e-04 4.94e-05  102.106    0.102   0.0
          input_fifo_12_rsci (Fifo_IDTYPE_13)    0.638    0.675 8.49e+03    9.800   0.2
            Fifo_IDTYPE_13_run_inst (Fifo_IDTYPE_13_run)    0.638    0.675 8.49e+03    9.800   0.2
              ccs_ccore_start_rsci (ccs_in_v1_rscid136_width1) 8.98e-04 8.31e-04   12.624 1.44e-02   0.0
              output_rsci (mgc_out_dreg_v2_rscid42_width8)    0.000    0.000  102.107    0.102   0.0
              input_rsci (ccs_in_v1_rscid41_width8)    0.000    0.000  102.107    0.102   0.0
          input_fifo_13_rsci (Fifo_IDTYPE_14)    0.727    0.691 9.12e+03   10.533   0.2
            Fifo_IDTYPE_14_run_inst (Fifo_IDTYPE_14_run)    0.727    0.691 9.12e+03   10.533   0.2
              ccs_ccore_start_rsci (ccs_in_v1_rscid135_width1) 1.07e-03 8.36e-04   12.624 1.45e-02   0.0
              output_rsci (mgc_out_dreg_v2_rscid45_width8)    0.000    0.000  102.107    0.102   0.0
              input_rsci (ccs_in_v1_rscid44_width8)    0.000    0.000  102.107    0.102   0.0
          input_fifo_14_rsci (Fifo_IDTYPE_15)    0.724    0.687 9.73e+03   11.145   0.2
            Fifo_IDTYPE_15_run_inst (Fifo_IDTYPE_15_run)    0.724    0.687 9.73e+03   11.145   0.2
              ccs_ccore_start_rsci (ccs_in_v1_rscid134_width1) 1.12e-03 8.37e-04   12.624 1.46e-02   0.0
              output_rsci (mgc_out_dreg_v2_rscid48_width8)    0.000    0.000  102.107    0.102   0.0
              input_rsci (ccs_in_v1_rscid47_width8)    0.000    0.000  102.107    0.102   0.0
          input_fifo_15_rsci (Fifo_IDTYPE_16)    0.776    0.688 1.04e+04   11.816   0.2
            Fifo_IDTYPE_16_run_inst (Fifo_IDTYPE_16_run)    0.776    0.688 1.04e+04   11.816   0.2
              ccs_ccore_start_rsci (ccs_in_v1_rscid133_width1) 2.93e-03 8.52e-04   12.624 1.64e-02   0.0
              output_rsci (mgc_out_dreg_v2_rscid51_width8)    0.000    0.000  102.107    0.102   0.0
              input_rsci (ccs_in_v1_rscid50_width8)    0.000    0.000  102.107    0.102   0.0
          output_fifo_14_rsci (Fifo_ODTYPE_2_0)    0.207    1.151 3.10e+03    4.462   0.1
            Fifo_ODTYPE_2_run_inst (Fifo_ODTYPE_2_run_0)    0.207    1.151 3.10e+03    4.462   0.1
              ccs_ccore_start_rsci (ccs_in_v1_rscid131_width1_0) 9.74e-04 9.27e-04   12.749 1.47e-02   0.0
              output_rsci (mgc_out_dreg_v2_rscid56_width16_0)    0.000    0.000  204.215    0.204   0.0
              input_rsci (ccs_in_v1_rscid55_width16_0) 8.49e-02    0.153  179.426    0.418   0.0
          accum_fifo_1_rsci (Fifo_ODTYPE_2_1)    0.220    1.042 3.07e+03    4.335   0.1
            Fifo_ODTYPE_2_run_inst (Fifo_ODTYPE_2_run_1)    0.220    1.042 3.07e+03    4.335   0.1
              ccs_ccore_start_rsci (ccs_in_v1_rscid131_width1_1)    0.000    0.000   12.763 1.28e-02   0.0
              output_rsci (mgc_out_dreg_v2_rscid56_width16_1)    0.000    0.000  204.215    0.204   0.0
              input_rsci (ccs_in_v1_rscid55_width16_1)    0.109    0.154  191.450    0.454   0.0
          output_fifo_13_rsci (Fifo_ODTYPE_3_0)    0.397    1.208 4.37e+03    5.979   0.1
            Fifo_ODTYPE_3_run_inst (Fifo_ODTYPE_3_run_0)    0.326    1.196 4.36e+03    5.885   0.1
              ccs_ccore_start_rsci (ccs_in_v1_rscid130_width1_0) 1.41e-03 9.38e-04   12.749 1.51e-02   0.0
              output_rsci (mgc_out_dreg_v2_rscid59_width16_0)    0.000    0.000  204.215    0.204   0.0
              input_rsci (ccs_in_v1_rscid58_width16_0) 8.62e-02    0.155  179.426    0.420   0.0
          accum_fifo_2_rsci (Fifo_ODTYPE_3_1)    0.388    1.064 4.33e+03    5.783   0.1
            Fifo_ODTYPE_3_run_inst (Fifo_ODTYPE_3_run_1)    0.289    1.051 4.32e+03    5.660   0.1
              ccs_ccore_start_rsci (ccs_in_v1_rscid130_width1_1)    0.000    0.000   12.763 1.28e-02   0.0
              output_rsci (mgc_out_dreg_v2_rscid59_width16_1)    0.000    0.000  204.215    0.204   0.0
              input_rsci (ccs_in_v1_rscid58_width16_1) 7.16e-02    0.149  191.474    0.412   0.0
          output_fifo_12_rsci (Fifo_ODTYPE_4_0)    0.485    1.248 5.61e+03    7.343   0.1
            Fifo_ODTYPE_4_run_inst (Fifo_ODTYPE_4_run_0)    0.485    1.248 5.61e+03    7.343   0.1
              ccs_ccore_start_rsci (ccs_in_v1_rscid129_width1_0) 4.30e-04 9.99e-04   12.749 1.42e-02   0.0
              output_rsci (mgc_out_dreg_v2_rscid62_width16_0)    0.000    0.000  204.215    0.204   0.0
              input_rsci (ccs_in_v1_rscid61_width16_0) 8.34e-02    0.157  179.426    0.420   0.0
          accum_fifo_3_rsci (Fifo_ODTYPE_4_1)    0.486    1.077 5.58e+03    7.141   0.1
            Fifo_ODTYPE_4_run_inst (Fifo_ODTYPE_4_run_1)    0.486    1.077 5.58e+03    7.141   0.1
              ccs_ccore_start_rsci (ccs_in_v1_rscid129_width1_1)    0.000    0.000   12.763 1.28e-02   0.0
              output_rsci (mgc_out_dreg_v2_rscid62_width16_1)    0.000    0.000  204.215    0.204   0.0
              input_rsci (ccs_in_v1_rscid61_width16_1) 8.22e-02    0.149  191.591    0.423   0.0
          output_fifo_11_rsci (Fifo_ODTYPE_5_0)    0.585    1.302 6.87e+03    8.756   0.2
            Fifo_ODTYPE_5_run_inst (Fifo_ODTYPE_5_run_0)    0.585    1.302 6.87e+03    8.756   0.2
              ccs_ccore_start_rsci (ccs_in_v1_rscid128_width1_0) 9.43e-04 9.35e-04   12.749 1.46e-02   0.0
              output_rsci (mgc_out_dreg_v2_rscid65_width16_0)    0.000    0.000  204.215    0.204   0.0
              input_rsci (ccs_in_v1_rscid64_width16_0) 8.42e-02    0.153  179.426    0.417   0.0
          accum_fifo_4_rsci (Fifo_ODTYPE_5_1)    0.536    1.092 6.83e+03    8.454   0.2
            Fifo_ODTYPE_5_run_inst (Fifo_ODTYPE_5_run_1)    0.536    1.092 6.83e+03    8.454   0.2
              ccs_ccore_start_rsci (ccs_in_v1_rscid128_width1_1)    0.000    0.000   12.763 1.28e-02   0.0
              output_rsci (mgc_out_dreg_v2_rscid65_width16_1)    0.000    0.000  204.215    0.204   0.0
              input_rsci (ccs_in_v1_rscid64_width16_1) 9.46e-02    0.151  191.475    0.437   0.0
          output_fifo_10_rsci (Fifo_ODTYPE_6_0)    0.710    1.349 8.13e+03   10.186   0.2
            Fifo_ODTYPE_6_run_inst (Fifo_ODTYPE_6_run_0)    0.710    1.349 8.13e+03   10.186   0.2
              ccs_ccore_start_rsci (ccs_in_v1_rscid127_width1_0) 1.28e-03 9.45e-04   12.749 1.50e-02   0.0
              output_rsci (mgc_out_dreg_v2_rscid68_width16_0)    0.000    0.000  204.215    0.204   0.0
              input_rsci (ccs_in_v1_rscid67_width16_0) 9.81e-02    0.154  179.426    0.432   0.0
          accum_fifo_5_rsci (Fifo_ODTYPE_6_1)    0.672    1.108 8.07e+03    9.853   0.2
            Fifo_ODTYPE_6_run_inst (Fifo_ODTYPE_6_run_1)    0.548    1.097 8.06e+03    9.708   0.2
              ccs_ccore_start_rsci (ccs_in_v1_rscid127_width1_1)    0.000    0.000   12.763 1.28e-02   0.0
              output_rsci (mgc_out_dreg_v2_rscid68_width16_1)    0.000    0.000  204.215    0.204   0.0
              input_rsci (ccs_in_v1_rscid67_width16_1) 7.70e-02    0.150  191.524    0.418   0.0
          output_fifo_9_rsci (Fifo_ODTYPE_7_0)    0.805    1.373 9.35e+03   11.530   0.2
            Fifo_ODTYPE_7_run_inst (Fifo_ODTYPE_7_run_0)    0.709    1.361 9.34e+03   11.412   0.2
              ccs_ccore_start_rsci (ccs_in_v1_rscid126_width1_0) 1.57e-03 9.40e-04   12.749 1.53e-02   0.0
              output_rsci (mgc_out_dreg_v2_rscid71_width16_0)    0.000    0.000  204.215    0.204   0.0
              input_rsci (ccs_in_v1_rscid70_width16_0) 8.96e-02    0.158  179.426    0.427   0.0
          accum_fifo_6_rsci (Fifo_ODTYPE_7_1)    0.761    1.132 9.34e+03   11.238   0.2
            Fifo_ODTYPE_7_run_inst (Fifo_ODTYPE_7_run_1)    0.761    1.132 9.34e+03   11.238   0.2
              ccs_ccore_start_rsci (ccs_in_v1_rscid126_width1_1)    0.000    0.000   12.763 1.28e-02   0.0
              output_rsci (mgc_out_dreg_v2_rscid71_width16_1)    0.000    0.000  204.215    0.204   0.0
              input_rsci (ccs_in_v1_rscid70_width16_1) 9.59e-02    0.151  191.699    0.439   0.0
          output_fifo_8_rsci (Fifo_ODTYPE_8_0)    0.811    0.911 1.06e+04   12.280   0.2
            Fifo_ODTYPE_8_run_inst (Fifo_ODTYPE_8_run_0)    0.811    0.911 1.06e+04   12.280   0.2
              ccs_ccore_start_rsci (ccs_in_v1_rscid125_width1_0) 2.06e-03 9.48e-04   12.749 1.58e-02   0.0
              output_rsci (mgc_out_dreg_v2_rscid74_width16_0)    0.000    0.000  204.215    0.204   0.0
              input_rsci (ccs_in_v1_rscid73_width16_0)    0.000    0.000  204.215    0.204   0.0
          accum_fifo_7_rsci (Fifo_ODTYPE_8_1)    0.776    1.127 1.06e+04   12.460   0.2
            Fifo_ODTYPE_8_run_inst (Fifo_ODTYPE_8_run_1)    0.776    1.127 1.06e+04   12.460   0.2
              ccs_ccore_start_rsci (ccs_in_v1_rscid125_width1_1)    0.000    0.000   12.763 1.28e-02   0.0
              output_rsci (mgc_out_dreg_v2_rscid74_width16_1)    0.000    0.000  204.215    0.204   0.0
              input_rsci (ccs_in_v1_rscid73_width16_1) 9.12e-02    0.151  191.530    0.434   0.0
          output_fifo_7_rsci (Fifo_ODTYPE_9_0)    1.070    1.470 1.19e+04   14.399   0.3
            Fifo_ODTYPE_9_run_inst (Fifo_ODTYPE_9_run_0)    1.070    1.470 1.19e+04   14.399   0.3
              ccs_ccore_start_rsci (ccs_in_v1_rscid124_width1_0) 1.59e-03 1.05e-03   12.749 1.54e-02   0.0
              output_rsci (mgc_out_dreg_v2_rscid77_width16_0)    0.000    0.000  204.215    0.204   0.0
              input_rsci (ccs_in_v1_rscid76_width16_0)    0.172    0.161  179.426    0.512   0.0
          accum_fifo_8_rsci (Fifo_ODTYPE_9_1)    0.853    1.159 1.18e+04   13.827   0.2
            Fifo_ODTYPE_9_run_inst (Fifo_ODTYPE_9_run_1)    0.853    1.159 1.18e+04   13.827   0.2
              ccs_ccore_start_rsci (ccs_in_v1_rscid124_width1_1)    0.000    0.000   12.763 1.28e-02   0.0
              output_rsci (mgc_out_dreg_v2_rscid77_width16_1)    0.000    0.000  204.215    0.204   0.0
              input_rsci (ccs_in_v1_rscid76_width16_1) 7.67e-02    0.150  191.492    0.418   0.0
          output_fifo_6_rsci (Fifo_ODTYPE_10_0)    1.131    1.523 1.31e+04   15.774   0.3
            Fifo_ODTYPE_10_run_inst (Fifo_ODTYPE_10_run_0)    1.131    1.523 1.31e+04   15.774   0.3
              ccs_ccore_start_rsci (ccs_in_v1_rscid123_width1_0) 4.77e-04 9.06e-04   12.749 1.41e-02   0.0
              output_rsci (mgc_out_dreg_v2_rscid80_width16_0)    0.000    0.000  204.215    0.204   0.0
              input_rsci (ccs_in_v1_rscid79_width16_0)    0.153    0.162  179.426    0.494   0.0
          accum_fifo_9_rsci (Fifo_ODTYPE_10_1)    0.958    1.158 1.31e+04   15.181   0.3
            Fifo_ODTYPE_10_run_inst (Fifo_ODTYPE_10_run_1)    0.958    1.158 1.31e+04   15.181   0.3
              ccs_ccore_start_rsci (ccs_in_v1_rscid123_width1_1)    0.000    0.000   12.763 1.28e-02   0.0
              output_rsci (mgc_out_dreg_v2_rscid80_width16_1)    0.000    0.000  204.215    0.204   0.0
              input_rsci (ccs_in_v1_rscid79_width16_1) 7.21e-02    0.149  191.481    0.413   0.0
          output_fifo_5_rsci (Fifo_ODTYPE_11_0)    1.262    1.531 1.43e+04   17.137   0.3
            Fifo_ODTYPE_11_run_inst (Fifo_ODTYPE_11_run_0)    1.159    1.520 1.43e+04   17.012   0.3
              ccs_ccore_start_rsci (ccs_in_v1_rscid122_width1_0) 2.35e-03 9.50e-04   12.749 1.60e-02   0.0
              output_rsci (mgc_out_dreg_v2_rscid83_width16_0)    0.000    0.000  204.215    0.204   0.0
              input_rsci (ccs_in_v1_rscid82_width16_0)    0.147    0.162  179.426    0.489   0.0
          accum_fifo_10_rsci (Fifo_ODTYPE_11_1)    1.120    1.195 1.43e+04   16.650   0.3
            Fifo_ODTYPE_11_run_inst (Fifo_ODTYPE_11_run_1)    1.120    1.195 1.43e+04   16.650   0.3
              ccs_ccore_start_rsci (ccs_in_v1_rscid122_width1_1)    0.000    0.000   12.763 1.28e-02   0.0
              output_rsci (mgc_out_dreg_v2_rscid83_width16_1)    0.000    0.000  204.215    0.204   0.0
              input_rsci (ccs_in_v1_rscid82_width16_1) 7.89e-02    0.149  191.515    0.420   0.0
          output_fifo_4_rsci (Fifo_ODTYPE_12_0)    1.288    1.604 1.56e+04   18.517   0.3
            Fifo_ODTYPE_12_run_inst (Fifo_ODTYPE_12_run_0)    1.288    1.604 1.56e+04   18.517   0.3
              ccs_ccore_start_rsci (ccs_in_v1_rscid121_width1_0) 1.90e-03 9.46e-04   12.749 1.56e-02   0.0
              output_rsci (mgc_out_dreg_v2_rscid86_width16_0)    0.000    0.000  204.215    0.204   0.0
              input_rsci (ccs_in_v1_rscid85_width16_0) 9.11e-02    0.158  179.426    0.428   0.0
          accum_fifo_11_rsci (Fifo_ODTYPE_12_1)    1.254    1.200 1.56e+04   18.023   0.3
            Fifo_ODTYPE_12_run_inst (Fifo_ODTYPE_12_run_1)    1.158    1.189 1.56e+04   17.905   0.3
              ccs_ccore_start_rsci (ccs_in_v1_rscid121_width1_1)    0.000    0.000   12.763 1.28e-02   0.0
              output_rsci (mgc_out_dreg_v2_rscid86_width16_1)    0.000    0.000  204.215    0.204   0.0
              input_rsci (ccs_in_v1_rscid85_width16_1) 7.28e-02    0.149  191.494    0.413   0.0
          output_fifo_3_rsci (Fifo_ODTYPE_13_0)    1.438    1.642 1.69e+04   19.940   0.4
            Fifo_ODTYPE_13_run_inst (Fifo_ODTYPE_13_run_0)    1.438    1.642 1.69e+04   19.940   0.4
              ccs_ccore_start_rsci (ccs_in_v1_rscid120_width1_0) 1.65e-03 9.42e-04   12.749 1.53e-02   0.0
              output_rsci (mgc_out_dreg_v2_rscid89_width16_0)    0.000    0.000  204.215    0.204   0.0
              input_rsci (ccs_in_v1_rscid88_width16_0)    0.191    0.162  179.426    0.533   0.0
          accum_fifo_12_rsci (Fifo_ODTYPE_13_1)    1.355    1.229 1.68e+04   19.424   0.4
            Fifo_ODTYPE_13_run_inst (Fifo_ODTYPE_13_run_1)    1.253    1.219 1.68e+04   19.301   0.3
              ccs_ccore_start_rsci (ccs_in_v1_rscid120_width1_1)    0.000    0.000   12.763 1.28e-02   0.0
              output_rsci (mgc_out_dreg_v2_rscid89_width16_1)    0.000    0.000  204.215    0.204   0.0
              input_rsci (ccs_in_v1_rscid88_width16_1) 9.47e-02    0.152  191.540    0.438   0.0
          output_fifo_2_rsci (Fifo_ODTYPE_14_0)    1.635    1.697 1.81e+04   21.452   0.4
            Fifo_ODTYPE_14_run_inst (Fifo_ODTYPE_14_run_0)    1.635    1.697 1.81e+04   21.452   0.4
              ccs_ccore_start_rsci (ccs_in_v1_rscid119_width1_0) 1.26e-03 9.45e-04   12.749 1.50e-02   0.0
              output_rsci (mgc_out_dreg_v2_rscid92_width16_0)    0.000    0.000  204.215    0.204   0.0
              input_rsci (ccs_in_v1_rscid91_width16_0)    0.204    0.159  179.426    0.542   0.0
          accum_fifo_13_rsci (Fifo_ODTYPE_14_1)    1.527    1.252 1.81e+04   20.867   0.4
            Fifo_ODTYPE_14_run_inst (Fifo_ODTYPE_14_run_1)    1.417    1.240 1.81e+04   20.733   0.4
              ccs_ccore_start_rsci (ccs_in_v1_rscid119_width1_1)    0.000    0.000   12.763 1.28e-02   0.0
              output_rsci (mgc_out_dreg_v2_rscid92_width16_1)    0.000    0.000  204.215    0.204   0.0
              input_rsci (ccs_in_v1_rscid91_width16_1)    0.158    0.156  191.479    0.506   0.0
          output_fifo_1_rsci (Fifo_ODTYPE_15_0)    1.623    1.702 1.93e+04   22.658   0.4
            Fifo_ODTYPE_15_run_inst (Fifo_ODTYPE_15_run_0)    1.623    1.702 1.93e+04   22.658   0.4
              ccs_ccore_start_rsci (ccs_in_v1_rscid118_width1_0) 1.52e-03 1.05e-03   12.749 1.53e-02   0.0
              output_rsci (mgc_out_dreg_v2_rscid95_width16_0)    0.000    0.000  204.215    0.204   0.0
              input_rsci (ccs_in_v1_rscid94_width16_0)    0.104    0.158  179.426    0.442   0.0
          accum_fifo_14_rsci (Fifo_ODTYPE_15_1)    1.453    1.231 1.93e+04   21.984   0.4
            Fifo_ODTYPE_15_run_inst (Fifo_ODTYPE_15_run_1)    1.453    1.231 1.93e+04   21.984   0.4
              ccs_ccore_start_rsci (ccs_in_v1_rscid118_width1_1)    0.000    0.000   12.763 1.28e-02   0.0
              output_rsci (mgc_out_dreg_v2_rscid95_width16_1)    0.000    0.000  204.215    0.204   0.0
              input_rsci (ccs_in_v1_rscid94_width16_1) 6.88e-02    0.149  191.577    0.409   0.0
          output_fifo_0_rsci (Fifo_ODTYPE_16_0)    1.821    1.764 2.06e+04   24.187   0.4
            Fifo_ODTYPE_16_run_inst (Fifo_ODTYPE_16_run_0)    1.821    1.764 2.06e+04   24.187   0.4
              ccs_ccore_start_rsci (ccs_in_v1_rscid117_width1_0) 1.09e-03 9.42e-04   12.749 1.48e-02   0.0
              output_rsci (mgc_out_dreg_v2_rscid98_width16_0)    0.000    0.000  204.215    0.204   0.0
              input_rsci (ccs_in_v1_rscid97_width16_0)    0.187    0.165  179.426    0.532   0.0
          accum_fifo_15_rsci (Fifo_ODTYPE_16_1)    1.596    1.255 2.06e+04   23.411   0.4
            Fifo_ODTYPE_16_run_inst (Fifo_ODTYPE_16_run_1)    1.596    1.255 2.06e+04   23.411   0.4
              ccs_ccore_start_rsci (ccs_in_v1_rscid117_width1_1)    0.000    0.000   12.763 1.28e-02   0.0
              output_rsci (mgc_out_dreg_v2_rscid98_width16_1)    0.000    0.000  204.215    0.204   0.0
              input_rsci (ccs_in_v1_rscid97_width16_1) 7.43e-02    0.150  191.511    0.416   0.0
        accumulation_buffer_rsc_0_15_i (SystolicArrayCore_IDTYPE_WDTYPE_ODTYPE_16_16_sram_512_128_sram_512_128_rwport_164_16_12_256_16_gen)    0.144    0.172  209.729    0.526   0.0
        accumulation_buffer_rsc_0_14_i (SystolicArrayCore_IDTYPE_WDTYPE_ODTYPE_16_16_sram_512_128_sram_512_128_rwport_163_16_12_256_16_gen)    0.155    0.172  209.729    0.537   0.0
        accumulation_buffer_rsc_0_13_i (SystolicArrayCore_IDTYPE_WDTYPE_ODTYPE_16_16_sram_512_128_sram_512_128_rwport_162_16_12_256_16_gen)    0.174    0.173  209.729    0.557   0.0
        accumulation_buffer_rsc_0_12_i (SystolicArrayCore_IDTYPE_WDTYPE_ODTYPE_16_16_sram_512_128_sram_512_128_rwport_161_16_12_256_16_gen)    0.158    0.173  209.729    0.540   0.0
        accumulation_buffer_rsc_0_11_i (SystolicArrayCore_IDTYPE_WDTYPE_ODTYPE_16_16_sram_512_128_sram_512_128_rwport_160_16_12_256_16_gen)    0.143    0.172  209.729    0.525   0.0
        accumulation_buffer_rsc_0_10_i (SystolicArrayCore_IDTYPE_WDTYPE_ODTYPE_16_16_sram_512_128_sram_512_128_rwport_159_16_12_256_16_gen)    0.142    0.172  209.729    0.524   0.0
        accumulation_buffer_rsc_0_9_i (SystolicArrayCore_IDTYPE_WDTYPE_ODTYPE_16_16_sram_512_128_sram_512_128_rwport_158_16_12_256_16_gen)    0.149    0.172  209.729    0.531   0.0
        accumulation_buffer_rsc_0_8_i (SystolicArrayCore_IDTYPE_WDTYPE_ODTYPE_16_16_sram_512_128_sram_512_128_rwport_157_16_12_256_16_gen)    0.133    0.171  209.729    0.514   0.0
        accumulation_buffer_rsc_0_7_i (SystolicArrayCore_IDTYPE_WDTYPE_ODTYPE_16_16_sram_512_128_sram_512_128_rwport_156_16_12_256_16_gen)    0.150    0.172  209.729    0.532   0.0
        accumulation_buffer_rsc_0_6_i (SystolicArrayCore_IDTYPE_WDTYPE_ODTYPE_16_16_sram_512_128_sram_512_128_rwport_155_16_12_256_16_gen)    0.155    0.173  209.729    0.537   0.0
        accumulation_buffer_rsc_0_5_i (SystolicArrayCore_IDTYPE_WDTYPE_ODTYPE_16_16_sram_512_128_sram_512_128_rwport_154_16_12_256_16_gen)    0.135    0.172  209.729    0.517   0.0
        accumulation_buffer_rsc_0_4_i (SystolicArrayCore_IDTYPE_WDTYPE_ODTYPE_16_16_sram_512_128_sram_512_128_rwport_153_16_12_256_16_gen)    0.132    0.171  209.729    0.513   0.0
        accumulation_buffer_rsc_0_3_i (SystolicArrayCore_IDTYPE_WDTYPE_ODTYPE_16_16_sram_512_128_sram_512_128_rwport_152_16_12_256_16_gen)    0.144    0.172  209.729    0.525   0.0
        accumulation_buffer_rsc_0_2_i (SystolicArrayCore_IDTYPE_WDTYPE_ODTYPE_16_16_sram_512_128_sram_512_128_rwport_151_16_12_256_16_gen)    0.144    0.172  209.729    0.526   0.0
        accumulation_buffer_rsc_0_1_i (SystolicArrayCore_IDTYPE_WDTYPE_ODTYPE_16_16_sram_512_128_sram_512_128_rwport_150_16_12_256_16_gen)    0.163    0.173  209.729    0.545   0.0
        accumulation_buffer_rsc_0_0_i (SystolicArrayCore_IDTYPE_WDTYPE_ODTYPE_16_16_sram_512_128_sram_512_128_rwport_149_16_12_256_16_gen)    0.144    0.172  209.729    0.526   0.0
    loopIndicesChannel_cns_pipe (ccs_pipe_v5_rscid164_width48_sz_width1_fifo_sz3_log2_sz2_ph_clk1_ph_en0_ph_arst0_ph_srst0)    1.046    2.694 2.25e+04   26.197   0.5
      FIFO (ccs_fifo_wait_core_v5_rscid164_width48_sz_width1_fifo_sz3_ph_clk1_ph_en0_ph_arst0_ph_srst0_ph_log22)    1.046    2.694 2.25e+04   26.197   0.5
        FIFO_REG_GEN_REGS_0__BUFREG (ccs_genreg_v1_48_1_0_0_0_1_0)    0.298    0.437 5.75e+03    6.488   0.1
        FIFO_REG_GEN_REGS_0__STATREG (ccs_genreg_v1_1_1_0_0_0_1_4) 1.44e-03    0.362  130.346    0.494   0.0
        FIFO_REG_GEN_REGS_1__BUFREG (ccs_genreg_v1_48_1_0_0_0_1_1)    0.273    0.434 5.75e+03    6.461   0.1
        FIFO_REG_GEN_REGS_1__STATREG (ccs_genreg_v1_1_1_0_0_0_1_5) 2.56e-03    0.361  130.473    0.494   0.0
        FIFO_REG_GEN_REGS_2__BUFREG (ccs_genreg_v1_48_1_0_0_0_1_2)    0.208    0.422 5.73e+03    6.360   0.1
        FIFO_REG_GEN_REGS_2__STATREG (ccs_genreg_v1_1_1_0_0_0_1_6) 2.46e-03    0.360  130.614    0.493   0.0
        FIFO_REG_HS_INIT_REG (ccs_genreg_v1_1_1_1_0_0_0_3) 1.05e-02    0.260  105.365    0.375   0.0
    paramsChannel_cns_pipe (ccs_pipe_v5_rscid163_width144_sz_width1_fifo_sz3_log2_sz2_ph_clk1_ph_en0_ph_arst0_ph_srst0)    1.696    3.899 3.67e+04   42.320   0.8
      FIFO (ccs_fifo_wait_core_v5_rscid163_width144_sz_width1_fifo_sz3_ph_clk1_ph_en0_ph_arst0_ph_srst0_ph_log22)    1.598    3.888 3.67e+04   42.201   0.8
        FIFO_REG_GEN_REGS_0__BUFREG (ccs_genreg_v1_144_1_0_0_0_1_4)    0.477    0.760 9.54e+03   10.774   0.2
        FIFO_REG_GEN_REGS_0__STATREG (ccs_genreg_v1_1_1_0_0_0_1_7) 1.43e-03    0.362  130.346    0.494   0.0
        FIFO_REG_GEN_REGS_1__BUFREG (ccs_genreg_v1_144_1_0_0_0_1_5)    0.482    0.775 9.54e+03   10.795   0.2
        FIFO_REG_GEN_REGS_1__STATREG (ccs_genreg_v1_1_1_0_0_0_1_8) 2.63e-03    0.361  130.473    0.494   0.0
        FIFO_REG_GEN_REGS_2__BUFREG (ccs_genreg_v1_144_1_0_0_0_1_6)    0.433    0.792 9.53e+03   10.751   0.2
        FIFO_REG_GEN_REGS_2__STATREG (ccs_genreg_v1_1_1_0_0_0_1_9) 2.81e-03    0.360  130.614    0.494   0.0
        FIFO_REG_HS_INIT_REG (ccs_genreg_v1_1_1_1_0_0_0_4) 1.15e-02    0.259  105.365    0.376   0.0
  weightDoubleBuffer (WeightDoubleBuffer_384_16_16)  138.096  305.657 5.32e+05  975.816  17.6
    WeightDoubleBuffer_384_16_16_struct_inst (WeightDoubleBuffer_384_16_16_struct)  138.096  305.657 5.32e+05  975.816  17.6
      WeightDoublefeSAqem_cns_bctl_inst (WeightDoublefeSAqem_cns_bctl)    2.429    7.772 1.51e+04   25.337   0.5
      unreg_1 (unreg_hier_0)           2.58e-04 4.13e-04   12.748 1.34e-02   0.0
      unreg (unreg_hier_1)             1.18e-05 2.32e-05    9.666 9.70e-03   0.0
      WeightDoubleBuffer_384_16_16_run_inst (WeightDoubleBuffer_384_16_16_run)    7.831   38.561 2.30e+04   69.354   1.3
        WeightDoubleBuffer_384_16_16_run_run_inst (WeightDoubleBuffer_384_16_16_run_run)    7.831   38.561 2.30e+04   69.354   1.3
          WeightDoubleBuffer_384_16_16_run_run_run_fsm_inst (WeightDoubleBuffer_384_16_16_run_run_run_fsm) 4.36e-02    0.689  302.228    1.034   0.0
          WeightDoubleBuffer_384_16_16_run_run_staller_inst (WeightDoubleBuffer_384_16_16_run_run_staller) 5.63e-02 1.90e-02   29.727    0.105   0.0
          WeightDoubleBuffer_384_16_16_run_run_weightDoubleBufferReaderParams_cnsi_inst (WeightDoubleBuffer_384_16_16_run_run_weightDoubleBufferReaderParams_cnsi)    0.109    0.464 1.44e+03    2.011   0.0
            WeightDoubleBuffer_384_16_16_run_run_weightDoubleBufferReaderParams_cnsi_weightDoubleBufferReaderParams_wait_dp_inst (WeightDoubleBuffer_384_16_16_run_run_weightDoubleBufferReaderParams_cnsi_weightDoubleBufferReaderParams_wait_dp) 2.34e-03    0.360  123.035    0.486   0.0
            WeightDoubleBuffer_384_16_16_run_run_weightDoubleBufferReaderParams_cnsi_weightDoubleBufferReaderParams_wait_ctrl_inst (WeightDoubleBuffer_384_16_16_run_run_weightDoubleBufferReaderParams_cnsi_weightDoubleBufferReaderParams_wait_ctrl) 5.54e-03 7.67e-03   77.802 9.10e-02   0.0
            weightDoubleBufferReaderParams_cnsi (ccs_out_wait_v1_rscid19_width144_0)    0.101 9.63e-02 1.24e+03    1.435   0.0
          WeightDoubleBuffer_384_16_16_run_run_weightDoubleBufferWriterParams_cnsi_inst (WeightDoubleBuffer_384_16_16_run_run_weightDoubleBufferWriterParams_cnsi) 8.29e-02    0.445 1.16e+03    1.687   0.0
            WeightDoubleBuffer_384_16_16_run_run_weightDoubleBufferWriterParams_cnsi_weightDoubleBufferWriterParams_wait_dp_inst (WeightDoubleBuffer_384_16_16_run_run_weightDoubleBufferWriterParams_cnsi_weightDoubleBufferWriterParams_wait_dp) 2.21e-03    0.360  123.035    0.485   0.0
            WeightDoubleBuffer_384_16_16_run_run_weightDoubleBufferWriterParams_cnsi_weightDoubleBufferWriterParams_wait_ctrl_inst (WeightDoubleBuffer_384_16_16_run_run_weightDoubleBufferWriterParams_cnsi_weightDoubleBufferWriterParams_wait_ctrl) 4.98e-03 7.64e-03   77.802 9.04e-02   0.0
            weightDoubleBufferWriterParams_cnsi (ccs_out_wait_v1_rscid18_width144_0) 7.57e-02 7.68e-02  958.937    1.111   0.0
          WeightDoubleBuffer_384_16_16_run_run_paramsIn_rsci_inst (WeightDoubleBuffer_384_16_16_run_run_paramsIn_rsci)    6.643   34.926 1.21e+04   53.643   1.0
            WeightDoubleBuffer_384_16_16_run_run_paramsIn_rsci_paramsIn_wait_dp_inst (WeightDoubleBuffer_384_16_16_run_run_paramsIn_rsci_paramsIn_wait_dp)    6.552   34.801 1.08e+04   52.114   0.9
            WeightDoubleBuffer_384_16_16_run_run_paramsIn_rsci_paramsIn_wait_ctrl_inst (WeightDoubleBuffer_384_16_16_run_run_paramsIn_rsci_paramsIn_wait_ctrl) 1.97e-02 2.04e-02   78.244    0.118   0.0
            paramsIn_rsci (ccs_in_wait_v1_rscid17_width144_0) 7.05e-02    0.105 1.24e+03    1.411   0.0
      weightDoubleBufferReader (WeightDoubleBufferReader_384_16_16)   34.420  143.159 2.02e+05  379.967   6.9
        WeightDoubleBufferReader_384_16_16_run_inst (WeightDoubleBufferReader_384_16_16_run)   33.524  141.840 2.01e+05  376.079   6.8
          add_x_2 (WeightDoubleBufferReader_384_16_16_run_DW01_inc_J5_4) 2.03e-02 2.92e-02 1.41e+03    1.464   0.0
          mult_x_4 (WeightDoubleBufferReader_384_16_16_run_DW_mult_uns_J5_3)    1.580    1.976 4.10e+04   44.598   0.8
          add_x_6 (WeightDoubleBufferReader_384_16_16_run_DW01_inc_J5_2) 1.93e-02 2.77e-02 1.32e+03    1.362   0.0
          mult_x_7 (WeightDoubleBufferReader_384_16_16_run_DW_mult_uns_J5_2)    1.037    1.141 3.18e+04   33.978   0.6
          mult_x_14 (WeightDoubleBufferReader_384_16_16_run_DW_mult_uns_J5_1) 1.45e-02 2.49e-02  805.008    0.844   0.0
          mult_x_15 (WeightDoubleBufferReader_384_16_16_run_DW_mult_uns_J5_0)    0.772    0.671 2.37e+04   25.099   0.5
          add_x_16 (WeightDoubleBufferReader_384_16_16_run_DW01_inc_J5_1) 1.22e-02 4.41e-02 1.43e+03    1.487   0.0
          add_x_19 (WeightDoubleBufferReader_384_16_16_run_DW01_dec_J5_0)    0.133    0.119 4.01e+03    4.262   0.1
          add_x_20 (WeightDoubleBufferReader_384_16_16_run_DW01_add_J5_0) 6.22e-04 3.89e-03  268.813    0.273   0.0
          DP_OP_49J5_122_507 (WeightDoubleBufferReader_384_16_16_run_DP_OP_49J5_122_507_J5_0) 6.26e-03 1.25e-02 1.06e+03    1.083   0.0
          DP_OP_50J5_123_2648 (WeightDoubleBufferReader_384_16_16_run_DP_OP_50J5_123_2648_J5_0)    0.747    0.649 2.17e+04   23.092   0.4
          DP_OP_51J5_124_8762 (WeightDoubleBufferReader_384_16_16_run_DP_OP_51J5_124_8762_J5_0) 4.11e-02 6.64e-02 1.85e+03    1.956   0.0
          DP_OP_52J5_125_365 (WeightDoubleBufferReader_384_16_16_run_DP_OP_52J5_125_365_J5_0) 3.90e-03 4.89e-03  428.805    0.438   0.0
          WeightDoubleBufferReader_384_16_16_run_run_fsm_inst (WeightDoubleBufferReader_384_16_16_run_run_fsm)    0.317    1.497 1.05e+03    2.866   0.1
          WeightDoubleBufferReader_384_16_16_run_staller_inst (WeightDoubleBufferReader_384_16_16_run_staller) 6.41e-02    0.282  134.171    0.480   0.0
          WeightDoubleBufferReader_384_16_16_run_din_rsc_req_obj_inst (WeightDoubleBufferReader_384_16_16_run_din_rsc_req_obj) 2.19e-03    0.361  182.958    0.546   0.0
            WeightDoubleBufferReader_384_16_16_run_din_rsc_req_obj_din_rsc_req_wait_dp_inst (WeightDoubleBufferReader_384_16_16_run_din_rsc_req_obj_din_rsc_req_wait_dp) 1.08e-03    0.360  124.294    0.485   0.0
            WeightDoubleBufferReader_384_16_16_run_din_rsc_req_obj_din_rsc_req_wait_ctrl_inst (WeightDoubleBufferReader_384_16_16_run_din_rsc_req_obj_din_rsc_req_wait_ctrl) 6.52e-04 1.17e-03   45.916 4.77e-02   0.0
            din_rsc_req_obj (mgc_in_sync_v2_valid1_0) 4.60e-04 4.25e-04   12.748 1.36e-02   0.0
          WeightDoubleBufferReader_384_16_16_run_din_rsc_rls_obj_inst (WeightDoubleBufferReader_384_16_16_run_din_rsc_rls_obj) 7.70e-04 6.10e-04   44.677 4.61e-02   0.0
            WeightDoubleBufferReader_384_16_16_run_din_rsc_rls_obj_din_rsc_rls_wait_ctrl_inst (WeightDoubleBufferReader_384_16_16_run_din_rsc_rls_obj_din_rsc_rls_wait_ctrl) 3.61e-04 3.46e-04   31.918 3.26e-02   0.0
            din_rsc_rls_obj (mgc_io_sync_v2_valid0_0) 4.09e-04 2.64e-04   12.760 1.34e-02   0.0
          WeightDoubleBufferReader_384_16_16_run_dout_rsci_inst (WeightDoubleBufferReader_384_16_16_run_dout_rsci) 3.95e-03    0.368 1.86e+03    2.230   0.0
            WeightDoubleBufferReader_384_16_16_run_dout_rsci_dout_wait_dp_inst (WeightDoubleBufferReader_384_16_16_run_dout_rsci_dout_wait_dp)    0.000    0.358  122.338    0.481   0.0
            WeightDoubleBufferReader_384_16_16_run_dout_rsci_dout_wait_ctrl_inst (WeightDoubleBufferReader_384_16_16_run_dout_rsci_dout_wait_ctrl) 2.46e-05 2.27e-05   77.914 7.80e-02   0.0
            dout_rsci (ccs_out_wait_v1_rscid9_width128_0) 3.92e-03 9.34e-03 1.66e+03    1.671   0.0
          WeightDoubleBufferReader_384_16_16_run_din_rsci_1_inst (WeightDoubleBufferReader_384_16_16_run_din_rsci_1)   10.243   50.466 1.57e+04   76.360   1.4
            WeightDoubleBufferReader_384_16_16_run_din_rsci_1_din_rsc_wait_ctrl_inst (WeightDoubleBufferReader_384_16_16_run_din_rsci_1_din_rsc_wait_ctrl) 2.46e-05 2.27e-05   72.882 7.29e-02   0.0
            WeightDoubleBufferReader_384_16_16_run_din_rsci_1_din_rsc_wait_dp_inst (WeightDoubleBufferReader_384_16_16_run_din_rsci_1_din_rsc_wait_dp)   10.243   50.466 1.56e+04   76.287   1.4
          WeightDoubleBufferReader_384_16_16_run_paramsIn_rsci_inst (WeightDoubleBufferReader_384_16_16_run_paramsIn_rsci)    6.822   34.890 1.24e+04   54.074   1.0
            WeightDoubleBufferReader_384_16_16_run_paramsIn_rsci_paramsIn_wait_dp_inst (WeightDoubleBufferReader_384_16_16_run_paramsIn_rsci_paramsIn_wait_dp)    6.603   34.760 1.07e+04   52.095   0.9
            WeightDoubleBufferReader_384_16_16_run_paramsIn_rsci_paramsIn_wait_ctrl_inst (WeightDoubleBufferReader_384_16_16_run_paramsIn_rsci_paramsIn_wait_ctrl) 1.39e-02 1.66e-02   77.812    0.108   0.0
            paramsIn_rsci (ccs_in_wait_v1_rscid7_width144_0) 5.09e-02 9.07e-02 1.24e+03    1.379   0.0
        din_rsci (WeightDoubleBufferReader_384_16_16_sram_512_128_sram_512_128_rwport_8_128_12_384_128_gen)    0.810    1.287 1.58e+03    3.681   0.1
      weightDoubleBufferWriter (WeightDoubleBufferWriter_384_16_16)   24.818  100.907 1.58e+05  283.301   5.1
        WeightDoubleBufferWriter_384_16_16_run_inst (WeightDoubleBufferWriter_384_16_16_run)   24.477  100.778 1.56e+05  281.006   5.1
          add_x_1 (WeightDoubleBufferWriter_384_16_16_run_DW01_add_J7_0)    0.000    0.000  266.953    0.267   0.0
          add_x_3 (WeightDoubleBufferWriter_384_16_16_run_DW01_inc_J7_3) 2.17e-02 2.95e-02 1.31e+03    1.364   0.0
          mult_x_5 (WeightDoubleBufferWriter_384_16_16_run_DW_mult_uns_J7_3)    1.500    1.811 4.12e+04   44.558   0.8
          add_x_6 (WeightDoubleBufferWriter_384_16_16_run_DW01_inc_J7_2) 8.41e-03 2.96e-02  353.121    0.391   0.0
          add_x_8 (WeightDoubleBufferWriter_384_16_16_run_DW01_inc_J7_1) 2.15e-02 2.78e-02 1.31e+03    1.364   0.0
          mult_x_13 (WeightDoubleBufferWriter_384_16_16_run_DW_mult_uns_J7_2)    0.762    0.672 2.37e+04   25.100   0.5
          mult_x_14 (WeightDoubleBufferWriter_384_16_16_run_DW_mult_uns_J7_1)    0.980    1.031 3.18e+04   33.785   0.6
          mult_x_35 (WeightDoubleBufferWriter_384_16_16_run_DW_mult_uns_J7_0) 1.49e-02 2.48e-02  805.008    0.845   0.0
          add_x_36 (WeightDoubleBufferWriter_384_16_16_run_DW01_dec_J7_0)    0.129    0.118 4.01e+03    4.257   0.1
          DP_OP_79J7_122_1074 (WeightDoubleBufferWriter_384_16_16_run_DP_OP_79J7_122_1074_J7_0) 4.19e-03 5.26e-03  428.666    0.438   0.0
          DP_OP_80J7_123_4812 (WeightDoubleBufferWriter_384_16_16_run_DP_OP_80J7_123_4812_J7_0)    0.000    0.000  350.402    0.350   0.0
          WeightDoubleBufferWriter_384_16_16_run_run_fsm_inst (WeightDoubleBufferWriter_384_16_16_run_run_fsm)    0.432    1.645 1.34e+03    3.420   0.1
          WeightDoubleBufferWriter_384_16_16_run_staller_inst (WeightDoubleBufferWriter_384_16_16_run_staller) 7.72e-02    0.291  133.671    0.502   0.0
          WeightDoubleBufferWriter_384_16_16_run_dout_rsc_req_obj_inst (WeightDoubleBufferWriter_384_16_16_run_dout_rsc_req_obj) 4.78e-03    0.364  199.994    0.569   0.0
            WeightDoubleBufferWriter_384_16_16_run_dout_rsc_req_obj_dout_rsc_req_wait_dp_inst (WeightDoubleBufferWriter_384_16_16_run_dout_rsc_req_obj_dout_rsc_req_wait_dp) 1.96e-03    0.360  122.683    0.484   0.0
            WeightDoubleBufferWriter_384_16_16_run_dout_rsc_req_obj_dout_rsc_req_wait_ctrl_inst (WeightDoubleBufferWriter_384_16_16_run_dout_rsc_req_obj_dout_rsc_req_wait_ctrl) 2.81e-03 4.38e-03   67.645 7.48e-02   0.0
            dout_rsc_req_obj (mgc_in_sync_v2_valid1_1) 1.48e-05 2.37e-05    9.666 9.70e-03   0.0
          WeightDoubleBufferWriter_384_16_16_run_dout_rsc_rls_obj_inst (WeightDoubleBufferWriter_384_16_16_run_dout_rsc_rls_obj) 1.10e-03 1.06e-03   44.250 4.64e-02   0.0
            WeightDoubleBufferWriter_384_16_16_run_dout_rsc_rls_obj_dout_rsc_rls_wait_ctrl_inst (WeightDoubleBufferWriter_384_16_16_run_dout_rsc_rls_obj_dout_rsc_rls_wait_ctrl) 4.26e-04 5.93e-04   31.493 3.25e-02   0.0
            dout_rsc_rls_obj (mgc_io_sync_v2_valid0_1) 6.71e-04 4.66e-04   12.756 1.39e-02   0.0
          WeightDoubleBufferWriter_384_16_16_run_dout_rsci_1_inst (WeightDoubleBufferWriter_384_16_16_run_dout_rsci_1) 1.03e-02 1.67e-02  204.526    0.232   0.0
            WeightDoubleBufferWriter_384_16_16_run_dout_rsci_1_dout_rsc_wait_ctrl_inst (WeightDoubleBufferWriter_384_16_16_run_dout_rsci_1_dout_rsc_wait_ctrl) 4.88e-04 3.52e-04   32.049 3.29e-02   0.0
          WeightDoubleBufferWriter_384_16_16_run_din_rsci_inst (WeightDoubleBufferWriter_384_16_16_run_din_rsci)    2.099    7.423 2.37e+03   11.896   0.2
            WeightDoubleBufferWriter_384_16_16_run_din_rsci_din_wait_dp_inst (WeightDoubleBufferWriter_384_16_16_run_din_rsci_din_wait_dp)    1.982    7.253 2.09e+03   11.326   0.2
            WeightDoubleBufferWriter_384_16_16_run_din_rsci_din_wait_ctrl_inst (WeightDoubleBufferWriter_384_16_16_run_din_rsci_din_wait_ctrl) 4.76e-03 3.61e-03   78.811 8.72e-02   0.0
            din_rsci (ccs_in_wait_v1_rscid2_width16_0)    0.113    0.167  203.282    0.483   0.0
          WeightDoubleBufferWriter_384_16_16_run_paramsIn_rsci_inst (WeightDoubleBufferWriter_384_16_16_run_paramsIn_rsci)    5.342   27.132 9.68e+03   42.157   0.8
            WeightDoubleBufferWriter_384_16_16_run_paramsIn_rsci_paramsIn_wait_dp_inst (WeightDoubleBufferWriter_384_16_16_run_paramsIn_rsci_paramsIn_wait_dp)    5.135   27.021 8.33e+03   40.486   0.7
            WeightDoubleBufferWriter_384_16_16_run_paramsIn_rsci_paramsIn_wait_ctrl_inst (WeightDoubleBufferWriter_384_16_16_run_paramsIn_rsci_paramsIn_wait_ctrl) 1.81e-02 1.64e-02   78.151    0.113   0.0
            paramsIn_rsci (ccs_in_wait_v1_rscid1_width144_0) 3.60e-02 7.23e-02  959.132    1.067   0.0
        dout_rsci (WeightDoubleBufferWriter_384_16_16_sram_512_128_sram_512_128_rwport_3_128_12_384_128_gen)    0.341    0.129 1.78e+03    2.251   0.0
      weightDoubleBufferReaderParams_cns_pipe (ccs_pipe_v5_rscid16_width144_sz_width1_fifo_sz1_log2_sz0_ph_clk1_ph_en0_ph_arst0_ph_srst0)    0.703    1.637 1.50e+04   17.312   0.3
        FIFO (ccs_fifo_wait_core_v5_rscid16_width144_sz_width1_fifo_sz1_ph_clk1_ph_en0_ph_arst0_ph_srst0_ph_log20)    0.703    1.637 1.50e+04   17.312   0.3
          FIFO_REG_GEN_REGS_0__BUFREG (ccs_genreg_v1_144_1_0_0_0_1_0)    0.584    0.852 1.14e+04   12.875   0.2
          FIFO_REG_GEN_REGS_0__STATREG (ccs_genreg_v1_1_1_0_0_0_1_0) 1.47e-03    0.367  129.804    0.499   0.0
          FIFO_REG_HS_INIT_REG (ccs_genreg_v1_1_1_1_0_0_0_0) 1.07e-02    0.260  105.365    0.376   0.0
      mem_cns_comp_1 (sram_512_128_WRAPPER_DEPTH4096_WRAPPER_WIDTH128_WRAPPER_ADDR_BITS12_SRAM_DEPTH256_SRAM_WIDTH32_SRAM_ADDR_BITS8_num_inst_depth16_num_inst_width4_0)   33.178    6.404 5.41e+04   93.692   1.7
      mem_cns_comp (sram_512_128_WRAPPER_DEPTH4096_WRAPPER_WIDTH128_WRAPPER_ADDR_BITS12_SRAM_DEPTH256_SRAM_WIDTH32_SRAM_ADDR_BITS8_num_inst_depth16_num_inst_width4_1)   33.914    5.715 5.32e+04   92.831   1.7
      weightDoubleBufferWriterParams_cns_pipe (ccs_pipe_v5_rscid15_width144_sz_width1_fifo_sz1_log2_sz0_ph_clk1_ph_en0_ph_arst0_ph_srst0)    0.578    1.464 1.16e+04   13.677   0.2
        FIFO (ccs_fifo_wait_core_v5_rscid15_width144_sz_width1_fifo_sz1_ph_clk1_ph_en0_ph_arst0_ph_srst0_ph_log20)    0.578    1.464 1.16e+04   13.677   0.2
          FIFO_REG_GEN_REGS_0__BUFREG (ccs_genreg_v1_144_1_0_0_0_1_1)    0.481    0.708 8.82e+03   10.009   0.2
          FIFO_REG_GEN_REGS_0__STATREG (ccs_genreg_v1_1_1_0_0_0_1_1) 1.04e-03    0.367  129.804    0.498   0.0
          FIFO_REG_HS_INIT_REG (ccs_genreg_v1_1_1_1_0_0_0_1) 1.05e-02    0.260  105.365    0.376   0.0
  inputDoubleBuffer (InputDoubleBuffer_512_16_16)  136.464  319.094 4.35e+05  890.999  16.1
    InputDoubleBuffer_512_16_16_struct_inst (InputDoubleBuffer_512_16_16_struct)  136.464  319.094 4.35e+05  890.999  16.1
      InputDoubleBDjtfoem_cns_bctl_inst (InputDoubleBDjtfoem_cns_bctl)    1.313    7.624 1.51e+04   24.031   0.4
      unreg_1 (unreg_hier_2)           2.14e-05 4.67e-05   12.755 1.28e-02   0.0
      unreg (unreg_hier_3)             5.04e-05 4.82e-05    9.668 9.77e-03   0.0
      InputDoubleBuffer_512_16_16_run_inst (InputDoubleBuffer_512_16_16_run)   11.132   53.351 3.19e+04   96.413   1.7
        InputDoubleBuffer_512_16_16_run_run_inst (InputDoubleBuffer_512_16_16_run_run)   10.974   53.339 3.19e+04   96.232   1.7
          InputDoubleBuffer_512_16_16_run_run_run_fsm_inst (InputDoubleBuffer_512_16_16_run_run_run_fsm) 4.28e-02    0.687  302.210    1.032   0.0
          InputDoubleBuffer_512_16_16_run_run_staller_inst (InputDoubleBuffer_512_16_16_run_run_staller) 5.61e-02 1.90e-02   29.970    0.105   0.0
          InputDoubleBuffer_512_16_16_run_run_inputDoubleBufferReaderParams_cnsi_inst (InputDoubleBuffer_512_16_16_run_run_inputDoubleBufferReaderParams_cnsi) 6.32e-02    0.490 1.96e+03    2.509   0.0
            InputDoubleBuffer_512_16_16_run_run_inputDoubleBufferReaderParams_cnsi_inputDoubleBufferReaderParams_wait_dp_inst (InputDoubleBuffer_512_16_16_run_run_inputDoubleBufferReaderParams_cnsi_inputDoubleBufferReaderParams_wait_dp) 1.93e-03    0.360  123.397    0.485   0.0
            InputDoubleBuffer_512_16_16_run_run_inputDoubleBufferReaderParams_cnsi_inputDoubleBufferReaderParams_wait_ctrl_inst (InputDoubleBuffer_512_16_16_run_run_inputDoubleBufferReaderParams_cnsi_inputDoubleBufferReaderParams_wait_ctrl) 4.49e-03 6.66e-03   77.309 8.85e-02   0.0
            inputDoubleBufferReaderParams_cnsi (ccs_out_wait_v1_rscid19_width144_1) 5.67e-02    0.123 1.76e+03    1.935   0.0
          InputDoubleBuffer_512_16_16_run_run_inputDoubleBufferWriterParams_cnsi_inst (InputDoubleBuffer_512_16_16_run_run_inputDoubleBufferWriterParams_cnsi)    0.143    0.450 1.31e+03    1.906   0.0
            InputDoubleBuffer_512_16_16_run_run_inputDoubleBufferWriterParams_cnsi_inputDoubleBufferWriterParams_wait_dp_inst (InputDoubleBuffer_512_16_16_run_run_inputDoubleBufferWriterParams_cnsi_inputDoubleBufferWriterParams_wait_dp) 2.75e-03    0.356  123.892    0.482   0.0
            InputDoubleBuffer_512_16_16_run_run_inputDoubleBufferWriterParams_cnsi_inputDoubleBufferWriterParams_wait_ctrl_inst (InputDoubleBuffer_512_16_16_run_run_inputDoubleBufferWriterParams_cnsi_inputDoubleBufferWriterParams_wait_ctrl) 7.88e-03 7.25e-03   78.394 9.35e-02   0.0
            inputDoubleBufferWriterParams_cnsi (ccs_out_wait_v1_rscid18_width144_1)    0.133 8.66e-02 1.11e+03    1.330   0.0
          InputDoubleBuffer_512_16_16_run_run_paramsIn_rsci_inst (InputDoubleBuffer_512_16_16_run_run_paramsIn_rsci)    9.396   49.271 1.71e+04   75.780   1.4
            InputDoubleBuffer_512_16_16_run_run_paramsIn_rsci_paramsIn_wait_dp_inst (InputDoubleBuffer_512_16_16_run_run_paramsIn_rsci_paramsIn_wait_dp)    9.252   49.107 1.53e+04   73.641   1.3
            InputDoubleBuffer_512_16_16_run_run_paramsIn_rsci_paramsIn_wait_ctrl_inst (InputDoubleBuffer_512_16_16_run_run_paramsIn_rsci_paramsIn_wait_ctrl) 2.90e-02 2.01e-02   78.139    0.127   0.0
            paramsIn_rsci (ccs_in_wait_v1_rscid17_width144_1)    0.114    0.144 1.75e+03    2.011   0.0
      inputDoubleBufferReader (InputDoubleBufferReader_512_16_16)   36.137  159.325 1.65e+05  360.447   6.5
        InputDoubleBufferReader_512_16_16_run_inst (InputDoubleBufferReader_512_16_16_run)   35.437  158.092 1.63e+05  356.884   6.4
          mult_x_18 (InputDoubleBufferReader_512_16_16_run_DW_mult_uns_J3_0)    0.646    0.551 2.37e+04   24.872   0.4
          add_x_50 (InputDoubleBufferReader_512_16_16_run_DW01_inc_J3_6)    0.000    0.000  353.424    0.353   0.0
          add_x_52 (InputDoubleBufferReader_512_16_16_run_DW01_add_J3_1) 5.23e-03 9.60e-03  843.920    0.859   0.0
          add_x_53 (InputDoubleBufferReader_512_16_16_run_DW01_inc_J3_5) 5.32e-04 6.66e-04  680.513    0.682   0.0
          add_x_55 (InputDoubleBufferReader_512_16_16_run_DW01_dec_J3_0) 6.63e-02 6.37e-02 1.97e+03    2.098   0.0
          add_x_56 (InputDoubleBufferReader_512_16_16_run_DW01_add_J3_0) 1.45e-03 7.66e-03  464.278    0.473   0.0
          add_x_59 (InputDoubleBufferReader_512_16_16_run_DW01_inc_J3_4)    0.000    0.000  690.556    0.691   0.0
          add_x_60 (InputDoubleBufferReader_512_16_16_run_DW01_inc_J3_3)    0.000    0.000  680.454    0.680   0.0
          add_x_61 (InputDoubleBufferReader_512_16_16_run_DW01_inc_J3_2)    0.000    0.000  680.454    0.680   0.0
          add_x_62 (InputDoubleBufferReader_512_16_16_run_DW01_inc_J3_1)    0.000    0.000  680.454    0.680   0.0
          add_x_64 (InputDoubleBufferReader_512_16_16_run_DW01_inc_J3_0)    0.139    0.151  851.198    1.141   0.0
          DP_OP_169J3_122_7998 (InputDoubleBufferReader_512_16_16_run_DP_OP_169J3_122_7998_J3_0)    0.321 9.74e-02 1.99e+04   20.362   0.4
          DP_OP_170J3_123_9913 (InputDoubleBufferReader_512_16_16_run_DP_OP_170J3_123_9913_J3_0) 2.32e-02 3.44e-02  902.990    0.961   0.0
          DP_OP_171J3_124_9913 (InputDoubleBufferReader_512_16_16_run_DP_OP_171J3_124_9913_J3_0) 2.12e-02 3.40e-02  903.056    0.958   0.0
          DP_OP_172J3_125_9913 (InputDoubleBufferReader_512_16_16_run_DP_OP_172J3_125_9913_J3_0) 2.28e-02 3.43e-02  903.008    0.960   0.0
          DP_OP_173J3_126_9913 (InputDoubleBufferReader_512_16_16_run_DP_OP_173J3_126_9913_J3_0) 2.19e-02 3.42e-02  903.004    0.959   0.0
          DP_OP_174J3_127_9913 (InputDoubleBufferReader_512_16_16_run_DP_OP_174J3_127_9913_J3_0) 5.64e-02 8.24e-02 1.03e+03    1.165   0.0
          DP_OP_175J3_128_9913 (InputDoubleBufferReader_512_16_16_run_DP_OP_175J3_128_9913_J3_0) 2.05e-02 3.30e-02  903.202    0.957   0.0
          DP_OP_176J3_129_1662 (InputDoubleBufferReader_512_16_16_run_DP_OP_176J3_129_1662_J3_0)    0.447    0.421 1.49e+04   15.720   0.3
          InputDoubleBufferReader_512_16_16_run_run_fsm_inst (InputDoubleBufferReader_512_16_16_run_run_fsm)    0.247    1.409 1.01e+03    2.666   0.0
          InputDoubleBufferReader_512_16_16_run_staller_inst (InputDoubleBufferReader_512_16_16_run_staller) 7.92e-02    0.280  134.223    0.493   0.0
          InputDoubleBufferReader_512_16_16_run_din_rsc_req_obj_inst (InputDoubleBufferReader_512_16_16_run_din_rsc_req_obj) 8.87e-04    0.359  183.066    0.543   0.0
            InputDoubleBufferReader_512_16_16_run_din_rsc_req_obj_din_rsc_req_wait_dp_inst (InputDoubleBufferReader_512_16_16_run_din_rsc_req_obj_din_rsc_req_wait_dp) 6.91e-04    0.359  124.569    0.485   0.0
            InputDoubleBufferReader_512_16_16_run_din_rsc_req_obj_din_rsc_req_wait_ctrl_inst (InputDoubleBufferReader_512_16_16_run_din_rsc_req_obj_din_rsc_req_wait_ctrl)    0.000    0.000   45.742 4.57e-02   0.0
            din_rsc_req_obj (mgc_in_sync_v2_valid1_2) 1.96e-04 4.94e-05   12.755 1.30e-02   0.0
          InputDoubleBufferReader_512_16_16_run_din_rsc_rls_obj_inst (InputDoubleBufferReader_512_16_16_run_din_rsc_rls_obj) 3.72e-04 1.32e-04   44.804 4.53e-02   0.0
            InputDoubleBufferReader_512_16_16_run_din_rsc_rls_obj_din_rsc_rls_wait_ctrl_inst (InputDoubleBufferReader_512_16_16_run_din_rsc_rls_obj_din_rsc_rls_wait_ctrl) 6.93e-05 8.25e-05   32.042 3.22e-02   0.0
            din_rsc_rls_obj (mgc_io_sync_v2_valid0_2) 3.02e-04 4.97e-05   12.763 1.31e-02   0.0
          InputDoubleBufferReader_512_16_16_run_dout_rsci_inst (InputDoubleBufferReader_512_16_16_run_dout_rsci) 1.26e-02    0.368 1.86e+03    2.239   0.0
            InputDoubleBufferReader_512_16_16_run_dout_rsci_dout_wait_dp_inst (InputDoubleBufferReader_512_16_16_run_dout_rsci_dout_wait_dp)    0.000    0.358  122.338    0.481   0.0
            InputDoubleBufferReader_512_16_16_run_dout_rsci_dout_wait_ctrl_inst (InputDoubleBufferReader_512_16_16_run_dout_rsci_dout_wait_ctrl) 2.73e-05 2.28e-05   77.798 7.78e-02   0.0
            dout_rsci (ccs_out_wait_v1_rscid9_width128_1) 1.26e-02 9.94e-03 1.66e+03    1.680   0.0
          InputDoubleBufferReader_512_16_16_run_din_rsci_1_inst (InputDoubleBufferReader_512_16_16_run_din_rsci_1)   10.293   50.376 1.57e+04   76.337   1.4
            InputDoubleBufferReader_512_16_16_run_din_rsci_1_din_rsc_wait_ctrl_inst (InputDoubleBufferReader_512_16_16_run_din_rsci_1_din_rsc_wait_ctrl) 2.46e-05 2.26e-05   73.005 7.31e-02   0.0
            InputDoubleBufferReader_512_16_16_run_din_rsci_1_din_rsc_wait_dp_inst (InputDoubleBufferReader_512_16_16_run_din_rsci_1_din_rsc_wait_dp)   10.293   50.376 1.56e+04   76.263   1.4
          InputDoubleBufferReader_512_16_16_run_paramsIn_rsci_inst (InputDoubleBufferReader_512_16_16_run_paramsIn_rsci)    9.552   49.443 1.71e+04   76.114   1.4
            InputDoubleBufferReader_512_16_16_run_paramsIn_rsci_paramsIn_wait_dp_inst (InputDoubleBufferReader_512_16_16_run_paramsIn_rsci_paramsIn_wait_dp)    9.464   49.300 1.53e+04   74.038   1.3
            InputDoubleBufferReader_512_16_16_run_paramsIn_rsci_paramsIn_wait_ctrl_inst (InputDoubleBufferReader_512_16_16_run_paramsIn_rsci_paramsIn_wait_ctrl) 1.79e-02 1.69e-02   77.701    0.112   0.0
            paramsIn_rsci (ccs_in_wait_v1_rscid7_width144_1) 6.84e-02    0.125 1.76e+03    1.948   0.0
        din_rsci (InputDoubleBufferReader_512_16_16_sram_512_128_sram_512_128_rwport_8_128_12_512_128_gen)    0.699    1.232 1.59e+03    3.521   0.1
      inputDoubleBufferWriter (InputDoubleBufferWriter_512_16_16)   19.252   83.774 8.93e+04  192.318   3.5
        InputDoubleBufferWriter_512_16_16_run_inst (InputDoubleBufferWriter_512_16_16_run)   18.985   83.643 8.75e+04  190.094   3.4
          add_x_1 (InputDoubleBufferWriter_512_16_16_run_DW01_add_J22_3) 4.22e-02 3.80e-02  463.584    0.544   0.0
          add_x_3 (InputDoubleBufferWriter_512_16_16_run_DW01_inc_J22_3) 1.81e-02 2.37e-02  366.422    0.408   0.0
          mult_x_4 (InputDoubleBufferWriter_512_16_16_run_DW_mult_uns_J22_2)    0.643    0.548 2.37e+04   24.852   0.4
          add_x_32 (InputDoubleBufferWriter_512_16_16_run_DW01_add_J22_1) 1.11e-02 2.76e-02  842.054    0.881   0.0
          mult_x_33 (InputDoubleBufferWriter_512_16_16_run_DW_mult_uns_J22_1)    0.116    0.120 3.17e+03    3.407   0.1
          add_x_34 (InputDoubleBufferWriter_512_16_16_run_DW01_add_J22_0) 9.46e-03 2.61e-02  465.491    0.501   0.0
          mult_x_37 (InputDoubleBufferWriter_512_16_16_run_DW_mult_uns_J22_0) 5.67e-02 4.05e-02 3.16e+03    3.259   0.1
          add_x_38 (InputDoubleBufferWriter_512_16_16_run_DW01_dec_J22_0) 6.69e-02 6.40e-02 1.97e+03    2.099   0.0
          DP_OP_82J22_122_6961 (InputDoubleBufferWriter_512_16_16_run_DP_OP_82J22_122_6961_J22_0) 1.35e-02 2.28e-02  513.055    0.549   0.0
          DP_OP_83J22_123_134 (InputDoubleBufferWriter_512_16_16_run_DP_OP_83J22_123_134_J22_0)    0.120    0.133 3.85e+03    4.107   0.1
          DP_OP_84J22_124_134 (InputDoubleBufferWriter_512_16_16_run_DP_OP_84J22_124_134_J22_0)    0.157    0.172 3.64e+03    3.968   0.1
          InputDoubleBufferWriter_512_16_16_run_run_fsm_inst (InputDoubleBufferWriter_512_16_16_run_run_fsm)    0.538    1.626 1.57e+03    3.732   0.1
          InputDoubleBufferWriter_512_16_16_run_staller_inst (InputDoubleBufferWriter_512_16_16_run_staller) 7.56e-02    0.291  133.713    0.500   0.0
          InputDoubleBufferWriter_512_16_16_run_dout_rsc_req_obj_inst (InputDoubleBufferWriter_512_16_16_run_dout_rsc_req_obj) 2.27e-03    0.361  199.809    0.563   0.0
            InputDoubleBufferWriter_512_16_16_run_dout_rsc_req_obj_dout_rsc_req_wait_dp_inst (InputDoubleBufferWriter_512_16_16_run_dout_rsc_req_obj_dout_rsc_req_wait_dp) 8.81e-04    0.359  122.507    0.483   0.0
            InputDoubleBufferWriter_512_16_16_run_dout_rsc_req_obj_dout_rsc_req_wait_ctrl_inst (InputDoubleBufferWriter_512_16_16_run_dout_rsc_req_obj_dout_rsc_req_wait_ctrl) 1.36e-03 2.21e-03   67.634 7.12e-02   0.0
            dout_rsc_req_obj (mgc_in_sync_v2_valid1_3) 3.15e-05 4.74e-05    9.668 9.75e-03   0.0
          InputDoubleBufferWriter_512_16_16_run_dout_rsc_rls_obj_inst (InputDoubleBufferWriter_512_16_16_run_dout_rsc_rls_obj) 8.69e-05 2.30e-05   44.168 4.43e-02   0.0
            InputDoubleBufferWriter_512_16_16_run_dout_rsc_rls_obj_dout_rsc_rls_wait_ctrl_inst (InputDoubleBufferWriter_512_16_16_run_dout_rsc_rls_obj_dout_rsc_rls_wait_ctrl) 8.69e-05 2.30e-05   31.405 3.15e-02   0.0
            dout_rsc_rls_obj (mgc_io_sync_v2_valid0_3)    0.000    0.000   12.763 1.28e-02   0.0
          InputDoubleBufferWriter_512_16_16_run_dout_rsci_1_inst (InputDoubleBufferWriter_512_16_16_run_dout_rsci_1) 2.65e-02 1.82e-02  205.333    0.250   0.0
            InputDoubleBufferWriter_512_16_16_run_dout_rsci_1_dout_rsc_wait_ctrl_inst (InputDoubleBufferWriter_512_16_16_run_dout_rsci_1_dout_rsc_wait_ctrl) 1.17e-03 2.32e-04   31.958 3.34e-02   0.0
          InputDoubleBufferWriter_512_16_16_run_din_rsci_inst (InputDoubleBufferWriter_512_16_16_run_din_rsci)    2.066    7.405 2.39e+03   11.858   0.2
            InputDoubleBufferWriter_512_16_16_run_din_rsci_din_wait_dp_inst (InputDoubleBufferWriter_512_16_16_run_din_rsci_din_wait_dp)    1.956    7.237 2.11e+03   11.299   0.2
            InputDoubleBufferWriter_512_16_16_run_din_rsci_din_wait_ctrl_inst (InputDoubleBufferWriter_512_16_16_run_din_rsci_din_wait_ctrl) 3.93e-03 2.40e-03   78.755 8.51e-02   0.0
            din_rsci (ccs_in_wait_v1_rscid2_width16_1)    0.105    0.165  203.321    0.474   0.0
          InputDoubleBufferWriter_512_16_16_run_paramsIn_rsci_inst (InputDoubleBufferWriter_512_16_16_run_paramsIn_rsci)    6.001   31.429 1.09e+04   48.283   0.9
            InputDoubleBufferWriter_512_16_16_run_paramsIn_rsci_paramsIn_wait_dp_inst (InputDoubleBufferWriter_512_16_16_run_paramsIn_rsci_paramsIn_wait_dp)    5.937   31.329 9.66e+03   46.930   0.8
            InputDoubleBufferWriter_512_16_16_run_paramsIn_rsci_paramsIn_wait_ctrl_inst (InputDoubleBufferWriter_512_16_16_run_paramsIn_rsci_paramsIn_wait_ctrl) 1.36e-02 1.75e-02   78.209    0.109   0.0
            paramsIn_rsci (ccs_in_wait_v1_rscid1_width144_1) 5.05e-02 8.32e-02 1.11e+03    1.244   0.0
        dout_rsci (InputDoubleBufferWriter_512_16_16_sram_512_128_sram_512_128_rwport_3_128_12_512_128_gen)    0.235    0.127 1.78e+03    2.145   0.0
      mem_cns_comp_1 (sram_512_128_WRAPPER_DEPTH4096_WRAPPER_WIDTH128_WRAPPER_ADDR_BITS12_SRAM_DEPTH256_SRAM_WIDTH32_SRAM_ADDR_BITS8_num_inst_depth16_num_inst_width4_2)   33.240    6.394 5.41e+04   93.730   1.7
      mem_cns_comp (sram_512_128_WRAPPER_DEPTH4096_WRAPPER_WIDTH128_WRAPPER_ADDR_BITS12_SRAM_DEPTH256_SRAM_WIDTH32_SRAM_ADDR_BITS8_num_inst_depth16_num_inst_width4_3)   33.933    5.909 5.36e+04   93.416   1.7
      inputDoubleBufferWriterParams_cns_pipe (ccs_pipe_v5_rscid15_width144_sz_width1_fifo_sz2_log2_sz1_ph_clk1_ph_en0_ph_arst0_ph_srst0)    1.208    2.682 2.64e+04   30.302   0.5
        FIFO (ccs_fifo_wait_core_v5_rscid15_width144_sz_width1_fifo_sz2_ph_clk1_ph_en0_ph_arst0_ph_srst0_ph_log21)    1.208    2.682 2.64e+04   30.302   0.5
          FIFO_REG_GEN_REGS_0__BUFREG (ccs_genreg_v1_144_1_0_0_0_1_2)    0.519    0.663 1.03e+04   11.438   0.2
          FIFO_REG_GEN_REGS_0__STATREG (ccs_genreg_v1_1_1_0_0_0_1_2) 7.00e-05    0.374  129.062    0.503   0.0
          FIFO_REG_GEN_REGS_1__BUFREG (ccs_genreg_v1_144_1_0_0_0_1_3)    0.529    0.770 1.03e+04   11.553   0.2
          FIFO_REG_GEN_REGS_1__STATREG (ccs_genreg_v1_1_1_0_0_0_1_3) 1.52e-03    0.367  129.802    0.499   0.0
          FIFO_REG_HS_INIT_REG (ccs_genreg_v1_1_1_1_0_0_0_2) 8.28e-03    0.259  105.365    0.373   0.0
  outputSerializer (Serializer_PackedInt_16UL_16UL_ODTYPE_16)   26.890  142.057 6.72e+04  236.194   4.3
    Serializer_PackedInt_16UL_16UL_ODTYPE_16_run_inst (Serializer_PackedInt_16UL_16UL_ODTYPE_16_run)   26.890  142.057 6.72e+04  236.194   4.3
      Serializer_PackedInt_16UL_16UL_ODTYPE_16_run_run_fsm_inst (Serializer_PackedInt_16UL_16UL_ODTYPE_16_run_run_fsm) 2.15e-02    0.250  106.390    0.378   0.0
      Serializer_PackedInt_16UL_16UL_ODTYPE_16_run_staller_inst (Serializer_PackedInt_16UL_16UL_ODTYPE_16_run_staller) 1.79e-02 1.33e-02   24.881 5.61e-02   0.0
      Serializer_PackedInt_16UL_16UL_ODTYPE_16_run_serialOutChannel_rsci_inst (Serializer_PackedInt_16UL_16UL_ODTYPE_16_run_serialOutChannel_rsci) 6.44e-02    0.335  454.608    0.854   0.0
        Serializer_PackedInt_16UL_16UL_ODTYPE_16_run_serialOutChannel_rsci_serialOutChannel_wait_dp_inst (Serializer_PackedInt_16UL_16UL_ODTYPE_16_run_serialOutChannel_rsci_serialOutChannel_wait_dp) 1.92e-02    0.294  141.929    0.455   0.0
        Serializer_PackedInt_16UL_16UL_ODTYPE_16_run_serialOutChannel_rsci_serialOutChannel_wait_ctrl_inst (Serializer_PackedInt_16UL_16UL_ODTYPE_16_run_serialOutChannel_rsci_serialOutChannel_wait_ctrl) 1.97e-02 2.16e-02   85.021    0.126   0.0
        serialOutChannel_rsci (ccs_out_wait_v1_rscid6_width16) 2.55e-02 1.96e-02  227.659    0.273   0.0
      Serializer_PackedInt_16UL_16UL_ODTYPE_16_run_inputChannel_rsci_inst (Serializer_PackedInt_16UL_16UL_ODTYPE_16_run_inputChannel_rsci)   16.996   92.788 3.13e+04  141.132   2.6
        Serializer_PackedInt_16UL_16UL_ODTYPE_16_run_inputChannel_rsci_inputChannel_wait_dp_inst (Serializer_PackedInt_16UL_16UL_ODTYPE_16_run_inputChannel_rsci_inputChannel_wait_dp)   16.979   92.767 2.80e+04  137.724   2.5
        Serializer_PackedInt_16UL_16UL_ODTYPE_16_run_inputChannel_rsci_inputChannel_wait_ctrl_inst (Serializer_PackedInt_16UL_16UL_ODTYPE_16_run_inputChannel_rsci_inputChannel_wait_ctrl) 1.42e-02 1.23e-02   78.063    0.105   0.0
        inputChannel_rsci (ccs_in_wait_v1_rscid5_width256) 2.80e-03 8.97e-03 3.29e+03    3.303   0.1
  paramsDeserializer_1 (ParamsDeserializer)    6.082   25.818 3.13e+04   63.151   1.1
    ParamsDeserializer_run_inst (ParamsDeserializer_run)    6.082   25.818 3.13e+04   63.151   1.1
      ParamsDeserializer_run_run_fsm_inst (ParamsDeserializer_run_run_fsm)    0.518    2.058  937.830    3.513   0.1
      ParamsDeserializer_run_staller_inst (ParamsDeserializer_run_staller) 4.26e-02 1.61e-02   43.899    0.103   0.0
      ParamsDeserializer_run_outputChannel3_rsci_inst (ParamsDeserializer_run_outputChannel3_rsci) 6.04e-02    0.498 1.84e+03    2.401   0.0
        ParamsDeserializer_run_outputChannel3_rsci_outputChannel3_wait_dp_inst (ParamsDeserializer_run_outputChannel3_rsci_outputChannel3_wait_dp) 2.55e-03    0.360  122.807    0.486   0.0
        ParamsDeserializer_run_outputChannel3_rsci_outputChannel3_wait_ctrl_inst (ParamsDeserializer_run_outputChannel3_rsci_outputChannel3_wait_ctrl) 6.11e-03 8.53e-03   80.192 9.48e-02   0.0
        outputChannel3_rsci (ccs_out_wait_v1_rscid4_width144) 5.17e-02    0.129 1.64e+03    1.820   0.0
      ParamsDeserializer_run_outputChannel2_rsci_inst (ParamsDeserializer_run_outputChannel2_rsci) 4.32e-02    0.468 1.44e+03    1.950   0.0
        ParamsDeserializer_run_outputChannel2_rsci_outputChannel2_wait_dp_inst (ParamsDeserializer_run_outputChannel2_rsci_outputChannel2_wait_dp) 2.66e-03    0.360  122.821    0.486   0.0
        ParamsDeserializer_run_outputChannel2_rsci_outputChannel2_wait_ctrl_inst (ParamsDeserializer_run_outputChannel2_rsci_outputChannel2_wait_ctrl) 4.97e-03 8.47e-03   80.231 9.37e-02   0.0
        outputChannel2_rsci (ccs_out_wait_v1_rscid3_width144) 3.56e-02 9.97e-02 1.24e+03    1.371   0.0
      ParamsDeserializer_run_outputChannel1_rsci_inst (ParamsDeserializer_run_outputChannel1_rsci) 7.30e-02    0.507 1.96e+03    2.536   0.0
        ParamsDeserializer_run_outputChannel1_rsci_outputChannel1_wait_dp_inst (ParamsDeserializer_run_outputChannel1_rsci_outputChannel1_wait_dp) 2.77e-03    0.360  122.821    0.486   0.0
        ParamsDeserializer_run_outputChannel1_rsci_outputChannel1_wait_ctrl_inst (ParamsDeserializer_run_outputChannel1_rsci_outputChannel1_wait_ctrl) 5.69e-03 8.51e-03   80.225 9.44e-02   0.0
        outputChannel1_rsci (ccs_out_wait_v1_rscid2_width144) 6.46e-02    0.138 1.75e+03    1.956   0.0
      ParamsDeserializer_run_inputChannel_rsci_inst (ParamsDeserializer_run_inputChannel_rsci)    1.812    7.455 2.37e+03   11.638   0.2
        ParamsDeserializer_run_inputChannel_rsci_inputChannel_wait_dp_inst (ParamsDeserializer_run_inputChannel_rsci_inputChannel_wait_dp)    1.662    7.235 2.08e+03   10.981   0.2
        ParamsDeserializer_run_inputChannel_rsci_inputChannel_wait_ctrl_inst (ParamsDeserializer_run_inputChannel_rsci_inputChannel_wait_ctrl) 3.00e-02 4.31e-02   84.817    0.158   0.0
        inputChannel_rsci (ccs_in_wait_v1_rscid1_width16)    0.121    0.176  201.928    0.499   0.0
  weight_out_cns_pipe (ccs_pipe_v5_rscid172_width128_sz_width1_fifo_sz3_log2_sz2_ph_clk1_ph_en0_ph_arst0_ph_srst0)    2.132    2.643 5.78e+04   62.609   1.1
    FIFO (ccs_fifo_wait_core_v5_rscid172_width128_sz_width1_fifo_sz3_ph_clk1_ph_en0_ph_arst0_ph_srst0_ph_log22)    2.132    2.643 5.78e+04   62.609   1.1
      FIFO_REG_GEN_REGS_0__BUFREG (ccs_genreg_v1_128_1_0_0_0_1_0)    0.700    0.431 1.52e+04   16.311   0.3
      FIFO_REG_GEN_REGS_0__STATREG (ccs_genreg_v1_1_1_0_0_0_1_10)    0.000    0.374  129.100    0.503   0.0
      FIFO_REG_GEN_REGS_1__BUFREG (ccs_genreg_v1_128_1_0_0_0_1_1)    0.704    0.408 1.52e+04   16.292   0.3
      FIFO_REG_GEN_REGS_1__STATREG (ccs_genreg_v1_1_1_0_0_0_1_11)    0.000    0.374  129.100    0.503   0.0
      FIFO_REG_GEN_REGS_2__BUFREG (ccs_genreg_v1_128_1_0_0_0_1_2)    0.696    0.408 1.52e+04   16.284   0.3
      FIFO_REG_GEN_REGS_2__STATREG (ccs_genreg_v1_1_1_0_0_0_1_12)    0.000    0.374  129.100    0.503   0.0
      FIFO_REG_HS_INIT_REG (ccs_genreg_v1_1_1_1_0_0_0_5) 1.02e-02    0.260  105.365    0.375   0.0
  input_out_cns_pipe (ccs_pipe_v5_rscid171_width128_sz_width1_fifo_sz3_log2_sz2_ph_clk1_ph_en0_ph_arst0_ph_srst0)    2.214    2.637 5.78e+04   62.698   1.1
    FIFO (ccs_fifo_wait_core_v5_rscid171_width128_sz_width1_fifo_sz3_ph_clk1_ph_en0_ph_arst0_ph_srst0_ph_log22)    2.214    2.637 5.78e+04   62.698   1.1
      FIFO_REG_GEN_REGS_0__BUFREG (ccs_genreg_v1_128_1_0_0_0_1_3)    0.730    0.428 1.52e+04   16.338   0.3
      FIFO_REG_GEN_REGS_0__STATREG (ccs_genreg_v1_1_1_0_0_0_1_13)    0.000    0.374  129.100    0.503   0.0
      FIFO_REG_GEN_REGS_1__BUFREG (ccs_genreg_v1_128_1_0_0_0_1_4)    0.722    0.405 1.52e+04   16.308   0.3
      FIFO_REG_GEN_REGS_1__STATREG (ccs_genreg_v1_1_1_0_0_0_1_14)    0.000    0.374  129.100    0.503   0.0
      FIFO_REG_GEN_REGS_2__BUFREG (ccs_genreg_v1_128_1_0_0_0_1_5)    0.718    0.405 1.52e+04   16.304   0.3
      FIFO_REG_GEN_REGS_2__STATREG (ccs_genreg_v1_1_1_0_0_0_1_15)    0.000    0.374  129.100    0.503   0.0
      FIFO_REG_HS_INIT_REG (ccs_genreg_v1_1_1_1_0_0_0_6) 1.08e-02    0.260  105.365    0.376   0.0
  output_cns_pipe (ccs_pipe_v5_rscid173_width256_sz_width1_fifo_sz3_log2_sz2_ph_clk1_ph_en0_ph_arst0_ph_srst0)    4.628    3.050 1.14e+05  122.171   2.2
    FIFO (ccs_fifo_wait_core_v5_rscid173_width256_sz_width1_fifo_sz3_ph_clk1_ph_en0_ph_arst0_ph_srst0_ph_log22)    4.628    3.050 1.14e+05  122.171   2.2
      FIFO_REG_GEN_REGS_0__BUFREG (ccs_genreg_v1_256_1_0_0_0_1_0)    1.428    0.577 3.03e+04   32.297   0.6
      FIFO_REG_GEN_REGS_0__STATREG (ccs_genreg_v1_1_1_0_0_0_1_16)    0.000    0.374  129.100    0.503   0.0
      FIFO_REG_GEN_REGS_1__BUFREG (ccs_genreg_v1_256_1_0_0_0_1_1)    1.406    0.523 3.03e+04   32.199   0.6
      FIFO_REG_GEN_REGS_1__STATREG (ccs_genreg_v1_1_1_0_0_0_1_17)    0.000    0.374  129.100    0.503   0.0
      FIFO_REG_GEN_REGS_2__BUFREG (ccs_genreg_v1_256_1_0_0_0_1_2)    1.419    0.521 3.03e+04   32.222   0.6
      FIFO_REG_GEN_REGS_2__STATREG (ccs_genreg_v1_1_1_0_0_0_1_18)    0.000    0.374  129.100    0.503   0.0
      FIFO_REG_HS_INIT_REG (ccs_genreg_v1_1_1_1_0_0_0_7) 1.08e-02    0.259  105.365    0.376   0.0
  systolicArrayParams_cns_pipe (ccs_pipe_v5_rscid174_width144_sz_width1_fifo_sz3_log2_sz2_ph_clk1_ph_en0_ph_arst0_ph_srst0)    3.105    4.877 5.81e+04   66.045   1.2
    FIFO (ccs_fifo_wait_core_v5_rscid174_width144_sz_width1_fifo_sz3_ph_clk1_ph_en0_ph_arst0_ph_srst0_ph_log22)    3.105    4.877 5.81e+04   66.045   1.2
      FIFO_REG_GEN_REGS_0__BUFREG (ccs_genreg_v1_144_1_0_0_0_1_7)    1.137    0.942 1.52e+04   17.318   0.3
      FIFO_REG_GEN_REGS_0__STATREG (ccs_genreg_v1_1_1_0_0_0_1_19) 8.04e-05    0.373  129.160    0.502   0.0
      FIFO_REG_GEN_REGS_1__BUFREG (ccs_genreg_v1_144_1_0_0_0_1_8)    0.789    0.927 1.52e+04   16.943   0.3
      FIFO_REG_GEN_REGS_1__STATREG (ccs_genreg_v1_1_1_0_0_0_1_20) 3.19e-04    0.371  129.318    0.501   0.0
      FIFO_REG_GEN_REGS_2__BUFREG (ccs_genreg_v1_144_1_0_0_0_1_9)    0.779    1.042 1.52e+04   17.035   0.3
      FIFO_REG_GEN_REGS_2__STATREG (ccs_genreg_v1_1_1_0_0_0_1_21) 1.81e-03    0.367  129.788    0.499   0.0
      FIFO_REG_HS_INIT_REG (ccs_genreg_v1_1_1_1_0_0_0_8) 1.12e-02    0.260  105.365    0.376   0.0
  weightDoubleBufferParams_cns_pipe (ccs_pipe_v5_rscid170_width144_sz_width1_fifo_sz3_log2_sz2_ph_clk1_ph_en0_ph_arst0_ph_srst0)    2.189    4.048 4.38e+04   50.085   0.9
    FIFO (ccs_fifo_wait_core_v5_rscid170_width144_sz_width1_fifo_sz3_ph_clk1_ph_en0_ph_arst0_ph_srst0_ph_log22)    2.189    4.048 4.38e+04   50.085   0.9
      FIFO_REG_GEN_REGS_0__BUFREG (ccs_genreg_v1_144_1_0_0_0_1_10)    0.663    0.758 1.15e+04   12.877   0.2
      FIFO_REG_GEN_REGS_0__STATREG (ccs_genreg_v1_1_1_0_0_0_1_22)    0.000    0.374  129.053    0.503   0.0
      FIFO_REG_GEN_REGS_1__BUFREG (ccs_genreg_v1_144_1_0_0_0_1_11)    0.587    0.722 1.14e+04   12.742   0.2
      FIFO_REG_GEN_REGS_1__STATREG (ccs_genreg_v1_1_1_0_0_0_1_23) 4.14e-05    0.374  129.073    0.503   0.0
      FIFO_REG_GEN_REGS_2__BUFREG (ccs_genreg_v1_144_1_0_0_0_1_12)    0.650    0.735 1.14e+04   12.817   0.2
      FIFO_REG_GEN_REGS_2__STATREG (ccs_genreg_v1_1_1_0_0_0_1_24) 1.56e-04    0.373  129.159    0.502   0.0
      FIFO_REG_HS_INIT_REG (ccs_genreg_v1_1_1_1_0_0_0_9) 1.08e-02    0.259  105.365    0.375   0.0
  inputDoubleBufferParams_cns_pipe (ccs_pipe_v5_rscid169_width144_sz_width1_fifo_sz3_log2_sz2_ph_clk1_ph_en0_ph_arst0_ph_srst0)    3.081    4.822 6.20e+04   69.917   1.3
    FIFO (ccs_fifo_wait_core_v5_rscid169_width144_sz_width1_fifo_sz3_ph_clk1_ph_en0_ph_arst0_ph_srst0_ph_log22)    3.081    4.822 6.20e+04   69.917   1.3
      FIFO_REG_GEN_REGS_0__BUFREG (ccs_genreg_v1_144_1_0_0_0_1_13)    0.986    0.941 1.63e+04   18.214   0.3
      FIFO_REG_GEN_REGS_0__STATREG (ccs_genreg_v1_1_1_0_0_0_1_25) 2.63e-05    0.374  129.073    0.503   0.0
      FIFO_REG_GEN_REGS_1__BUFREG (ccs_genreg_v1_144_1_0_0_0_1_14)    0.863    0.927 1.63e+04   18.077   0.3
      FIFO_REG_GEN_REGS_1__STATREG (ccs_genreg_v1_1_1_0_0_0_1_26) 1.27e-04    0.373  129.159    0.502   0.0
      FIFO_REG_GEN_REGS_2__BUFREG (ccs_genreg_v1_144_1_0_0_0_1_15)    0.881    0.948 1.63e+04   18.103   0.3
      FIFO_REG_GEN_REGS_2__STATREG (ccs_genreg_v1_1_1_0_0_0_1_27) 4.22e-04    0.371  129.318    0.501   0.0
      FIFO_REG_HS_INIT_REG (ccs_genreg_v1_1_1_1_0_0_0_10) 1.07e-02    0.259  105.365    0.375   0.0
1
