Warning: Design 'Conv' has '5' unresolved references. For more detailed information, use the "link" command. (UID-341)
 
****************************************
Report : constraint
        -verbose
Design : Conv
Version: L-2016.03-SP5-5
Date   : Sun Feb 23 20:22:02 2020
****************************************


  Startpoint: input_serial_rsc_vld
              (input port clocked by ideal_clock)
  Endpoint: inputDoubleBuffer/InputDoubleBuffer_512_16_16_struct_inst/mem_cns_comp/output_mem_select_reg_2_
            (rising edge-triggered flip-flop clocked by ideal_clock)
  Path Group: REGIN
  Path Type: max

  Point                                                   Incr       Path
  --------------------------------------------------------------------------
  clock ideal_clock (rise edge)                           0.00       0.00
  clock network delay (ideal)                             0.00       0.00
  input external delay                                   10.00      10.00 r
  input_serial_rsc_vld (in)                               0.00      10.00 r
  inputDoubleBuffer/InputDoubleBuffer_512_16_16_struct_inst/inputDoubleBufferWriter/InputDoubleBufferWriter_512_16_16_run_inst/InputDoubleBufferWriter_512_16_16_run_din_rsci_inst/din_rsci/U2/Z (CLKBUF_X1)     0.03 *    10.04 r
  inputDoubleBuffer/InputDoubleBuffer_512_16_16_struct_inst/inputDoubleBufferWriter/InputDoubleBufferWriter_512_16_16_run_inst/InputDoubleBufferWriter_512_16_16_run_din_rsci_inst/InputDoubleBufferWriter_512_16_16_run_din_rsci_din_wait_ctrl_inst/U3/ZN (AND2_X1)     0.05 *    10.08 r
  inputDoubleBuffer/InputDoubleBuffer_512_16_16_struct_inst/inputDoubleBufferWriter/InputDoubleBufferWriter_512_16_16_run_inst/InputDoubleBufferWriter_512_16_16_run_din_rsci_inst/InputDoubleBufferWriter_512_16_16_run_din_rsci_din_wait_dp_inst/U3/ZN (NOR2_X1)     0.02 *    10.10 f
  inputDoubleBuffer/InputDoubleBuffer_512_16_16_struct_inst/inputDoubleBufferWriter/InputDoubleBufferWriter_512_16_16_run_inst/InputDoubleBufferWriter_512_16_16_run_din_rsci_inst/InputDoubleBufferWriter_512_16_16_run_din_rsci_din_wait_dp_inst/U4/ZN (NAND2_X1)     0.02 *    10.12 r
  inputDoubleBuffer/InputDoubleBuffer_512_16_16_struct_inst/inputDoubleBufferWriter/InputDoubleBufferWriter_512_16_16_run_inst/InputDoubleBufferWriter_512_16_16_run_staller_inst/U3/ZN (NAND3_X1)     0.02 *    10.14 f
  inputDoubleBuffer/InputDoubleBuffer_512_16_16_struct_inst/inputDoubleBufferWriter/InputDoubleBufferWriter_512_16_16_run_inst/InputDoubleBufferWriter_512_16_16_run_staller_inst/U4/ZN (INV_X1)     0.06 *    10.20 r
  inputDoubleBuffer/InputDoubleBuffer_512_16_16_struct_inst/inputDoubleBufferWriter/InputDoubleBufferWriter_512_16_16_run_inst/U344/ZN (INV_X1)     0.07 *    10.27 f
  inputDoubleBuffer/InputDoubleBuffer_512_16_16_struct_inst/inputDoubleBufferWriter/InputDoubleBufferWriter_512_16_16_run_inst/InputDoubleBufferWriter_512_16_16_run_dout_rsci_1_inst/InputDoubleBufferWriter_512_16_16_run_dout_rsci_1_dout_rsc_wait_ctrl_inst/U2/ZN (NOR2_X1)     0.05 *    10.32 r
  inputDoubleBuffer/InputDoubleBuffer_512_16_16_struct_inst/inputDoubleBufferWriter/InputDoubleBufferWriter_512_16_16_run_inst/InputDoubleBufferWriter_512_16_16_run_dout_rsci_1_inst/U1/ZN (INV_X1)     0.02 *    10.33 f
  inputDoubleBuffer/InputDoubleBuffer_512_16_16_struct_inst/inputDoubleBufferWriter/U3/ZN (INV_X1)     0.02 *    10.35 r
  inputDoubleBuffer/InputDoubleBuffer_512_16_16_struct_inst/inputDoubleBufferWriter/dout_rsci/U142/ZN (INV_X1)     0.01 *    10.36 f
  inputDoubleBuffer/InputDoubleBuffer_512_16_16_struct_inst/InputDoubleBDjtfoem_cns_bctl_inst/U309/ZN (NOR3_X1)     0.05 *    10.41 r
  inputDoubleBuffer/InputDoubleBuffer_512_16_16_struct_inst/InputDoubleBDjtfoem_cns_bctl_inst/U310/ZN (AOI22_X1)     0.03 *    10.44 f
  inputDoubleBuffer/InputDoubleBuffer_512_16_16_struct_inst/mem_cns_comp/U1711/ZN (NOR2_X1)     0.07 *    10.51 r
  inputDoubleBuffer/InputDoubleBuffer_512_16_16_struct_inst/mem_cns_comp/U1712/ZN (INV_X1)     0.02 *    10.53 f
  inputDoubleBuffer/InputDoubleBuffer_512_16_16_struct_inst/mem_cns_comp/U1714/ZN (AOI22_X1)     0.05 *    10.58 r
  inputDoubleBuffer/InputDoubleBuffer_512_16_16_struct_inst/mem_cns_comp/output_mem_select_reg_2_/D (DFF_X1)     0.00 *    10.58 r
  data arrival time                                                 10.58

  clock ideal_clock (rise edge)                          20.00      20.00
  clock network delay (ideal)                             0.00      20.00
  inputDoubleBuffer/InputDoubleBuffer_512_16_16_struct_inst/mem_cns_comp/output_mem_select_reg_2_/CK (DFF_X1)     0.00    20.00 r
  library setup time                                     -0.04      19.96
  data required time                                                19.96
  --------------------------------------------------------------------------
  data required time                                                19.96
  data arrival time                                                -10.58
  --------------------------------------------------------------------------
  slack (MET)                                                        9.38


  Startpoint: inputDoubleBuffer/InputDoubleBuffer_512_16_16_struct_inst/inputDoubleBufferWriter/InputDoubleBufferWriter_512_16_16_run_inst/InputDoubleBufferWriter_512_16_16_run_din_rsci_inst/InputDoubleBufferWriter_512_16_16_run_din_rsci_din_wait_dp_inst/din_rsci_bcwt_reg
              (rising edge-triggered flip-flop clocked by ideal_clock)
  Endpoint: input_serial_rsc_rdy
            (output port clocked by ideal_clock)
  Path Group: REGOUT
  Path Type: max

  Point                                                   Incr       Path
  --------------------------------------------------------------------------
  clock ideal_clock (rise edge)                           0.00       0.00
  clock network delay (ideal)                             0.00       0.00
  inputDoubleBuffer/InputDoubleBuffer_512_16_16_struct_inst/inputDoubleBufferWriter/InputDoubleBufferWriter_512_16_16_run_inst/InputDoubleBufferWriter_512_16_16_run_din_rsci_inst/InputDoubleBufferWriter_512_16_16_run_din_rsci_din_wait_dp_inst/din_rsci_bcwt_reg/CK (DFFR_X1)     0.00     0.00 r
  inputDoubleBuffer/InputDoubleBuffer_512_16_16_struct_inst/inputDoubleBufferWriter/InputDoubleBufferWriter_512_16_16_run_inst/InputDoubleBufferWriter_512_16_16_run_din_rsci_inst/InputDoubleBufferWriter_512_16_16_run_din_rsci_din_wait_dp_inst/din_rsci_bcwt_reg/Q (DFFR_X1)     0.08     0.08 f
  inputDoubleBuffer/InputDoubleBuffer_512_16_16_struct_inst/inputDoubleBufferWriter/InputDoubleBufferWriter_512_16_16_run_inst/InputDoubleBufferWriter_512_16_16_run_din_rsci_inst/InputDoubleBufferWriter_512_16_16_run_din_rsci_din_wait_dp_inst/U24/Z (CLKBUF_X2)     0.11 *     0.19 f
  inputDoubleBuffer/InputDoubleBuffer_512_16_16_struct_inst/inputDoubleBufferWriter/InputDoubleBufferWriter_512_16_16_run_inst/InputDoubleBufferWriter_512_16_16_run_din_rsci_inst/InputDoubleBufferWriter_512_16_16_run_din_rsci_din_wait_ctrl_inst/U2/ZN (NOR2_X1)     0.10 *     0.29 r
  inputDoubleBuffer/InputDoubleBuffer_512_16_16_struct_inst/inputDoubleBufferWriter/InputDoubleBufferWriter_512_16_16_run_inst/InputDoubleBufferWriter_512_16_16_run_din_rsci_inst/din_rsci/U1/Z (CLKBUF_X1)     0.04 *     0.34 r
  inputDoubleBuffer/InputDoubleBuffer_512_16_16_struct_inst/InputDoubleBDjtfoem_cns_bctl_inst/U150/Z (CLKBUF_X1)     0.04 *     0.38 r
  input_serial_rsc_rdy (out)                              0.00 *     0.38 r
  data arrival time                                                  0.38

  clock ideal_clock (rise edge)                          20.00      20.00
  clock network delay (ideal)                             0.00      20.00
  output external delay                                   0.00      20.00
  data required time                                                20.00
  --------------------------------------------------------------------------
  data required time                                                20.00
  data arrival time                                                 -0.38
  --------------------------------------------------------------------------
  slack (MET)                                                       19.62


  Startpoint: weightDoubleBuffer/WeightDoubleBuffer_384_16_16_struct_inst/weightDoubleBufferWriter/WeightDoubleBufferWriter_384_16_16_run_inst/reg_paramsIn_crt_sva_116_0_ftd_21_reg_2_
              (rising edge-triggered flip-flop clocked by ideal_clock)
  Endpoint: weightDoubleBuffer/WeightDoubleBuffer_384_16_16_struct_inst/weightDoubleBufferWriter/WeightDoubleBufferWriter_384_16_16_run_inst/WeightDoubleBufferWriter_384_16_16_run_run_fsm_inst/state_var_reg_2_
            (rising edge-triggered flip-flop clocked by ideal_clock)
  Path Group: ideal_clock
  Path Type: max

  Point                                                   Incr       Path
  --------------------------------------------------------------------------
  clock ideal_clock (rise edge)                           0.00       0.00
  clock network delay (ideal)                             0.00       0.00
  weightDoubleBuffer/WeightDoubleBuffer_384_16_16_struct_inst/weightDoubleBufferWriter/WeightDoubleBufferWriter_384_16_16_run_inst/reg_paramsIn_crt_sva_116_0_ftd_21_reg_2_/CK (DFFR_X1)     0.00     0.00 r
  weightDoubleBuffer/WeightDoubleBuffer_384_16_16_struct_inst/weightDoubleBufferWriter/WeightDoubleBufferWriter_384_16_16_run_inst/reg_paramsIn_crt_sva_116_0_ftd_21_reg_2_/Q (DFFR_X1)     0.18     0.18 r
  weightDoubleBuffer/WeightDoubleBuffer_384_16_16_struct_inst/weightDoubleBufferWriter/WeightDoubleBufferWriter_384_16_16_run_inst/mult_x_5/U1480/Z (CLKBUF_X1)     0.17 *     0.36 r
  weightDoubleBuffer/WeightDoubleBuffer_384_16_16_struct_inst/weightDoubleBufferWriter/WeightDoubleBufferWriter_384_16_16_run_inst/mult_x_5/U1482/ZN (INV_X1)     0.07 *     0.42 f
  weightDoubleBuffer/WeightDoubleBuffer_384_16_16_struct_inst/weightDoubleBufferWriter/WeightDoubleBufferWriter_384_16_16_run_inst/mult_x_5/U2190/Z (XOR2_X1)     0.08 *     0.50 f
  weightDoubleBuffer/WeightDoubleBuffer_384_16_16_struct_inst/weightDoubleBufferWriter/WeightDoubleBufferWriter_384_16_16_run_inst/mult_x_5/U2191/ZN (NOR2_X1)     0.15 *     0.65 r
  weightDoubleBuffer/WeightDoubleBuffer_384_16_16_struct_inst/weightDoubleBufferWriter/WeightDoubleBufferWriter_384_16_16_run_inst/mult_x_5/U2688/ZN (AOI222_X1)     0.05 *     0.70 f
  weightDoubleBuffer/WeightDoubleBuffer_384_16_16_struct_inst/weightDoubleBufferWriter/WeightDoubleBufferWriter_384_16_16_run_inst/mult_x_5/U2689/Z (XOR2_X1)     0.07 *     0.77 f
  weightDoubleBuffer/WeightDoubleBuffer_384_16_16_struct_inst/weightDoubleBufferWriter/WeightDoubleBufferWriter_384_16_16_run_inst/mult_x_5/U2948/S (HA_X1)     0.06 *     0.83 f
  weightDoubleBuffer/WeightDoubleBuffer_384_16_16_struct_inst/weightDoubleBufferWriter/WeightDoubleBufferWriter_384_16_16_run_inst/mult_x_5/U2969/CO (FA_X1)     0.08 *     0.91 f
  weightDoubleBuffer/WeightDoubleBuffer_384_16_16_struct_inst/weightDoubleBufferWriter/WeightDoubleBufferWriter_384_16_16_run_inst/mult_x_5/U2970/CO (FA_X1)     0.07 *     0.99 f
  weightDoubleBuffer/WeightDoubleBuffer_384_16_16_struct_inst/weightDoubleBufferWriter/WeightDoubleBufferWriter_384_16_16_run_inst/mult_x_5/U2971/CO (FA_X1)     0.07 *     1.06 f
  weightDoubleBuffer/WeightDoubleBuffer_384_16_16_struct_inst/weightDoubleBufferWriter/WeightDoubleBufferWriter_384_16_16_run_inst/mult_x_5/U2972/CO (FA_X1)     0.07 *     1.13 f
  weightDoubleBuffer/WeightDoubleBuffer_384_16_16_struct_inst/weightDoubleBufferWriter/WeightDoubleBufferWriter_384_16_16_run_inst/mult_x_5/U2973/CO (FA_X1)     0.07 *     1.20 f
  weightDoubleBuffer/WeightDoubleBuffer_384_16_16_struct_inst/weightDoubleBufferWriter/WeightDoubleBufferWriter_384_16_16_run_inst/mult_x_5/U2974/CO (FA_X1)     0.07 *     1.27 f
  weightDoubleBuffer/WeightDoubleBuffer_384_16_16_struct_inst/weightDoubleBufferWriter/WeightDoubleBufferWriter_384_16_16_run_inst/mult_x_5/U2975/CO (FA_X1)     0.07 *     1.35 f
  weightDoubleBuffer/WeightDoubleBuffer_384_16_16_struct_inst/weightDoubleBufferWriter/WeightDoubleBufferWriter_384_16_16_run_inst/mult_x_5/U2976/CO (FA_X1)     0.07 *     1.42 f
  weightDoubleBuffer/WeightDoubleBuffer_384_16_16_struct_inst/weightDoubleBufferWriter/WeightDoubleBufferWriter_384_16_16_run_inst/mult_x_5/U2977/CO (FA_X1)     0.07 *     1.49 f
  weightDoubleBuffer/WeightDoubleBuffer_384_16_16_struct_inst/weightDoubleBufferWriter/WeightDoubleBufferWriter_384_16_16_run_inst/mult_x_5/U2978/CO (FA_X1)     0.07 *     1.57 f
  weightDoubleBuffer/WeightDoubleBuffer_384_16_16_struct_inst/weightDoubleBufferWriter/WeightDoubleBufferWriter_384_16_16_run_inst/mult_x_5/U2979/CO (FA_X1)     0.07 *     1.64 f
  weightDoubleBuffer/WeightDoubleBuffer_384_16_16_struct_inst/weightDoubleBufferWriter/WeightDoubleBufferWriter_384_16_16_run_inst/mult_x_5/U2980/CO (FA_X1)     0.07 *     1.71 f
  weightDoubleBuffer/WeightDoubleBuffer_384_16_16_struct_inst/weightDoubleBufferWriter/WeightDoubleBufferWriter_384_16_16_run_inst/mult_x_5/U2981/CO (FA_X1)     0.07 *     1.78 f
  weightDoubleBuffer/WeightDoubleBuffer_384_16_16_struct_inst/weightDoubleBufferWriter/WeightDoubleBufferWriter_384_16_16_run_inst/mult_x_5/U2982/CO (FA_X1)     0.07 *     1.85 f
  weightDoubleBuffer/WeightDoubleBuffer_384_16_16_struct_inst/weightDoubleBufferWriter/WeightDoubleBufferWriter_384_16_16_run_inst/mult_x_5/U2983/CO (FA_X1)     0.07 *     1.93 f
  weightDoubleBuffer/WeightDoubleBuffer_384_16_16_struct_inst/weightDoubleBufferWriter/WeightDoubleBufferWriter_384_16_16_run_inst/mult_x_5/U2984/CO (FA_X1)     0.07 *     2.00 f
  weightDoubleBuffer/WeightDoubleBuffer_384_16_16_struct_inst/weightDoubleBufferWriter/WeightDoubleBufferWriter_384_16_16_run_inst/mult_x_5/U2985/CO (FA_X1)     0.07 *     2.07 f
  weightDoubleBuffer/WeightDoubleBuffer_384_16_16_struct_inst/weightDoubleBufferWriter/WeightDoubleBufferWriter_384_16_16_run_inst/mult_x_5/U2986/CO (FA_X1)     0.07 *     2.14 f
  weightDoubleBuffer/WeightDoubleBuffer_384_16_16_struct_inst/weightDoubleBufferWriter/WeightDoubleBufferWriter_384_16_16_run_inst/mult_x_5/U2987/CO (FA_X1)     0.07 *     2.21 f
  weightDoubleBuffer/WeightDoubleBuffer_384_16_16_struct_inst/weightDoubleBufferWriter/WeightDoubleBufferWriter_384_16_16_run_inst/mult_x_5/U2988/CO (FA_X1)     0.07 *     2.29 f
  weightDoubleBuffer/WeightDoubleBuffer_384_16_16_struct_inst/weightDoubleBufferWriter/WeightDoubleBufferWriter_384_16_16_run_inst/mult_x_5/U2989/CO (FA_X1)     0.07 *     2.36 f
  weightDoubleBuffer/WeightDoubleBuffer_384_16_16_struct_inst/weightDoubleBufferWriter/WeightDoubleBufferWriter_384_16_16_run_inst/mult_x_5/U2990/CO (FA_X1)     0.07 *     2.43 f
  weightDoubleBuffer/WeightDoubleBuffer_384_16_16_struct_inst/weightDoubleBufferWriter/WeightDoubleBufferWriter_384_16_16_run_inst/mult_x_5/U2991/CO (FA_X1)     0.07 *     2.50 f
  weightDoubleBuffer/WeightDoubleBuffer_384_16_16_struct_inst/weightDoubleBufferWriter/WeightDoubleBufferWriter_384_16_16_run_inst/mult_x_5/U2992/CO (FA_X1)     0.07 *     2.58 f
  weightDoubleBuffer/WeightDoubleBuffer_384_16_16_struct_inst/weightDoubleBufferWriter/WeightDoubleBufferWriter_384_16_16_run_inst/mult_x_5/U2993/CO (FA_X1)     0.07 *     2.65 f
  weightDoubleBuffer/WeightDoubleBuffer_384_16_16_struct_inst/weightDoubleBufferWriter/WeightDoubleBufferWriter_384_16_16_run_inst/mult_x_5/U2994/CO (FA_X1)     0.07 *     2.72 f
  weightDoubleBuffer/WeightDoubleBuffer_384_16_16_struct_inst/weightDoubleBufferWriter/WeightDoubleBufferWriter_384_16_16_run_inst/mult_x_5/U2995/CO (FA_X1)     0.07 *     2.79 f
  weightDoubleBuffer/WeightDoubleBuffer_384_16_16_struct_inst/weightDoubleBufferWriter/WeightDoubleBufferWriter_384_16_16_run_inst/mult_x_5/U2996/CO (FA_X1)     0.07 *     2.86 f
  weightDoubleBuffer/WeightDoubleBuffer_384_16_16_struct_inst/weightDoubleBufferWriter/WeightDoubleBufferWriter_384_16_16_run_inst/mult_x_5/U2997/CO (FA_X1)     0.07 *     2.93 f
  weightDoubleBuffer/WeightDoubleBuffer_384_16_16_struct_inst/weightDoubleBufferWriter/WeightDoubleBufferWriter_384_16_16_run_inst/mult_x_5/U2998/CO (FA_X1)     0.07 *     3.01 f
  weightDoubleBuffer/WeightDoubleBuffer_384_16_16_struct_inst/weightDoubleBufferWriter/WeightDoubleBufferWriter_384_16_16_run_inst/mult_x_5/U2999/CO (FA_X1)     0.07 *     3.08 f
  weightDoubleBuffer/WeightDoubleBuffer_384_16_16_struct_inst/weightDoubleBufferWriter/WeightDoubleBufferWriter_384_16_16_run_inst/mult_x_5/U3000/CO (FA_X1)     0.07 *     3.15 f
  weightDoubleBuffer/WeightDoubleBuffer_384_16_16_struct_inst/weightDoubleBufferWriter/WeightDoubleBufferWriter_384_16_16_run_inst/mult_x_5/U3001/CO (FA_X1)     0.07 *     3.22 f
  weightDoubleBuffer/WeightDoubleBuffer_384_16_16_struct_inst/weightDoubleBufferWriter/WeightDoubleBufferWriter_384_16_16_run_inst/mult_x_5/U3002/CO (FA_X1)     0.07 *     3.29 f
  weightDoubleBuffer/WeightDoubleBuffer_384_16_16_struct_inst/weightDoubleBufferWriter/WeightDoubleBufferWriter_384_16_16_run_inst/mult_x_5/U3003/CO (FA_X1)     0.07 *     3.36 f
  weightDoubleBuffer/WeightDoubleBuffer_384_16_16_struct_inst/weightDoubleBufferWriter/WeightDoubleBufferWriter_384_16_16_run_inst/mult_x_5/U3004/CO (FA_X1)     0.07 *     3.44 f
  weightDoubleBuffer/WeightDoubleBuffer_384_16_16_struct_inst/weightDoubleBufferWriter/WeightDoubleBufferWriter_384_16_16_run_inst/mult_x_5/U3005/CO (FA_X1)     0.07 *     3.51 f
  weightDoubleBuffer/WeightDoubleBuffer_384_16_16_struct_inst/weightDoubleBufferWriter/WeightDoubleBufferWriter_384_16_16_run_inst/mult_x_5/U3006/CO (FA_X1)     0.07 *     3.58 f
  weightDoubleBuffer/WeightDoubleBuffer_384_16_16_struct_inst/weightDoubleBufferWriter/WeightDoubleBufferWriter_384_16_16_run_inst/mult_x_5/U3007/CO (FA_X1)     0.07 *     3.65 f
  weightDoubleBuffer/WeightDoubleBuffer_384_16_16_struct_inst/weightDoubleBufferWriter/WeightDoubleBufferWriter_384_16_16_run_inst/mult_x_5/U3008/CO (FA_X1)     0.07 *     3.72 f
  weightDoubleBuffer/WeightDoubleBuffer_384_16_16_struct_inst/weightDoubleBufferWriter/WeightDoubleBufferWriter_384_16_16_run_inst/mult_x_5/U3009/CO (FA_X1)     0.07 *     3.79 f
  weightDoubleBuffer/WeightDoubleBuffer_384_16_16_struct_inst/weightDoubleBufferWriter/WeightDoubleBufferWriter_384_16_16_run_inst/mult_x_5/U3010/CO (FA_X1)     0.07 *     3.87 f
  weightDoubleBuffer/WeightDoubleBuffer_384_16_16_struct_inst/weightDoubleBufferWriter/WeightDoubleBufferWriter_384_16_16_run_inst/mult_x_5/U3011/CO (FA_X1)     0.07 *     3.94 f
  weightDoubleBuffer/WeightDoubleBuffer_384_16_16_struct_inst/weightDoubleBufferWriter/WeightDoubleBufferWriter_384_16_16_run_inst/mult_x_5/U3012/CO (FA_X1)     0.07 *     4.01 f
  weightDoubleBuffer/WeightDoubleBuffer_384_16_16_struct_inst/weightDoubleBufferWriter/WeightDoubleBufferWriter_384_16_16_run_inst/mult_x_5/U3013/CO (FA_X1)     0.07 *     4.08 f
  weightDoubleBuffer/WeightDoubleBuffer_384_16_16_struct_inst/weightDoubleBufferWriter/WeightDoubleBufferWriter_384_16_16_run_inst/mult_x_5/U3014/CO (FA_X1)     0.07 *     4.15 f
  weightDoubleBuffer/WeightDoubleBuffer_384_16_16_struct_inst/weightDoubleBufferWriter/WeightDoubleBufferWriter_384_16_16_run_inst/mult_x_5/U3015/CO (FA_X1)     0.07 *     4.22 f
  weightDoubleBuffer/WeightDoubleBuffer_384_16_16_struct_inst/weightDoubleBufferWriter/WeightDoubleBufferWriter_384_16_16_run_inst/mult_x_5/U3016/CO (FA_X1)     0.07 *     4.30 f
  weightDoubleBuffer/WeightDoubleBuffer_384_16_16_struct_inst/weightDoubleBufferWriter/WeightDoubleBufferWriter_384_16_16_run_inst/mult_x_5/U3017/CO (FA_X1)     0.07 *     4.37 f
  weightDoubleBuffer/WeightDoubleBuffer_384_16_16_struct_inst/weightDoubleBufferWriter/WeightDoubleBufferWriter_384_16_16_run_inst/mult_x_5/U3018/CO (FA_X1)     0.07 *     4.44 f
  weightDoubleBuffer/WeightDoubleBuffer_384_16_16_struct_inst/weightDoubleBufferWriter/WeightDoubleBufferWriter_384_16_16_run_inst/mult_x_5/U3019/CO (FA_X1)     0.07 *     4.51 f
  weightDoubleBuffer/WeightDoubleBuffer_384_16_16_struct_inst/weightDoubleBufferWriter/WeightDoubleBufferWriter_384_16_16_run_inst/mult_x_5/U3020/CO (FA_X1)     0.07 *     4.58 f
  weightDoubleBuffer/WeightDoubleBuffer_384_16_16_struct_inst/weightDoubleBufferWriter/WeightDoubleBufferWriter_384_16_16_run_inst/mult_x_5/U3021/CO (FA_X1)     0.07 *     4.65 f
  weightDoubleBuffer/WeightDoubleBuffer_384_16_16_struct_inst/weightDoubleBufferWriter/WeightDoubleBufferWriter_384_16_16_run_inst/mult_x_5/U3022/CO (FA_X1)     0.07 *     4.73 f
  weightDoubleBuffer/WeightDoubleBuffer_384_16_16_struct_inst/weightDoubleBufferWriter/WeightDoubleBufferWriter_384_16_16_run_inst/mult_x_5/U3023/CO (FA_X1)     0.07 *     4.80 f
  weightDoubleBuffer/WeightDoubleBuffer_384_16_16_struct_inst/weightDoubleBufferWriter/WeightDoubleBufferWriter_384_16_16_run_inst/mult_x_5/U3024/CO (FA_X1)     0.07 *     4.87 f
  weightDoubleBuffer/WeightDoubleBuffer_384_16_16_struct_inst/weightDoubleBufferWriter/WeightDoubleBufferWriter_384_16_16_run_inst/mult_x_5/U3025/CO (FA_X1)     0.07 *     4.94 f
  weightDoubleBuffer/WeightDoubleBuffer_384_16_16_struct_inst/weightDoubleBufferWriter/WeightDoubleBufferWriter_384_16_16_run_inst/mult_x_5/U3026/CO (FA_X1)     0.07 *     5.01 f
  weightDoubleBuffer/WeightDoubleBuffer_384_16_16_struct_inst/weightDoubleBufferWriter/WeightDoubleBufferWriter_384_16_16_run_inst/mult_x_5/U3027/CO (FA_X1)     0.07 *     5.08 f
  weightDoubleBuffer/WeightDoubleBuffer_384_16_16_struct_inst/weightDoubleBufferWriter/WeightDoubleBufferWriter_384_16_16_run_inst/mult_x_5/U2963/Z (XOR2_X1)     0.05 *     5.14 f
  weightDoubleBuffer/WeightDoubleBuffer_384_16_16_struct_inst/weightDoubleBufferWriter/WeightDoubleBufferWriter_384_16_16_run_inst/mult_x_5/U2964/ZN (XNOR2_X1)     0.04 *     5.18 f
  weightDoubleBuffer/WeightDoubleBuffer_384_16_16_struct_inst/weightDoubleBufferWriter/WeightDoubleBufferWriter_384_16_16_run_inst/U48/ZN (INV_X1)     0.01 *     5.19 r
  weightDoubleBuffer/WeightDoubleBuffer_384_16_16_struct_inst/weightDoubleBufferWriter/WeightDoubleBufferWriter_384_16_16_run_inst/add_x_3/U85/ZN (NAND4_X1)     0.03 *     5.22 f
  weightDoubleBuffer/WeightDoubleBuffer_384_16_16_struct_inst/weightDoubleBufferWriter/WeightDoubleBufferWriter_384_16_16_run_inst/add_x_3/U87/ZN (NOR4_X1)     0.08 *     5.31 r
  weightDoubleBuffer/WeightDoubleBuffer_384_16_16_struct_inst/weightDoubleBufferWriter/WeightDoubleBufferWriter_384_16_16_run_inst/add_x_3/U88/ZN (NAND4_X1)     0.07 *     5.38 f
  weightDoubleBuffer/WeightDoubleBuffer_384_16_16_struct_inst/weightDoubleBufferWriter/WeightDoubleBufferWriter_384_16_16_run_inst/U112/ZN (AOI22_X1)     0.11 *     5.49 r
  weightDoubleBuffer/WeightDoubleBuffer_384_16_16_struct_inst/weightDoubleBufferWriter/WeightDoubleBufferWriter_384_16_16_run_inst/WeightDoubleBufferWriter_384_16_16_run_run_fsm_inst/U19/ZN (OAI22_X1)     0.03 *     5.52 f
  weightDoubleBuffer/WeightDoubleBuffer_384_16_16_struct_inst/weightDoubleBufferWriter/WeightDoubleBufferWriter_384_16_16_run_inst/WeightDoubleBufferWriter_384_16_16_run_run_fsm_inst/U20/ZN (AOI221_X1)     0.07 *     5.59 r
  weightDoubleBuffer/WeightDoubleBuffer_384_16_16_struct_inst/weightDoubleBufferWriter/WeightDoubleBufferWriter_384_16_16_run_inst/WeightDoubleBufferWriter_384_16_16_run_run_fsm_inst/U21/ZN (OAI221_X1)     0.04 *     5.63 f
  weightDoubleBuffer/WeightDoubleBuffer_384_16_16_struct_inst/weightDoubleBufferWriter/WeightDoubleBufferWriter_384_16_16_run_inst/WeightDoubleBufferWriter_384_16_16_run_run_fsm_inst/state_var_reg_2_/D (DFFR_X1)     0.00 *     5.63 f
  data arrival time                                                  5.63

  clock ideal_clock (rise edge)                          20.00      20.00
  clock network delay (ideal)                             0.00      20.00
  weightDoubleBuffer/WeightDoubleBuffer_384_16_16_struct_inst/weightDoubleBufferWriter/WeightDoubleBufferWriter_384_16_16_run_inst/WeightDoubleBufferWriter_384_16_16_run_run_fsm_inst/state_var_reg_2_/CK (DFFR_X1)     0.00    20.00 r
  library setup time                                     -0.04      19.96
  data required time                                                19.96
  --------------------------------------------------------------------------
  data required time                                                19.96
  data arrival time                                                 -5.63
  --------------------------------------------------------------------------
  slack (MET)                                                       14.33


  Startpoint: paramsIn_rsc_dat[13]
              (input port clocked by ideal_clock)
  Endpoint: paramsDeserializer_1/ParamsDeserializer_run_inst/params_IC1_sva_reg_13_
            (rising edge-triggered flip-flop clocked by ideal_clock)
  Path Group: REGIN
  Path Type: min

  Point                                                   Incr       Path
  --------------------------------------------------------------------------
  clock ideal_clock (rise edge)                           0.00       0.00
  clock network delay (ideal)                             0.00       0.00
  input external delay                                   10.00      10.00 r
  paramsIn_rsc_dat[13] (in)                               0.00      10.00 r
  paramsDeserializer_1/ParamsDeserializer_run_inst/ParamsDeserializer_run_inputChannel_rsci_inst/inputChannel_rsci/U16/Z (CLKBUF_X1)     0.03 *    10.03 r
  paramsDeserializer_1/ParamsDeserializer_run_inst/ParamsDeserializer_run_inputChannel_rsci_inst/ParamsDeserializer_run_inputChannel_rsci_inputChannel_wait_dp_inst/U21/Z (MUX2_X1)     0.06 *    10.09 r
  paramsDeserializer_1/ParamsDeserializer_run_inst/params_IC1_sva_reg_13_/D (DFFR_X1)     0.00 *    10.09 r
  data arrival time                                                 10.09

  clock ideal_clock (rise edge)                           0.00       0.00
  clock network delay (ideal)                             0.00       0.00
  paramsDeserializer_1/ParamsDeserializer_run_inst/params_IC1_sva_reg_13_/CK (DFFR_X1)     0.00     0.00 r
  library hold time                                       0.01       0.01
  data required time                                                 0.01
  --------------------------------------------------------------------------
  data required time                                                 0.01
  data arrival time                                                -10.09
  --------------------------------------------------------------------------
  slack (MET)                                                       10.08


  Startpoint: outputSerializer/Serializer_PackedInt_16UL_16UL_ODTYPE_16_run_inst/serialOutChannel_rsci_idat_reg_8_
              (rising edge-triggered flip-flop clocked by ideal_clock)
  Endpoint: output_serial_rsc_dat[8]
            (output port clocked by ideal_clock)
  Path Group: REGOUT
  Path Type: min

  Point                                                   Incr       Path
  --------------------------------------------------------------------------
  clock ideal_clock (rise edge)                           0.00       0.00
  clock network delay (ideal)                             0.00       0.00
  outputSerializer/Serializer_PackedInt_16UL_16UL_ODTYPE_16_run_inst/serialOutChannel_rsci_idat_reg_8_/CK (DFFR_X1)     0.00     0.00 r
  outputSerializer/Serializer_PackedInt_16UL_16UL_ODTYPE_16_run_inst/serialOutChannel_rsci_idat_reg_8_/Q (DFFR_X1)     0.08     0.08 f
  outputSerializer/Serializer_PackedInt_16UL_16UL_ODTYPE_16_run_inst/Serializer_PackedInt_16UL_16UL_ODTYPE_16_run_serialOutChannel_rsci_inst/serialOutChannel_rsci/U11/Z (CLKBUF_X1)     0.04 *     0.13 f
  output_serial_rsc_dat[8] (out)                          0.00 *     0.13 f
  data arrival time                                                  0.13

  clock ideal_clock (rise edge)                           0.00       0.00
  clock network delay (ideal)                             0.00       0.00
  output external delay                                   0.00       0.00
  data required time                                                 0.00
  --------------------------------------------------------------------------
  data required time                                                 0.00
  data arrival time                                                 -0.13
  --------------------------------------------------------------------------
  slack (MET)                                                        0.13


  Startpoint: outputSerializer/Serializer_PackedInt_16UL_16UL_ODTYPE_16_run_inst/Serializer_PackedInt_16UL_16UL_ODTYPE_16_run_run_fsm_inst/state_var_reg_0_
              (rising edge-triggered flip-flop clocked by ideal_clock)
  Endpoint: outputSerializer/Serializer_PackedInt_16UL_16UL_ODTYPE_16_run_inst/reg_serialOutChannel_rsci_ivld_run_psct_cse_reg
            (rising edge-triggered flip-flop clocked by ideal_clock)
  Path Group: ideal_clock
  Path Type: min

  Point                                                   Incr       Path
  --------------------------------------------------------------------------
  clock ideal_clock (rise edge)                           0.00       0.00
  clock network delay (ideal)                             0.00       0.00
  outputSerializer/Serializer_PackedInt_16UL_16UL_ODTYPE_16_run_inst/Serializer_PackedInt_16UL_16UL_ODTYPE_16_run_run_fsm_inst/state_var_reg_0_/CK (SDFFR_X1)     0.00     0.00 r
  outputSerializer/Serializer_PackedInt_16UL_16UL_ODTYPE_16_run_inst/Serializer_PackedInt_16UL_16UL_ODTYPE_16_run_run_fsm_inst/state_var_reg_0_/Q (SDFFR_X1)     0.08     0.08 r
  outputSerializer/Serializer_PackedInt_16UL_16UL_ODTYPE_16_run_inst/reg_serialOutChannel_rsci_ivld_run_psct_cse_reg/D (DFFR_X1)     0.00 *     0.08 r
  data arrival time                                                  0.08

  clock ideal_clock (rise edge)                           0.00       0.00
  clock network delay (ideal)                             0.00       0.00
  outputSerializer/Serializer_PackedInt_16UL_16UL_ODTYPE_16_run_inst/reg_serialOutChannel_rsci_ivld_run_psct_cse_reg/CK (DFFR_X1)     0.00     0.00 r
  library hold time                                       0.01       0.01
  data required time                                                 0.01
  --------------------------------------------------------------------------
  data required time                                                 0.01
  data arrival time                                                 -0.08
  --------------------------------------------------------------------------
  slack (MET)                                                        0.07


    Net: systolicArray/systolicArrayCore/SystolicArrayCore_IDTYPE_WDTYPE_ODTYPE_16_16_struct_inst/SystolicArrayCore_IDTYPE_WDTYPE_ODTYPE_16_16_run_inst/n13102

    max_transition         0.20
  - Transition Time        0.14
  ------------------------------
    Slack                  0.06  (MET)


    Net: inputDoubleBuffer/InputDoubleBuffer_512_16_16_struct_inst/inputDoubleBufferReader/InputDoubleBufferReader_512_16_16_run_inst/paramsIn_crt_sva_136_0[19]

    max_fanout            20.00
  - Fanout                21.00
  ------------------------------
    Slack                 -1.00  (VIOLATED)


    Net: systolicArray/systolicArrayCore/SystolicArrayCore_IDTYPE_WDTYPE_ODTYPE_16_16_struct_inst/accumulation_buffer_rsc_0_0_addr[3]

    max_capacitance       24.60
  - Capacitance           26.67
  ------------------------------
    Slack                 -2.07  (VIOLATED)


    Design: Conv

    max_leakage_power          0.00
  - Current Leakage Power  3180909.00
  ----------------------------------
    Slack                  -3180909.00  (VIOLATED)


    Net: systolicArray/systolicArrayCore/SystolicArrayCore_IDTYPE_WDTYPE_ODTYPE_16_16_struct_inst/SystolicArrayCore_IDTYPE_WDTYPE_ODTYPE_16_16_run_inst/SystolicArrayCore_IDTYPE_WDTYPE_ODTYPE_16_16_run_accumulation_buffer_rsc_0_0_i_1_inst/SystolicArrayCore_IDTYPE_WDTYPE_ODTYPE_16_16_run_accumulation_buffer_rsc_0_0_i_1_accumulation_buffer_rsc_0_0_wait_dp_inst/accumulation_buffer_rsc_0_0_i_addr_d[11]

    multiport_net          0.00
  - actual cost            5.00
  ------------------------------
    Violation             -5.00  (VIOLATED)


Min pulse width constraints

                       Required      Actual
  Pin                pulse width   pulse width   Slack           Scenario
--------------------------------------------------------------------------------
  paramsDeserializer_1/ParamsDeserializer_run_inst/clk_gate_reg_outputChannel3_rsci_idat_143_128_cse_reg/latch/CK(low)  0.08 10.00  9.92 (MET)

1
