 
****************************************
Report : qor
Design : Conv
Version: L-2016.03-SP5-5
Date   : Tue Feb 25 20:39:57 2020
****************************************


  Timing Path Group 'REGIN'
  -----------------------------------
  Levels of Logic:              10.00
  Critical Path Length:          0.42
  Critical Path Slack:           2.02
  Critical Path Clk Period:      5.00
  Total Negative Slack:          0.00
  No. of Violating Paths:        0.00
  Worst Hold Violation:          0.00
  Total Hold Violation:          0.00
  No. of Hold Violations:        0.00
  -----------------------------------

  Timing Path Group 'REGOUT'
  -----------------------------------
  Levels of Logic:               3.00
  Critical Path Length:          0.31
  Critical Path Slack:           4.69
  Critical Path Clk Period:      5.00
  Total Negative Slack:          0.00
  No. of Violating Paths:        0.00
  Worst Hold Violation:          0.00
  Total Hold Violation:          0.00
  No. of Hold Violations:        0.00
  -----------------------------------

  Timing Path Group 'ideal_clock'
  -----------------------------------
  Levels of Logic:              72.00
  Critical Path Length:          4.96
  Critical Path Slack:           0.00
  Critical Path Clk Period:      5.00
  Total Negative Slack:          0.00
  No. of Violating Paths:        0.00
  Worst Hold Violation:          0.00
  Total Hold Violation:          0.00
  No. of Hold Violations:        0.00
  -----------------------------------


  Cell Count
  -----------------------------------
  Hierarchical Cell Count:       1194
  Hierarchical Port Count:      66859
  Leaf Cell Count:              70207
  Buf/Inv Cell Count:           17335
  Buf Cell Count:                9301
  Inv Cell Count:                8034
  CT Buf/Inv Cell Count:            0
  Combinational Cell Count:     47320
  Sequential Cell Count:        22887
  Macro Count:                      0
  -----------------------------------


  Area
  -----------------------------------
  Combinational Area:    61038.754346
  Noncombinational Area:
                        125641.645583
  Buf/Inv Area:          11704.531839
  Total Buffer Area:          7430.18
  Total Inverter Area:        4274.35
  Macro/Black Box Area:      0.000000
  Net Area:                  0.000000
  Net XLength        :     1077988.62
  Net YLength        :      791779.06
  -----------------------------------
  Cell Area:            186680.399929
  Design Area:          186680.399929
  Net Length        :      1869767.75


  Design Rules
  -----------------------------------
  Total Number of Nets:         80506
  Nets With Violations:             2
  Max Trans Violations:             0
  Max Cap Violations:               0
  Max Fanout Violations:            2
  -----------------------------------


  Hostname: caddy02

  Compile CPU Statistics
  -----------------------------------------
  Resource Sharing:                   45.50
  Logic Optimization:                188.33
  Mapping Optimization:             2381.53
  -----------------------------------------
  Overall Compile Time:             3207.29
  Overall Compile Wall Clock Time:   705.46

  --------------------------------------------------------------------

  Design  WNS: 0.00  TNS: 0.00  Number of Violating Paths: 0


  Design (Hold)  WNS: 0.00  TNS: 0.00  Number of Violating Paths: 0

  --------------------------------------------------------------------


1
