Information: Propagating switching activity (low effort zero delay simulation). (PWR-6)
Warning: Design has unannotated primary inputs. (PWR-414)
Warning: Design has unannotated sequential cell outputs. (PWR-415)
Warning: Design has unannotated black box outputs. (PWR-428)
 
****************************************
Report : power
        -hier
        -analysis_effort low
Design : Conv
Version: L-2016.03-SP5-5
Date   : Tue Feb 25 20:40:21 2020
****************************************


Library(s) Used:

    NangateOpenCellLibrary (File: /home/users/sophliu/ee272/ee272-hw5/Conv/build/5-synopsys-dc-synthesis/inputs/adk/stdcells.db)


Operating Conditions: typical   Library: NangateOpenCellLibrary
Wire Load Model Mode: Inactive.


Global Operating Voltage = 1.1  
Power-specific unit information :
    Voltage Units = 1V
    Capacitance Units = 1.000000ff
    Time Units = 1ns
    Dynamic Power Units = 1uW    (derived from V,C,T units)
    Leakage Power Units = 1nW


--------------------------------------------------------------------------------
                                       Switch   Int      Leak     Total
Hierarchy                              Power    Power    Power    Power    %
--------------------------------------------------------------------------------
Conv                                   1.72e+03 7.01e+03 2.98e+06 1.17e+04 100.0
  systolicArray (SystolicArrayWrapper_IDTYPE_WDTYPE_ODTYPE_16_16)  923.351 3.80e+03 1.71e+06 6.44e+03  55.0
    systolicArrayLooper_1 (SystolicArrayLooper)   73.787  325.085 8.23e+04  481.206   4.1
      SystolicArrayLooper_run_inst (SystolicArrayLooper_run)   73.105  325.042 8.23e+04  480.470   4.1
        mult_x_2 (SystolicArrayLooper_run_DW_mult_uns_J4_0)    3.809    3.359 2.37e+04   30.822   0.3
        add_x_7 (SystolicArrayLooper_run_DW01_inc_J4_0) 1.10e-02 1.96e-02  681.508    0.712   0.0
        add_x_8 (SystolicArrayLooper_run_DW01_add_J4_0)    0.201    0.306 2.05e+03    2.562   0.0
        SystolicArrayLooper_run_run_fsm_inst (SystolicArrayLooper_run_run_fsm)    1.871    6.441 1.94e+03   10.255   0.1
        SystolicArrayLooper_run_staller_inst (SystolicArrayLooper_run_staller)    0.168 6.69e-02   30.804    0.266   0.0
        SystolicArrayLooper_run_loopIndicesOut_rsci_inst (SystolicArrayLooper_run_loopIndicesOut_rsci) 8.09e-02    1.511  839.031    2.431   0.0
          SystolicArrayLooper_run_loopIndicesOut_rsci_loopIndicesOut_wait_dp_inst (SystolicArrayLooper_run_loopIndicesOut_rsci_loopIndicesOut_wait_dp) 5.44e-03    1.439  124.123    1.569   0.0
          SystolicArrayLooper_run_loopIndicesOut_rsci_loopIndicesOut_wait_ctrl_inst (SystolicArrayLooper_run_loopIndicesOut_rsci_loopIndicesOut_wait_ctrl) 1.13e-02 1.59e-02   78.441    0.106   0.0
          loopIndicesOut_rsci (ccs_out_wait_v1_rscid158_width48) 6.42e-02 5.54e-02  636.467    0.756   0.0
        SystolicArrayLooper_run_paramsOut_rsci_inst (SystolicArrayLooper_run_paramsOut_rsci)    0.394    1.668 1.24e+03    3.303   0.0
          SystolicArrayLooper_run_paramsOut_rsci_paramsOut_wait_dp_inst (SystolicArrayLooper_run_paramsOut_rsci_paramsOut_wait_dp) 5.60e-03    1.439  124.123    1.569   0.0
          SystolicArrayLooper_run_paramsOut_rsci_paramsOut_wait_ctrl_inst (SystolicArrayLooper_run_paramsOut_rsci_paramsOut_wait_ctrl) 9.55e-03 1.58e-02   78.441    0.104   0.0
          paramsOut_rsci (ccs_out_wait_v1_rscid157_width144)    0.379    0.213 1.04e+03    1.630   0.0
        SystolicArrayLooper_run_paramsIn_rsci_inst (SystolicArrayLooper_run_paramsIn_rsci)   36.656  185.091 1.63e+04  238.079   2.0
          SystolicArrayLooper_run_paramsIn_rsci_paramsIn_wait_dp_inst (SystolicArrayLooper_run_paramsIn_rsci_paramsIn_wait_dp)   35.140  184.316 1.43e+04  233.757   2.0
          SystolicArrayLooper_run_paramsIn_rsci_paramsIn_wait_ctrl_inst (SystolicArrayLooper_run_paramsIn_rsci_paramsIn_wait_ctrl)    0.143 7.02e-02   78.010    0.291   0.0
          paramsIn_rsci (ccs_in_wait_v1_rscid156_width144)    0.627    0.593 1.64e+03    2.859   0.0
    systolicArrayCore (SystolicArrayCore_IDTYPE_WDTYPE_ODTYPE_16_16)  838.193 3.45e+03 1.57e+06 5.86e+03  50.1
      SystolicArrayCore_IDTYPE_WDTYPE_ODTYPE_16_16_struct_inst (SystolicArrayCore_IDTYPE_WDTYPE_ODTYPE_16_16_struct)  838.193 3.45e+03 1.57e+06 5.86e+03  50.1
        SystolicArrayCore_IDTYPE_WDTYPE_ODTYPE_16_16_run_inst (SystolicArrayCore_IDTYPE_WDTYPE_ODTYPE_16_16_run)  823.861 3.44e+03 1.56e+06 5.83e+03  49.8
          mult_x_122 (SystolicArrayCore_IDTYPE_WDTYPE_ODTYPE_16_16_run_DW_mult_uns_J1_0)    1.640    1.387 2.37e+04   26.694   0.2
          add_x_443 (SystolicArrayCore_IDTYPE_WDTYPE_ODTYPE_16_16_run_DW01_add_J1_2) 2.11e-02 9.80e-02 2.20e+03    2.320   0.0
          add_x_468 (SystolicArrayCore_IDTYPE_WDTYPE_ODTYPE_16_16_run_DW01_inc_J1_0)    0.000    0.000  680.454    0.680   0.0
          DP_OP_682J1_122_7340 (SystolicArrayCore_IDTYPE_WDTYPE_ODTYPE_16_16_run_DP_OP_682J1_122_7340_J1_0)    0.126    0.142 1.40e+03    1.671   0.0
          DP_OP_683J1_123_666 (SystolicArrayCore_IDTYPE_WDTYPE_ODTYPE_16_16_run_DP_OP_683J1_123_666_J1_0) 6.59e-02 9.99e-02 1.26e+03    1.428   0.0
          DP_OP_684J1_124_7340 (SystolicArrayCore_IDTYPE_WDTYPE_ODTYPE_16_16_run_DP_OP_684J1_124_7340_J1_0)    0.127    0.144 1.40e+03    1.674   0.0
          DP_OP_685J1_125_7340 (SystolicArrayCore_IDTYPE_WDTYPE_ODTYPE_16_16_run_DP_OP_685J1_125_7340_J1_0)    0.127    0.144 1.40e+03    1.674   0.0
          SystolicArrayCore_IDTYPE_WDTYPE_ODTYPE_16_16_run_run_fsm_inst (SystolicArrayCore_IDTYPE_WDTYPE_ODTYPE_16_16_run_run_fsm)    2.038    9.575 2.06e+03   13.673   0.1
          SystolicArrayCore_IDTYPE_WDTYPE_ODTYPE_16_16_run_staller_inst (SystolicArrayCore_IDTYPE_WDTYPE_ODTYPE_16_16_run_staller)    1.410    1.154  164.402    2.728   0.0
          SystolicArrayCore_IDTYPE_WDTYPE_ODTYPE_16_16_run_wait_dp_inst (SystolicArrayCore_IDTYPE_WDTYPE_ODTYPE_16_16_run_wait_dp) 6.57e-02 1.29e-02  201.878    0.280   0.0
          SystolicArrayCore_IDTYPE_WDTYPE_ODTYPE_16_16_run_accumulation_buffer_rsc_0_15_i_1_inst (SystolicArrayCore_IDTYPE_WDTYPE_ODTYPE_16_16_run_accumulation_buffer_rsc_0_15_i_1)    4.859   28.923 2.36e+03   36.142   0.3
            SystolicArrayCore_IDTYPE_WDTYPE_ODTYPE_16_16_run_accumulation_buffer_rsc_0_15_i_1_accumulation_buffer_rsc_0_15_wait_dp_inst (SystolicArrayCore_IDTYPE_WDTYPE_ODTYPE_16_16_run_accumulation_buffer_rsc_0_15_i_1_accumulation_buffer_rsc_0_15_wait_dp)    4.858   28.923 2.25e+03   36.028   0.3
            SystolicArrayCore_IDTYPE_WDTYPE_ODTYPE_16_16_run_accumulation_buffer_rsc_0_15_i_1_accumulation_buffer_rsc_0_15_wait_ctrl_inst (SystolicArrayCore_IDTYPE_WDTYPE_ODTYPE_16_16_run_accumulation_buffer_rsc_0_15_i_1_accumulation_buffer_rsc_0_15_wait_ctrl) 9.89e-05 1.74e-04  113.563    0.114   0.0
          SystolicArrayCore_IDTYPE_WDTYPE_ODTYPE_16_16_run_accumulation_buffer_rsc_0_14_i_1_inst (SystolicArrayCore_IDTYPE_WDTYPE_ODTYPE_16_16_run_accumulation_buffer_rsc_0_14_i_1)    4.853   28.994 2.37e+03   36.219   0.3
            SystolicArrayCore_IDTYPE_WDTYPE_ODTYPE_16_16_run_accumulation_buffer_rsc_0_14_i_1_accumulation_buffer_rsc_0_14_wait_dp_inst (SystolicArrayCore_IDTYPE_WDTYPE_ODTYPE_16_16_run_accumulation_buffer_rsc_0_14_i_1_accumulation_buffer_rsc_0_14_wait_dp)    4.853   28.994 2.26e+03   36.105   0.3
            SystolicArrayCore_IDTYPE_WDTYPE_ODTYPE_16_16_run_accumulation_buffer_rsc_0_14_i_1_accumulation_buffer_rsc_0_14_wait_ctrl_inst (SystolicArrayCore_IDTYPE_WDTYPE_ODTYPE_16_16_run_accumulation_buffer_rsc_0_14_i_1_accumulation_buffer_rsc_0_14_wait_ctrl) 9.82e-05 1.74e-04  113.563    0.114   0.0
          SystolicArrayCore_IDTYPE_WDTYPE_ODTYPE_16_16_run_accumulation_buffer_rsc_0_13_i_1_inst (SystolicArrayCore_IDTYPE_WDTYPE_ODTYPE_16_16_run_accumulation_buffer_rsc_0_13_i_1)    4.469   28.940 2.36e+03   35.769   0.3
            SystolicArrayCore_IDTYPE_WDTYPE_ODTYPE_16_16_run_accumulation_buffer_rsc_0_13_i_1_accumulation_buffer_rsc_0_13_wait_dp_inst (SystolicArrayCore_IDTYPE_WDTYPE_ODTYPE_16_16_run_accumulation_buffer_rsc_0_13_i_1_accumulation_buffer_rsc_0_13_wait_dp)    4.469   28.940 2.25e+03   35.655   0.3
            SystolicArrayCore_IDTYPE_WDTYPE_ODTYPE_16_16_run_accumulation_buffer_rsc_0_13_i_1_accumulation_buffer_rsc_0_13_wait_ctrl_inst (SystolicArrayCore_IDTYPE_WDTYPE_ODTYPE_16_16_run_accumulation_buffer_rsc_0_13_i_1_accumulation_buffer_rsc_0_13_wait_ctrl) 9.81e-05 2.41e-04  113.563    0.114   0.0
          SystolicArrayCore_IDTYPE_WDTYPE_ODTYPE_16_16_run_accumulation_buffer_rsc_0_12_i_1_inst (SystolicArrayCore_IDTYPE_WDTYPE_ODTYPE_16_16_run_accumulation_buffer_rsc_0_12_i_1)    4.846   29.025 2.37e+03   36.243   0.3
            SystolicArrayCore_IDTYPE_WDTYPE_ODTYPE_16_16_run_accumulation_buffer_rsc_0_12_i_1_accumulation_buffer_rsc_0_12_wait_dp_inst (SystolicArrayCore_IDTYPE_WDTYPE_ODTYPE_16_16_run_accumulation_buffer_rsc_0_12_i_1_accumulation_buffer_rsc_0_12_wait_dp)    4.846   29.025 2.26e+03   36.129   0.3
            SystolicArrayCore_IDTYPE_WDTYPE_ODTYPE_16_16_run_accumulation_buffer_rsc_0_12_i_1_accumulation_buffer_rsc_0_12_wait_ctrl_inst (SystolicArrayCore_IDTYPE_WDTYPE_ODTYPE_16_16_run_accumulation_buffer_rsc_0_12_i_1_accumulation_buffer_rsc_0_12_wait_ctrl) 9.93e-05 2.41e-04  113.563    0.114   0.0
          SystolicArrayCore_IDTYPE_WDTYPE_ODTYPE_16_16_run_accumulation_buffer_rsc_0_11_i_1_inst (SystolicArrayCore_IDTYPE_WDTYPE_ODTYPE_16_16_run_accumulation_buffer_rsc_0_11_i_1)    4.859   28.998 2.37e+03   36.228   0.3
            SystolicArrayCore_IDTYPE_WDTYPE_ODTYPE_16_16_run_accumulation_buffer_rsc_0_11_i_1_accumulation_buffer_rsc_0_11_wait_dp_inst (SystolicArrayCore_IDTYPE_WDTYPE_ODTYPE_16_16_run_accumulation_buffer_rsc_0_11_i_1_accumulation_buffer_rsc_0_11_wait_dp)    4.859   28.997 2.26e+03   36.114   0.3
            SystolicArrayCore_IDTYPE_WDTYPE_ODTYPE_16_16_run_accumulation_buffer_rsc_0_11_i_1_accumulation_buffer_rsc_0_11_wait_ctrl_inst (SystolicArrayCore_IDTYPE_WDTYPE_ODTYPE_16_16_run_accumulation_buffer_rsc_0_11_i_1_accumulation_buffer_rsc_0_11_wait_ctrl) 9.82e-05 2.41e-04  113.563    0.114   0.0
          SystolicArrayCore_IDTYPE_WDTYPE_ODTYPE_16_16_run_accumulation_buffer_rsc_0_10_i_1_inst (SystolicArrayCore_IDTYPE_WDTYPE_ODTYPE_16_16_run_accumulation_buffer_rsc_0_10_i_1)    4.480   28.928 2.36e+03   35.768   0.3
            SystolicArrayCore_IDTYPE_WDTYPE_ODTYPE_16_16_run_accumulation_buffer_rsc_0_10_i_1_accumulation_buffer_rsc_0_10_wait_dp_inst (SystolicArrayCore_IDTYPE_WDTYPE_ODTYPE_16_16_run_accumulation_buffer_rsc_0_10_i_1_accumulation_buffer_rsc_0_10_wait_dp)    4.480   28.928 2.25e+03   35.655   0.3
            SystolicArrayCore_IDTYPE_WDTYPE_ODTYPE_16_16_run_accumulation_buffer_rsc_0_10_i_1_accumulation_buffer_rsc_0_10_wait_ctrl_inst (SystolicArrayCore_IDTYPE_WDTYPE_ODTYPE_16_16_run_accumulation_buffer_rsc_0_10_i_1_accumulation_buffer_rsc_0_10_wait_ctrl) 9.94e-05 1.74e-04  113.563    0.114   0.0
          SystolicArrayCore_IDTYPE_WDTYPE_ODTYPE_16_16_run_accumulation_buffer_rsc_0_9_i_1_inst (SystolicArrayCore_IDTYPE_WDTYPE_ODTYPE_16_16_run_accumulation_buffer_rsc_0_9_i_1)    4.475   28.968 2.36e+03   35.803   0.3
            SystolicArrayCore_IDTYPE_WDTYPE_ODTYPE_16_16_run_accumulation_buffer_rsc_0_9_i_1_accumulation_buffer_rsc_0_9_wait_dp_inst (SystolicArrayCore_IDTYPE_WDTYPE_ODTYPE_16_16_run_accumulation_buffer_rsc_0_9_i_1_accumulation_buffer_rsc_0_9_wait_dp)    4.475   28.968 2.25e+03   35.689   0.3
            SystolicArrayCore_IDTYPE_WDTYPE_ODTYPE_16_16_run_accumulation_buffer_rsc_0_9_i_1_accumulation_buffer_rsc_0_9_wait_ctrl_inst (SystolicArrayCore_IDTYPE_WDTYPE_ODTYPE_16_16_run_accumulation_buffer_rsc_0_9_i_1_accumulation_buffer_rsc_0_9_wait_ctrl) 9.86e-05 1.74e-04  113.563    0.114   0.0
          SystolicArrayCore_IDTYPE_WDTYPE_ODTYPE_16_16_run_accumulation_buffer_rsc_0_8_i_1_inst (SystolicArrayCore_IDTYPE_WDTYPE_ODTYPE_16_16_run_accumulation_buffer_rsc_0_8_i_1)    4.565   28.818 2.36e+03   35.744   0.3
            SystolicArrayCore_IDTYPE_WDTYPE_ODTYPE_16_16_run_accumulation_buffer_rsc_0_8_i_1_accumulation_buffer_rsc_0_8_wait_dp_inst (SystolicArrayCore_IDTYPE_WDTYPE_ODTYPE_16_16_run_accumulation_buffer_rsc_0_8_i_1_accumulation_buffer_rsc_0_8_wait_dp)    4.565   28.817 2.25e+03   35.630   0.3
            SystolicArrayCore_IDTYPE_WDTYPE_ODTYPE_16_16_run_accumulation_buffer_rsc_0_8_i_1_accumulation_buffer_rsc_0_8_wait_ctrl_inst (SystolicArrayCore_IDTYPE_WDTYPE_ODTYPE_16_16_run_accumulation_buffer_rsc_0_8_i_1_accumulation_buffer_rsc_0_8_wait_ctrl) 9.96e-05 2.41e-04  113.563    0.114   0.0
          SystolicArrayCore_IDTYPE_WDTYPE_ODTYPE_16_16_run_accumulation_buffer_rsc_0_7_i_1_inst (SystolicArrayCore_IDTYPE_WDTYPE_ODTYPE_16_16_run_accumulation_buffer_rsc_0_7_i_1)    4.537   28.901 2.36e+03   35.798   0.3
            SystolicArrayCore_IDTYPE_WDTYPE_ODTYPE_16_16_run_accumulation_buffer_rsc_0_7_i_1_accumulation_buffer_rsc_0_7_wait_dp_inst (SystolicArrayCore_IDTYPE_WDTYPE_ODTYPE_16_16_run_accumulation_buffer_rsc_0_7_i_1_accumulation_buffer_rsc_0_7_wait_dp)    4.537   28.900 2.25e+03   35.684   0.3
            SystolicArrayCore_IDTYPE_WDTYPE_ODTYPE_16_16_run_accumulation_buffer_rsc_0_7_i_1_accumulation_buffer_rsc_0_7_wait_ctrl_inst (SystolicArrayCore_IDTYPE_WDTYPE_ODTYPE_16_16_run_accumulation_buffer_rsc_0_7_i_1_accumulation_buffer_rsc_0_7_wait_ctrl) 9.82e-05 1.74e-04  113.563    0.114   0.0
          SystolicArrayCore_IDTYPE_WDTYPE_ODTYPE_16_16_run_accumulation_buffer_rsc_0_6_i_1_inst (SystolicArrayCore_IDTYPE_WDTYPE_ODTYPE_16_16_run_accumulation_buffer_rsc_0_6_i_1)    4.548   28.984 2.36e+03   35.892   0.3
            SystolicArrayCore_IDTYPE_WDTYPE_ODTYPE_16_16_run_accumulation_buffer_rsc_0_6_i_1_accumulation_buffer_rsc_0_6_wait_dp_inst (SystolicArrayCore_IDTYPE_WDTYPE_ODTYPE_16_16_run_accumulation_buffer_rsc_0_6_i_1_accumulation_buffer_rsc_0_6_wait_dp)    4.548   28.984 2.25e+03   35.779   0.3
            SystolicArrayCore_IDTYPE_WDTYPE_ODTYPE_16_16_run_accumulation_buffer_rsc_0_6_i_1_accumulation_buffer_rsc_0_6_wait_ctrl_inst (SystolicArrayCore_IDTYPE_WDTYPE_ODTYPE_16_16_run_accumulation_buffer_rsc_0_6_i_1_accumulation_buffer_rsc_0_6_wait_ctrl) 9.81e-05 2.41e-04  113.563    0.114   0.0
          SystolicArrayCore_IDTYPE_WDTYPE_ODTYPE_16_16_run_accumulation_buffer_rsc_0_5_i_1_inst (SystolicArrayCore_IDTYPE_WDTYPE_ODTYPE_16_16_run_accumulation_buffer_rsc_0_5_i_1)    4.459   28.775 2.36e+03   35.595   0.3
            SystolicArrayCore_IDTYPE_WDTYPE_ODTYPE_16_16_run_accumulation_buffer_rsc_0_5_i_1_accumulation_buffer_rsc_0_5_wait_dp_inst (SystolicArrayCore_IDTYPE_WDTYPE_ODTYPE_16_16_run_accumulation_buffer_rsc_0_5_i_1_accumulation_buffer_rsc_0_5_wait_dp)    4.459   28.775 2.25e+03   35.481   0.3
            SystolicArrayCore_IDTYPE_WDTYPE_ODTYPE_16_16_run_accumulation_buffer_rsc_0_5_i_1_accumulation_buffer_rsc_0_5_wait_ctrl_inst (SystolicArrayCore_IDTYPE_WDTYPE_ODTYPE_16_16_run_accumulation_buffer_rsc_0_5_i_1_accumulation_buffer_rsc_0_5_wait_ctrl) 9.83e-05 2.41e-04  113.563    0.114   0.0
          SystolicArrayCore_IDTYPE_WDTYPE_ODTYPE_16_16_run_accumulation_buffer_rsc_0_4_i_1_inst (SystolicArrayCore_IDTYPE_WDTYPE_ODTYPE_16_16_run_accumulation_buffer_rsc_0_4_i_1)    4.529   28.914 2.36e+03   35.803   0.3
            SystolicArrayCore_IDTYPE_WDTYPE_ODTYPE_16_16_run_accumulation_buffer_rsc_0_4_i_1_accumulation_buffer_rsc_0_4_wait_dp_inst (SystolicArrayCore_IDTYPE_WDTYPE_ODTYPE_16_16_run_accumulation_buffer_rsc_0_4_i_1_accumulation_buffer_rsc_0_4_wait_dp)    4.529   28.913 2.25e+03   35.689   0.3
            SystolicArrayCore_IDTYPE_WDTYPE_ODTYPE_16_16_run_accumulation_buffer_rsc_0_4_i_1_accumulation_buffer_rsc_0_4_wait_ctrl_inst (SystolicArrayCore_IDTYPE_WDTYPE_ODTYPE_16_16_run_accumulation_buffer_rsc_0_4_i_1_accumulation_buffer_rsc_0_4_wait_ctrl) 9.87e-05 2.41e-04  113.563    0.114   0.0
          SystolicArrayCore_IDTYPE_WDTYPE_ODTYPE_16_16_run_accumulation_buffer_rsc_0_3_i_1_inst (SystolicArrayCore_IDTYPE_WDTYPE_ODTYPE_16_16_run_accumulation_buffer_rsc_0_3_i_1)    4.624   28.859 2.36e+03   35.843   0.3
            SystolicArrayCore_IDTYPE_WDTYPE_ODTYPE_16_16_run_accumulation_buffer_rsc_0_3_i_1_accumulation_buffer_rsc_0_3_wait_dp_inst (SystolicArrayCore_IDTYPE_WDTYPE_ODTYPE_16_16_run_accumulation_buffer_rsc_0_3_i_1_accumulation_buffer_rsc_0_3_wait_dp)    4.623   28.859 2.25e+03   35.729   0.3
            SystolicArrayCore_IDTYPE_WDTYPE_ODTYPE_16_16_run_accumulation_buffer_rsc_0_3_i_1_accumulation_buffer_rsc_0_3_wait_ctrl_inst (SystolicArrayCore_IDTYPE_WDTYPE_ODTYPE_16_16_run_accumulation_buffer_rsc_0_3_i_1_accumulation_buffer_rsc_0_3_wait_ctrl) 9.93e-05 2.41e-04  113.563    0.114   0.0
          SystolicArrayCore_IDTYPE_WDTYPE_ODTYPE_16_16_run_accumulation_buffer_rsc_0_2_i_1_inst (SystolicArrayCore_IDTYPE_WDTYPE_ODTYPE_16_16_run_accumulation_buffer_rsc_0_2_i_1)    4.852   28.910 2.37e+03   36.133   0.3
            SystolicArrayCore_IDTYPE_WDTYPE_ODTYPE_16_16_run_accumulation_buffer_rsc_0_2_i_1_accumulation_buffer_rsc_0_2_wait_dp_inst (SystolicArrayCore_IDTYPE_WDTYPE_ODTYPE_16_16_run_accumulation_buffer_rsc_0_2_i_1_accumulation_buffer_rsc_0_2_wait_dp)    4.463   28.866 2.25e+03   35.576   0.3
            SystolicArrayCore_IDTYPE_WDTYPE_ODTYPE_16_16_run_accumulation_buffer_rsc_0_2_i_1_accumulation_buffer_rsc_0_2_wait_ctrl_inst (SystolicArrayCore_IDTYPE_WDTYPE_ODTYPE_16_16_run_accumulation_buffer_rsc_0_2_i_1_accumulation_buffer_rsc_0_2_wait_ctrl) 9.86e-05 1.74e-04  113.563    0.114   0.0
          SystolicArrayCore_IDTYPE_WDTYPE_ODTYPE_16_16_run_accumulation_buffer_rsc_0_1_i_1_inst (SystolicArrayCore_IDTYPE_WDTYPE_ODTYPE_16_16_run_accumulation_buffer_rsc_0_1_i_1)    4.695   28.977 2.37e+03   36.044   0.3
            SystolicArrayCore_IDTYPE_WDTYPE_ODTYPE_16_16_run_accumulation_buffer_rsc_0_1_i_1_accumulation_buffer_rsc_0_1_wait_dp_inst (SystolicArrayCore_IDTYPE_WDTYPE_ODTYPE_16_16_run_accumulation_buffer_rsc_0_1_i_1_accumulation_buffer_rsc_0_1_wait_dp)    4.652   28.934 2.25e+03   35.833   0.3
            SystolicArrayCore_IDTYPE_WDTYPE_ODTYPE_16_16_run_accumulation_buffer_rsc_0_1_i_1_accumulation_buffer_rsc_0_1_wait_ctrl_inst (SystolicArrayCore_IDTYPE_WDTYPE_ODTYPE_16_16_run_accumulation_buffer_rsc_0_1_i_1_accumulation_buffer_rsc_0_1_wait_ctrl) 9.82e-05 1.74e-04  113.563    0.114   0.0
          SystolicArrayCore_IDTYPE_WDTYPE_ODTYPE_16_16_run_accumulation_buffer_rsc_0_0_i_1_inst (SystolicArrayCore_IDTYPE_WDTYPE_ODTYPE_16_16_run_accumulation_buffer_rsc_0_0_i_1)    4.677   28.983 2.36e+03   36.020   0.3
            SystolicArrayCore_IDTYPE_WDTYPE_ODTYPE_16_16_run_accumulation_buffer_rsc_0_0_i_1_accumulation_buffer_rsc_0_0_wait_dp_inst (SystolicArrayCore_IDTYPE_WDTYPE_ODTYPE_16_16_run_accumulation_buffer_rsc_0_0_i_1_accumulation_buffer_rsc_0_0_wait_dp)    4.677   28.983 2.25e+03   35.906   0.3
            SystolicArrayCore_IDTYPE_WDTYPE_ODTYPE_16_16_run_accumulation_buffer_rsc_0_0_i_1_accumulation_buffer_rsc_0_0_wait_ctrl_inst (SystolicArrayCore_IDTYPE_WDTYPE_ODTYPE_16_16_run_accumulation_buffer_rsc_0_0_i_1_accumulation_buffer_rsc_0_0_wait_ctrl) 9.81e-05 2.41e-04  113.563    0.114   0.0
          SystolicArrayCore_IDTYPE_WDTYPE_ODTYPE_16_16_run_loopIndicesIn_rsci_inst (SystolicArrayCore_IDTYPE_WDTYPE_ODTYPE_16_16_run_loopIndicesIn_rsci)   12.909   72.416 6.12e+03   91.441   0.8
            SystolicArrayCore_IDTYPE_WDTYPE_ODTYPE_16_16_run_loopIndicesIn_rsci_loopIndicesIn_wait_dp_inst (SystolicArrayCore_IDTYPE_WDTYPE_ODTYPE_16_16_run_loopIndicesIn_rsci_loopIndicesIn_wait_dp)   12.830   72.312 5.40e+03   90.543   0.8
            SystolicArrayCore_IDTYPE_WDTYPE_ODTYPE_16_16_run_loopIndicesIn_rsci_loopIndicesIn_wait_ctrl_inst (SystolicArrayCore_IDTYPE_WDTYPE_ODTYPE_16_16_run_loopIndicesIn_rsci_loopIndicesIn_wait_ctrl) 6.65e-02 6.07e-02   78.234    0.205   0.0
            loopIndicesIn_rsci (ccs_in_wait_v1_rscid104_width48) 1.31e-02 4.30e-02  636.541    0.693   0.0
          SystolicArrayCore_IDTYPE_WDTYPE_ODTYPE_16_16_run_paramsIn_rsci_inst (SystolicArrayCore_IDTYPE_WDTYPE_ODTYPE_16_16_run_paramsIn_rsci)   21.841  116.955 1.01e+04  148.881   1.3
            SystolicArrayCore_IDTYPE_WDTYPE_ODTYPE_16_16_run_paramsIn_rsci_paramsIn_wait_dp_inst (SystolicArrayCore_IDTYPE_WDTYPE_ODTYPE_16_16_run_paramsIn_rsci_paramsIn_wait_dp)   21.682  116.693 8.97e+03  147.343   1.3
            SystolicArrayCore_IDTYPE_WDTYPE_ODTYPE_16_16_run_paramsIn_rsci_paramsIn_wait_ctrl_inst (SystolicArrayCore_IDTYPE_WDTYPE_ODTYPE_16_16_run_paramsIn_rsci_paramsIn_wait_ctrl) 5.25e-02 6.05e-02   78.234    0.191   0.0
            paramsIn_rsci (ccs_in_wait_v1_rscid103_width144)    0.106    0.202 1.04e+03    1.347   0.0
          SystolicArrayCore_IDTYPE_WDTYPE_ODTYPE_16_16_run_output_rsci_inst (SystolicArrayCore_IDTYPE_WDTYPE_ODTYPE_16_16_run_output_rsci) 2.23e-02    1.471 3.49e+03    4.985   0.0
            SystolicArrayCore_IDTYPE_WDTYPE_ODTYPE_16_16_run_output_rsci_output_wait_dp_inst (SystolicArrayCore_IDTYPE_WDTYPE_ODTYPE_16_16_run_output_rsci_output_wait_dp)    0.000    1.434  122.338    1.556   0.0
            SystolicArrayCore_IDTYPE_WDTYPE_ODTYPE_16_16_run_output_rsci_output_wait_ctrl_inst (SystolicArrayCore_IDTYPE_WDTYPE_ODTYPE_16_16_run_output_rsci_output_wait_ctrl) 1.10e-04 9.21e-05   77.822 7.80e-02   0.0
            output_rsci (ccs_out_wait_v1_rscid102_width256) 2.22e-02 3.75e-02 3.29e+03    3.351   0.0
          SystolicArrayCore_IDTYPE_WDTYPE_ODTYPE_16_16_run_weight_rsci_inst (SystolicArrayCore_IDTYPE_WDTYPE_ODTYPE_16_16_run_weight_rsci)   34.063  185.985 1.61e+04  236.109   2.0
            SystolicArrayCore_IDTYPE_WDTYPE_ODTYPE_16_16_run_weight_rsci_weight_wait_dp_inst (SystolicArrayCore_IDTYPE_WDTYPE_ODTYPE_16_16_run_weight_rsci_weight_wait_dp)   34.057  185.978 1.41e+04  234.122   2.0
            SystolicArrayCore_IDTYPE_WDTYPE_ODTYPE_16_16_run_weight_rsci_weight_wait_ctrl_inst (SystolicArrayCore_IDTYPE_WDTYPE_ODTYPE_16_16_run_weight_rsci_weight_wait_ctrl) 4.97e-03 4.08e-03   73.221 8.23e-02   0.0
            weight_rsci (ccs_in_wait_v1_rscid101_width128) 8.69e-04 2.83e-03 1.66e+03    1.663   0.0
          SystolicArrayCore_IDTYPE_WDTYPE_ODTYPE_16_16_run_input_rsci_inst (SystolicArrayCore_IDTYPE_WDTYPE_ODTYPE_16_16_run_input_rsci)   33.928  185.808 1.58e+04  235.514   2.0
            SystolicArrayCore_IDTYPE_WDTYPE_ODTYPE_16_16_run_input_rsci_input_wait_dp_inst (SystolicArrayCore_IDTYPE_WDTYPE_ODTYPE_16_16_run_input_rsci_input_wait_dp)   33.928  185.808 1.40e+04  233.782   2.0
            SystolicArrayCore_IDTYPE_WDTYPE_ODTYPE_16_16_run_input_rsci_input_wait_ctrl_inst (SystolicArrayCore_IDTYPE_WDTYPE_ODTYPE_16_16_run_input_rsci_input_wait_ctrl) 2.57e-04 9.17e-05   72.828 7.32e-02   0.0
            input_rsci (ccs_in_wait_v1_rscid100_width128) 2.77e-05 6.88e-05 1.66e+03    1.659   0.0
          input_fifo_0_run_cmp (Fifo_IDTYPE_1)    0.000    1.152  883.644    2.035   0.0
            Fifo_IDTYPE_1_run_inst (Fifo_IDTYPE_1_run)    0.000    1.152  883.644    2.035   0.0
              output_rsci (mgc_out_dreg_v2_rscid7_width8)    0.000    0.000  102.107    0.102   0.0
              input_rsci (ccs_in_v1_rscid6_width8)    0.000    0.000  102.107    0.102   0.0
          accum_fifo_0_run_cmp (Fifo_ODTYPE_1) 5.64e-02    1.516 1.71e+03    3.279   0.0
            Fifo_ODTYPE_1_run_inst (Fifo_ODTYPE_1_run) 5.64e-02    1.516 1.71e+03    3.279   0.0
              output_rsci (mgc_out_dreg_v2_rscid54_width16)    0.000    0.000  204.215    0.204   0.0
              input_rsci (ccs_in_v1_rscid53_width16)    0.000    0.000  204.215    0.204   0.0
          pe_0_0_run_cmp (ProcessingElement_IDTYPE_ODTYPE)    0.548    1.462 9.52e+03   11.533   0.1
            ProcessingElement_IDTYPE_ODTYPE_run_inst (ProcessingElement_IDTYPE_ODTYPE_run)    0.522    1.460 9.31e+03   11.288   0.1
              DP_OP_3J28_122_1785 (ProcessingElement_IDTYPE_ODTYPE_run_DP_OP_3J28_122_1785_J28_0) 1.88e-02 1.94e-02 6.58e+03    6.613   0.1
              psum_out_rsci (mgc_out_dreg_v2_rscid5_width16)    0.000    0.000  204.215    0.204   0.0
              input_out_rsci (mgc_out_dreg_v2_rscid4_width8) 6.41e-04 2.16e-03  102.098    0.105   0.0
              weight_rsci (ccs_in_v1_rscid3_width8)    0.000    0.000  102.107    0.102   0.0
              psum_in_rsci (ccs_in_v1_rscid2_width16)    0.000    0.000  204.215    0.204   0.0
              input_in_rsci (ccs_in_v1_rscid1_width8) 1.08e-02 1.62e-03  102.096    0.115   0.0
          input_fifo_1_rsci (Fifo_IDTYPE_2) 1.65e-04    2.304 1.60e+03    3.900   0.0
            Fifo_IDTYPE_2_run_inst (Fifo_IDTYPE_2_run) 1.65e-04    2.304 1.60e+03    3.900   0.0
              ccs_ccore_start_rsci (ccs_in_v1_rscid147_width1)    0.000    0.000   12.763 1.28e-02   0.0
              output_rsci (mgc_out_dreg_v2_rscid9_width8)    0.000    0.000  102.107    0.102   0.0
              input_rsci (ccs_in_v1_rscid8_width8) 1.65e-04 1.93e-04  102.089    0.102   0.0
          input_fifo_2_rsci (Fifo_IDTYPE_3)    0.390    2.358 2.23e+03    4.974   0.0
            Fifo_IDTYPE_3_run_inst (Fifo_IDTYPE_3_run)    0.390    2.358 2.23e+03    4.974   0.0
              ccs_ccore_start_rsci (ccs_in_v1_rscid146_width1)    0.000    0.000   12.763 1.28e-02   0.0
              output_rsci (mgc_out_dreg_v2_rscid12_width8)    0.000    0.000  102.107    0.102   0.0
              input_rsci (ccs_in_v1_rscid11_width8)    0.000    0.000  102.107    0.102   0.0
          input_fifo_3_rsci (Fifo_IDTYPE_4)    0.388    2.362 2.84e+03    5.594   0.0
            Fifo_IDTYPE_4_run_inst (Fifo_IDTYPE_4_run)    0.388    2.362 2.84e+03    5.594   0.0
              ccs_ccore_start_rsci (ccs_in_v1_rscid145_width1)    0.000    0.000   12.763 1.28e-02   0.0
              output_rsci (mgc_out_dreg_v2_rscid15_width8)    0.000    0.000  102.107    0.102   0.0
              input_rsci (ccs_in_v1_rscid14_width8) 1.51e-04 1.92e-04  102.089    0.102   0.0
          input_fifo_4_rsci (Fifo_IDTYPE_5)    0.498    2.412 3.47e+03    6.384   0.1
            Fifo_IDTYPE_5_run_inst (Fifo_IDTYPE_5_run)    0.498    2.412 3.47e+03    6.384   0.1
              ccs_ccore_start_rsci (ccs_in_v1_rscid144_width1)    0.000    0.000   12.763 1.28e-02   0.0
              output_rsci (mgc_out_dreg_v2_rscid18_width8)    0.000    0.000  102.107    0.102   0.0
              input_rsci (ccs_in_v1_rscid17_width8) 1.98e-04 1.94e-04  102.089    0.102   0.0
          input_fifo_5_rsci (Fifo_IDTYPE_6)    1.123    2.460 4.10e+03    7.686   0.1
            Fifo_IDTYPE_6_run_inst (Fifo_IDTYPE_6_run)    1.123    2.460 4.10e+03    7.686   0.1
              ccs_ccore_start_rsci (ccs_in_v1_rscid143_width1)    0.000    0.000   12.763 1.28e-02   0.0
              output_rsci (mgc_out_dreg_v2_rscid21_width8)    0.000    0.000  102.107    0.102   0.0
              input_rsci (ccs_in_v1_rscid20_width8)    0.000    0.000  102.107    0.102   0.0
          input_fifo_6_rsci (Fifo_IDTYPE_7)    1.310    2.477 4.72e+03    8.509   0.1
            Fifo_IDTYPE_7_run_inst (Fifo_IDTYPE_7_run)    1.310    2.477 4.72e+03    8.509   0.1
              ccs_ccore_start_rsci (ccs_in_v1_rscid142_width1)    0.000    0.000   12.763 1.28e-02   0.0
              output_rsci (mgc_out_dreg_v2_rscid24_width8)    0.000    0.000  102.107    0.102   0.0
              input_rsci (ccs_in_v1_rscid23_width8)    0.000    0.000  102.107    0.102   0.0
          input_fifo_7_rsci (Fifo_IDTYPE_8)    1.302    2.484 5.34e+03    9.126   0.1
            Fifo_IDTYPE_8_run_inst (Fifo_IDTYPE_8_run)    1.302    2.484 5.34e+03    9.126   0.1
              ccs_ccore_start_rsci (ccs_in_v1_rscid141_width1)    0.000    0.000   12.763 1.28e-02   0.0
              output_rsci (mgc_out_dreg_v2_rscid27_width8)    0.000    0.000  102.107    0.102   0.0
              input_rsci (ccs_in_v1_rscid26_width8)    0.000    0.000  102.107    0.102   0.0
          input_fifo_8_rsci (Fifo_IDTYPE_9)    1.776    2.574 5.98e+03   10.330   0.1
            Fifo_IDTYPE_9_run_inst (Fifo_IDTYPE_9_run)    1.776    2.574 5.98e+03   10.330   0.1
              ccs_ccore_start_rsci (ccs_in_v1_rscid140_width1)    0.000    0.000   12.763 1.28e-02   0.0
              output_rsci (mgc_out_dreg_v2_rscid30_width8)    0.000    0.000  102.107    0.102   0.0
              input_rsci (ccs_in_v1_rscid29_width8)    0.000    0.000  102.107    0.102   0.0
          input_fifo_9_rsci (Fifo_IDTYPE_10)    1.908    2.577 6.61e+03   11.096   0.1
            Fifo_IDTYPE_10_run_inst (Fifo_IDTYPE_10_run)    1.548    2.532 6.60e+03   10.681   0.1
              ccs_ccore_start_rsci (ccs_in_v1_rscid139_width1)    0.000    0.000   12.763 1.28e-02   0.0
              output_rsci (mgc_out_dreg_v2_rscid33_width8)    0.000    0.000  102.107    0.102   0.0
              input_rsci (ccs_in_v1_rscid32_width8)    0.000    0.000  102.107    0.102   0.0
          input_fifo_10_rsci (Fifo_IDTYPE_11)    2.069    2.633 7.24e+03   11.943   0.1
            Fifo_IDTYPE_11_run_inst (Fifo_IDTYPE_11_run)    2.069    2.633 7.24e+03   11.943   0.1
              ccs_ccore_start_rsci (ccs_in_v1_rscid138_width1)    0.000    0.000   12.763 1.28e-02   0.0
              output_rsci (mgc_out_dreg_v2_rscid36_width8)    0.000    0.000  102.107    0.102   0.0
              input_rsci (ccs_in_v1_rscid35_width8)    0.000    0.000  102.107    0.102   0.0
          input_fifo_11_rsci (Fifo_IDTYPE_12)    2.275    2.632 7.86e+03   12.766   0.1
            Fifo_IDTYPE_12_run_inst (Fifo_IDTYPE_12_run)    2.275    2.632 7.86e+03   12.766   0.1
              ccs_ccore_start_rsci (ccs_in_v1_rscid137_width1)    0.000    0.000   12.763 1.28e-02   0.0
              output_rsci (mgc_out_dreg_v2_rscid39_width8)    0.000    0.000  102.107    0.102   0.0
              input_rsci (ccs_in_v1_rscid38_width8)    0.000    0.000  102.107    0.102   0.0
          input_fifo_12_rsci (Fifo_IDTYPE_13)    2.466    2.684 8.48e+03   13.626   0.1
            Fifo_IDTYPE_13_run_inst (Fifo_IDTYPE_13_run)    2.466    2.684 8.48e+03   13.626   0.1
              ccs_ccore_start_rsci (ccs_in_v1_rscid136_width1)    0.000    0.000   12.763 1.28e-02   0.0
              output_rsci (mgc_out_dreg_v2_rscid42_width8)    0.000    0.000  102.107    0.102   0.0
              input_rsci (ccs_in_v1_rscid41_width8)    0.000    0.000  102.107    0.102   0.0
          input_fifo_13_rsci (Fifo_IDTYPE_14)    2.718    2.741 9.11e+03   14.565   0.1
            Fifo_IDTYPE_14_run_inst (Fifo_IDTYPE_14_run)    2.718    2.741 9.11e+03   14.565   0.1
              ccs_ccore_start_rsci (ccs_in_v1_rscid135_width1)    0.000    0.000   12.763 1.28e-02   0.0
              output_rsci (mgc_out_dreg_v2_rscid45_width8)    0.000    0.000  102.107    0.102   0.0
              input_rsci (ccs_in_v1_rscid44_width8)    0.000    0.000  102.107    0.102   0.0
          input_fifo_14_rsci (Fifo_IDTYPE_15)    2.745    2.704 9.73e+03   15.175   0.1
            Fifo_IDTYPE_15_run_inst (Fifo_IDTYPE_15_run)    2.745    2.704 9.73e+03   15.175   0.1
              ccs_ccore_start_rsci (ccs_in_v1_rscid134_width1)    0.000    0.000   12.763 1.28e-02   0.0
              output_rsci (mgc_out_dreg_v2_rscid48_width8)    0.000    0.000  102.107    0.102   0.0
              input_rsci (ccs_in_v1_rscid47_width8)    0.000    0.000  102.107    0.102   0.0
          input_fifo_15_rsci (Fifo_IDTYPE_16)    2.937    2.721 1.03e+04   16.002   0.1
            Fifo_IDTYPE_16_run_inst (Fifo_IDTYPE_16_run)    2.937    2.721 1.03e+04   16.002   0.1
              ccs_ccore_start_rsci (ccs_in_v1_rscid133_width1)    0.000    0.000   12.763 1.28e-02   0.0
              output_rsci (mgc_out_dreg_v2_rscid51_width8)    0.000    0.000  102.107    0.102   0.0
              input_rsci (ccs_in_v1_rscid50_width8)    0.000    0.000  102.107    0.102   0.0
          output_fifo_14_rsci (Fifo_ODTYPE_2_0)    0.504    2.727 3.06e+03    6.292   0.1
            Fifo_ODTYPE_2_run_inst (Fifo_ODTYPE_2_run_0)    0.504    2.727 3.06e+03    6.292   0.1
              ccs_ccore_start_rsci (ccs_in_v1_rscid131_width1_0) 5.42e-03 3.66e-03   12.749 2.18e-02   0.0
              output_rsci (mgc_out_dreg_v2_rscid56_width16_0)    0.000    0.000  204.215    0.204   0.0
              input_rsci (ccs_in_v1_rscid55_width16_0)    0.000    0.000  204.215    0.204   0.0
          accum_fifo_1_rsci (Fifo_ODTYPE_2_1)    0.841    4.193 3.10e+03    8.131   0.1
            Fifo_ODTYPE_2_run_inst (Fifo_ODTYPE_2_run_1)    0.841    4.193 3.10e+03    8.131   0.1
              ccs_ccore_start_rsci (ccs_in_v1_rscid131_width1_1)    0.000    0.000   12.763 1.28e-02   0.0
              output_rsci (mgc_out_dreg_v2_rscid56_width16_1)    0.000    0.000  204.215    0.204   0.0
              input_rsci (ccs_in_v1_rscid55_width16_1)    0.402    0.621  179.518    1.203   0.0
          output_fifo_13_rsci (Fifo_ODTYPE_3_0)    1.221    2.971 4.32e+03    8.512   0.1
            Fifo_ODTYPE_3_run_inst (Fifo_ODTYPE_3_run_0)    1.221    2.971 4.32e+03    8.512   0.1
              ccs_ccore_start_rsci (ccs_in_v1_rscid130_width1_0) 6.41e-03 3.68e-03   12.749 2.28e-02   0.0
              output_rsci (mgc_out_dreg_v2_rscid59_width16_0)    0.000    0.000  204.215    0.204   0.0
              input_rsci (ccs_in_v1_rscid58_width16_0)    0.000    0.000  204.215    0.204   0.0
          accum_fifo_2_rsci (Fifo_ODTYPE_3_1)    1.500    4.295 4.36e+03   10.151   0.1
            Fifo_ODTYPE_3_run_inst (Fifo_ODTYPE_3_run_1)    1.500    4.295 4.36e+03   10.151   0.1
              ccs_ccore_start_rsci (ccs_in_v1_rscid130_width1_1)    0.000    0.000   12.763 1.28e-02   0.0
              output_rsci (mgc_out_dreg_v2_rscid59_width16_1)    0.000    0.000  204.215    0.204   0.0
              input_rsci (ccs_in_v1_rscid58_width16_1)    0.384    0.616  179.384    1.179   0.0
          output_fifo_12_rsci (Fifo_ODTYPE_4_0)    1.600    3.092 5.56e+03   10.249   0.1
            Fifo_ODTYPE_4_run_inst (Fifo_ODTYPE_4_run_0)    1.600    3.092 5.56e+03   10.249   0.1
              ccs_ccore_start_rsci (ccs_in_v1_rscid129_width1_0) 5.66e-03 3.66e-03   12.749 2.21e-02   0.0
              output_rsci (mgc_out_dreg_v2_rscid62_width16_0)    0.000    0.000  204.215    0.204   0.0
              input_rsci (ccs_in_v1_rscid61_width16_0)    0.000    0.000  204.215    0.204   0.0
          accum_fifo_3_rsci (Fifo_ODTYPE_4_1)    1.849    4.353 5.62e+03   11.819   0.1
            Fifo_ODTYPE_4_run_inst (Fifo_ODTYPE_4_run_1)    1.849    4.353 5.62e+03   11.819   0.1
              ccs_ccore_start_rsci (ccs_in_v1_rscid129_width1_1)    0.000    0.000   12.763 1.28e-02   0.0
              output_rsci (mgc_out_dreg_v2_rscid62_width16_1)    0.000    0.000  204.215    0.204   0.0
              input_rsci (ccs_in_v1_rscid61_width16_1)    0.337    0.616  179.416    1.132   0.0
          output_fifo_11_rsci (Fifo_ODTYPE_5_0)    2.077    3.260 6.82e+03   12.154   0.1
            Fifo_ODTYPE_5_run_inst (Fifo_ODTYPE_5_run_0)    1.641    3.214 6.81e+03   11.661   0.1
              ccs_ccore_start_rsci (ccs_in_v1_rscid128_width1_0) 1.18e-02 3.71e-03   12.749 2.82e-02   0.0
              output_rsci (mgc_out_dreg_v2_rscid65_width16_0)    0.000    0.000  204.215    0.204   0.0
              input_rsci (ccs_in_v1_rscid64_width16_0)    0.000    0.000  204.215    0.204   0.0
          accum_fifo_4_rsci (Fifo_ODTYPE_5_1)    2.190    4.412 6.85e+03   13.454   0.1
            Fifo_ODTYPE_5_run_inst (Fifo_ODTYPE_5_run_1)    2.190    4.412 6.85e+03   13.454   0.1
              ccs_ccore_start_rsci (ccs_in_v1_rscid128_width1_1)    0.000    0.000   12.763 1.28e-02   0.0
              output_rsci (mgc_out_dreg_v2_rscid65_width16_1)    0.000    0.000  204.215    0.204   0.0
              input_rsci (ccs_in_v1_rscid64_width16_1)    0.289    0.611  179.476    1.079   0.0
          output_fifo_10_rsci (Fifo_ODTYPE_6_0)    2.434    3.419 8.05e+03   13.905   0.1
            Fifo_ODTYPE_6_run_inst (Fifo_ODTYPE_6_run_0)    1.998    3.372 8.04e+03   13.411   0.1
              ccs_ccore_start_rsci (ccs_in_v1_rscid127_width1_0) 1.04e-02 3.71e-03   12.749 2.68e-02   0.0
              output_rsci (mgc_out_dreg_v2_rscid68_width16_0)    0.000    0.000  204.215    0.204   0.0
              input_rsci (ccs_in_v1_rscid67_width16_0)    0.000    0.000  204.215    0.204   0.0
          accum_fifo_5_rsci (Fifo_ODTYPE_6_1)    2.591    4.541 8.12e+03   15.254   0.1
            Fifo_ODTYPE_6_run_inst (Fifo_ODTYPE_6_run_1)    2.591    4.541 8.12e+03   15.254   0.1
              ccs_ccore_start_rsci (ccs_in_v1_rscid127_width1_1)    0.000    0.000   12.763 1.28e-02   0.0
              output_rsci (mgc_out_dreg_v2_rscid68_width16_1)    0.000    0.000  204.215    0.204   0.0
              input_rsci (ccs_in_v1_rscid67_width16_1)    0.323    0.611  179.357    1.114   0.0
          output_fifo_9_rsci (Fifo_ODTYPE_7_0)    2.831    3.579 9.30e+03   15.710   0.1
            Fifo_ODTYPE_7_run_inst (Fifo_ODTYPE_7_run_0)    2.831    3.579 9.30e+03   15.710   0.1
              ccs_ccore_start_rsci (ccs_in_v1_rscid126_width1_0) 1.14e-02 3.71e-03   12.749 2.78e-02   0.0
              output_rsci (mgc_out_dreg_v2_rscid71_width16_0)    0.000    0.000  204.215    0.204   0.0
              input_rsci (ccs_in_v1_rscid70_width16_0)    0.000    0.000  204.215    0.204   0.0
          accum_fifo_6_rsci (Fifo_ODTYPE_7_1)    3.086    4.621 9.36e+03   17.066   0.1
            Fifo_ODTYPE_7_run_inst (Fifo_ODTYPE_7_run_1)    3.086    4.621 9.36e+03   17.066   0.1
              ccs_ccore_start_rsci (ccs_in_v1_rscid126_width1_1)    0.000    0.000   12.763 1.28e-02   0.0
              output_rsci (mgc_out_dreg_v2_rscid71_width16_1)    0.000    0.000  204.215    0.204   0.0
              input_rsci (ccs_in_v1_rscid70_width16_1)    0.449    0.630  179.433    1.259   0.0
          output_fifo_8_rsci (Fifo_ODTYPE_8_0)    3.213    3.743 1.06e+04   17.517   0.1
            Fifo_ODTYPE_8_run_inst (Fifo_ODTYPE_8_run_0)    3.213    3.743 1.06e+04   17.517   0.1
              ccs_ccore_start_rsci (ccs_in_v1_rscid125_width1_0) 2.67e-03 4.00e-03   12.749 1.94e-02   0.0
              output_rsci (mgc_out_dreg_v2_rscid74_width16_0)    0.000    0.000  204.215    0.204   0.0
              input_rsci (ccs_in_v1_rscid73_width16_0)    0.000    0.000  204.215    0.204   0.0
          accum_fifo_7_rsci (Fifo_ODTYPE_8_1)    3.650    4.592 1.06e+04   18.838   0.2
            Fifo_ODTYPE_8_run_inst (Fifo_ODTYPE_8_run_1)    3.179    4.548 1.06e+04   18.311   0.2
              ccs_ccore_start_rsci (ccs_in_v1_rscid125_width1_1)    0.000    0.000   12.763 1.28e-02   0.0
              output_rsci (mgc_out_dreg_v2_rscid74_width16_1)    0.000    0.000  204.215    0.204   0.0
              input_rsci (ccs_in_v1_rscid73_width16_1)    0.382    0.618  179.428    1.179   0.0
          output_fifo_7_rsci (Fifo_ODTYPE_9_0)    3.609    3.861 1.18e+04   19.254   0.2
            Fifo_ODTYPE_9_run_inst (Fifo_ODTYPE_9_run_0)    3.609    3.861 1.18e+04   19.254   0.2
              ccs_ccore_start_rsci (ccs_in_v1_rscid124_width1_0) 4.63e-03 3.75e-03   12.749 2.11e-02   0.0
              output_rsci (mgc_out_dreg_v2_rscid77_width16_0)    0.000    0.000  204.215    0.204   0.0
              input_rsci (ccs_in_v1_rscid76_width16_0)    0.000    0.000  204.215    0.204   0.0
          accum_fifo_8_rsci (Fifo_ODTYPE_9_1)    4.032    4.626 1.18e+04   20.504   0.2
            Fifo_ODTYPE_9_run_inst (Fifo_ODTYPE_9_run_1)    4.032    4.626 1.18e+04   20.504   0.2
              ccs_ccore_start_rsci (ccs_in_v1_rscid124_width1_1)    0.000    0.000   12.763 1.28e-02   0.0
              output_rsci (mgc_out_dreg_v2_rscid77_width16_1)    0.000    0.000  204.215    0.204   0.0
              input_rsci (ccs_in_v1_rscid76_width16_1)    0.307    0.610  179.269    1.097   0.0
          output_fifo_6_rsci (Fifo_ODTYPE_10_0)    4.064    4.108 1.31e+04   21.227   0.2
            Fifo_ODTYPE_10_run_inst (Fifo_ODTYPE_10_run_0)    4.064    4.108 1.31e+04   21.227   0.2
              ccs_ccore_start_rsci (ccs_in_v1_rscid123_width1_0) 1.53e-02 3.96e-03   12.749 3.20e-02   0.0
              output_rsci (mgc_out_dreg_v2_rscid80_width16_0)    0.000    0.000  204.215    0.204   0.0
              input_rsci (ccs_in_v1_rscid79_width16_0)    0.000    0.000  204.215    0.204   0.0
          accum_fifo_9_rsci (Fifo_ODTYPE_10_1)    4.208    4.703 1.31e+04   22.014   0.2
            Fifo_ODTYPE_10_run_inst (Fifo_ODTYPE_10_run_1)    3.748    4.658 1.31e+04   21.498   0.2
              ccs_ccore_start_rsci (ccs_in_v1_rscid123_width1_1)    0.000    0.000   12.763 1.28e-02   0.0
              output_rsci (mgc_out_dreg_v2_rscid80_width16_1)    0.000    0.000  204.215    0.204   0.0
              input_rsci (ccs_in_v1_rscid79_width16_1)    0.340    0.614  179.491    1.134   0.0
          output_fifo_5_rsci (Fifo_ODTYPE_11_0)    4.343    4.363 1.43e+04   23.044   0.2
            Fifo_ODTYPE_11_run_inst (Fifo_ODTYPE_11_run_0)    4.343    4.363 1.43e+04   23.044   0.2
              ccs_ccore_start_rsci (ccs_in_v1_rscid122_width1_0) 4.46e-03 4.09e-03   12.749 2.13e-02   0.0
              output_rsci (mgc_out_dreg_v2_rscid83_width16_0)    0.000    0.000  204.215    0.204   0.0
              input_rsci (ccs_in_v1_rscid82_width16_0)    0.000    0.000  204.215    0.204   0.0
          accum_fifo_10_rsci (Fifo_ODTYPE_11_1)    4.543    4.799 1.44e+04   23.705   0.2
            Fifo_ODTYPE_11_run_inst (Fifo_ODTYPE_11_run_1)    4.543    4.799 1.44e+04   23.705   0.2
              ccs_ccore_start_rsci (ccs_in_v1_rscid122_width1_1)    0.000    0.000   12.763 1.28e-02   0.0
              output_rsci (mgc_out_dreg_v2_rscid83_width16_1)    0.000    0.000  204.215    0.204   0.0
              input_rsci (ccs_in_v1_rscid82_width16_1)    0.348    0.618  179.391    1.146   0.0
          output_fifo_4_rsci (Fifo_ODTYPE_12_0)    4.679    4.473 1.56e+04   24.714   0.2
            Fifo_ODTYPE_12_run_inst (Fifo_ODTYPE_12_run_0)    4.679    4.473 1.56e+04   24.714   0.2
              ccs_ccore_start_rsci (ccs_in_v1_rscid121_width1_0) 4.82e-03 4.09e-03   12.749 2.17e-02   0.0
              output_rsci (mgc_out_dreg_v2_rscid86_width16_0)    0.000    0.000  204.215    0.204   0.0
              input_rsci (ccs_in_v1_rscid85_width16_0)    0.000    0.000  204.215    0.204   0.0
          accum_fifo_11_rsci (Fifo_ODTYPE_12_1)    4.593    4.802 1.56e+04   24.982   0.2
            Fifo_ODTYPE_12_run_inst (Fifo_ODTYPE_12_run_1)    4.593    4.802 1.56e+04   24.982   0.2
              ccs_ccore_start_rsci (ccs_in_v1_rscid121_width1_1)    0.000    0.000   12.763 1.28e-02   0.0
              output_rsci (mgc_out_dreg_v2_rscid86_width16_1)    0.000    0.000  204.215    0.204   0.0
              input_rsci (ccs_in_v1_rscid85_width16_1)    0.303    0.610  179.409    1.093   0.0
          output_fifo_3_rsci (Fifo_ODTYPE_13_0)    5.262    4.670 1.68e+04   26.753   0.2
            Fifo_ODTYPE_13_run_inst (Fifo_ODTYPE_13_run_0)    5.262    4.670 1.68e+04   26.753   0.2
              ccs_ccore_start_rsci (ccs_in_v1_rscid120_width1_0) 6.86e-03 4.11e-03   12.749 2.37e-02   0.0
              output_rsci (mgc_out_dreg_v2_rscid89_width16_0)    0.000    0.000  204.215    0.204   0.0
              input_rsci (ccs_in_v1_rscid88_width16_0)    0.000    0.000  204.215    0.204   0.0
          accum_fifo_12_rsci (Fifo_ODTYPE_13_1)    5.617    4.979 1.69e+04   27.453   0.2
            Fifo_ODTYPE_13_run_inst (Fifo_ODTYPE_13_run_1)    5.075    4.932 1.68e+04   26.853   0.2
              ccs_ccore_start_rsci (ccs_in_v1_rscid120_width1_1)    0.000    0.000   12.763 1.28e-02   0.0
              output_rsci (mgc_out_dreg_v2_rscid89_width16_1)    0.000    0.000  204.215    0.204   0.0
              input_rsci (ccs_in_v1_rscid88_width16_1)    0.343    0.613  179.555    1.136   0.0
          output_fifo_2_rsci (Fifo_ODTYPE_14_0)    5.555    4.781 1.81e+04   28.407   0.2
            Fifo_ODTYPE_14_run_inst (Fifo_ODTYPE_14_run_0)    5.555    4.781 1.81e+04   28.407   0.2
              ccs_ccore_start_rsci (ccs_in_v1_rscid119_width1_0) 1.82e-02 3.95e-03   12.749 3.49e-02   0.0
              output_rsci (mgc_out_dreg_v2_rscid92_width16_0)    0.000    0.000  204.215    0.204   0.0
              input_rsci (ccs_in_v1_rscid91_width16_0)    0.000    0.000  204.215    0.204   0.0
          accum_fifo_13_rsci (Fifo_ODTYPE_14_1)    5.704    5.007 1.81e+04   28.829   0.2
            Fifo_ODTYPE_14_run_inst (Fifo_ODTYPE_14_run_1)    5.704    5.007 1.81e+04   28.829   0.2
              ccs_ccore_start_rsci (ccs_in_v1_rscid119_width1_1)    0.000    0.000   12.763 1.28e-02   0.0
              output_rsci (mgc_out_dreg_v2_rscid92_width16_1)    0.000    0.000  204.215    0.204   0.0
              input_rsci (ccs_in_v1_rscid91_width16_1)    0.334    0.614  179.650    1.128   0.0
          output_fifo_1_rsci (Fifo_ODTYPE_15_0)    5.905    4.899 1.93e+04   30.099   0.3
            Fifo_ODTYPE_15_run_inst (Fifo_ODTYPE_15_run_0)    5.905    4.899 1.93e+04   30.099   0.3
              ccs_ccore_start_rsci (ccs_in_v1_rscid118_width1_0) 1.86e-02 3.95e-03   12.749 3.53e-02   0.0
              output_rsci (mgc_out_dreg_v2_rscid95_width16_0)    0.000    0.000  204.215    0.204   0.0
              input_rsci (ccs_in_v1_rscid94_width16_0)    0.000    0.000  204.215    0.204   0.0
          accum_fifo_14_rsci (Fifo_ODTYPE_15_1)    5.931    4.986 1.93e+04   30.247   0.3
            Fifo_ODTYPE_15_run_inst (Fifo_ODTYPE_15_run_1)    5.931    4.986 1.93e+04   30.247   0.3
              ccs_ccore_start_rsci (ccs_in_v1_rscid118_width1_1)    0.000    0.000   12.763 1.28e-02   0.0
              output_rsci (mgc_out_dreg_v2_rscid95_width16_1)    0.000    0.000  204.215    0.204   0.0
              input_rsci (ccs_in_v1_rscid94_width16_1)    0.411    0.621  179.441    1.212   0.0
          output_fifo_0_rsci (Fifo_ODTYPE_16_0)    6.306    5.105 2.05e+04   31.955   0.3
            Fifo_ODTYPE_16_run_inst (Fifo_ODTYPE_16_run_0)    6.306    5.105 2.05e+04   31.955   0.3
              ccs_ccore_start_rsci (ccs_in_v1_rscid117_width1_0) 1.83e-02 3.95e-03   12.749 3.50e-02   0.0
              output_rsci (mgc_out_dreg_v2_rscid98_width16_0)    0.000    0.000  204.215    0.204   0.0
              input_rsci (ccs_in_v1_rscid97_width16_0)    0.000    0.000  204.215    0.204   0.0
          accum_fifo_15_rsci (Fifo_ODTYPE_16_1)    6.337    5.032 2.06e+04   31.960   0.3
            Fifo_ODTYPE_16_run_inst (Fifo_ODTYPE_16_run_1)    6.337    5.032 2.06e+04   31.960   0.3
              ccs_ccore_start_rsci (ccs_in_v1_rscid117_width1_1)    0.000    0.000   12.763 1.28e-02   0.0
              output_rsci (mgc_out_dreg_v2_rscid98_width16_1)    0.000    0.000  204.215    0.204   0.0
              input_rsci (ccs_in_v1_rscid97_width16_1)    0.340    0.613  179.452    1.132   0.0
        accumulation_buffer_rsc_0_15_i (SystolicArrayCore_IDTYPE_WDTYPE_ODTYPE_16_16_sram_256_128_sram_256_128_rwport_164_16_15_256_16_gen)    1.166    0.664  577.265    2.407   0.0
        accumulation_buffer_rsc_0_14_i (SystolicArrayCore_IDTYPE_WDTYPE_ODTYPE_16_16_sram_256_128_sram_256_128_rwport_163_16_15_256_16_gen)    0.634    0.652  577.265    1.863   0.0
        accumulation_buffer_rsc_0_13_i (SystolicArrayCore_IDTYPE_WDTYPE_ODTYPE_16_16_sram_256_128_sram_256_128_rwport_162_16_15_256_16_gen)    0.574    0.649  577.265    1.800   0.0
        accumulation_buffer_rsc_0_12_i (SystolicArrayCore_IDTYPE_WDTYPE_ODTYPE_16_16_sram_256_128_sram_256_128_rwport_161_16_15_256_16_gen)    0.576    0.649  577.265    1.803   0.0
        accumulation_buffer_rsc_0_11_i (SystolicArrayCore_IDTYPE_WDTYPE_ODTYPE_16_16_sram_256_128_sram_256_128_rwport_160_16_15_256_16_gen)    0.596    0.650  577.265    1.824   0.0
        accumulation_buffer_rsc_0_10_i (SystolicArrayCore_IDTYPE_WDTYPE_ODTYPE_16_16_sram_256_128_sram_256_128_rwport_159_16_15_256_16_gen)    0.573    0.649  577.265    1.800   0.0
        accumulation_buffer_rsc_0_9_i (SystolicArrayCore_IDTYPE_WDTYPE_ODTYPE_16_16_sram_256_128_sram_256_128_rwport_158_16_15_256_16_gen)    0.572    0.649  577.265    1.799   0.0
        accumulation_buffer_rsc_0_8_i (SystolicArrayCore_IDTYPE_WDTYPE_ODTYPE_16_16_sram_256_128_sram_256_128_rwport_157_16_15_256_16_gen)    0.642    0.653  577.265    1.872   0.0
        accumulation_buffer_rsc_0_7_i (SystolicArrayCore_IDTYPE_WDTYPE_ODTYPE_16_16_sram_256_128_sram_256_128_rwport_156_16_15_256_16_gen)    0.596    0.650  577.265    1.824   0.0
        accumulation_buffer_rsc_0_6_i (SystolicArrayCore_IDTYPE_WDTYPE_ODTYPE_16_16_sram_256_128_sram_256_128_rwport_155_16_15_256_16_gen)    0.628    0.652  577.265    1.858   0.0
        accumulation_buffer_rsc_0_5_i (SystolicArrayCore_IDTYPE_WDTYPE_ODTYPE_16_16_sram_256_128_sram_256_128_rwport_154_16_15_256_16_gen)    0.541    0.648  577.265    1.766   0.0
        accumulation_buffer_rsc_0_4_i (SystolicArrayCore_IDTYPE_WDTYPE_ODTYPE_16_16_sram_256_128_sram_256_128_rwport_153_16_15_256_16_gen)    0.551    0.649  577.265    1.777   0.0
        accumulation_buffer_rsc_0_3_i (SystolicArrayCore_IDTYPE_WDTYPE_ODTYPE_16_16_sram_256_128_sram_256_128_rwport_152_16_15_256_16_gen)    0.584    0.650  577.265    1.812   0.0
        accumulation_buffer_rsc_0_2_i (SystolicArrayCore_IDTYPE_WDTYPE_ODTYPE_16_16_sram_256_128_sram_256_128_rwport_151_16_15_256_16_gen)    0.625    0.652  577.265    1.854   0.0
        accumulation_buffer_rsc_0_1_i (SystolicArrayCore_IDTYPE_WDTYPE_ODTYPE_16_16_sram_256_128_sram_256_128_rwport_150_16_15_256_16_gen)    0.602    0.651  577.265    1.829   0.0
        accumulation_buffer_rsc_0_0_i (SystolicArrayCore_IDTYPE_WDTYPE_ODTYPE_16_16_sram_256_128_sram_256_128_rwport_149_16_15_256_16_gen)    0.573    0.650  577.265    1.800   0.0
        accumulation_buffer_rsc_0_15_comp (sram_256_128_WRAPPER_DEPTH32768_WRAPPER_WIDTH16_WRAPPER_ADDR_BITS15_SRAM_DEPTH0_SRAM_WIDTH0_SRAM_ADDR_BITS0_num_inst_depth0_num_inst_width0)    0.428    0.000    0.000    0.428   0.0
        accumulation_buffer_rsc_0_14_comp (sram_256_128_WRAPPER_DEPTH32768_WRAPPER_WIDTH16_WRAPPER_ADDR_BITS15_SRAM_DEPTH0_SRAM_WIDTH0_SRAM_ADDR_BITS0_num_inst_depth0_num_inst_width0)    0.375    0.000    0.000    0.375   0.0
        accumulation_buffer_rsc_0_13_comp (sram_256_128_WRAPPER_DEPTH32768_WRAPPER_WIDTH16_WRAPPER_ADDR_BITS15_SRAM_DEPTH0_SRAM_WIDTH0_SRAM_ADDR_BITS0_num_inst_depth0_num_inst_width0)    0.269    0.000    0.000    0.269   0.0
        accumulation_buffer_rsc_0_12_comp (sram_256_128_WRAPPER_DEPTH32768_WRAPPER_WIDTH16_WRAPPER_ADDR_BITS15_SRAM_DEPTH0_SRAM_WIDTH0_SRAM_ADDR_BITS0_num_inst_depth0_num_inst_width0)    0.250    0.000    0.000    0.250   0.0
        accumulation_buffer_rsc_0_11_comp (sram_256_128_WRAPPER_DEPTH32768_WRAPPER_WIDTH16_WRAPPER_ADDR_BITS15_SRAM_DEPTH0_SRAM_WIDTH0_SRAM_ADDR_BITS0_num_inst_depth0_num_inst_width0)    0.231    0.000    0.000    0.231   0.0
        accumulation_buffer_rsc_0_10_comp (sram_256_128_WRAPPER_DEPTH32768_WRAPPER_WIDTH16_WRAPPER_ADDR_BITS15_SRAM_DEPTH0_SRAM_WIDTH0_SRAM_ADDR_BITS0_num_inst_depth0_num_inst_width0)    0.241    0.000    0.000    0.241   0.0
        accumulation_buffer_rsc_0_9_comp (sram_256_128_WRAPPER_DEPTH32768_WRAPPER_WIDTH16_WRAPPER_ADDR_BITS15_SRAM_DEPTH0_SRAM_WIDTH0_SRAM_ADDR_BITS0_num_inst_depth0_num_inst_width0)    0.247    0.000    0.000    0.247   0.0
        accumulation_buffer_rsc_0_8_comp (sram_256_128_WRAPPER_DEPTH32768_WRAPPER_WIDTH16_WRAPPER_ADDR_BITS15_SRAM_DEPTH0_SRAM_WIDTH0_SRAM_ADDR_BITS0_num_inst_depth0_num_inst_width0)    0.279    0.000    0.000    0.279   0.0
        accumulation_buffer_rsc_0_7_comp (sram_256_128_WRAPPER_DEPTH32768_WRAPPER_WIDTH16_WRAPPER_ADDR_BITS15_SRAM_DEPTH0_SRAM_WIDTH0_SRAM_ADDR_BITS0_num_inst_depth0_num_inst_width0)    0.223    0.000    0.000    0.223   0.0
        accumulation_buffer_rsc_0_6_comp (sram_256_128_WRAPPER_DEPTH32768_WRAPPER_WIDTH16_WRAPPER_ADDR_BITS15_SRAM_DEPTH0_SRAM_WIDTH0_SRAM_ADDR_BITS0_num_inst_depth0_num_inst_width0)    0.270    0.000    0.000    0.270   0.0
        accumulation_buffer_rsc_0_5_comp (sram_256_128_WRAPPER_DEPTH32768_WRAPPER_WIDTH16_WRAPPER_ADDR_BITS15_SRAM_DEPTH0_SRAM_WIDTH0_SRAM_ADDR_BITS0_num_inst_depth0_num_inst_width0)    0.252    0.000    0.000    0.252   0.0
        accumulation_buffer_rsc_0_4_comp (sram_256_128_WRAPPER_DEPTH32768_WRAPPER_WIDTH16_WRAPPER_ADDR_BITS15_SRAM_DEPTH0_SRAM_WIDTH0_SRAM_ADDR_BITS0_num_inst_depth0_num_inst_width0)    0.235    0.000    0.000    0.235   0.0
        accumulation_buffer_rsc_0_3_comp (sram_256_128_WRAPPER_DEPTH32768_WRAPPER_WIDTH16_WRAPPER_ADDR_BITS15_SRAM_DEPTH0_SRAM_WIDTH0_SRAM_ADDR_BITS0_num_inst_depth0_num_inst_width0)    0.224    0.000    0.000    0.224   0.0
        accumulation_buffer_rsc_0_2_comp (sram_256_128_WRAPPER_DEPTH32768_WRAPPER_WIDTH16_WRAPPER_ADDR_BITS15_SRAM_DEPTH0_SRAM_WIDTH0_SRAM_ADDR_BITS0_num_inst_depth0_num_inst_width0)    0.281    0.000    0.000    0.281   0.0
        accumulation_buffer_rsc_0_1_comp (sram_256_128_WRAPPER_DEPTH32768_WRAPPER_WIDTH16_WRAPPER_ADDR_BITS15_SRAM_DEPTH0_SRAM_WIDTH0_SRAM_ADDR_BITS0_num_inst_depth0_num_inst_width0)    0.246    0.000    0.000    0.246   0.0
        accumulation_buffer_rsc_0_0_comp (sram_256_128_WRAPPER_DEPTH32768_WRAPPER_WIDTH16_WRAPPER_ADDR_BITS15_SRAM_DEPTH0_SRAM_WIDTH0_SRAM_ADDR_BITS0_num_inst_depth0_num_inst_width0)    0.228    0.000    0.000    0.228   0.0
    loopIndicesChannel_cns_pipe (ccs_pipe_v5_rscid164_width48_sz_width1_fifo_sz3_log2_sz2_ph_clk1_ph_en0_ph_arst0_ph_srst0)    3.827   10.798 2.24e+04   37.069   0.3
      FIFO (ccs_fifo_wait_core_v5_rscid164_width48_sz_width1_fifo_sz3_ph_clk1_ph_en0_ph_arst0_ph_srst0_ph_log22)    3.433   10.754 2.24e+04   36.621   0.3
        FIFO_REG_GEN_REGS_0__BUFREG (ccs_genreg_v1_48_1_0_0_0_1_0)    1.062    1.718 5.74e+03    8.521   0.1
        FIFO_REG_GEN_REGS_0__STATREG (ccs_genreg_v1_1_1_0_0_0_1_4) 6.05e-03    1.461  130.176    1.597   0.0
        FIFO_REG_GEN_REGS_1__BUFREG (ccs_genreg_v1_48_1_0_0_0_1_1)    1.079    1.749 5.75e+03    8.581   0.1
        FIFO_REG_GEN_REGS_1__STATREG (ccs_genreg_v1_1_1_0_0_0_1_5) 1.11e-02    1.457  130.312    1.598   0.0
        FIFO_REG_GEN_REGS_2__BUFREG (ccs_genreg_v1_48_1_0_0_0_1_2)    0.829    1.684 5.73e+03    8.244   0.1
        FIFO_REG_GEN_REGS_2__STATREG (ccs_genreg_v1_1_1_0_0_0_1_6) 9.82e-03    1.451  130.461    1.591   0.0
        FIFO_REG_HS_INIT_REG (ccs_genreg_v1_1_1_1_0_0_0_4) 4.11e-02    1.043  105.310    1.190   0.0
    paramsChannel_cns_pipe (ccs_pipe_v5_rscid163_width144_sz_width1_fifo_sz3_log2_sz2_ph_clk1_ph_en0_ph_arst0_ph_srst0)    6.868   15.879 3.67e+04   59.461   0.5
      FIFO (ccs_fifo_wait_core_v5_rscid163_width144_sz_width1_fifo_sz3_ph_clk1_ph_en0_ph_arst0_ph_srst0_ph_log22)    6.868   15.879 3.67e+04   59.461   0.5
        FIFO_REG_GEN_REGS_0__BUFREG (ccs_genreg_v1_144_1_0_0_0_1_4)    1.961    3.119 9.54e+03   14.616   0.1
        FIFO_REG_GEN_REGS_0__STATREG (ccs_genreg_v1_1_1_0_0_0_1_7) 6.03e-03    1.461  130.176    1.597   0.0
        FIFO_REG_GEN_REGS_1__BUFREG (ccs_genreg_v1_144_1_0_0_0_1_5)    1.948    3.175 9.54e+03   14.659   0.1
        FIFO_REG_GEN_REGS_1__STATREG (ccs_genreg_v1_1_1_0_0_0_1_8) 1.08e-02    1.457  130.312    1.598   0.0
        FIFO_REG_GEN_REGS_2__BUFREG (ccs_genreg_v1_144_1_0_0_0_1_6)    1.791    3.227 9.52e+03   14.543   0.1
        FIFO_REG_GEN_REGS_2__STATREG (ccs_genreg_v1_1_1_0_0_0_1_9) 1.24e-02    1.451  130.461    1.594   0.0
        FIFO_REG_HS_INIT_REG (ccs_genreg_v1_1_1_1_0_0_0_5) 4.05e-02    1.043  105.310    1.189   0.0
  weightDoubleBuffer (WeightDoubleBuffer_384_16_16)  287.627 1.17e+03 4.22e+05 1.88e+03  16.1
    WeightDoubleBuffer_384_16_16_struct_inst (WeightDoubleBuffer_384_16_16_struct)  287.627 1.17e+03 4.22e+05 1.88e+03  16.1
      WeightDoublefeSAqem_cns_bctl_inst (WeightDoublefeSAqem_cns_bctl)    4.662   17.631 1.54e+04   37.677   0.3
      unreg_1 (unreg_hier_0)           5.87e-04 1.36e-03   12.736 1.47e-02   0.0
      unreg (unreg_hier_1)             5.52e-05 1.80e-04    9.683 9.92e-03   0.0
      WeightDoubleBuffer_384_16_16_run_inst (WeightDoubleBuffer_384_16_16_run)   32.470  154.895 2.30e+04  210.337   1.8
        WeightDoubleBuffer_384_16_16_run_run_inst (WeightDoubleBuffer_384_16_16_run_run)   31.945  154.848 2.30e+04  209.753   1.8
          WeightDoubleBuffer_384_16_16_run_run_run_fsm_inst (WeightDoubleBuffer_384_16_16_run_run_run_fsm)    0.172    2.776  302.308    3.251   0.0
          WeightDoubleBuffer_384_16_16_run_run_staller_inst (WeightDoubleBuffer_384_16_16_run_run_staller)    0.223 7.56e-02   29.854    0.328   0.0
          WeightDoubleBuffer_384_16_16_run_run_weightDoubleBufferReaderParams_cnsi_inst (WeightDoubleBuffer_384_16_16_run_run_weightDoubleBufferReaderParams_cnsi)    0.781    1.894 1.44e+03    4.113   0.0
            WeightDoubleBuffer_384_16_16_run_run_weightDoubleBufferReaderParams_cnsi_weightDoubleBufferReaderParams_wait_dp_inst (WeightDoubleBuffer_384_16_16_run_run_weightDoubleBufferReaderParams_cnsi_weightDoubleBufferReaderParams_wait_dp) 1.15e-02    1.438  123.123    1.573   0.0
            WeightDoubleBuffer_384_16_16_run_run_weightDoubleBufferReaderParams_cnsi_weightDoubleBufferReaderParams_wait_ctrl_inst (WeightDoubleBuffer_384_16_16_run_run_weightDoubleBufferReaderParams_cnsi_weightDoubleBufferReaderParams_wait_ctrl) 2.58e-02 3.38e-02   77.907    0.138   0.0
            weightDoubleBufferReaderParams_cnsi (ccs_out_wait_v1_rscid19_width144_0)    0.744    0.422 1.24e+03    2.403   0.0
          WeightDoubleBuffer_384_16_16_run_run_weightDoubleBufferWriterParams_cnsi_inst (WeightDoubleBuffer_384_16_16_run_run_weightDoubleBufferWriterParams_cnsi)    0.345    1.804 1.16e+03    3.309   0.0
            WeightDoubleBuffer_384_16_16_run_run_weightDoubleBufferWriterParams_cnsi_weightDoubleBufferWriterParams_wait_dp_inst (WeightDoubleBuffer_384_16_16_run_run_weightDoubleBufferWriterParams_cnsi_weightDoubleBufferWriterParams_wait_dp) 9.90e-03    1.441  123.031    1.574   0.0
            WeightDoubleBuffer_384_16_16_run_run_weightDoubleBufferWriterParams_cnsi_weightDoubleBufferWriterParams_wait_ctrl_inst (WeightDoubleBuffer_384_16_16_run_run_weightDoubleBufferWriterParams_cnsi_weightDoubleBufferWriterParams_wait_ctrl) 1.96e-02 3.32e-02   77.823    0.131   0.0
            weightDoubleBufferWriterParams_cnsi (ccs_out_wait_v1_rscid18_width144_0)    0.315    0.330  958.933    1.604   0.0
          WeightDoubleBuffer_384_16_16_run_run_paramsIn_rsci_inst (WeightDoubleBuffer_384_16_16_run_run_paramsIn_rsci)   27.372  139.864 1.21e+04  179.316   1.5
            WeightDoubleBuffer_384_16_16_run_run_paramsIn_rsci_paramsIn_wait_dp_inst (WeightDoubleBuffer_384_16_16_run_run_paramsIn_rsci_paramsIn_wait_dp)   26.199  139.257 1.08e+04  176.212   1.5
            WeightDoubleBuffer_384_16_16_run_run_paramsIn_rsci_paramsIn_wait_ctrl_inst (WeightDoubleBuffer_384_16_16_run_run_paramsIn_rsci_paramsIn_wait_ctrl)    0.118 8.50e-02   78.257    0.281   0.0
            paramsIn_rsci (ccs_in_wait_v1_rscid17_width144_0)    0.439    0.472 1.23e+03    2.146   0.0
      weightDoubleBufferReader (WeightDoubleBufferReader_384_16_16)  139.896  580.727 2.02e+05  922.287   7.9
        WeightDoubleBufferReader_384_16_16_run_inst (WeightDoubleBufferReader_384_16_16_run)  135.457  575.648 2.00e+05  911.044   7.8
          add_x_1 (WeightDoubleBufferReader_384_16_16_run_DW01_add_J5_1) 8.82e-03 1.78e-02  267.122    0.294   0.0
          add_x_3 (WeightDoubleBufferReader_384_16_16_run_DW01_inc_J5_3)    0.105    0.189 1.43e+03    1.724   0.0
          add_x_6 (WeightDoubleBufferReader_384_16_16_run_DW01_inc_J5_1) 8.21e-02    0.115 1.32e+03    1.514   0.0
          mult_x_7 (WeightDoubleBufferReader_384_16_16_run_DW_mult_uns_J5_4)    4.207    4.719 3.17e+04   40.658   0.3
          mult_x_12 (WeightDoubleBufferReader_384_16_16_run_DW_mult_uns_J5_3)    3.425    2.971 2.37e+04   30.053   0.3
          mult_x_13 (WeightDoubleBufferReader_384_16_16_run_DW_mult_uns_J5_2) 7.45e-02    0.118  804.695    0.997   0.0
          mult_x_14 (WeightDoubleBufferReader_384_16_16_run_DW_mult_uns_J5_1)    6.552    8.320 4.14e+04   56.242   0.5
          add_x_15 (WeightDoubleBufferReader_384_16_16_run_DW01_dec_J5_0)    0.533    0.481 4.01e+03    5.024   0.0
          add_x_16 (WeightDoubleBufferReader_384_16_16_run_DW01_add_J5_0) 2.91e-03 1.79e-02  268.675    0.289   0.0
          mult_x_18 (WeightDoubleBufferReader_384_16_16_run_DW_mult_uns_J5_0)    0.000    0.000  794.864    0.795   0.0
          DP_OP_41J5_122_2648 (WeightDoubleBufferReader_384_16_16_run_DP_OP_41J5_122_2648_J5_0)    3.058    2.716 2.17e+04   27.454   0.2
          DP_OP_42J5_123_8762 (WeightDoubleBufferReader_384_16_16_run_DP_OP_42J5_123_8762_J5_0)    0.213    0.360 2.33e+03    2.901   0.0
          DP_OP_43J5_124_365 (WeightDoubleBufferReader_384_16_16_run_DP_OP_43J5_124_365_J5_0) 1.72e-02 2.17e-02  428.956    0.468   0.0
          WeightDoubleBufferReader_384_16_16_run_run_fsm_inst (WeightDoubleBufferReader_384_16_16_run_run_fsm)    1.345    6.199 1.13e+03    8.676   0.1
          WeightDoubleBufferReader_384_16_16_run_staller_inst (WeightDoubleBufferReader_384_16_16_run_staller)    0.293    1.140  134.445    1.567   0.0
          WeightDoubleBufferReader_384_16_16_run_din_rsc_req_obj_inst (WeightDoubleBufferReader_384_16_16_run_din_rsc_req_obj) 6.32e-03    1.443  182.973    1.632   0.0
            WeightDoubleBufferReader_384_16_16_run_din_rsc_req_obj_din_rsc_req_wait_dp_inst (WeightDoubleBufferReader_384_16_16_run_din_rsc_req_obj_din_rsc_req_wait_dp) 3.51e-03    1.438  124.086    1.566   0.0
            WeightDoubleBufferReader_384_16_16_run_din_rsc_req_obj_din_rsc_req_wait_ctrl_inst (WeightDoubleBufferReader_384_16_16_run_din_rsc_req_obj_din_rsc_req_wait_ctrl) 2.00e-03 3.39e-03   46.150 5.15e-02   0.0
            din_rsc_req_obj (mgc_in_sync_v2_valid1_0) 8.18e-04 1.39e-03   12.736 1.49e-02   0.0
          WeightDoubleBufferReader_384_16_16_run_din_rsc_rls_obj_inst (WeightDoubleBufferReader_384_16_16_run_din_rsc_rls_obj) 3.04e-03 2.18e-03   44.510 4.97e-02   0.0
            WeightDoubleBufferReader_384_16_16_run_din_rsc_rls_obj_din_rsc_rls_wait_ctrl_inst (WeightDoubleBufferReader_384_16_16_run_din_rsc_rls_obj_din_rsc_rls_wait_ctrl) 1.18e-03 1.24e-03   31.750 3.42e-02   0.0
            din_rsc_rls_obj (mgc_io_sync_v2_valid0_0) 1.86e-03 9.40e-04   12.760 1.56e-02   0.0
          WeightDoubleBufferReader_384_16_16_run_dout_rsci_inst (WeightDoubleBufferReader_384_16_16_run_dout_rsci) 6.81e-02    1.473 1.86e+03    3.399   0.0
            WeightDoubleBufferReader_384_16_16_run_dout_rsci_dout_wait_dp_inst (WeightDoubleBufferReader_384_16_16_run_dout_rsci_dout_wait_dp)    0.000    1.434  122.338    1.556   0.0
            WeightDoubleBufferReader_384_16_16_run_dout_rsci_dout_wait_ctrl_inst (WeightDoubleBufferReader_384_16_16_run_dout_rsci_dout_wait_ctrl) 1.08e-04 9.50e-05   77.999 7.82e-02   0.0
            dout_rsci (ccs_out_wait_v1_rscid9_width128_0) 6.80e-02 3.92e-02 1.66e+03    1.765   0.0
          WeightDoubleBufferReader_384_16_16_run_din_rsci_1_inst (WeightDoubleBufferReader_384_16_16_run_din_rsci_1)   41.842  201.531 1.57e+04  259.047   2.2
            WeightDoubleBufferReader_384_16_16_run_din_rsci_1_din_rsc_wait_ctrl_inst (WeightDoubleBufferReader_384_16_16_run_din_rsci_1_din_rsc_wait_ctrl) 1.02e-04 9.29e-05   72.723 7.29e-02   0.0
            WeightDoubleBufferReader_384_16_16_run_din_rsci_1_din_rsc_wait_dp_inst (WeightDoubleBufferReader_384_16_16_run_din_rsci_1_din_rsc_wait_dp)   41.842  201.531 1.56e+04  258.974   2.2
          WeightDoubleBufferReader_384_16_16_run_paramsIn_rsci_inst (WeightDoubleBufferReader_384_16_16_run_paramsIn_rsci)   27.451  140.239 1.24e+04  180.053   1.5
            WeightDoubleBufferReader_384_16_16_run_paramsIn_rsci_paramsIn_wait_dp_inst (WeightDoubleBufferReader_384_16_16_run_paramsIn_rsci_paramsIn_wait_dp)   26.364  139.669 1.07e+04  176.765   1.5
            WeightDoubleBufferReader_384_16_16_run_paramsIn_rsci_paramsIn_wait_ctrl_inst (WeightDoubleBufferReader_384_16_16_run_paramsIn_rsci_paramsIn_wait_ctrl) 6.35e-02 6.91e-02   77.832    0.210   0.0
            paramsIn_rsci (ccs_in_wait_v1_rscid7_width144_0)    0.358    0.404 1.24e+03    1.999   0.0
        din_rsci (WeightDoubleBufferReader_384_16_16_sram_256_128_sram_256_128_rwport_8_128_15_384_128_gen)    3.636    4.992 1.62e+03   10.247   0.1
      weightDoubleBufferWriter (WeightDoubleBufferWriter_384_16_16)   99.283  408.307 1.56e+05  663.282   5.7
        WeightDoubleBufferWriter_384_16_16_run_inst (WeightDoubleBufferWriter_384_16_16_run)   98.593  407.795 1.54e+05  660.156   5.6
          add_x_1 (WeightDoubleBufferWriter_384_16_16_run_DW01_add_J6_0) 3.41e-05 1.95e-04  266.993    0.267   0.0
          add_x_3 (WeightDoubleBufferWriter_384_16_16_run_DW01_inc_J6_2) 4.24e-02    0.131  353.797    0.527   0.0
          add_x_5 (WeightDoubleBufferWriter_384_16_16_run_DW01_inc_J6_1) 8.40e-02    0.115 1.32e+03    1.516   0.0
          mult_x_10 (WeightDoubleBufferWriter_384_16_16_run_DW_mult_uns_J6_3)    3.305    2.965 2.37e+04   29.928   0.3
          mult_x_11 (WeightDoubleBufferWriter_384_16_16_run_DW_mult_uns_J6_2)    4.001    4.342 3.18e+04   40.109   0.3
          mult_x_32 (WeightDoubleBufferWriter_384_16_16_run_DW_mult_uns_J6_1) 7.44e-02    0.118  804.695    0.997   0.0
          mult_x_33 (WeightDoubleBufferWriter_384_16_16_run_DW_mult_uns_J6_0)    6.195    7.685 4.15e+04   55.405   0.5
          add_x_34 (WeightDoubleBufferWriter_384_16_16_run_DW01_dec_J6_0)    0.536    0.483 4.01e+03    5.029   0.0
          DP_OP_74J6_122_1074 (WeightDoubleBufferWriter_384_16_16_run_DP_OP_74J6_122_1074_J6_0) 1.70e-02 2.17e-02  428.956    0.468   0.0
          DP_OP_75J6_123_4812 (WeightDoubleBufferWriter_384_16_16_run_DP_OP_75J6_123_4812_J6_0)    0.000    0.000  350.370    0.350   0.0
          WeightDoubleBufferWriter_384_16_16_run_run_fsm_inst (WeightDoubleBufferWriter_384_16_16_run_run_fsm)    1.594    6.639 1.38e+03    9.612   0.1
          WeightDoubleBufferWriter_384_16_16_run_staller_inst (WeightDoubleBufferWriter_384_16_16_run_staller)    0.211    1.168  134.117    1.513   0.0
          WeightDoubleBufferWriter_384_16_16_run_dout_rsc_req_obj_inst (WeightDoubleBufferWriter_384_16_16_run_dout_rsc_req_obj) 1.55e-02    1.454  200.160    1.669   0.0
            WeightDoubleBufferWriter_384_16_16_run_dout_rsc_req_obj_dout_rsc_req_wait_dp_inst (WeightDoubleBufferWriter_384_16_16_run_dout_rsc_req_obj_dout_rsc_req_wait_dp) 6.52e-03    1.439  122.802    1.568   0.0
            WeightDoubleBufferWriter_384_16_16_run_dout_rsc_req_obj_dout_rsc_req_wait_ctrl_inst (WeightDoubleBufferWriter_384_16_16_run_dout_rsc_req_obj_dout_rsc_req_wait_ctrl) 8.77e-03 1.47e-02   67.676 9.11e-02   0.0
            dout_rsc_req_obj (mgc_in_sync_v2_valid1_1) 1.84e-04 1.93e-04    9.683 1.01e-02   0.0
          WeightDoubleBufferWriter_384_16_16_run_dout_rsc_rls_obj_inst (WeightDoubleBufferWriter_384_16_16_run_dout_rsc_rls_obj) 2.50e-03 2.86e-03   44.132 4.95e-02   0.0
            WeightDoubleBufferWriter_384_16_16_run_dout_rsc_rls_obj_dout_rsc_rls_wait_ctrl_inst (WeightDoubleBufferWriter_384_16_16_run_dout_rsc_rls_obj_dout_rsc_rls_wait_ctrl) 1.09e-03 1.62e-03   31.373 3.41e-02   0.0
            dout_rsc_rls_obj (mgc_io_sync_v2_valid0_1) 1.41e-03 1.24e-03   12.759 1.54e-02   0.0
          WeightDoubleBufferWriter_384_16_16_run_dout_rsci_1_inst (WeightDoubleBufferWriter_384_16_16_run_dout_rsci_1) 3.99e-02 7.30e-02  234.644    0.348   0.0
            WeightDoubleBufferWriter_384_16_16_run_dout_rsci_1_dout_rsc_wait_ctrl_inst (WeightDoubleBufferWriter_384_16_16_run_dout_rsci_1_dout_rsc_wait_ctrl) 7.90e-04 8.91e-04   31.909 3.36e-02   0.0
          WeightDoubleBufferWriter_384_16_16_run_din_rsci_inst (WeightDoubleBufferWriter_384_16_16_run_din_rsci)    8.346   29.783 2.35e+03   40.480   0.3
            WeightDoubleBufferWriter_384_16_16_run_din_rsci_din_wait_dp_inst (WeightDoubleBufferWriter_384_16_16_run_din_rsci_din_wait_dp)    7.605   29.086 2.07e+03   38.759   0.3
            WeightDoubleBufferWriter_384_16_16_run_din_rsci_din_wait_ctrl_inst (WeightDoubleBufferWriter_384_16_16_run_din_rsci_din_wait_ctrl) 1.28e-02 1.24e-02   78.848    0.104   0.0
            din_rsci (ccs_in_wait_v1_rscid2_width16_0)    0.728    0.685  203.304    1.617   0.0
          WeightDoubleBufferWriter_384_16_16_run_paramsIn_rsci_inst (WeightDoubleBufferWriter_384_16_16_run_paramsIn_rsci)   21.639  108.134 9.68e+03  139.457   1.2
            WeightDoubleBufferWriter_384_16_16_run_paramsIn_rsci_paramsIn_wait_dp_inst (WeightDoubleBufferWriter_384_16_16_run_paramsIn_rsci_paramsIn_wait_dp)   20.793  107.660 8.34e+03  136.797   1.2
            WeightDoubleBufferWriter_384_16_16_run_paramsIn_rsci_paramsIn_wait_ctrl_inst (WeightDoubleBufferWriter_384_16_16_run_paramsIn_rsci_paramsIn_wait_ctrl) 5.13e-02 6.56e-02   78.222    0.195   0.0
            paramsIn_rsci (ccs_in_wait_v1_rscid1_width144_0)    0.161    0.315  959.049    1.435   0.0
        dout_rsci (WeightDoubleBufferWriter_384_16_16_sram_256_128_sram_256_128_rwport_3_128_15_384_128_gen)    0.683    0.507 1.81e+03    3.001   0.0
      weightDoubleBufferReaderParams_cns_pipe (ccs_pipe_v5_rscid16_width144_sz_width1_fifo_sz1_log2_sz0_ph_clk1_ph_en0_ph_arst0_ph_srst0_0)    3.091    6.834 1.50e+04   24.886   0.2
        FIFO (ccs_fifo_wait_core_v5_rscid16_width144_sz_width1_fifo_sz1_ph_clk1_ph_en0_ph_arst0_ph_srst0_ph_log20_0)    3.091    6.834 1.50e+04   24.886   0.2
          FIFO_REG_GEN_REGS_0__BUFREG (ccs_genreg_v1_144_1_0_0_0_1_0)    2.529    3.624 1.14e+04   17.581   0.2
          FIFO_REG_GEN_REGS_0__STATREG (ccs_genreg_v1_1_1_0_0_0_1_0) 6.63e-03    1.478  129.704    1.614   0.0
          FIFO_REG_HS_INIT_REG (ccs_genreg_v1_1_1_1_0_0_0_0) 4.27e-02    1.044  105.310    1.192   0.0
      mem_cns_comp_1 (sram_256_128_WRAPPER_DEPTH32768_WRAPPER_WIDTH128_WRAPPER_ADDR_BITS15_SRAM_DEPTH0_SRAM_WIDTH0_SRAM_ADDR_BITS0_num_inst_depth0_num_inst_width0)    2.200    0.000    0.000    2.200   0.0
      mem_cns_comp (sram_256_128_WRAPPER_DEPTH32768_WRAPPER_WIDTH128_WRAPPER_ADDR_BITS15_SRAM_DEPTH0_SRAM_WIDTH0_SRAM_ADDR_BITS0_num_inst_depth0_num_inst_width0)    2.394    0.000    0.000    2.394   0.0
      weightDoubleBufferWriterParams_cns_pipe (ccs_pipe_v5_rscid15_width144_sz_width1_fifo_sz1_log2_sz0_ph_clk1_ph_en0_ph_arst0_ph_srst0_0)    2.295    6.150 1.17e+04   20.111   0.2
        FIFO (ccs_fifo_wait_core_v5_rscid15_width144_sz_width1_fifo_sz1_ph_clk1_ph_en0_ph_arst0_ph_srst0_ph_log20_0)    2.295    6.150 1.17e+04   20.111   0.2
          FIFO_REG_GEN_REGS_0__BUFREG (ccs_genreg_v1_144_1_0_0_0_1_1)    1.875    3.075 8.84e+03   13.793   0.1
          FIFO_REG_GEN_REGS_0__STATREG (ccs_genreg_v1_1_1_0_0_0_1_1) 5.94e-03    1.473  129.799    1.609   0.0
          FIFO_REG_HS_INIT_REG (ccs_genreg_v1_1_1_1_0_0_0_1) 4.17e-02    1.044  105.310    1.191   0.0
  inputDoubleBuffer (InputDoubleBuffer_512_16_16)  301.590 1.26e+03 3.44e+05 1.91e+03  16.3
    InputDoubleBuffer_512_16_16_struct_inst (InputDoubleBuffer_512_16_16_struct)  301.590 1.26e+03 3.44e+05 1.91e+03  16.3
      InputDoubleBDjtfoem_cns_bctl_inst (InputDoubleBDjtfoem_cns_bctl)    4.252   17.500 1.54e+04   37.147   0.3
      unreg_1 (unreg_hier_2)           3.86e-04 1.97e-04   12.745 1.33e-02   0.0
      unreg (unreg_hier_3)             4.27e-04 1.98e-04    9.683 1.03e-02   0.0
      InputDoubleBuffer_512_16_16_run_inst (InputDoubleBuffer_512_16_16_run)   45.775  215.043 3.19e+04  292.743   2.5
        InputDoubleBuffer_512_16_16_run_run_inst (InputDoubleBuffer_512_16_16_run_run)   45.181  215.000 3.19e+04  292.094   2.5
          InputDoubleBuffer_512_16_16_run_run_run_fsm_inst (InputDoubleBuffer_512_16_16_run_run_run_fsm)    0.173    2.773  302.314    3.249   0.0
          InputDoubleBuffer_512_16_16_run_run_staller_inst (InputDoubleBuffer_512_16_16_run_run_staller)    0.241 7.62e-02   29.836    0.347   0.0
          InputDoubleBuffer_512_16_16_run_run_inputDoubleBufferReaderParams_cnsi_inst (InputDoubleBuffer_512_16_16_run_run_inputDoubleBufferReaderParams_cnsi)    0.725    2.064 1.95e+03    4.743   0.0
            InputDoubleBuffer_512_16_16_run_run_inputDoubleBufferReaderParams_cnsi_inputDoubleBufferReaderParams_wait_dp_inst (InputDoubleBuffer_512_16_16_run_run_inputDoubleBufferReaderParams_cnsi_inputDoubleBufferReaderParams_wait_dp) 1.04e-02    1.442  122.938    1.575   0.0
            InputDoubleBuffer_512_16_16_run_run_inputDoubleBufferReaderParams_cnsi_inputDoubleBufferReaderParams_wait_ctrl_inst (InputDoubleBuffer_512_16_16_run_run_inputDoubleBufferReaderParams_cnsi_inputDoubleBufferReaderParams_wait_ctrl) 2.26e-02 3.44e-02   77.827    0.135   0.0
            inputDoubleBufferReaderParams_cnsi (ccs_out_wait_v1_rscid19_width144_1)    0.692    0.588 1.75e+03    3.033   0.0
          InputDoubleBuffer_512_16_16_run_run_inputDoubleBufferWriterParams_cnsi_inst (InputDoubleBuffer_512_16_16_run_run_inputDoubleBufferWriterParams_cnsi)    0.442    1.860 1.31e+03    3.613   0.0
            InputDoubleBuffer_512_16_16_run_run_inputDoubleBufferWriterParams_cnsi_inputDoubleBufferWriterParams_wait_dp_inst (InputDoubleBuffer_512_16_16_run_run_inputDoubleBufferWriterParams_cnsi_inputDoubleBufferWriterParams_wait_dp) 1.07e-02    1.442  122.967    1.576   0.0
            InputDoubleBuffer_512_16_16_run_run_inputDoubleBufferWriterParams_cnsi_inputDoubleBufferWriterParams_wait_ctrl_inst (InputDoubleBuffer_512_16_16_run_run_inputDoubleBufferWriterParams_cnsi_inputDoubleBufferWriterParams_wait_ctrl) 2.38e-02 3.46e-02   77.853    0.136   0.0
            inputDoubleBufferWriterParams_cnsi (ccs_out_wait_v1_rscid18_width144_1)    0.407    0.384 1.11e+03    1.901   0.0
          InputDoubleBuffer_512_16_16_run_run_paramsIn_rsci_inst (InputDoubleBuffer_512_16_16_run_run_paramsIn_rsci)   39.132  197.706 1.71e+04  253.940   2.2
            InputDoubleBuffer_512_16_16_run_run_paramsIn_rsci_paramsIn_wait_dp_inst (InputDoubleBuffer_512_16_16_run_run_paramsIn_rsci_paramsIn_wait_dp)   38.045  196.958 1.53e+04  250.275   2.1
            InputDoubleBuffer_512_16_16_run_run_paramsIn_rsci_paramsIn_wait_ctrl_inst (InputDoubleBuffer_512_16_16_run_run_paramsIn_rsci_paramsIn_wait_ctrl)    0.155 8.64e-02   78.277    0.320   0.0
            paramsIn_rsci (ccs_in_wait_v1_rscid17_width144_1)    0.933    0.661 1.75e+03    3.346   0.0
      inputDoubleBufferReader (InputDoubleBufferReader_512_16_16)  160.632  676.910 1.74e+05 1.01e+03   8.6
        InputDoubleBufferReader_512_16_16_run_inst (InputDoubleBufferReader_512_16_16_run)  156.688  671.902 1.72e+05 1.00e+03   8.5
          DP_OP_90J3_132_9111 (InputDoubleBufferReader_512_16_16_run_DP_OP_90J3_132_9111_J3_0)    1.652    1.019 3.97e+03    6.643   0.1
          add_x_44 (InputDoubleBufferReader_512_16_16_run_DW01_inc_J3_7)    0.000    0.000  680.454    0.680   0.0
          add_x_45 (InputDoubleBufferReader_512_16_16_run_DW01_inc_J3_6) 4.55e-04 7.70e-04  680.481    0.682   0.0
          add_x_50 (InputDoubleBufferReader_512_16_16_run_DW01_inc_J3_5)    0.000    0.000  680.454    0.680   0.0
          add_x_53 (InputDoubleBufferReader_512_16_16_run_DW01_inc_J3_4)    0.000    0.000  680.454    0.680   0.0
          add_x_88 (InputDoubleBufferReader_512_16_16_run_DW01_add_J3_1) 1.83e-02 5.32e-02  844.489    0.916   0.0
          mult_x_89 (InputDoubleBufferReader_512_16_16_run_DW_mult_uns_J3_4) 6.07e-02 1.10e-02 3.16e+03    3.234   0.0
          mult_x_100 (InputDoubleBufferReader_512_16_16_run_DW_mult_uns_J3_3)    3.329    3.020 2.36e+04   29.960   0.3
          add_x_101 (InputDoubleBufferReader_512_16_16_run_DW01_dec_J3_0)    0.309    0.301 1.97e+03    2.579   0.0
          add_x_103 (InputDoubleBufferReader_512_16_16_run_DW01_add_J3_0) 8.59e-03 4.53e-02  463.390    0.517   0.0
          add_x_104 (InputDoubleBufferReader_512_16_16_run_DW01_inc_J3_2) 5.77e-05 9.73e-05  363.526    0.364   0.0
          add_x_105 (InputDoubleBufferReader_512_16_16_run_DW01_inc_J3_1) 6.56e-05 9.11e-05  690.556    0.691   0.0
          add_x_106 (InputDoubleBufferReader_512_16_16_run_DW01_inc_J3_0)    0.534    0.603  846.654    1.983   0.0
          mult_x_127 (InputDoubleBufferReader_512_16_16_run_DW_mult_uns_J3_2) 7.21e-02 2.11e-02 3.16e+03    3.254   0.0
          mult_x_128 (InputDoubleBufferReader_512_16_16_run_DW_mult_uns_J3_1)    0.751    0.149 3.02e+03    3.920   0.0
          mult_x_129 (InputDoubleBufferReader_512_16_16_run_DW_mult_uns_J3_0) 5.31e-02 1.03e-02 3.16e+03    3.225   0.0
          DP_OP_234J3_122_3477 (InputDoubleBufferReader_512_16_16_run_DP_OP_234J3_122_3477_J3_0) 1.67e-03 3.45e-03 1.32e+03    1.329   0.0
          DP_OP_235J3_123_9913 (InputDoubleBufferReader_512_16_16_run_DP_OP_235J3_123_9913_J3_0)    0.231    0.359 1.02e+03    1.612   0.0
          DP_OP_236J3_124_9913 (InputDoubleBufferReader_512_16_16_run_DP_OP_236J3_124_9913_J3_0)    0.105    0.147  902.530    1.155   0.0
          DP_OP_237J3_125_9913 (InputDoubleBufferReader_512_16_16_run_DP_OP_237J3_125_9913_J3_0) 9.81e-02    0.144  902.612    1.145   0.0
          DP_OP_238J3_126_9913 (InputDoubleBufferReader_512_16_16_run_DP_OP_238J3_126_9913_J3_0) 9.89e-02    0.147  902.476    1.148   0.0
          DP_OP_239J3_127_9913 (InputDoubleBufferReader_512_16_16_run_DP_OP_239J3_127_9913_J3_0) 9.49e-02    0.146  902.574    1.144   0.0
          DP_OP_240J3_128_1925 (InputDoubleBufferReader_512_16_16_run_DP_OP_240J3_128_1925_J3_0)    0.520    0.586 3.85e+03    4.959   0.0
          DP_OP_241J3_129_9913 (InputDoubleBufferReader_512_16_16_run_DP_OP_241J3_129_9913_J3_0) 8.67e-02    0.147  902.494    1.136   0.0
          DP_OP_242J3_130_1925 (InputDoubleBufferReader_512_16_16_run_DP_OP_242J3_130_1925_J3_0)    2.050    2.192 6.87e+03   11.114   0.1
          DP_OP_243J3_131_642 (InputDoubleBufferReader_512_16_16_run_DP_OP_243J3_131_642_J3_0)    6.290    6.587 7.35e+03   20.231   0.2
          InputDoubleBufferReader_512_16_16_run_run_fsm_inst (InputDoubleBufferReader_512_16_16_run_run_fsm)    1.317    6.023 1.24e+03    8.583   0.1
          InputDoubleBufferReader_512_16_16_run_staller_inst (InputDoubleBufferReader_512_16_16_run_staller)    0.362    1.131  134.575    1.627   0.0
          InputDoubleBufferReader_512_16_16_run_din_rsc_req_obj_inst (InputDoubleBufferReader_512_16_16_run_din_rsc_req_obj) 3.20e-03    1.438  183.102    1.625   0.0
            InputDoubleBufferReader_512_16_16_run_din_rsc_req_obj_din_rsc_req_wait_dp_inst (InputDoubleBufferReader_512_16_16_run_din_rsc_req_obj_din_rsc_req_wait_dp) 2.84e-03    1.438  124.368    1.565   0.0
            InputDoubleBufferReader_512_16_16_run_din_rsc_req_obj_din_rsc_req_wait_ctrl_inst (InputDoubleBufferReader_512_16_16_run_din_rsc_req_obj_din_rsc_req_wait_ctrl) 1.91e-04 3.26e-04   45.989 4.65e-02   0.0
            din_rsc_req_obj (mgc_in_sync_v2_valid1_2) 1.78e-04 1.91e-04   12.745 1.31e-02   0.0
          InputDoubleBufferReader_512_16_16_run_din_rsc_rls_obj_inst (InputDoubleBufferReader_512_16_16_run_din_rsc_rls_obj) 1.69e-04 9.08e-05   44.607 4.49e-02   0.0
            InputDoubleBufferReader_512_16_16_run_din_rsc_rls_obj_din_rsc_rls_wait_ctrl_inst (InputDoubleBufferReader_512_16_16_run_din_rsc_rls_obj_din_rsc_rls_wait_ctrl) 1.69e-04 9.08e-05   31.843 3.21e-02   0.0
            din_rsc_rls_obj (mgc_io_sync_v2_valid0_2)    0.000    0.000   12.763 1.28e-02   0.0
          InputDoubleBufferReader_512_16_16_run_dout_rsci_inst (InputDoubleBufferReader_512_16_16_run_dout_rsci)    0.118    1.479 1.86e+03    3.455   0.0
            InputDoubleBufferReader_512_16_16_run_dout_rsci_dout_wait_dp_inst (InputDoubleBufferReader_512_16_16_run_dout_rsci_dout_wait_dp) 1.04e-04    1.434  122.359    1.556   0.0
            InputDoubleBufferReader_512_16_16_run_dout_rsci_dout_wait_ctrl_inst (InputDoubleBufferReader_512_16_16_run_dout_rsci_dout_wait_ctrl) 5.46e-04 3.75e-04   77.913 7.88e-02   0.0
            dout_rsci (ccs_out_wait_v1_rscid9_width128_1)    0.117 4.48e-02 1.66e+03    1.820   0.0
          InputDoubleBufferReader_512_16_16_run_din_rsci_1_inst (InputDoubleBufferReader_512_16_16_run_din_rsci_1)   40.409  201.509 1.57e+04  257.581   2.2
            InputDoubleBufferReader_512_16_16_run_din_rsci_1_din_rsc_wait_ctrl_inst (InputDoubleBufferReader_512_16_16_run_din_rsci_1_din_rsc_wait_ctrl) 9.29e-04 3.79e-04   72.835 7.41e-02   0.0
            InputDoubleBufferReader_512_16_16_run_din_rsci_1_din_rsc_wait_dp_inst (InputDoubleBufferReader_512_16_16_run_din_rsci_1_din_rsc_wait_dp)   40.380  201.464 1.56e+04  257.423   2.2
          InputDoubleBufferReader_512_16_16_run_paramsIn_rsci_inst (InputDoubleBufferReader_512_16_16_run_paramsIn_rsci)   39.307  197.671 1.74e+04  254.392   2.2
            InputDoubleBufferReader_512_16_16_run_paramsIn_rsci_paramsIn_wait_dp_inst (InputDoubleBufferReader_512_16_16_run_paramsIn_rsci_paramsIn_wait_dp)   37.559  196.897 1.53e+04  249.723   2.1
            InputDoubleBufferReader_512_16_16_run_paramsIn_rsci_paramsIn_wait_ctrl_inst (InputDoubleBufferReader_512_16_16_run_paramsIn_rsci_paramsIn_wait_ctrl) 6.42e-02 6.86e-02   77.746    0.211   0.0
            paramsIn_rsci (ccs_in_wait_v1_rscid7_width144_1)    0.388    0.562 1.75e+03    2.704   0.0
        din_rsci (InputDoubleBufferReader_512_16_16_sram_256_128_sram_256_128_rwport_8_128_15_512_128_gen)    3.046    4.917 1.62e+03    9.582   0.1
      inputDoubleBufferWriter (InputDoubleBufferWriter_512_16_16)   78.276  338.586 8.81e+04  505.003   4.3
        InputDoubleBufferWriter_512_16_16_run_inst (InputDoubleBufferWriter_512_16_16_run)   76.905  338.003 8.62e+04  501.115   4.3
          add_x_1 (InputDoubleBufferWriter_512_16_16_run_DW01_add_J11_4) 4.73e-02    0.143  462.475    0.653   0.0
          add_x_3 (InputDoubleBufferWriter_512_16_16_run_DW01_inc_J11_2)    0.112    0.152  367.193    0.632   0.0
          add_x_31 (InputDoubleBufferWriter_512_16_16_run_DW01_add_J11_2) 6.17e-02    0.147  472.585    0.681   0.0
          add_x_32 (InputDoubleBufferWriter_512_16_16_run_DW01_add_J11_1) 6.31e-02    0.148  472.537    0.683   0.0
          add_x_33 (InputDoubleBufferWriter_512_16_16_run_DW01_add_J11_0) 3.58e-02 8.89e-02  843.815    0.969   0.0
          mult_x_36 (InputDoubleBufferWriter_512_16_16_run_DW_mult_uns_J11_3)    0.724    0.769 3.17e+03    4.659   0.0
          mult_x_37 (InputDoubleBufferWriter_512_16_16_run_DW_mult_uns_J11_2)    0.736    0.765 3.17e+03    4.667   0.0
          mult_x_38 (InputDoubleBufferWriter_512_16_16_run_DW_mult_uns_J11_1)    0.665    0.655 3.17e+03    4.486   0.0
          mult_x_39 (InputDoubleBufferWriter_512_16_16_run_DW_mult_uns_J11_0)    3.377    3.015 2.37e+04   30.047   0.3
          add_x_40 (InputDoubleBufferWriter_512_16_16_run_DW01_dec_J11_0)    0.309    0.302 1.97e+03    2.580   0.0
          DP_OP_84J11_122_4097 (InputDoubleBufferWriter_512_16_16_run_DP_OP_84J11_122_4097_J11_0)    0.000    0.000  625.545    0.626   0.0
          DP_OP_85J11_123_6961 (InputDoubleBufferWriter_512_16_16_run_DP_OP_85J11_123_6961_J11_0) 6.11e-02    0.100  513.602    0.675   0.0
          DP_OP_86J11_124_6902 (InputDoubleBufferWriter_512_16_16_run_DP_OP_86J11_124_6902_J11_0)    0.467    0.474 3.40e+03    4.343   0.0
          InputDoubleBufferWriter_512_16_16_run_run_fsm_inst (InputDoubleBufferWriter_512_16_16_run_run_fsm)    2.209    6.589 1.50e+03   10.297   0.1
          InputDoubleBufferWriter_512_16_16_run_staller_inst (InputDoubleBufferWriter_512_16_16_run_staller)    0.353    1.172  134.089    1.658   0.0
          InputDoubleBufferWriter_512_16_16_run_dout_rsc_req_obj_inst (InputDoubleBufferWriter_512_16_16_run_dout_rsc_req_obj) 1.25e-02    1.450  199.961    1.662   0.0
            InputDoubleBufferWriter_512_16_16_run_dout_rsc_req_obj_dout_rsc_req_wait_dp_inst (InputDoubleBufferWriter_512_16_16_run_dout_rsc_req_obj_dout_rsc_req_wait_dp) 5.09e-03    1.438  122.624    1.565   0.0
            InputDoubleBufferWriter_512_16_16_run_dout_rsc_req_obj_dout_rsc_req_wait_ctrl_inst (InputDoubleBufferWriter_512_16_16_run_dout_rsc_req_obj_dout_rsc_req_wait_ctrl) 7.12e-03 1.18e-02   67.654 8.66e-02   0.0
            dout_rsc_req_obj (mgc_in_sync_v2_valid1_3) 3.08e-04 1.96e-04    9.683 1.02e-02   0.0
          InputDoubleBufferWriter_512_16_16_run_dout_rsc_rls_obj_inst (InputDoubleBufferWriter_512_16_16_run_dout_rsc_rls_obj) 1.52e-04 9.05e-05   44.083 4.43e-02   0.0
            InputDoubleBufferWriter_512_16_16_run_dout_rsc_rls_obj_dout_rsc_rls_wait_ctrl_inst (InputDoubleBufferWriter_512_16_16_run_dout_rsc_rls_obj_dout_rsc_rls_wait_ctrl) 1.52e-04 9.05e-05   31.320 3.16e-02   0.0
            dout_rsc_rls_obj (mgc_io_sync_v2_valid0_3)    0.000    0.000   12.763 1.28e-02   0.0
          InputDoubleBufferWriter_512_16_16_run_dout_rsci_1_inst (InputDoubleBufferWriter_512_16_16_run_dout_rsci_1)    0.202 8.49e-02  235.588    0.523   0.0
            InputDoubleBufferWriter_512_16_16_run_dout_rsci_1_dout_rsc_wait_ctrl_inst (InputDoubleBufferWriter_512_16_16_run_dout_rsci_1_dout_rsc_wait_ctrl) 2.02e-03 1.18e-03   31.860 3.51e-02   0.0
          InputDoubleBufferWriter_512_16_16_run_din_rsci_inst (InputDoubleBufferWriter_512_16_16_run_din_rsci)    8.041   29.719 2.35e+03   40.111   0.3
            InputDoubleBufferWriter_512_16_16_run_din_rsci_din_wait_dp_inst (InputDoubleBufferWriter_512_16_16_run_din_rsci_din_wait_dp)    7.731   29.059 2.07e+03   38.858   0.3
            InputDoubleBufferWriter_512_16_16_run_din_rsci_din_wait_ctrl_inst (InputDoubleBufferWriter_512_16_16_run_din_rsci_din_wait_ctrl) 1.28e-02 1.21e-02   78.866    0.104   0.0
            din_rsci (ccs_in_wait_v1_rscid2_width16_1)    0.297    0.648  203.311    1.149   0.0
          InputDoubleBufferWriter_512_16_16_run_paramsIn_rsci_inst (InputDoubleBufferWriter_512_16_16_run_paramsIn_rsci)   25.127  126.027 1.12e+04  162.314   1.4
            InputDoubleBufferWriter_512_16_16_run_paramsIn_rsci_paramsIn_wait_dp_inst (InputDoubleBufferWriter_512_16_16_run_paramsIn_rsci_paramsIn_wait_dp)   23.516  125.439 9.64e+03  158.600   1.4
            InputDoubleBufferWriter_512_16_16_run_paramsIn_rsci_paramsIn_wait_ctrl_inst (InputDoubleBufferWriter_512_16_16_run_paramsIn_rsci_paramsIn_wait_ctrl)    0.126 6.92e-02   78.150    0.273   0.0
            paramsIn_rsci (ccs_in_wait_v1_rscid1_width144_1)    0.186    0.365 1.11e+03    1.661   0.0
        dout_rsci (InputDoubleBufferWriter_512_16_16_sram_256_128_sram_256_128_rwport_3_128_15_512_128_gen)    0.588    0.511 1.81e+03    2.911   0.0
      inputDoubleBufferReaderParams_cns_pipe (ccs_pipe_v5_rscid16_width144_sz_width1_fifo_sz1_log2_sz0_ph_clk1_ph_en0_ph_arst0_ph_srst0_1)    4.282    8.260 2.12e+04   33.699   0.3
        FIFO (ccs_fifo_wait_core_v5_rscid16_width144_sz_width1_fifo_sz1_ph_clk1_ph_en0_ph_arst0_ph_srst0_ph_log20_1)    4.282    8.260 2.12e+04   33.699   0.3
          FIFO_REG_GEN_REGS_0__BUFREG (ccs_genreg_v1_144_1_0_0_0_1_2)    3.574    4.797 1.63e+04   24.652   0.2
          FIFO_REG_GEN_REGS_0__STATREG (ccs_genreg_v1_1_1_0_0_0_1_2) 1.12e-02    1.478  129.729    1.619   0.0
          FIFO_REG_HS_INIT_REG (ccs_genreg_v1_1_1_1_0_0_0_2) 4.12e-02    1.043  105.310    1.190   0.0
      mem_cns_comp_1 (sram_256_128_WRAPPER_DEPTH32768_WRAPPER_WIDTH128_WRAPPER_ADDR_BITS15_SRAM_DEPTH0_SRAM_WIDTH0_SRAM_ADDR_BITS0_num_inst_depth0_num_inst_width0)    2.179    0.000    0.000    2.179   0.0
      mem_cns_comp (sram_256_128_WRAPPER_DEPTH32768_WRAPPER_WIDTH128_WRAPPER_ADDR_BITS15_SRAM_DEPTH0_SRAM_WIDTH0_SRAM_ADDR_BITS0_num_inst_depth0_num_inst_width0)    2.358    0.000    0.000    2.358   0.0
      inputDoubleBufferWriterParams_cns_pipe (ccs_pipe_v5_rscid15_width144_sz_width1_fifo_sz1_log2_sz0_ph_clk1_ph_en0_ph_arst0_ph_srst0_1)    2.855    6.561 1.35e+04   22.874   0.2
        FIFO (ccs_fifo_wait_core_v5_rscid15_width144_sz_width1_fifo_sz1_ph_clk1_ph_en0_ph_arst0_ph_srst0_ph_log20_1)    2.390    6.518 1.34e+04   22.354   0.2
          FIFO_REG_GEN_REGS_0__BUFREG (ccs_genreg_v1_144_1_0_0_0_1_3)    1.917    3.353 1.02e+04   15.502   0.1
          FIFO_REG_GEN_REGS_0__STATREG (ccs_genreg_v1_1_1_0_0_0_1_3) 7.46e-03    1.479  129.695    1.616   0.0
          FIFO_REG_HS_INIT_REG (ccs_genreg_v1_1_1_1_0_0_0_3) 4.12e-02    1.044  105.310    1.191   0.0
  outputSerializer (Serializer_PackedInt_16UL_16UL_ODTYPE_16)  108.050  570.589 6.73e+04  745.922   6.4
    Serializer_PackedInt_16UL_16UL_ODTYPE_16_run_inst (Serializer_PackedInt_16UL_16UL_ODTYPE_16_run)  108.050  570.589 6.73e+04  745.922   6.4
      Serializer_PackedInt_16UL_16UL_ODTYPE_16_run_run_fsm_inst (Serializer_PackedInt_16UL_16UL_ODTYPE_16_run_run_fsm) 8.22e-02    1.007  106.362    1.196   0.0
      Serializer_PackedInt_16UL_16UL_ODTYPE_16_run_staller_inst (Serializer_PackedInt_16UL_16UL_ODTYPE_16_run_staller) 7.25e-02 5.26e-02   24.971    0.150   0.0
      Serializer_PackedInt_16UL_16UL_ODTYPE_16_run_serialOutChannel_rsci_inst (Serializer_PackedInt_16UL_16UL_ODTYPE_16_run_serialOutChannel_rsci)    0.247    1.338  454.471    2.040   0.0
        Serializer_PackedInt_16UL_16UL_ODTYPE_16_run_serialOutChannel_rsci_serialOutChannel_wait_dp_inst (Serializer_PackedInt_16UL_16UL_ODTYPE_16_run_serialOutChannel_rsci_serialOutChannel_wait_dp) 8.25e-02    1.176  141.741    1.401   0.0
        Serializer_PackedInt_16UL_16UL_ODTYPE_16_run_serialOutChannel_rsci_serialOutChannel_wait_ctrl_inst (Serializer_PackedInt_16UL_16UL_ODTYPE_16_run_serialOutChannel_rsci_serialOutChannel_wait_ctrl) 6.80e-02 8.47e-02   85.059    0.238   0.0
        serialOutChannel_rsci (ccs_out_wait_v1_rscid6_width16) 9.70e-02 7.69e-02  227.670    0.402   0.0
      Serializer_PackedInt_16UL_16UL_ODTYPE_16_run_inputChannel_rsci_inst (Serializer_PackedInt_16UL_16UL_ODTYPE_16_run_inputChannel_rsci)   68.050  371.153 3.14e+04  470.568   4.0
        Serializer_PackedInt_16UL_16UL_ODTYPE_16_run_inputChannel_rsci_inputChannel_wait_dp_inst (Serializer_PackedInt_16UL_16UL_ODTYPE_16_run_inputChannel_rsci_inputChannel_wait_dp)   67.976  371.070 2.80e+04  467.041   4.0
        Serializer_PackedInt_16UL_16UL_ODTYPE_16_run_inputChannel_rsci_inputChannel_wait_ctrl_inst (Serializer_PackedInt_16UL_16UL_ODTYPE_16_run_inputChannel_rsci_inputChannel_wait_ctrl) 6.31e-02 4.84e-02   78.015    0.190   0.0
        inputChannel_rsci (ccs_in_wait_v1_rscid5_width256) 1.08e-02 3.52e-02 3.29e+03    3.338   0.0
  paramsDeserializer_1 (ParamsDeserializer)   24.724  104.894 3.12e+04  160.833   1.4
    ParamsDeserializer_run_inst (ParamsDeserializer_run)   24.259  104.839 3.12e+04  160.303   1.4
      ParamsDeserializer_run_run_fsm_inst (ParamsDeserializer_run_run_fsm)    2.136    8.383  937.816   11.456   0.1
      ParamsDeserializer_run_staller_inst (ParamsDeserializer_run_staller)    0.165 6.12e-02   44.078    0.270   0.0
      ParamsDeserializer_run_outputChannel3_rsci_inst (ParamsDeserializer_run_outputChannel3_rsci)    0.461    2.064 1.84e+03    4.367   0.0
        ParamsDeserializer_run_outputChannel3_rsci_outputChannel3_wait_dp_inst (ParamsDeserializer_run_outputChannel3_rsci_outputChannel3_wait_dp) 1.15e-02    1.442  122.838    1.576   0.0
        ParamsDeserializer_run_outputChannel3_rsci_outputChannel3_wait_ctrl_inst (ParamsDeserializer_run_outputChannel3_rsci_outputChannel3_wait_ctrl) 2.39e-02 3.79e-02   80.322    0.142   0.0
        outputChannel3_rsci (ccs_out_wait_v1_rscid4_width144)    0.426    0.584 1.64e+03    2.649   0.0
      ParamsDeserializer_run_outputChannel2_rsci_inst (ParamsDeserializer_run_outputChannel2_rsci)    0.181    1.920 1.44e+03    3.539   0.0
        ParamsDeserializer_run_outputChannel2_rsci_outputChannel2_wait_dp_inst (ParamsDeserializer_run_outputChannel2_rsci_outputChannel2_wait_dp) 1.16e-02    1.442  122.838    1.576   0.0
        ParamsDeserializer_run_outputChannel2_rsci_outputChannel2_wait_ctrl_inst (ParamsDeserializer_run_outputChannel2_rsci_outputChannel2_wait_ctrl) 2.72e-02 3.81e-02   80.322    0.146   0.0
        outputChannel2_rsci (ccs_out_wait_v1_rscid3_width144)    0.142    0.440 1.23e+03    1.817   0.0
      ParamsDeserializer_run_outputChannel1_rsci_inst (ParamsDeserializer_run_outputChannel1_rsci)    0.588    2.105 1.96e+03    4.649   0.0
        ParamsDeserializer_run_outputChannel1_rsci_outputChannel1_wait_dp_inst (ParamsDeserializer_run_outputChannel1_rsci_outputChannel1_wait_dp) 1.16e-02    1.442  122.838    1.576   0.0
        ParamsDeserializer_run_outputChannel1_rsci_outputChannel1_wait_ctrl_inst (ParamsDeserializer_run_outputChannel1_rsci_outputChannel1_wait_ctrl) 2.80e-02 3.82e-02   80.322    0.146   0.0
        outputChannel1_rsci (ccs_out_wait_v1_rscid2_width144)    0.548    0.625 1.75e+03    2.926   0.0
      ParamsDeserializer_run_inputChannel_rsci_inst (ParamsDeserializer_run_inputChannel_rsci)    7.750   29.951 2.37e+03   40.070   0.3
        ParamsDeserializer_run_inputChannel_rsci_inputChannel_wait_dp_inst (ParamsDeserializer_run_inputChannel_rsci_inputChannel_wait_dp)    7.232   29.086 2.08e+03   38.401   0.3
        ParamsDeserializer_run_inputChannel_rsci_inputChannel_wait_ctrl_inst (ParamsDeserializer_run_inputChannel_rsci_inputChannel_wait_ctrl)    0.108    0.167   84.888    0.360   0.0
        inputChannel_rsci (ccs_in_wait_v1_rscid1_width16)    0.410    0.698  201.950    1.309   0.0
  weight_out_cns_pipe (ccs_pipe_v5_rscid172_width128_sz_width1_fifo_sz3_log2_sz2_ph_clk1_ph_en0_ph_arst0_ph_srst0)    9.277   10.603 5.78e+04   77.723   0.7
    FIFO (ccs_fifo_wait_core_v5_rscid172_width128_sz_width1_fifo_sz3_ph_clk1_ph_en0_ph_arst0_ph_srst0_ph_log22)    9.277   10.603 5.78e+04   77.723   0.7
      FIFO_REG_GEN_REGS_0__BUFREG (ccs_genreg_v1_128_1_0_0_0_1_0)    2.948    1.723 1.52e+04   19.849   0.2
      FIFO_REG_GEN_REGS_0__STATREG (ccs_genreg_v1_1_1_0_0_0_1_10)    0.000    1.496  129.099    1.625   0.0
      FIFO_REG_GEN_REGS_1__BUFREG (ccs_genreg_v1_128_1_0_0_0_1_1)    2.695    1.618 1.52e+04   19.493   0.2
      FIFO_REG_GEN_REGS_1__STATREG (ccs_genreg_v1_1_1_0_0_0_1_11)    0.000    1.496  129.099    1.625   0.0
      FIFO_REG_GEN_REGS_2__BUFREG (ccs_genreg_v1_128_1_0_0_0_1_2)    2.950    1.625 1.52e+04   19.755   0.2
      FIFO_REG_GEN_REGS_2__STATREG (ccs_genreg_v1_1_1_0_0_0_1_12)    0.000    1.496  129.099    1.625   0.0
      FIFO_REG_HS_INIT_REG (ccs_genreg_v1_1_1_1_0_0_0_6) 4.01e-02    1.045  105.310    1.191   0.0
  input_out_cns_pipe (ccs_pipe_v5_rscid171_width128_sz_width1_fifo_sz3_log2_sz2_ph_clk1_ph_en0_ph_arst0_ph_srst0)    8.592   10.701 5.79e+04   77.151   0.7
    FIFO (ccs_fifo_wait_core_v5_rscid171_width128_sz_width1_fifo_sz3_ph_clk1_ph_en0_ph_arst0_ph_srst0_ph_log22)    8.592   10.701 5.79e+04   77.151   0.7
      FIFO_REG_GEN_REGS_0__BUFREG (ccs_genreg_v1_128_1_0_0_0_1_3)    2.847    1.734 1.52e+04   19.759   0.2
      FIFO_REG_GEN_REGS_0__STATREG (ccs_genreg_v1_1_1_0_0_0_1_13) 1.03e-04    1.496  129.110    1.625   0.0
      FIFO_REG_GEN_REGS_1__BUFREG (ccs_genreg_v1_128_1_0_0_0_1_4)    2.552    1.682 1.52e+04   19.426   0.2
      FIFO_REG_GEN_REGS_1__STATREG (ccs_genreg_v1_1_1_0_0_0_1_14) 1.81e-04    1.496  129.113    1.625   0.0
      FIFO_REG_GEN_REGS_2__BUFREG (ccs_genreg_v1_128_1_0_0_0_1_5)    2.676    1.635 1.52e+04   19.491   0.2
      FIFO_REG_GEN_REGS_2__STATREG (ccs_genreg_v1_1_1_0_0_0_1_15) 3.63e-04    1.496  129.116    1.625   0.0
      FIFO_REG_HS_INIT_REG (ccs_genreg_v1_1_1_1_0_0_0_7) 4.25e-02    1.043  105.310    1.191   0.0
  output_cns_pipe (ccs_pipe_v5_rscid173_width256_sz_width1_fifo_sz3_log2_sz2_ph_clk1_ph_en0_ph_arst0_ph_srst0)   17.730   12.098 1.14e+05  144.318   1.2
    FIFO (ccs_fifo_wait_core_v5_rscid173_width256_sz_width1_fifo_sz3_ph_clk1_ph_en0_ph_arst0_ph_srst0_ph_log22)   17.730   12.098 1.14e+05  144.318   1.2
      FIFO_REG_GEN_REGS_0__BUFREG (ccs_genreg_v1_256_1_0_0_0_1_0)    5.833    2.318 3.03e+04   38.439   0.3
      FIFO_REG_GEN_REGS_0__STATREG (ccs_genreg_v1_1_1_0_0_0_1_16)    0.000    1.496  129.099    1.625   0.0
      FIFO_REG_GEN_REGS_1__BUFREG (ccs_genreg_v1_256_1_0_0_0_1_1)    5.808    2.028 3.03e+04   38.105   0.3
      FIFO_REG_GEN_REGS_1__STATREG (ccs_genreg_v1_1_1_0_0_0_1_17)    0.000    1.496  129.099    1.625   0.0
      FIFO_REG_GEN_REGS_2__BUFREG (ccs_genreg_v1_256_1_0_0_0_1_2)    5.394    2.098 3.03e+04   37.783   0.3
      FIFO_REG_GEN_REGS_2__STATREG (ccs_genreg_v1_1_1_0_0_0_1_18)    0.000    1.496  129.099    1.625   0.0
      FIFO_REG_HS_INIT_REG (ccs_genreg_v1_1_1_1_0_0_0_8) 3.97e-02    1.043  105.310    1.188   0.0
  systolicArrayParams_cns_pipe (ccs_pipe_v5_rscid174_width144_sz_width1_fifo_sz3_log2_sz2_ph_clk1_ph_en0_ph_arst0_ph_srst0)   13.061   20.397 5.81e+04   91.551   0.8
    FIFO (ccs_fifo_wait_core_v5_rscid174_width144_sz_width1_fifo_sz3_ph_clk1_ph_en0_ph_arst0_ph_srst0_ph_log22)   12.247   20.303 5.81e+04   90.621   0.8
      FIFO_REG_GEN_REGS_0__BUFREG (ccs_genreg_v1_144_1_0_0_0_1_7)    3.556    3.756 1.52e+04   22.543   0.2
      FIFO_REG_GEN_REGS_0__STATREG (ccs_genreg_v1_1_1_0_0_0_1_19) 1.60e-05    1.496  129.048    1.625   0.0
      FIFO_REG_GEN_REGS_1__BUFREG (ccs_genreg_v1_144_1_0_0_0_1_8)    3.639    3.877 1.52e+04   22.747   0.2
      FIFO_REG_GEN_REGS_1__STATREG (ccs_genreg_v1_1_1_0_0_0_1_20) 1.15e-03    1.493  129.164    1.623   0.0
      FIFO_REG_GEN_REGS_2__BUFREG (ccs_genreg_v1_144_1_0_0_0_1_9)    3.617    4.524 1.52e+04   23.357   0.2
      FIFO_REG_GEN_REGS_2__STATREG (ccs_genreg_v1_1_1_0_0_0_1_21) 9.38e-03    1.477  129.687    1.616   0.0
      FIFO_REG_HS_INIT_REG (ccs_genreg_v1_1_1_1_0_0_0_9) 3.97e-02    1.043  105.310    1.188   0.0
  weightDoubleBufferParams_cns_pipe (ccs_pipe_v5_rscid170_width144_sz_width1_fifo_sz3_log2_sz2_ph_clk1_ph_en0_ph_arst0_ph_srst0)    9.050   17.013 4.43e+04   70.345   0.6
    FIFO (ccs_fifo_wait_core_v5_rscid170_width144_sz_width1_fifo_sz3_ph_clk1_ph_en0_ph_arst0_ph_srst0_ph_log22)    8.675   16.846 4.38e+04   69.337   0.6
      FIFO_REG_GEN_REGS_0__BUFREG (ccs_genreg_v1_144_1_0_0_0_1_10)    2.603    3.107 1.14e+04   17.144   0.1
      FIFO_REG_GEN_REGS_0__STATREG (ccs_genreg_v1_1_1_0_0_0_1_22)    0.000    1.496  129.048    1.625   0.0
      FIFO_REG_GEN_REGS_1__BUFREG (ccs_genreg_v1_144_1_0_0_0_1_11)    2.393    3.072 1.14e+04   16.900   0.1
      FIFO_REG_GEN_REGS_1__STATREG (ccs_genreg_v1_1_1_0_0_0_1_23) 1.68e-04    1.496  129.059    1.625   0.0
      FIFO_REG_GEN_REGS_2__BUFREG (ccs_genreg_v1_144_1_0_0_0_1_12)    2.380    3.111 1.14e+04   16.926   0.1
      FIFO_REG_GEN_REGS_2__STATREG (ccs_genreg_v1_1_1_0_0_0_1_24) 5.60e-04    1.493  129.131    1.623   0.0
      FIFO_REG_HS_INIT_REG (ccs_genreg_v1_1_1_1_0_0_0_10) 4.21e-02    1.047  105.310    1.195   0.0
  inputDoubleBufferParams_cns_pipe (ccs_pipe_v5_rscid169_width144_sz_width1_fifo_sz3_log2_sz2_ph_clk1_ph_en0_ph_arst0_ph_srst0)   13.836   20.133 6.21e+04   96.046   0.8
    FIFO (ccs_fifo_wait_core_v5_rscid169_width144_sz_width1_fifo_sz3_ph_clk1_ph_en0_ph_arst0_ph_srst0_ph_log22)   13.836   20.133 6.21e+04   96.046   0.8
      FIFO_REG_GEN_REGS_0__BUFREG (ccs_genreg_v1_144_1_0_0_0_1_13)    3.852    3.911 1.63e+04   24.052   0.2
      FIFO_REG_GEN_REGS_0__STATREG (ccs_genreg_v1_1_1_0_0_0_1_25)    0.000    1.496  129.048    1.625   0.0
      FIFO_REG_GEN_REGS_1__BUFREG (ccs_genreg_v1_144_1_0_0_0_1_14)    3.359    3.846 1.63e+04   23.494   0.2
      FIFO_REG_GEN_REGS_1__STATREG (ccs_genreg_v1_1_1_0_0_0_1_26)    0.000    1.496  129.048    1.625   0.0
      FIFO_REG_GEN_REGS_2__BUFREG (ccs_genreg_v1_144_1_0_0_0_1_15)    3.691    3.904 1.63e+04   23.896   0.2
      FIFO_REG_GEN_REGS_2__STATREG (ccs_genreg_v1_1_1_0_0_0_1_27) 1.56e-05    1.496  129.048    1.625   0.0
      FIFO_REG_HS_INIT_REG (ccs_genreg_v1_1_1_1_0_0_0_11) 4.41e-02    1.044  105.310    1.193   0.0
1
