Information: Propagating switching activity (low effort zero delay simulation). (PWR-6)
Warning: Design has unannotated primary inputs. (PWR-414)
Warning: Design has unannotated sequential cell outputs. (PWR-415)
Warning: Design has unannotated black box outputs. (PWR-428)
 
****************************************
Report : power
        -hier
        -analysis_effort low
Design : Conv
Version: L-2016.03-SP5-5
Date   : Tue Feb 25 21:15:56 2020
****************************************


Library(s) Used:

    NangateOpenCellLibrary (File: /home/users/sophliu/ee272/ee272-hw5/Conv/build/5-synopsys-dc-synthesis/inputs/adk/stdcells.db)


Operating Conditions: typical   Library: NangateOpenCellLibrary
Wire Load Model Mode: Inactive.


Global Operating Voltage = 1.1  
Power-specific unit information :
    Voltage Units = 1V
    Capacitance Units = 1.000000ff
    Time Units = 1ns
    Dynamic Power Units = 1uW    (derived from V,C,T units)
    Leakage Power Units = 1nW


--------------------------------------------------------------------------------
                                       Switch   Int      Leak     Total
Hierarchy                              Power    Power    Power    Power    %
--------------------------------------------------------------------------------
Conv                                   1.72e+03 7.01e+03 2.98e+06 1.17e+04 100.0
  systolicArray (SystolicArrayWrapper_IDTYPE_WDTYPE_ODTYPE_16_16)  923.084 3.80e+03 1.71e+06 6.44e+03  55.0
    systolicArrayLooper_1 (SystolicArrayLooper)   72.689  324.975 8.23e+04  479.937   4.1
      SystolicArrayLooper_run_inst (SystolicArrayLooper_run)   72.689  324.975 8.23e+04  479.937   4.1
        mult_x_2 (SystolicArrayLooper_run_DW_mult_uns_J4_0)    3.756    3.359 2.37e+04   30.769   0.3
        add_x_7 (SystolicArrayLooper_run_DW01_inc_J4_0) 1.13e-02 1.96e-02  681.508    0.712   0.0
        add_x_8 (SystolicArrayLooper_run_DW01_add_J4_0)    0.182    0.295 1.97e+03    2.448   0.0
        SystolicArrayLooper_run_run_fsm_inst (SystolicArrayLooper_run_run_fsm)    1.873    6.441 1.94e+03   10.258   0.1
        SystolicArrayLooper_run_staller_inst (SystolicArrayLooper_run_staller)    0.170 6.69e-02   30.804    0.268   0.0
        SystolicArrayLooper_run_loopIndicesOut_rsci_inst (SystolicArrayLooper_run_loopIndicesOut_rsci)    0.101    1.511  839.031    2.452   0.0
          SystolicArrayLooper_run_loopIndicesOut_rsci_loopIndicesOut_wait_dp_inst (SystolicArrayLooper_run_loopIndicesOut_rsci_loopIndicesOut_wait_dp) 5.27e-03    1.439  124.123    1.569   0.0
          SystolicArrayLooper_run_loopIndicesOut_rsci_loopIndicesOut_wait_ctrl_inst (SystolicArrayLooper_run_loopIndicesOut_rsci_loopIndicesOut_wait_ctrl) 1.62e-02 1.62e-02   78.441    0.111   0.0
          loopIndicesOut_rsci (ccs_out_wait_v1_rscid158_width48) 8.00e-02 5.55e-02  636.466    0.772   0.0
        SystolicArrayLooper_run_paramsOut_rsci_inst (SystolicArrayLooper_run_paramsOut_rsci)    0.385    1.668 1.24e+03    3.294   0.0
          SystolicArrayLooper_run_paramsOut_rsci_paramsOut_wait_dp_inst (SystolicArrayLooper_run_paramsOut_rsci_paramsOut_wait_dp) 5.62e-03    1.439  124.123    1.569   0.0
          SystolicArrayLooper_run_paramsOut_rsci_paramsOut_wait_ctrl_inst (SystolicArrayLooper_run_paramsOut_rsci_paramsOut_wait_ctrl) 9.44e-03 1.58e-02   78.441    0.104   0.0
          paramsOut_rsci (ccs_out_wait_v1_rscid157_width144)    0.370    0.212 1.04e+03    1.621   0.0
        SystolicArrayLooper_run_paramsIn_rsci_inst (SystolicArrayLooper_run_paramsIn_rsci)   36.781  185.114 1.63e+04  238.237   2.0
          SystolicArrayLooper_run_paramsIn_rsci_paramsIn_wait_dp_inst (SystolicArrayLooper_run_paramsIn_rsci_paramsIn_wait_dp)   35.150  184.305 1.43e+04  233.754   2.0
          SystolicArrayLooper_run_paramsIn_rsci_paramsIn_wait_ctrl_inst (SystolicArrayLooper_run_paramsIn_rsci_paramsIn_wait_ctrl) 8.02e-02 6.95e-02   78.010    0.228   0.0
          paramsIn_rsci (ccs_in_wait_v1_rscid156_width144)    0.530    0.589 1.64e+03    2.757   0.0
    systolicArrayCore (SystolicArrayCore_IDTYPE_WDTYPE_ODTYPE_16_16)  837.630 3.45e+03 1.57e+06 5.86e+03  50.1
      SystolicArrayCore_IDTYPE_WDTYPE_ODTYPE_16_16_struct_inst (SystolicArrayCore_IDTYPE_WDTYPE_ODTYPE_16_16_struct)  837.630 3.45e+03 1.57e+06 5.86e+03  50.1
        SystolicArrayCore_IDTYPE_WDTYPE_ODTYPE_16_16_run_inst (SystolicArrayCore_IDTYPE_WDTYPE_ODTYPE_16_16_run)  824.187 3.44e+03 1.56e+06 5.83e+03  49.8
          mult_x_122 (SystolicArrayCore_IDTYPE_WDTYPE_ODTYPE_16_16_run_DW_mult_uns_J1_0)    1.632    1.385 2.37e+04   26.684   0.2
          add_x_443 (SystolicArrayCore_IDTYPE_WDTYPE_ODTYPE_16_16_run_DW01_add_J1_2) 3.27e-02    0.119 2.20e+03    2.355   0.0
          add_x_468 (SystolicArrayCore_IDTYPE_WDTYPE_ODTYPE_16_16_run_DW01_inc_J1_0) 7.91e-04 3.15e-03  681.184    0.685   0.0
          DP_OP_682J1_122_7340 (SystolicArrayCore_IDTYPE_WDTYPE_ODTYPE_16_16_run_DP_OP_682J1_122_7340_J1_0)    0.126    0.142 1.40e+03    1.671   0.0
          DP_OP_683J1_123_666 (SystolicArrayCore_IDTYPE_WDTYPE_ODTYPE_16_16_run_DP_OP_683J1_123_666_J1_0) 6.48e-02    0.100 1.26e+03    1.428   0.0
          DP_OP_684J1_124_7340 (SystolicArrayCore_IDTYPE_WDTYPE_ODTYPE_16_16_run_DP_OP_684J1_124_7340_J1_0)    0.128    0.144 1.40e+03    1.676   0.0
          DP_OP_685J1_125_7340 (SystolicArrayCore_IDTYPE_WDTYPE_ODTYPE_16_16_run_DP_OP_685J1_125_7340_J1_0)    0.127    0.144 1.40e+03    1.674   0.0
          SystolicArrayCore_IDTYPE_WDTYPE_ODTYPE_16_16_run_run_fsm_inst (SystolicArrayCore_IDTYPE_WDTYPE_ODTYPE_16_16_run_run_fsm)    2.036    9.617 2.00e+03   13.648   0.1
          SystolicArrayCore_IDTYPE_WDTYPE_ODTYPE_16_16_run_staller_inst (SystolicArrayCore_IDTYPE_WDTYPE_ODTYPE_16_16_run_staller)    1.492    1.156  164.402    2.812   0.0
          SystolicArrayCore_IDTYPE_WDTYPE_ODTYPE_16_16_run_wait_dp_inst (SystolicArrayCore_IDTYPE_WDTYPE_ODTYPE_16_16_run_wait_dp) 6.29e-02 1.26e-02  201.878    0.277   0.0
          SystolicArrayCore_IDTYPE_WDTYPE_ODTYPE_16_16_run_accumulation_buffer_rsc_0_15_i_1_inst (SystolicArrayCore_IDTYPE_WDTYPE_ODTYPE_16_16_run_accumulation_buffer_rsc_0_15_i_1)    4.878   28.971 2.39e+03   36.242   0.3
            SystolicArrayCore_IDTYPE_WDTYPE_ODTYPE_16_16_run_accumulation_buffer_rsc_0_15_i_1_accumulation_buffer_rsc_0_15_wait_dp_inst (SystolicArrayCore_IDTYPE_WDTYPE_ODTYPE_16_16_run_accumulation_buffer_rsc_0_15_i_1_accumulation_buffer_rsc_0_15_wait_dp)    4.846   28.929 2.27e+03   36.043   0.3
            SystolicArrayCore_IDTYPE_WDTYPE_ODTYPE_16_16_run_accumulation_buffer_rsc_0_15_i_1_accumulation_buffer_rsc_0_15_wait_ctrl_inst (SystolicArrayCore_IDTYPE_WDTYPE_ODTYPE_16_16_run_accumulation_buffer_rsc_0_15_i_1_accumulation_buffer_rsc_0_15_wait_ctrl) 9.89e-05 1.88e-04  113.563    0.114   0.0
          SystolicArrayCore_IDTYPE_WDTYPE_ODTYPE_16_16_run_accumulation_buffer_rsc_0_14_i_1_inst (SystolicArrayCore_IDTYPE_WDTYPE_ODTYPE_16_16_run_accumulation_buffer_rsc_0_14_i_1)    4.498   28.954 2.37e+03   35.823   0.3
            SystolicArrayCore_IDTYPE_WDTYPE_ODTYPE_16_16_run_accumulation_buffer_rsc_0_14_i_1_accumulation_buffer_rsc_0_14_wait_dp_inst (SystolicArrayCore_IDTYPE_WDTYPE_ODTYPE_16_16_run_accumulation_buffer_rsc_0_14_i_1_accumulation_buffer_rsc_0_14_wait_dp)    4.498   28.954 2.26e+03   35.709   0.3
            SystolicArrayCore_IDTYPE_WDTYPE_ODTYPE_16_16_run_accumulation_buffer_rsc_0_14_i_1_accumulation_buffer_rsc_0_14_wait_ctrl_inst (SystolicArrayCore_IDTYPE_WDTYPE_ODTYPE_16_16_run_accumulation_buffer_rsc_0_14_i_1_accumulation_buffer_rsc_0_14_wait_ctrl) 9.82e-05 1.88e-04  113.563    0.114   0.0
          SystolicArrayCore_IDTYPE_WDTYPE_ODTYPE_16_16_run_accumulation_buffer_rsc_0_13_i_1_inst (SystolicArrayCore_IDTYPE_WDTYPE_ODTYPE_16_16_run_accumulation_buffer_rsc_0_13_i_1)    4.926   28.982 2.38e+03   36.289   0.3
            SystolicArrayCore_IDTYPE_WDTYPE_ODTYPE_16_16_run_accumulation_buffer_rsc_0_13_i_1_accumulation_buffer_rsc_0_13_wait_dp_inst (SystolicArrayCore_IDTYPE_WDTYPE_ODTYPE_16_16_run_accumulation_buffer_rsc_0_13_i_1_accumulation_buffer_rsc_0_13_wait_dp)    4.527   28.941 2.26e+03   35.724   0.3
            SystolicArrayCore_IDTYPE_WDTYPE_ODTYPE_16_16_run_accumulation_buffer_rsc_0_13_i_1_accumulation_buffer_rsc_0_13_wait_ctrl_inst (SystolicArrayCore_IDTYPE_WDTYPE_ODTYPE_16_16_run_accumulation_buffer_rsc_0_13_i_1_accumulation_buffer_rsc_0_13_wait_ctrl) 9.86e-05 2.62e-04  113.563    0.114   0.0
          SystolicArrayCore_IDTYPE_WDTYPE_ODTYPE_16_16_run_accumulation_buffer_rsc_0_12_i_1_inst (SystolicArrayCore_IDTYPE_WDTYPE_ODTYPE_16_16_run_accumulation_buffer_rsc_0_12_i_1)    4.867   29.016 2.38e+03   36.264   0.3
            SystolicArrayCore_IDTYPE_WDTYPE_ODTYPE_16_16_run_accumulation_buffer_rsc_0_12_i_1_accumulation_buffer_rsc_0_12_wait_dp_inst (SystolicArrayCore_IDTYPE_WDTYPE_ODTYPE_16_16_run_accumulation_buffer_rsc_0_12_i_1_accumulation_buffer_rsc_0_12_wait_dp)    4.478   28.973 2.26e+03   35.708   0.3
            SystolicArrayCore_IDTYPE_WDTYPE_ODTYPE_16_16_run_accumulation_buffer_rsc_0_12_i_1_accumulation_buffer_rsc_0_12_wait_ctrl_inst (SystolicArrayCore_IDTYPE_WDTYPE_ODTYPE_16_16_run_accumulation_buffer_rsc_0_12_i_1_accumulation_buffer_rsc_0_12_wait_ctrl) 9.86e-05 2.62e-04  113.563    0.114   0.0
          SystolicArrayCore_IDTYPE_WDTYPE_ODTYPE_16_16_run_accumulation_buffer_rsc_0_11_i_1_inst (SystolicArrayCore_IDTYPE_WDTYPE_ODTYPE_16_16_run_accumulation_buffer_rsc_0_11_i_1)    4.637   28.977 2.37e+03   35.984   0.3
            SystolicArrayCore_IDTYPE_WDTYPE_ODTYPE_16_16_run_accumulation_buffer_rsc_0_11_i_1_accumulation_buffer_rsc_0_11_wait_dp_inst (SystolicArrayCore_IDTYPE_WDTYPE_ODTYPE_16_16_run_accumulation_buffer_rsc_0_11_i_1_accumulation_buffer_rsc_0_11_wait_dp)    4.637   28.977 2.26e+03   35.870   0.3
            SystolicArrayCore_IDTYPE_WDTYPE_ODTYPE_16_16_run_accumulation_buffer_rsc_0_11_i_1_accumulation_buffer_rsc_0_11_wait_ctrl_inst (SystolicArrayCore_IDTYPE_WDTYPE_ODTYPE_16_16_run_accumulation_buffer_rsc_0_11_i_1_accumulation_buffer_rsc_0_11_wait_ctrl) 9.82e-05 2.62e-04  113.563    0.114   0.0
          SystolicArrayCore_IDTYPE_WDTYPE_ODTYPE_16_16_run_accumulation_buffer_rsc_0_10_i_1_inst (SystolicArrayCore_IDTYPE_WDTYPE_ODTYPE_16_16_run_accumulation_buffer_rsc_0_10_i_1)    4.958   28.976 2.38e+03   36.315   0.3
            SystolicArrayCore_IDTYPE_WDTYPE_ODTYPE_16_16_run_accumulation_buffer_rsc_0_10_i_1_accumulation_buffer_rsc_0_10_wait_dp_inst (SystolicArrayCore_IDTYPE_WDTYPE_ODTYPE_16_16_run_accumulation_buffer_rsc_0_10_i_1_accumulation_buffer_rsc_0_10_wait_dp)    4.563   28.933 2.26e+03   35.752   0.3
            SystolicArrayCore_IDTYPE_WDTYPE_ODTYPE_16_16_run_accumulation_buffer_rsc_0_10_i_1_accumulation_buffer_rsc_0_10_wait_ctrl_inst (SystolicArrayCore_IDTYPE_WDTYPE_ODTYPE_16_16_run_accumulation_buffer_rsc_0_10_i_1_accumulation_buffer_rsc_0_10_wait_ctrl) 9.84e-05 1.88e-04  113.563    0.114   0.0
          SystolicArrayCore_IDTYPE_WDTYPE_ODTYPE_16_16_run_accumulation_buffer_rsc_0_9_i_1_inst (SystolicArrayCore_IDTYPE_WDTYPE_ODTYPE_16_16_run_accumulation_buffer_rsc_0_9_i_1)    4.937   29.013 2.38e+03   36.332   0.3
            SystolicArrayCore_IDTYPE_WDTYPE_ODTYPE_16_16_run_accumulation_buffer_rsc_0_9_i_1_accumulation_buffer_rsc_0_9_wait_dp_inst (SystolicArrayCore_IDTYPE_WDTYPE_ODTYPE_16_16_run_accumulation_buffer_rsc_0_9_i_1_accumulation_buffer_rsc_0_9_wait_dp)    4.547   28.968 2.26e+03   35.772   0.3
            SystolicArrayCore_IDTYPE_WDTYPE_ODTYPE_16_16_run_accumulation_buffer_rsc_0_9_i_1_accumulation_buffer_rsc_0_9_wait_ctrl_inst (SystolicArrayCore_IDTYPE_WDTYPE_ODTYPE_16_16_run_accumulation_buffer_rsc_0_9_i_1_accumulation_buffer_rsc_0_9_wait_ctrl) 9.83e-05 1.88e-04  113.563    0.114   0.0
          SystolicArrayCore_IDTYPE_WDTYPE_ODTYPE_16_16_run_accumulation_buffer_rsc_0_8_i_1_inst (SystolicArrayCore_IDTYPE_WDTYPE_ODTYPE_16_16_run_accumulation_buffer_rsc_0_8_i_1)    4.444   28.814 2.37e+03   35.629   0.3
            SystolicArrayCore_IDTYPE_WDTYPE_ODTYPE_16_16_run_accumulation_buffer_rsc_0_8_i_1_accumulation_buffer_rsc_0_8_wait_dp_inst (SystolicArrayCore_IDTYPE_WDTYPE_ODTYPE_16_16_run_accumulation_buffer_rsc_0_8_i_1_accumulation_buffer_rsc_0_8_wait_dp)    4.444   28.814 2.26e+03   35.515   0.3
            SystolicArrayCore_IDTYPE_WDTYPE_ODTYPE_16_16_run_accumulation_buffer_rsc_0_8_i_1_accumulation_buffer_rsc_0_8_wait_ctrl_inst (SystolicArrayCore_IDTYPE_WDTYPE_ODTYPE_16_16_run_accumulation_buffer_rsc_0_8_i_1_accumulation_buffer_rsc_0_8_wait_ctrl) 9.79e-05 2.62e-04  113.563    0.114   0.0
          SystolicArrayCore_IDTYPE_WDTYPE_ODTYPE_16_16_run_accumulation_buffer_rsc_0_7_i_1_inst (SystolicArrayCore_IDTYPE_WDTYPE_ODTYPE_16_16_run_accumulation_buffer_rsc_0_7_i_1)    4.478   28.900 2.37e+03   35.749   0.3
            SystolicArrayCore_IDTYPE_WDTYPE_ODTYPE_16_16_run_accumulation_buffer_rsc_0_7_i_1_accumulation_buffer_rsc_0_7_wait_dp_inst (SystolicArrayCore_IDTYPE_WDTYPE_ODTYPE_16_16_run_accumulation_buffer_rsc_0_7_i_1_accumulation_buffer_rsc_0_7_wait_dp)    4.478   28.900 2.26e+03   35.635   0.3
            SystolicArrayCore_IDTYPE_WDTYPE_ODTYPE_16_16_run_accumulation_buffer_rsc_0_7_i_1_accumulation_buffer_rsc_0_7_wait_ctrl_inst (SystolicArrayCore_IDTYPE_WDTYPE_ODTYPE_16_16_run_accumulation_buffer_rsc_0_7_i_1_accumulation_buffer_rsc_0_7_wait_ctrl) 9.92e-05 1.87e-04  113.563    0.114   0.0
          SystolicArrayCore_IDTYPE_WDTYPE_ODTYPE_16_16_run_accumulation_buffer_rsc_0_6_i_1_inst (SystolicArrayCore_IDTYPE_WDTYPE_ODTYPE_16_16_run_accumulation_buffer_rsc_0_6_i_1)    4.567   28.982 2.37e+03   35.920   0.3
            SystolicArrayCore_IDTYPE_WDTYPE_ODTYPE_16_16_run_accumulation_buffer_rsc_0_6_i_1_accumulation_buffer_rsc_0_6_wait_dp_inst (SystolicArrayCore_IDTYPE_WDTYPE_ODTYPE_16_16_run_accumulation_buffer_rsc_0_6_i_1_accumulation_buffer_rsc_0_6_wait_dp)    4.567   28.982 2.26e+03   35.806   0.3
            SystolicArrayCore_IDTYPE_WDTYPE_ODTYPE_16_16_run_accumulation_buffer_rsc_0_6_i_1_accumulation_buffer_rsc_0_6_wait_ctrl_inst (SystolicArrayCore_IDTYPE_WDTYPE_ODTYPE_16_16_run_accumulation_buffer_rsc_0_6_i_1_accumulation_buffer_rsc_0_6_wait_ctrl) 9.90e-05 1.88e-04  113.563    0.114   0.0
          SystolicArrayCore_IDTYPE_WDTYPE_ODTYPE_16_16_run_accumulation_buffer_rsc_0_5_i_1_inst (SystolicArrayCore_IDTYPE_WDTYPE_ODTYPE_16_16_run_accumulation_buffer_rsc_0_5_i_1)    4.441   28.765 2.37e+03   35.577   0.3
            SystolicArrayCore_IDTYPE_WDTYPE_ODTYPE_16_16_run_accumulation_buffer_rsc_0_5_i_1_accumulation_buffer_rsc_0_5_wait_dp_inst (SystolicArrayCore_IDTYPE_WDTYPE_ODTYPE_16_16_run_accumulation_buffer_rsc_0_5_i_1_accumulation_buffer_rsc_0_5_wait_dp)    4.441   28.765 2.26e+03   35.463   0.3
            SystolicArrayCore_IDTYPE_WDTYPE_ODTYPE_16_16_run_accumulation_buffer_rsc_0_5_i_1_accumulation_buffer_rsc_0_5_wait_ctrl_inst (SystolicArrayCore_IDTYPE_WDTYPE_ODTYPE_16_16_run_accumulation_buffer_rsc_0_5_i_1_accumulation_buffer_rsc_0_5_wait_ctrl) 9.84e-05 2.62e-04  113.563    0.114   0.0
          SystolicArrayCore_IDTYPE_WDTYPE_ODTYPE_16_16_run_accumulation_buffer_rsc_0_4_i_1_inst (SystolicArrayCore_IDTYPE_WDTYPE_ODTYPE_16_16_run_accumulation_buffer_rsc_0_4_i_1)    4.535   28.917 2.37e+03   35.823   0.3
            SystolicArrayCore_IDTYPE_WDTYPE_ODTYPE_16_16_run_accumulation_buffer_rsc_0_4_i_1_accumulation_buffer_rsc_0_4_wait_dp_inst (SystolicArrayCore_IDTYPE_WDTYPE_ODTYPE_16_16_run_accumulation_buffer_rsc_0_4_i_1_accumulation_buffer_rsc_0_4_wait_dp)    4.535   28.917 2.26e+03   35.709   0.3
            SystolicArrayCore_IDTYPE_WDTYPE_ODTYPE_16_16_run_accumulation_buffer_rsc_0_4_i_1_accumulation_buffer_rsc_0_4_wait_ctrl_inst (SystolicArrayCore_IDTYPE_WDTYPE_ODTYPE_16_16_run_accumulation_buffer_rsc_0_4_i_1_accumulation_buffer_rsc_0_4_wait_ctrl) 9.82e-05 2.62e-04  113.563    0.114   0.0
          SystolicArrayCore_IDTYPE_WDTYPE_ODTYPE_16_16_run_accumulation_buffer_rsc_0_3_i_1_inst (SystolicArrayCore_IDTYPE_WDTYPE_ODTYPE_16_16_run_accumulation_buffer_rsc_0_3_i_1)    4.450   28.841 2.37e+03   35.662   0.3
            SystolicArrayCore_IDTYPE_WDTYPE_ODTYPE_16_16_run_accumulation_buffer_rsc_0_3_i_1_accumulation_buffer_rsc_0_3_wait_dp_inst (SystolicArrayCore_IDTYPE_WDTYPE_ODTYPE_16_16_run_accumulation_buffer_rsc_0_3_i_1_accumulation_buffer_rsc_0_3_wait_dp)    4.450   28.840 2.26e+03   35.548   0.3
            SystolicArrayCore_IDTYPE_WDTYPE_ODTYPE_16_16_run_accumulation_buffer_rsc_0_3_i_1_accumulation_buffer_rsc_0_3_wait_ctrl_inst (SystolicArrayCore_IDTYPE_WDTYPE_ODTYPE_16_16_run_accumulation_buffer_rsc_0_3_i_1_accumulation_buffer_rsc_0_3_wait_ctrl) 9.95e-05 2.62e-04  113.563    0.114   0.0
          SystolicArrayCore_IDTYPE_WDTYPE_ODTYPE_16_16_run_accumulation_buffer_rsc_0_2_i_1_inst (SystolicArrayCore_IDTYPE_WDTYPE_ODTYPE_16_16_run_accumulation_buffer_rsc_0_2_i_1)    4.872   28.919 2.38e+03   36.173   0.3
            SystolicArrayCore_IDTYPE_WDTYPE_ODTYPE_16_16_run_accumulation_buffer_rsc_0_2_i_1_accumulation_buffer_rsc_0_2_wait_dp_inst (SystolicArrayCore_IDTYPE_WDTYPE_ODTYPE_16_16_run_accumulation_buffer_rsc_0_2_i_1_accumulation_buffer_rsc_0_2_wait_dp)    4.872   28.919 2.27e+03   36.059   0.3
            SystolicArrayCore_IDTYPE_WDTYPE_ODTYPE_16_16_run_accumulation_buffer_rsc_0_2_i_1_accumulation_buffer_rsc_0_2_wait_ctrl_inst (SystolicArrayCore_IDTYPE_WDTYPE_ODTYPE_16_16_run_accumulation_buffer_rsc_0_2_i_1_accumulation_buffer_rsc_0_2_wait_ctrl) 9.85e-05 2.62e-04  113.563    0.114   0.0
          SystolicArrayCore_IDTYPE_WDTYPE_ODTYPE_16_16_run_accumulation_buffer_rsc_0_1_i_1_inst (SystolicArrayCore_IDTYPE_WDTYPE_ODTYPE_16_16_run_accumulation_buffer_rsc_0_1_i_1)    4.468   28.917 2.37e+03   35.755   0.3
            SystolicArrayCore_IDTYPE_WDTYPE_ODTYPE_16_16_run_accumulation_buffer_rsc_0_1_i_1_accumulation_buffer_rsc_0_1_wait_dp_inst (SystolicArrayCore_IDTYPE_WDTYPE_ODTYPE_16_16_run_accumulation_buffer_rsc_0_1_i_1_accumulation_buffer_rsc_0_1_wait_dp)    4.468   28.916 2.26e+03   35.641   0.3
            SystolicArrayCore_IDTYPE_WDTYPE_ODTYPE_16_16_run_accumulation_buffer_rsc_0_1_i_1_accumulation_buffer_rsc_0_1_wait_ctrl_inst (SystolicArrayCore_IDTYPE_WDTYPE_ODTYPE_16_16_run_accumulation_buffer_rsc_0_1_i_1_accumulation_buffer_rsc_0_1_wait_ctrl) 9.88e-05 1.88e-04  113.563    0.114   0.0
          SystolicArrayCore_IDTYPE_WDTYPE_ODTYPE_16_16_run_accumulation_buffer_rsc_0_0_i_1_inst (SystolicArrayCore_IDTYPE_WDTYPE_ODTYPE_16_16_run_accumulation_buffer_rsc_0_0_i_1)    4.786   28.988 2.37e+03   36.144   0.3
            SystolicArrayCore_IDTYPE_WDTYPE_ODTYPE_16_16_run_accumulation_buffer_rsc_0_0_i_1_accumulation_buffer_rsc_0_0_wait_dp_inst (SystolicArrayCore_IDTYPE_WDTYPE_ODTYPE_16_16_run_accumulation_buffer_rsc_0_0_i_1_accumulation_buffer_rsc_0_0_wait_dp)    4.786   28.988 2.26e+03   36.030   0.3
            SystolicArrayCore_IDTYPE_WDTYPE_ODTYPE_16_16_run_accumulation_buffer_rsc_0_0_i_1_accumulation_buffer_rsc_0_0_wait_ctrl_inst (SystolicArrayCore_IDTYPE_WDTYPE_ODTYPE_16_16_run_accumulation_buffer_rsc_0_0_i_1_accumulation_buffer_rsc_0_0_wait_ctrl) 9.94e-05 2.62e-04  113.563    0.114   0.0
          SystolicArrayCore_IDTYPE_WDTYPE_ODTYPE_16_16_run_loopIndicesIn_rsci_inst (SystolicArrayCore_IDTYPE_WDTYPE_ODTYPE_16_16_run_loopIndicesIn_rsci)   13.206   72.409 6.12e+03   91.732   0.8
            SystolicArrayCore_IDTYPE_WDTYPE_ODTYPE_16_16_run_loopIndicesIn_rsci_loopIndicesIn_wait_dp_inst (SystolicArrayCore_IDTYPE_WDTYPE_ODTYPE_16_16_run_loopIndicesIn_rsci_loopIndicesIn_wait_dp)   12.755   72.263 5.39e+03   90.408   0.8
            SystolicArrayCore_IDTYPE_WDTYPE_ODTYPE_16_16_run_loopIndicesIn_rsci_loopIndicesIn_wait_ctrl_inst (SystolicArrayCore_IDTYPE_WDTYPE_ODTYPE_16_16_run_loopIndicesIn_rsci_loopIndicesIn_wait_ctrl) 4.60e-02 6.17e-02   78.234    0.186   0.0
            loopIndicesIn_rsci (ccs_in_wait_v1_rscid104_width48) 1.36e-02 4.28e-02  636.541    0.693   0.0
          SystolicArrayCore_IDTYPE_WDTYPE_ODTYPE_16_16_run_paramsIn_rsci_inst (SystolicArrayCore_IDTYPE_WDTYPE_ODTYPE_16_16_run_paramsIn_rsci)   21.912  116.981 1.01e+04  148.979   1.3
            SystolicArrayCore_IDTYPE_WDTYPE_ODTYPE_16_16_run_paramsIn_rsci_paramsIn_wait_dp_inst (SystolicArrayCore_IDTYPE_WDTYPE_ODTYPE_16_16_run_paramsIn_rsci_paramsIn_wait_dp)   21.757  116.718 8.97e+03  147.443   1.3
            SystolicArrayCore_IDTYPE_WDTYPE_ODTYPE_16_16_run_paramsIn_rsci_paramsIn_wait_ctrl_inst (SystolicArrayCore_IDTYPE_WDTYPE_ODTYPE_16_16_run_paramsIn_rsci_paramsIn_wait_ctrl) 5.08e-02 6.15e-02   78.234    0.191   0.0
            paramsIn_rsci (ccs_in_wait_v1_rscid103_width144)    0.105    0.202 1.04e+03    1.345   0.0
          SystolicArrayCore_IDTYPE_WDTYPE_ODTYPE_16_16_run_output_rsci_inst (SystolicArrayCore_IDTYPE_WDTYPE_ODTYPE_16_16_run_output_rsci) 4.02e-02    1.472 3.49e+03    5.004   0.0
            SystolicArrayCore_IDTYPE_WDTYPE_ODTYPE_16_16_run_output_rsci_output_wait_dp_inst (SystolicArrayCore_IDTYPE_WDTYPE_ODTYPE_16_16_run_output_rsci_output_wait_dp)    0.000    1.434  122.338    1.556   0.0
            SystolicArrayCore_IDTYPE_WDTYPE_ODTYPE_16_16_run_output_rsci_output_wait_ctrl_inst (SystolicArrayCore_IDTYPE_WDTYPE_ODTYPE_16_16_run_output_rsci_output_wait_ctrl) 1.17e-04 9.72e-05   77.822 7.80e-02   0.0
            output_rsci (ccs_out_wait_v1_rscid102_width256) 4.01e-02 3.85e-02 3.29e+03    3.370   0.0
          SystolicArrayCore_IDTYPE_WDTYPE_ODTYPE_16_16_run_weight_rsci_inst (SystolicArrayCore_IDTYPE_WDTYPE_ODTYPE_16_16_run_weight_rsci)   34.207  185.926 1.61e+04  236.226   2.0
            SystolicArrayCore_IDTYPE_WDTYPE_ODTYPE_16_16_run_weight_rsci_weight_wait_dp_inst (SystolicArrayCore_IDTYPE_WDTYPE_ODTYPE_16_16_run_weight_rsci_weight_wait_dp)   34.201  185.919 1.41e+04  234.214   2.0
            SystolicArrayCore_IDTYPE_WDTYPE_ODTYPE_16_16_run_weight_rsci_weight_wait_ctrl_inst (SystolicArrayCore_IDTYPE_WDTYPE_ODTYPE_16_16_run_weight_rsci_weight_wait_ctrl) 4.27e-03 3.92e-03   73.221 8.14e-02   0.0
            weight_rsci (ccs_in_wait_v1_rscid101_width128) 8.00e-04 2.80e-03 1.66e+03    1.663   0.0
          SystolicArrayCore_IDTYPE_WDTYPE_ODTYPE_16_16_run_input_rsci_inst (SystolicArrayCore_IDTYPE_WDTYPE_ODTYPE_16_16_run_input_rsci)   34.210  185.900 1.58e+04  235.948   2.0
            SystolicArrayCore_IDTYPE_WDTYPE_ODTYPE_16_16_run_input_rsci_input_wait_dp_inst (SystolicArrayCore_IDTYPE_WDTYPE_ODTYPE_16_16_run_input_rsci_input_wait_dp)   33.768  185.857 1.41e+04  233.719   2.0
            SystolicArrayCore_IDTYPE_WDTYPE_ODTYPE_16_16_run_input_rsci_input_wait_ctrl_inst (SystolicArrayCore_IDTYPE_WDTYPE_ODTYPE_16_16_run_input_rsci_input_wait_ctrl) 3.12e-04 9.20e-05   72.828 7.32e-02   0.0
            input_rsci (ccs_in_wait_v1_rscid100_width128) 3.33e-05 6.93e-05 1.66e+03    1.659   0.0
          input_fifo_0_run_cmp (Fifo_IDTYPE_1) 3.20e-04    1.152  883.680    2.036   0.0
            Fifo_IDTYPE_1_run_inst (Fifo_IDTYPE_1_run) 3.20e-04    1.152  883.680    2.036   0.0
              output_rsci (mgc_out_dreg_v2_rscid7_width8)    0.000    0.000  102.107    0.102   0.0
              input_rsci (ccs_in_v1_rscid6_width8) 3.20e-04 1.97e-04  102.089    0.103   0.0
          accum_fifo_0_run_cmp (Fifo_ODTYPE_1) 5.64e-02    1.516 1.71e+03    3.279   0.0
            Fifo_ODTYPE_1_run_inst (Fifo_ODTYPE_1_run) 5.64e-02    1.516 1.71e+03    3.279   0.0
              output_rsci (mgc_out_dreg_v2_rscid54_width16)    0.000    0.000  204.215    0.204   0.0
              input_rsci (ccs_in_v1_rscid53_width16)    0.000    0.000  204.215    0.204   0.0
          pe_0_0_run_cmp (ProcessingElement_IDTYPE_ODTYPE)    0.497    1.444 9.54e+03   11.477   0.1
            ProcessingElement_IDTYPE_ODTYPE_run_inst (ProcessingElement_IDTYPE_ODTYPE_run)    0.496    1.444 9.39e+03   11.335   0.1
              DP_OP_3J21_122_1785 (ProcessingElement_IDTYPE_ODTYPE_run_DP_OP_3J21_122_1785_J21_0) 1.17e-02 9.58e-03 6.58e+03    6.596   0.1
              psum_out_rsci (mgc_out_dreg_v2_rscid5_width16)    0.000    0.000  204.215    0.204   0.0
              input_out_rsci (mgc_out_dreg_v2_rscid4_width8) 2.28e-04 7.64e-04  102.104    0.103   0.0
              weight_rsci (ccs_in_v1_rscid3_width8)    0.000    0.000  102.107    0.102   0.0
              psum_in_rsci (ccs_in_v1_rscid2_width16)    0.000    0.000  204.215    0.204   0.0
              input_in_rsci (ccs_in_v1_rscid1_width8) 6.03e-03 6.98e-04  102.103    0.109   0.0
          input_fifo_1_rsci (Fifo_IDTYPE_2)    0.368    2.348 1.61e+03    4.323   0.0
            Fifo_IDTYPE_2_run_inst (Fifo_IDTYPE_2_run)    0.368    2.348 1.61e+03    4.323   0.0
              ccs_ccore_start_rsci (ccs_in_v1_rscid147_width1)    0.000    0.000   12.763 1.28e-02   0.0
              output_rsci (mgc_out_dreg_v2_rscid9_width8)    0.000    0.000  102.107    0.102   0.0
              input_rsci (ccs_in_v1_rscid8_width8) 2.79e-04 1.96e-04  102.089    0.103   0.0
          input_fifo_2_rsci (Fifo_IDTYPE_3)    0.436    2.355 2.23e+03    5.017   0.0
            Fifo_IDTYPE_3_run_inst (Fifo_IDTYPE_3_run)    0.436    2.355 2.23e+03    5.017   0.0
              ccs_ccore_start_rsci (ccs_in_v1_rscid146_width1)    0.000    0.000   12.763 1.28e-02   0.0
              output_rsci (mgc_out_dreg_v2_rscid12_width8)    0.000    0.000  102.107    0.102   0.0
              input_rsci (ccs_in_v1_rscid11_width8) 3.19e-04 1.97e-04  102.089    0.103   0.0
          input_fifo_3_rsci (Fifo_IDTYPE_4)    0.435    2.365 2.84e+03    5.644   0.0
            Fifo_IDTYPE_4_run_inst (Fifo_IDTYPE_4_run)    0.435    2.365 2.84e+03    5.644   0.0
              ccs_ccore_start_rsci (ccs_in_v1_rscid145_width1)    0.000    0.000   12.763 1.28e-02   0.0
              output_rsci (mgc_out_dreg_v2_rscid15_width8)    0.000    0.000  102.107    0.102   0.0
              input_rsci (ccs_in_v1_rscid14_width8) 3.22e-04 1.97e-04  102.089    0.103   0.0
          input_fifo_4_rsci (Fifo_IDTYPE_5)    0.499    2.413 3.49e+03    6.398   0.1
            Fifo_IDTYPE_5_run_inst (Fifo_IDTYPE_5_run)    0.499    2.413 3.49e+03    6.398   0.1
              ccs_ccore_start_rsci (ccs_in_v1_rscid144_width1)    0.000    0.000   12.763 1.28e-02   0.0
              output_rsci (mgc_out_dreg_v2_rscid18_width8)    0.000    0.000  102.107    0.102   0.0
              input_rsci (ccs_in_v1_rscid17_width8)    0.000    0.000  102.107    0.102   0.0
          input_fifo_5_rsci (Fifo_IDTYPE_6)    0.779    2.424 4.09e+03    7.295   0.1
            Fifo_IDTYPE_6_run_inst (Fifo_IDTYPE_6_run)    0.779    2.424 4.09e+03    7.295   0.1
              ccs_ccore_start_rsci (ccs_in_v1_rscid143_width1)    0.000    0.000   12.763 1.28e-02   0.0
              output_rsci (mgc_out_dreg_v2_rscid21_width8)    0.000    0.000  102.107    0.102   0.0
              input_rsci (ccs_in_v1_rscid20_width8)    0.000    0.000  102.107    0.102   0.0
          input_fifo_6_rsci (Fifo_IDTYPE_7)    1.327    2.520 4.75e+03    8.592   0.1
            Fifo_IDTYPE_7_run_inst (Fifo_IDTYPE_7_run)    1.327    2.520 4.75e+03    8.592   0.1
              ccs_ccore_start_rsci (ccs_in_v1_rscid142_width1)    0.000    0.000   12.763 1.28e-02   0.0
              output_rsci (mgc_out_dreg_v2_rscid24_width8)    0.000    0.000  102.107    0.102   0.0
              input_rsci (ccs_in_v1_rscid23_width8)    0.000    0.000  102.107    0.102   0.0
          input_fifo_7_rsci (Fifo_IDTYPE_8)    1.522    2.569 5.37e+03    9.466   0.1
            Fifo_IDTYPE_8_run_inst (Fifo_IDTYPE_8_run)    1.522    2.569 5.37e+03    9.466   0.1
              ccs_ccore_start_rsci (ccs_in_v1_rscid141_width1)    0.000    0.000   12.763 1.28e-02   0.0
              output_rsci (mgc_out_dreg_v2_rscid27_width8)    0.000    0.000  102.107    0.102   0.0
              input_rsci (ccs_in_v1_rscid26_width8)    0.000    0.000  102.107    0.102   0.0
          input_fifo_8_rsci (Fifo_IDTYPE_9)    1.763    2.533 5.98e+03   10.278   0.1
            Fifo_IDTYPE_9_run_inst (Fifo_IDTYPE_9_run)    1.763    2.533 5.98e+03   10.278   0.1
              ccs_ccore_start_rsci (ccs_in_v1_rscid140_width1)    0.000    0.000   12.763 1.28e-02   0.0
              output_rsci (mgc_out_dreg_v2_rscid30_width8)    0.000    0.000  102.107    0.102   0.0
              input_rsci (ccs_in_v1_rscid29_width8) 2.52e-04 3.81e-04  102.071    0.103   0.0
          input_fifo_9_rsci (Fifo_IDTYPE_10)    1.887    2.622 6.61e+03   11.118   0.1
            Fifo_IDTYPE_10_run_inst (Fifo_IDTYPE_10_run)    1.887    2.622 6.61e+03   11.118   0.1
              ccs_ccore_start_rsci (ccs_in_v1_rscid139_width1)    0.000    0.000   12.763 1.28e-02   0.0
              output_rsci (mgc_out_dreg_v2_rscid33_width8)    0.000    0.000  102.107    0.102   0.0
              input_rsci (ccs_in_v1_rscid32_width8) 2.56e-04 1.96e-04  102.089    0.103   0.0
          input_fifo_10_rsci (Fifo_IDTYPE_11)    2.058    2.629 7.23e+03   11.916   0.1
            Fifo_IDTYPE_11_run_inst (Fifo_IDTYPE_11_run)    2.058    2.629 7.23e+03   11.916   0.1
              ccs_ccore_start_rsci (ccs_in_v1_rscid138_width1)    0.000    0.000   12.763 1.28e-02   0.0
              output_rsci (mgc_out_dreg_v2_rscid36_width8)    0.000    0.000  102.107    0.102   0.0
              input_rsci (ccs_in_v1_rscid35_width8)    0.000    0.000  102.107    0.102   0.0
          input_fifo_11_rsci (Fifo_IDTYPE_12)    1.962    2.605 7.84e+03   12.402   0.1
            Fifo_IDTYPE_12_run_inst (Fifo_IDTYPE_12_run)    1.962    2.605 7.84e+03   12.402   0.1
              ccs_ccore_start_rsci (ccs_in_v1_rscid137_width1)    0.000    0.000   12.763 1.28e-02   0.0
              output_rsci (mgc_out_dreg_v2_rscid39_width8)    0.000    0.000  102.107    0.102   0.0
              input_rsci (ccs_in_v1_rscid38_width8)    0.000    0.000  102.107    0.102   0.0
          input_fifo_12_rsci (Fifo_IDTYPE_13)    2.436    2.744 8.49e+03   13.667   0.1
            Fifo_IDTYPE_13_run_inst (Fifo_IDTYPE_13_run)    2.436    2.744 8.49e+03   13.667   0.1
              ccs_ccore_start_rsci (ccs_in_v1_rscid136_width1)    0.000    0.000   12.763 1.28e-02   0.0
              output_rsci (mgc_out_dreg_v2_rscid42_width8)    0.000    0.000  102.107    0.102   0.0
              input_rsci (ccs_in_v1_rscid41_width8)    0.000    0.000  102.107    0.102   0.0
          input_fifo_13_rsci (Fifo_IDTYPE_14)    3.185    2.741 9.09e+03   15.020   0.1
            Fifo_IDTYPE_14_run_inst (Fifo_IDTYPE_14_run)    3.185    2.741 9.09e+03   15.020   0.1
              ccs_ccore_start_rsci (ccs_in_v1_rscid135_width1)    0.000    0.000   12.763 1.28e-02   0.0
              output_rsci (mgc_out_dreg_v2_rscid45_width8)    0.000    0.000  102.107    0.102   0.0
              input_rsci (ccs_in_v1_rscid44_width8)    0.000    0.000  102.107    0.102   0.0
          input_fifo_14_rsci (Fifo_IDTYPE_15)    2.864    2.743 9.72e+03   15.331   0.1
            Fifo_IDTYPE_15_run_inst (Fifo_IDTYPE_15_run)    2.864    2.743 9.72e+03   15.331   0.1
              ccs_ccore_start_rsci (ccs_in_v1_rscid134_width1)    0.000    0.000   12.763 1.28e-02   0.0
              output_rsci (mgc_out_dreg_v2_rscid48_width8)    0.000    0.000  102.107    0.102   0.0
              input_rsci (ccs_in_v1_rscid47_width8) 2.65e-04 1.96e-04  102.089    0.103   0.0
          input_fifo_15_rsci (Fifo_IDTYPE_16)    2.751    2.727 1.03e+04   15.822   0.1
            Fifo_IDTYPE_16_run_inst (Fifo_IDTYPE_16_run)    2.751    2.727 1.03e+04   15.822   0.1
              ccs_ccore_start_rsci (ccs_in_v1_rscid133_width1)    0.000    0.000   12.763 1.28e-02   0.0
              output_rsci (mgc_out_dreg_v2_rscid51_width8)    0.000    0.000  102.107    0.102   0.0
              input_rsci (ccs_in_v1_rscid50_width8) 9.23e-04 2.00e-04  102.089    0.103   0.0
          output_fifo_14_rsci (Fifo_ODTYPE_2_0)    0.565    2.764 3.06e+03    6.388   0.1
            Fifo_ODTYPE_2_run_inst (Fifo_ODTYPE_2_run_0)    0.565    2.764 3.06e+03    6.388   0.1
              ccs_ccore_start_rsci (ccs_in_v1_rscid131_width1_0) 7.19e-03 3.69e-03   12.749 2.36e-02   0.0
              output_rsci (mgc_out_dreg_v2_rscid56_width16_0)    0.000    0.000  204.215    0.204   0.0
              input_rsci (ccs_in_v1_rscid55_width16_0)    0.000    0.000  204.215    0.204   0.0
          accum_fifo_1_rsci (Fifo_ODTYPE_2_1)    0.770    4.189 3.11e+03    8.069   0.1
            Fifo_ODTYPE_2_run_inst (Fifo_ODTYPE_2_run_1)    0.770    4.189 3.11e+03    8.069   0.1
              ccs_ccore_start_rsci (ccs_in_v1_rscid131_width1_1)    0.000    0.000   12.763 1.28e-02   0.0
              output_rsci (mgc_out_dreg_v2_rscid56_width16_1)    0.000    0.000  204.215    0.204   0.0
              input_rsci (ccs_in_v1_rscid55_width16_1)    0.339    0.613  179.518    1.132   0.0
          output_fifo_13_rsci (Fifo_ODTYPE_3_0)    1.220    2.930 4.31e+03    8.457   0.1
            Fifo_ODTYPE_3_run_inst (Fifo_ODTYPE_3_run_0)    0.950    2.881 4.30e+03    8.128   0.1
              ccs_ccore_start_rsci (ccs_in_v1_rscid130_width1_0) 9.85e-03 3.71e-03   12.749 2.63e-02   0.0
              output_rsci (mgc_out_dreg_v2_rscid59_width16_0)    0.000    0.000  204.215    0.204   0.0
              input_rsci (ccs_in_v1_rscid58_width16_0)    0.000    0.000  204.215    0.204   0.0
          accum_fifo_2_rsci (Fifo_ODTYPE_3_1)    1.534    4.326 4.37e+03   10.227   0.1
            Fifo_ODTYPE_3_run_inst (Fifo_ODTYPE_3_run_1)    1.534    4.326 4.37e+03   10.227   0.1
              ccs_ccore_start_rsci (ccs_in_v1_rscid130_width1_1)    0.000    0.000   12.763 1.28e-02   0.0
              output_rsci (mgc_out_dreg_v2_rscid59_width16_1)    0.000    0.000  204.215    0.204   0.0
              input_rsci (ccs_in_v1_rscid58_width16_1)    0.407    0.618  179.384    1.204   0.0
          output_fifo_12_rsci (Fifo_ODTYPE_4_0)    1.656    3.092 5.57e+03   10.317   0.1
            Fifo_ODTYPE_4_run_inst (Fifo_ODTYPE_4_run_0)    1.656    3.092 5.57e+03   10.317   0.1
              ccs_ccore_start_rsci (ccs_in_v1_rscid129_width1_0) 9.61e-03 3.71e-03   12.749 2.61e-02   0.0
              output_rsci (mgc_out_dreg_v2_rscid62_width16_0)    0.000    0.000  204.215    0.204   0.0
              input_rsci (ccs_in_v1_rscid61_width16_0)    0.000    0.000  204.215    0.204   0.0
          accum_fifo_3_rsci (Fifo_ODTYPE_4_1)    1.814    4.358 5.60e+03   11.777   0.1
            Fifo_ODTYPE_4_run_inst (Fifo_ODTYPE_4_run_1)    1.814    4.358 5.60e+03   11.777   0.1
              ccs_ccore_start_rsci (ccs_in_v1_rscid129_width1_1)    0.000    0.000   12.763 1.28e-02   0.0
              output_rsci (mgc_out_dreg_v2_rscid62_width16_1)    0.000    0.000  204.215    0.204   0.0
              input_rsci (ccs_in_v1_rscid61_width16_1)    0.320    0.614  179.416    1.113   0.0
          output_fifo_11_rsci (Fifo_ODTYPE_5_0)    2.006    3.295 6.83e+03   12.129   0.1
            Fifo_ODTYPE_5_run_inst (Fifo_ODTYPE_5_run_0)    2.006    3.295 6.83e+03   12.129   0.1
              ccs_ccore_start_rsci (ccs_in_v1_rscid128_width1_0) 3.01e-03 4.05e-03   12.749 1.98e-02   0.0
              output_rsci (mgc_out_dreg_v2_rscid65_width16_0)    0.000    0.000  204.215    0.204   0.0
              input_rsci (ccs_in_v1_rscid64_width16_0)    0.000    0.000  204.215    0.204   0.0
          accum_fifo_4_rsci (Fifo_ODTYPE_5_1)    2.241    4.461 6.86e+03   13.565   0.1
            Fifo_ODTYPE_5_run_inst (Fifo_ODTYPE_5_run_1)    2.241    4.461 6.86e+03   13.565   0.1
              ccs_ccore_start_rsci (ccs_in_v1_rscid128_width1_1)    0.000    0.000   12.763 1.28e-02   0.0
              output_rsci (mgc_out_dreg_v2_rscid65_width16_1)    0.000    0.000  204.215    0.204   0.0
              input_rsci (ccs_in_v1_rscid64_width16_1)    0.289    0.611  179.476    1.079   0.0
          output_fifo_10_rsci (Fifo_ODTYPE_6_0)    2.270    3.383 8.05e+03   13.706   0.1
            Fifo_ODTYPE_6_run_inst (Fifo_ODTYPE_6_run_0)    2.270    3.383 8.05e+03   13.706   0.1
              ccs_ccore_start_rsci (ccs_in_v1_rscid127_width1_0) 8.95e-03 3.72e-03   12.749 2.54e-02   0.0
              output_rsci (mgc_out_dreg_v2_rscid68_width16_0)    0.000    0.000  204.215    0.204   0.0
              input_rsci (ccs_in_v1_rscid67_width16_0)    0.000    0.000  204.215    0.204   0.0
          accum_fifo_5_rsci (Fifo_ODTYPE_6_1)    2.623    4.465 8.10e+03   15.187   0.1
            Fifo_ODTYPE_6_run_inst (Fifo_ODTYPE_6_run_1)    2.167    4.415 8.09e+03   14.671   0.1
              ccs_ccore_start_rsci (ccs_in_v1_rscid127_width1_1)    0.000    0.000   12.763 1.28e-02   0.0
              output_rsci (mgc_out_dreg_v2_rscid68_width16_1)    0.000    0.000  204.215    0.204   0.0
              input_rsci (ccs_in_v1_rscid67_width16_1)    0.310    0.609  179.357    1.098   0.0
          output_fifo_9_rsci (Fifo_ODTYPE_7_0)    2.789    3.630 9.32e+03   15.743   0.1
            Fifo_ODTYPE_7_run_inst (Fifo_ODTYPE_7_run_0)    2.789    3.630 9.32e+03   15.743   0.1
              ccs_ccore_start_rsci (ccs_in_v1_rscid126_width1_0) 8.70e-03 3.72e-03   12.749 2.52e-02   0.0
              output_rsci (mgc_out_dreg_v2_rscid71_width16_0)    0.000    0.000  204.215    0.204   0.0
              input_rsci (ccs_in_v1_rscid70_width16_0)    0.000    0.000  204.215    0.204   0.0
          accum_fifo_6_rsci (Fifo_ODTYPE_7_1)    3.167    4.633 9.36e+03   17.158   0.1
            Fifo_ODTYPE_7_run_inst (Fifo_ODTYPE_7_run_1)    3.167    4.633 9.36e+03   17.158   0.1
              ccs_ccore_start_rsci (ccs_in_v1_rscid126_width1_1)    0.000    0.000   12.763 1.28e-02   0.0
              output_rsci (mgc_out_dreg_v2_rscid71_width16_1)    0.000    0.000  204.215    0.204   0.0
              input_rsci (ccs_in_v1_rscid70_width16_1)    0.528    0.635  179.433    1.342   0.0
          output_fifo_8_rsci (Fifo_ODTYPE_8_0)    3.293    3.741 1.06e+04   17.594   0.2
            Fifo_ODTYPE_8_run_inst (Fifo_ODTYPE_8_run_0)    3.293    3.741 1.06e+04   17.594   0.2
              ccs_ccore_start_rsci (ccs_in_v1_rscid125_width1_0) 1.22e-02 3.71e-03   12.749 2.86e-02   0.0
              output_rsci (mgc_out_dreg_v2_rscid74_width16_0)    0.000    0.000  204.215    0.204   0.0
              input_rsci (ccs_in_v1_rscid73_width16_0)    0.000    0.000  204.215    0.204   0.0
          accum_fifo_7_rsci (Fifo_ODTYPE_8_1)    3.405    4.595 1.06e+04   18.595   0.2
            Fifo_ODTYPE_8_run_inst (Fifo_ODTYPE_8_run_1)    3.405    4.595 1.06e+04   18.595   0.2
              ccs_ccore_start_rsci (ccs_in_v1_rscid125_width1_1)    0.000    0.000   12.763 1.28e-02   0.0
              output_rsci (mgc_out_dreg_v2_rscid74_width16_1)    0.000    0.000  204.215    0.204   0.0
              input_rsci (ccs_in_v1_rscid73_width16_1)    0.317    0.612  179.428    1.108   0.0
          output_fifo_7_rsci (Fifo_ODTYPE_9_0)    3.639    3.871 1.18e+04   19.295   0.2
            Fifo_ODTYPE_9_run_inst (Fifo_ODTYPE_9_run_0)    3.639    3.871 1.18e+04   19.295   0.2
              ccs_ccore_start_rsci (ccs_in_v1_rscid124_width1_0) 6.50e-03 3.68e-03   12.749 2.29e-02   0.0
              output_rsci (mgc_out_dreg_v2_rscid77_width16_0)    0.000    0.000  204.215    0.204   0.0
              input_rsci (ccs_in_v1_rscid76_width16_0)    0.000    0.000  204.215    0.204   0.0
          accum_fifo_8_rsci (Fifo_ODTYPE_9_1)    3.943    4.606 1.18e+04   20.382   0.2
            Fifo_ODTYPE_9_run_inst (Fifo_ODTYPE_9_run_1)    3.943    4.606 1.18e+04   20.382   0.2
              ccs_ccore_start_rsci (ccs_in_v1_rscid124_width1_1)    0.000    0.000   12.763 1.28e-02   0.0
              output_rsci (mgc_out_dreg_v2_rscid77_width16_1)    0.000    0.000  204.215    0.204   0.0
              input_rsci (ccs_in_v1_rscid76_width16_1)    0.310    0.611  179.269    1.100   0.0
          output_fifo_6_rsci (Fifo_ODTYPE_10_0)    4.046    4.033 1.30e+04   21.112   0.2
            Fifo_ODTYPE_10_run_inst (Fifo_ODTYPE_10_run_0)    4.046    4.033 1.30e+04   21.112   0.2
              ccs_ccore_start_rsci (ccs_in_v1_rscid123_width1_0) 9.29e-03 3.71e-03   12.749 2.58e-02   0.0
              output_rsci (mgc_out_dreg_v2_rscid80_width16_0)    0.000    0.000  204.215    0.204   0.0
              input_rsci (ccs_in_v1_rscid79_width16_0)    0.000    0.000  204.215    0.204   0.0
          accum_fifo_9_rsci (Fifo_ODTYPE_10_1)    4.129    4.837 1.31e+04   22.080   0.2
            Fifo_ODTYPE_10_run_inst (Fifo_ODTYPE_10_run_1)    4.129    4.837 1.31e+04   22.080   0.2
              ccs_ccore_start_rsci (ccs_in_v1_rscid123_width1_1)    0.000    0.000   12.763 1.28e-02   0.0
              output_rsci (mgc_out_dreg_v2_rscid80_width16_1)    0.000    0.000  204.215    0.204   0.0
              input_rsci (ccs_in_v1_rscid79_width16_1)    0.371    0.617  179.491    1.167   0.0
          output_fifo_5_rsci (Fifo_ODTYPE_11_0)    4.348    4.302 1.43e+04   22.964   0.2
            Fifo_ODTYPE_11_run_inst (Fifo_ODTYPE_11_run_0)    4.348    4.302 1.43e+04   22.964   0.2
              ccs_ccore_start_rsci (ccs_in_v1_rscid122_width1_0) 8.11e-03 3.92e-03   12.749 2.48e-02   0.0
              output_rsci (mgc_out_dreg_v2_rscid83_width16_0)    0.000    0.000  204.215    0.204   0.0
              input_rsci (ccs_in_v1_rscid82_width16_0)    0.000    0.000  204.215    0.204   0.0
          accum_fifo_10_rsci (Fifo_ODTYPE_11_1)    4.474    4.878 1.44e+04   23.738   0.2
            Fifo_ODTYPE_11_run_inst (Fifo_ODTYPE_11_run_1)    4.474    4.878 1.44e+04   23.738   0.2
              ccs_ccore_start_rsci (ccs_in_v1_rscid122_width1_1)    0.000    0.000   12.763 1.28e-02   0.0
              output_rsci (mgc_out_dreg_v2_rscid83_width16_1)    0.000    0.000  204.215    0.204   0.0
              input_rsci (ccs_in_v1_rscid82_width16_1)    0.336    0.618  179.391    1.133   0.0
          output_fifo_4_rsci (Fifo_ODTYPE_12_0)    4.887    4.436 1.56e+04   24.874   0.2
            Fifo_ODTYPE_12_run_inst (Fifo_ODTYPE_12_run_0)    4.457    4.389 1.55e+04   24.386   0.2
              ccs_ccore_start_rsci (ccs_in_v1_rscid121_width1_0) 9.08e-03 3.92e-03   12.749 2.57e-02   0.0
              output_rsci (mgc_out_dreg_v2_rscid86_width16_0)    0.000    0.000  204.215    0.204   0.0
              input_rsci (ccs_in_v1_rscid85_width16_0)    0.000    0.000  204.215    0.204   0.0
          accum_fifo_11_rsci (Fifo_ODTYPE_12_1)    5.036    4.898 1.56e+04   25.556   0.2
            Fifo_ODTYPE_12_run_inst (Fifo_ODTYPE_12_run_1)    4.626    4.856 1.56e+04   25.092   0.2
              ccs_ccore_start_rsci (ccs_in_v1_rscid121_width1_1)    0.000    0.000   12.763 1.28e-02   0.0
              output_rsci (mgc_out_dreg_v2_rscid86_width16_1)    0.000    0.000  204.215    0.204   0.0
              input_rsci (ccs_in_v1_rscid85_width16_1)    0.428    0.622  179.409    1.230   0.0
          output_fifo_3_rsci (Fifo_ODTYPE_13_0)    5.213    4.599 1.68e+04   26.611   0.2
            Fifo_ODTYPE_13_run_inst (Fifo_ODTYPE_13_run_0)    5.213    4.599 1.68e+04   26.611   0.2
              ccs_ccore_start_rsci (ccs_in_v1_rscid120_width1_0) 7.91e-03 3.71e-03   12.749 2.44e-02   0.0
              output_rsci (mgc_out_dreg_v2_rscid89_width16_0)    0.000    0.000  204.215    0.204   0.0
              input_rsci (ccs_in_v1_rscid88_width16_0)    0.000    0.000  204.215    0.204   0.0
          accum_fifo_12_rsci (Fifo_ODTYPE_13_1)    5.485    4.962 1.69e+04   27.304   0.2
            Fifo_ODTYPE_13_run_inst (Fifo_ODTYPE_13_run_1)    4.998    4.921 1.68e+04   26.764   0.2
              ccs_ccore_start_rsci (ccs_in_v1_rscid120_width1_1)    0.000    0.000   12.763 1.28e-02   0.0
              output_rsci (mgc_out_dreg_v2_rscid89_width16_1)    0.000    0.000  204.215    0.204   0.0
              input_rsci (ccs_in_v1_rscid88_width16_1)    0.365    0.616  179.555    1.161   0.0
          output_fifo_2_rsci (Fifo_ODTYPE_14_0)    5.843    4.797 1.81e+04   28.699   0.2
            Fifo_ODTYPE_14_run_inst (Fifo_ODTYPE_14_run_0)    5.843    4.797 1.81e+04   28.699   0.2
              ccs_ccore_start_rsci (ccs_in_v1_rscid119_width1_0) 1.16e-02 3.71e-03   12.749 2.80e-02   0.0
              output_rsci (mgc_out_dreg_v2_rscid92_width16_0)    0.000    0.000  204.215    0.204   0.0
              input_rsci (ccs_in_v1_rscid91_width16_0)    0.000    0.000  204.215    0.204   0.0
          accum_fifo_13_rsci (Fifo_ODTYPE_14_1)    5.970    5.049 1.81e+04   29.136   0.2
            Fifo_ODTYPE_14_run_inst (Fifo_ODTYPE_14_run_1)    5.424    5.001 1.81e+04   28.531   0.2
              ccs_ccore_start_rsci (ccs_in_v1_rscid119_width1_1)    0.000    0.000   12.763 1.28e-02   0.0
              output_rsci (mgc_out_dreg_v2_rscid92_width16_1)    0.000    0.000  204.215    0.204   0.0
              input_rsci (ccs_in_v1_rscid91_width16_1)    0.349    0.616  179.650    1.145   0.0
          output_fifo_1_rsci (Fifo_ODTYPE_15_0)    6.229    4.919 1.93e+04   30.444   0.3
            Fifo_ODTYPE_15_run_inst (Fifo_ODTYPE_15_run_0)    6.229    4.919 1.93e+04   30.444   0.3
              ccs_ccore_start_rsci (ccs_in_v1_rscid118_width1_0) 1.24e-02 3.71e-03   12.749 2.89e-02   0.0
              output_rsci (mgc_out_dreg_v2_rscid95_width16_0)    0.000    0.000  204.215    0.204   0.0
              input_rsci (ccs_in_v1_rscid94_width16_0)    0.000    0.000  204.215    0.204   0.0
          accum_fifo_14_rsci (Fifo_ODTYPE_15_1)    6.090    5.027 1.94e+04   30.472   0.3
            Fifo_ODTYPE_15_run_inst (Fifo_ODTYPE_15_run_1)    6.090    5.027 1.94e+04   30.472   0.3
              ccs_ccore_start_rsci (ccs_in_v1_rscid118_width1_1)    0.000    0.000   12.763 1.28e-02   0.0
              output_rsci (mgc_out_dreg_v2_rscid95_width16_1)    0.000    0.000  204.215    0.204   0.0
              input_rsci (ccs_in_v1_rscid94_width16_1)    0.345    0.614  179.441    1.139   0.0
          output_fifo_0_rsci (Fifo_ODTYPE_16_0)    6.428    5.004 2.05e+04   31.965   0.3
            Fifo_ODTYPE_16_run_inst (Fifo_ODTYPE_16_run_0)    6.428    5.004 2.05e+04   31.965   0.3
              ccs_ccore_start_rsci (ccs_in_v1_rscid117_width1_0) 1.33e-02 3.71e-03   12.749 2.98e-02   0.0
              output_rsci (mgc_out_dreg_v2_rscid98_width16_0)    0.000    0.000  204.215    0.204   0.0
              input_rsci (ccs_in_v1_rscid97_width16_0)    0.000    0.000  204.215    0.204   0.0
          accum_fifo_15_rsci (Fifo_ODTYPE_16_1)    6.344    5.011 2.06e+04   31.946   0.3
            Fifo_ODTYPE_16_run_inst (Fifo_ODTYPE_16_run_1)    6.344    5.011 2.06e+04   31.946   0.3
              ccs_ccore_start_rsci (ccs_in_v1_rscid117_width1_1)    0.000    0.000   12.763 1.28e-02   0.0
              output_rsci (mgc_out_dreg_v2_rscid98_width16_1)    0.000    0.000  204.215    0.204   0.0
              input_rsci (ccs_in_v1_rscid97_width16_1)    0.329    0.611  179.452    1.119   0.0
        accumulation_buffer_rsc_0_15_i (SystolicArrayCore_IDTYPE_WDTYPE_ODTYPE_16_16_sram_384_128_sram_384_128_rwport_164_16_16_256_16_gen)    0.566    0.649  586.904    1.802   0.0
        accumulation_buffer_rsc_0_14_i (SystolicArrayCore_IDTYPE_WDTYPE_ODTYPE_16_16_sram_384_128_sram_384_128_rwport_163_16_16_256_16_gen)    0.604    0.651  586.904    1.841   0.0
        accumulation_buffer_rsc_0_13_i (SystolicArrayCore_IDTYPE_WDTYPE_ODTYPE_16_16_sram_384_128_sram_384_128_rwport_162_16_16_256_16_gen)    0.579    0.650  586.904    1.815   0.0
        accumulation_buffer_rsc_0_12_i (SystolicArrayCore_IDTYPE_WDTYPE_ODTYPE_16_16_sram_384_128_sram_384_128_rwport_161_16_16_256_16_gen)    0.607    0.651  586.904    1.845   0.0
        accumulation_buffer_rsc_0_11_i (SystolicArrayCore_IDTYPE_WDTYPE_ODTYPE_16_16_sram_384_128_sram_384_128_rwport_160_16_16_256_16_gen)    0.630    0.652  586.904    1.869   0.0
        accumulation_buffer_rsc_0_10_i (SystolicArrayCore_IDTYPE_WDTYPE_ODTYPE_16_16_sram_384_128_sram_384_128_rwport_159_16_16_256_16_gen)    0.582    0.651  586.904    1.819   0.0
        accumulation_buffer_rsc_0_9_i (SystolicArrayCore_IDTYPE_WDTYPE_ODTYPE_16_16_sram_384_128_sram_384_128_rwport_158_16_16_256_16_gen)    0.590    0.651  586.904    1.827   0.0
        accumulation_buffer_rsc_0_8_i (SystolicArrayCore_IDTYPE_WDTYPE_ODTYPE_16_16_sram_384_128_sram_384_128_rwport_157_16_16_256_16_gen)    0.599    0.650  586.904    1.836   0.0
        accumulation_buffer_rsc_0_7_i (SystolicArrayCore_IDTYPE_WDTYPE_ODTYPE_16_16_sram_384_128_sram_384_128_rwport_156_16_16_256_16_gen)    0.589    0.650  586.904    1.826   0.0
        accumulation_buffer_rsc_0_6_i (SystolicArrayCore_IDTYPE_WDTYPE_ODTYPE_16_16_sram_384_128_sram_384_128_rwport_155_16_16_256_16_gen)    0.634    0.652  586.904    1.873   0.0
        accumulation_buffer_rsc_0_5_i (SystolicArrayCore_IDTYPE_WDTYPE_ODTYPE_16_16_sram_384_128_sram_384_128_rwport_154_16_16_256_16_gen)    0.556    0.649  586.904    1.792   0.0
        accumulation_buffer_rsc_0_4_i (SystolicArrayCore_IDTYPE_WDTYPE_ODTYPE_16_16_sram_384_128_sram_384_128_rwport_153_16_16_256_16_gen)    0.512    0.647  586.904    1.745   0.0
        accumulation_buffer_rsc_0_3_i (SystolicArrayCore_IDTYPE_WDTYPE_ODTYPE_16_16_sram_384_128_sram_384_128_rwport_152_16_16_256_16_gen)    0.558    0.649  586.904    1.794   0.0
        accumulation_buffer_rsc_0_2_i (SystolicArrayCore_IDTYPE_WDTYPE_ODTYPE_16_16_sram_384_128_sram_384_128_rwport_151_16_16_256_16_gen)    0.593    0.650  586.904    1.830   0.0
        accumulation_buffer_rsc_0_1_i (SystolicArrayCore_IDTYPE_WDTYPE_ODTYPE_16_16_sram_384_128_sram_384_128_rwport_150_16_16_256_16_gen)    0.561    0.649  586.904    1.796   0.0
        accumulation_buffer_rsc_0_0_i (SystolicArrayCore_IDTYPE_WDTYPE_ODTYPE_16_16_sram_384_128_sram_384_128_rwport_149_16_16_256_16_gen)    0.637    0.653  586.904    1.877   0.0
        accumulation_buffer_rsc_0_15_comp (sram_384_128_WRAPPER_DEPTH0_WRAPPER_WIDTH16_WRAPPER_ADDR_BITS16_SRAM_DEPTH0_SRAM_WIDTH0_SRAM_ADDR_BITS0_num_inst_depth0_num_inst_width0)    0.239    0.000    0.000    0.239   0.0
        accumulation_buffer_rsc_0_14_comp (sram_384_128_WRAPPER_DEPTH0_WRAPPER_WIDTH16_WRAPPER_ADDR_BITS16_SRAM_DEPTH0_SRAM_WIDTH0_SRAM_ADDR_BITS0_num_inst_depth0_num_inst_width0)    0.221    0.000    0.000    0.221   0.0
        accumulation_buffer_rsc_0_13_comp (sram_384_128_WRAPPER_DEPTH0_WRAPPER_WIDTH16_WRAPPER_ADDR_BITS16_SRAM_DEPTH0_SRAM_WIDTH0_SRAM_ADDR_BITS0_num_inst_depth0_num_inst_width0)    0.259    0.000    0.000    0.259   0.0
        accumulation_buffer_rsc_0_12_comp (sram_384_128_WRAPPER_DEPTH0_WRAPPER_WIDTH16_WRAPPER_ADDR_BITS16_SRAM_DEPTH0_SRAM_WIDTH0_SRAM_ADDR_BITS0_num_inst_depth0_num_inst_width0)    0.249    0.000    0.000    0.249   0.0
        accumulation_buffer_rsc_0_11_comp (sram_384_128_WRAPPER_DEPTH0_WRAPPER_WIDTH16_WRAPPER_ADDR_BITS16_SRAM_DEPTH0_SRAM_WIDTH0_SRAM_ADDR_BITS0_num_inst_depth0_num_inst_width0)    0.291    0.000    0.000    0.291   0.0
        accumulation_buffer_rsc_0_10_comp (sram_384_128_WRAPPER_DEPTH0_WRAPPER_WIDTH16_WRAPPER_ADDR_BITS16_SRAM_DEPTH0_SRAM_WIDTH0_SRAM_ADDR_BITS0_num_inst_depth0_num_inst_width0)    0.236    0.000    0.000    0.236   0.0
        accumulation_buffer_rsc_0_9_comp (sram_384_128_WRAPPER_DEPTH0_WRAPPER_WIDTH16_WRAPPER_ADDR_BITS16_SRAM_DEPTH0_SRAM_WIDTH0_SRAM_ADDR_BITS0_num_inst_depth0_num_inst_width0)    0.251    0.000    0.000    0.251   0.0
        accumulation_buffer_rsc_0_8_comp (sram_384_128_WRAPPER_DEPTH0_WRAPPER_WIDTH16_WRAPPER_ADDR_BITS16_SRAM_DEPTH0_SRAM_WIDTH0_SRAM_ADDR_BITS0_num_inst_depth0_num_inst_width0)    0.311    0.000    0.000    0.311   0.0
        accumulation_buffer_rsc_0_7_comp (sram_384_128_WRAPPER_DEPTH0_WRAPPER_WIDTH16_WRAPPER_ADDR_BITS16_SRAM_DEPTH0_SRAM_WIDTH0_SRAM_ADDR_BITS0_num_inst_depth0_num_inst_width0)    0.247    0.000    0.000    0.247   0.0
        accumulation_buffer_rsc_0_6_comp (sram_384_128_WRAPPER_DEPTH0_WRAPPER_WIDTH16_WRAPPER_ADDR_BITS16_SRAM_DEPTH0_SRAM_WIDTH0_SRAM_ADDR_BITS0_num_inst_depth0_num_inst_width0)    0.220    0.000    0.000    0.220   0.0
        accumulation_buffer_rsc_0_5_comp (sram_384_128_WRAPPER_DEPTH0_WRAPPER_WIDTH16_WRAPPER_ADDR_BITS16_SRAM_DEPTH0_SRAM_WIDTH0_SRAM_ADDR_BITS0_num_inst_depth0_num_inst_width0)    0.232    0.000    0.000    0.232   0.0
        accumulation_buffer_rsc_0_4_comp (sram_384_128_WRAPPER_DEPTH0_WRAPPER_WIDTH16_WRAPPER_ADDR_BITS16_SRAM_DEPTH0_SRAM_WIDTH0_SRAM_ADDR_BITS0_num_inst_depth0_num_inst_width0)    0.296    0.000    0.000    0.296   0.0
        accumulation_buffer_rsc_0_3_comp (sram_384_128_WRAPPER_DEPTH0_WRAPPER_WIDTH16_WRAPPER_ADDR_BITS16_SRAM_DEPTH0_SRAM_WIDTH0_SRAM_ADDR_BITS0_num_inst_depth0_num_inst_width0)    0.243    0.000    0.000    0.243   0.0
        accumulation_buffer_rsc_0_2_comp (sram_384_128_WRAPPER_DEPTH0_WRAPPER_WIDTH16_WRAPPER_ADDR_BITS16_SRAM_DEPTH0_SRAM_WIDTH0_SRAM_ADDR_BITS0_num_inst_depth0_num_inst_width0)    0.237    0.000    0.000    0.237   0.0
        accumulation_buffer_rsc_0_1_comp (sram_384_128_WRAPPER_DEPTH0_WRAPPER_WIDTH16_WRAPPER_ADDR_BITS16_SRAM_DEPTH0_SRAM_WIDTH0_SRAM_ADDR_BITS0_num_inst_depth0_num_inst_width0)    0.241    0.000    0.000    0.241   0.0
        accumulation_buffer_rsc_0_0_comp (sram_384_128_WRAPPER_DEPTH0_WRAPPER_WIDTH16_WRAPPER_ADDR_BITS16_SRAM_DEPTH0_SRAM_WIDTH0_SRAM_ADDR_BITS0_num_inst_depth0_num_inst_width0)    0.274    0.000    0.000    0.274   0.0
    loopIndicesChannel_cns_pipe (ccs_pipe_v5_rscid164_width48_sz_width1_fifo_sz3_log2_sz2_ph_clk1_ph_en0_ph_arst0_ph_srst0)    4.342   10.837 2.24e+04   37.624   0.3
      FIFO (ccs_fifo_wait_core_v5_rscid164_width48_sz_width1_fifo_sz3_ph_clk1_ph_en0_ph_arst0_ph_srst0_ph_log22)    4.342   10.837 2.24e+04   37.624   0.3
        FIFO_REG_GEN_REGS_0__BUFREG (ccs_genreg_v1_48_1_0_0_0_1_0)    1.232    1.771 5.75e+03    8.756   0.1
        FIFO_REG_GEN_REGS_0__STATREG (ccs_genreg_v1_1_1_0_0_0_1_4) 6.10e-03    1.461  130.176    1.597   0.0
        FIFO_REG_GEN_REGS_1__BUFREG (ccs_genreg_v1_48_1_0_0_0_1_1)    1.244    1.723 5.74e+03    8.709   0.1
        FIFO_REG_GEN_REGS_1__STATREG (ccs_genreg_v1_1_1_0_0_0_1_5) 1.10e-02    1.457  130.312    1.598   0.0
        FIFO_REG_GEN_REGS_2__BUFREG (ccs_genreg_v1_48_1_0_0_0_1_2)    0.826    1.694 5.73e+03    8.251   0.1
        FIFO_REG_GEN_REGS_2__STATREG (ccs_genreg_v1_1_1_0_0_0_1_6) 9.93e-03    1.451  130.461    1.591   0.0
        FIFO_REG_HS_INIT_REG (ccs_genreg_v1_1_1_1_0_0_0_4) 4.43e-02    1.045  105.310    1.195   0.0
    paramsChannel_cns_pipe (ccs_pipe_v5_rscid163_width144_sz_width1_fifo_sz3_log2_sz2_ph_clk1_ph_en0_ph_arst0_ph_srst0)    6.865   15.792 3.67e+04   59.327   0.5
      FIFO (ccs_fifo_wait_core_v5_rscid163_width144_sz_width1_fifo_sz3_ph_clk1_ph_en0_ph_arst0_ph_srst0_ph_log22)    6.515   15.749 3.67e+04   58.923   0.5
        FIFO_REG_GEN_REGS_0__BUFREG (ccs_genreg_v1_144_1_0_0_0_1_4)    1.811    3.076 9.52e+03   14.412   0.1
        FIFO_REG_GEN_REGS_0__STATREG (ccs_genreg_v1_1_1_0_0_0_1_7) 6.03e-03    1.461  130.176    1.597   0.0
        FIFO_REG_GEN_REGS_1__BUFREG (ccs_genreg_v1_144_1_0_0_0_1_5)    1.939    3.133 9.52e+03   14.598   0.1
        FIFO_REG_GEN_REGS_1__STATREG (ccs_genreg_v1_1_1_0_0_0_1_8) 1.11e-02    1.457  130.312    1.598   0.0
        FIFO_REG_GEN_REGS_2__BUFREG (ccs_genreg_v1_144_1_0_0_0_1_6)    1.954    3.229 9.52e+03   14.707   0.1
        FIFO_REG_GEN_REGS_2__STATREG (ccs_genreg_v1_1_1_0_0_0_1_9) 1.31e-02    1.451  130.461    1.595   0.0
        FIFO_REG_HS_INIT_REG (ccs_genreg_v1_1_1_1_0_0_0_5) 4.09e-02    1.043  105.310    1.189   0.0
  weightDoubleBuffer (WeightDoubleBuffer_384_16_16)  285.743 1.17e+03 4.22e+05 1.88e+03  16.1
    WeightDoubleBuffer_384_16_16_struct_inst (WeightDoubleBuffer_384_16_16_struct)  285.743 1.17e+03 4.22e+05 1.88e+03  16.1
      WeightDoublefeSAqem_cns_bctl_inst (WeightDoublefeSAqem_cns_bctl)    3.665   17.571 1.55e+04   36.714   0.3
      unreg_1 (unreg_hier_0)           4.48e-04 1.33e-03   12.736 1.45e-02   0.0
      unreg (unreg_hier_1)             6.59e-05 1.82e-04    9.683 9.93e-03   0.0
      WeightDoubleBuffer_384_16_16_run_inst (WeightDoubleBuffer_384_16_16_run)   32.646  154.843 2.29e+04  210.438   1.8
        WeightDoubleBuffer_384_16_16_run_run_inst (WeightDoubleBuffer_384_16_16_run_run)   31.982  154.799 2.29e+04  209.718   1.8
          WeightDoubleBuffer_384_16_16_run_run_run_fsm_inst (WeightDoubleBuffer_384_16_16_run_run_run_fsm)    0.176    2.778  302.308    3.256   0.0
          WeightDoubleBuffer_384_16_16_run_run_staller_inst (WeightDoubleBuffer_384_16_16_run_run_staller)    0.222 7.55e-02   29.854    0.328   0.0
          WeightDoubleBuffer_384_16_16_run_run_weightDoubleBufferReaderParams_cnsi_inst (WeightDoubleBuffer_384_16_16_run_run_weightDoubleBufferReaderParams_cnsi)    0.666    1.892 1.44e+03    3.996   0.0
            WeightDoubleBuffer_384_16_16_run_run_weightDoubleBufferReaderParams_cnsi_weightDoubleBufferReaderParams_wait_dp_inst (WeightDoubleBuffer_384_16_16_run_run_weightDoubleBufferReaderParams_cnsi_weightDoubleBufferReaderParams_wait_dp) 1.08e-02    1.438  123.123    1.572   0.0
            WeightDoubleBuffer_384_16_16_run_run_weightDoubleBufferReaderParams_cnsi_weightDoubleBufferReaderParams_wait_ctrl_inst (WeightDoubleBuffer_384_16_16_run_run_weightDoubleBufferReaderParams_cnsi_weightDoubleBufferReaderParams_wait_ctrl) 1.98e-02 3.34e-02   77.907    0.131   0.0
            weightDoubleBufferReaderParams_cnsi (ccs_out_wait_v1_rscid19_width144_0)    0.635    0.421 1.24e+03    2.293   0.0
          WeightDoubleBuffer_384_16_16_run_run_weightDoubleBufferWriterParams_cnsi_inst (WeightDoubleBuffer_384_16_16_run_run_weightDoubleBufferWriterParams_cnsi)    0.352    1.804 1.16e+03    3.316   0.0
            WeightDoubleBuffer_384_16_16_run_run_weightDoubleBufferWriterParams_cnsi_weightDoubleBufferWriterParams_wait_dp_inst (WeightDoubleBuffer_384_16_16_run_run_weightDoubleBufferWriterParams_cnsi_weightDoubleBufferWriterParams_wait_dp) 9.68e-03    1.441  123.031    1.574   0.0
            WeightDoubleBuffer_384_16_16_run_run_weightDoubleBufferWriterParams_cnsi_weightDoubleBufferWriterParams_wait_ctrl_inst (WeightDoubleBuffer_384_16_16_run_run_weightDoubleBufferWriterParams_cnsi_weightDoubleBufferWriterParams_wait_ctrl) 1.90e-02 3.31e-02   77.823    0.130   0.0
            weightDoubleBufferWriterParams_cnsi (ccs_out_wait_v1_rscid18_width144_0)    0.323    0.330  958.933    1.612   0.0
          WeightDoubleBuffer_384_16_16_run_run_paramsIn_rsci_inst (WeightDoubleBuffer_384_16_16_run_run_paramsIn_rsci)   26.917  139.781 1.21e+04  178.756   1.5
            WeightDoubleBuffer_384_16_16_run_run_paramsIn_rsci_paramsIn_wait_dp_inst (WeightDoubleBuffer_384_16_16_run_run_paramsIn_rsci_paramsIn_wait_dp)   26.312  139.221 1.07e+04  176.278   1.5
            WeightDoubleBuffer_384_16_16_run_run_paramsIn_rsci_paramsIn_wait_ctrl_inst (WeightDoubleBuffer_384_16_16_run_run_paramsIn_rsci_paramsIn_wait_ctrl)    0.102 8.47e-02   78.257    0.265   0.0
            paramsIn_rsci (ccs_in_wait_v1_rscid17_width144_0)    0.503    0.475 1.23e+03    2.213   0.0
      weightDoubleBufferReader (WeightDoubleBufferReader_384_16_16)  139.348  580.661 2.01e+05  921.117   7.9
        WeightDoubleBufferReader_384_16_16_run_inst (WeightDoubleBufferReader_384_16_16_run)  134.489  575.569 1.99e+05  909.434   7.8
          add_x_1 (WeightDoubleBufferReader_384_16_16_run_DW01_add_J5_1) 4.20e-03 1.78e-02  267.122    0.289   0.0
          add_x_3 (WeightDoubleBufferReader_384_16_16_run_DW01_inc_J5_3) 9.91e-02    0.188 1.43e+03    1.718   0.0
          add_x_6 (WeightDoubleBufferReader_384_16_16_run_DW01_inc_J5_1) 7.68e-02    0.115 1.32e+03    1.509   0.0
          mult_x_7 (WeightDoubleBufferReader_384_16_16_run_DW_mult_uns_J5_4)    4.238    4.725 3.17e+04   40.705   0.3
          mult_x_12 (WeightDoubleBufferReader_384_16_16_run_DW_mult_uns_J5_3)    3.365    2.969 2.37e+04   29.991   0.3
          mult_x_13 (WeightDoubleBufferReader_384_16_16_run_DW_mult_uns_J5_2) 7.56e-02    0.118  804.695    0.998   0.0
          mult_x_14 (WeightDoubleBufferReader_384_16_16_run_DW_mult_uns_J5_1)    6.552    8.309 4.13e+04   56.140   0.5
          add_x_15 (WeightDoubleBufferReader_384_16_16_run_DW01_dec_J5_0)    0.528    0.481 4.01e+03    5.020   0.0
          add_x_16 (WeightDoubleBufferReader_384_16_16_run_DW01_add_J5_0) 2.95e-03 1.79e-02  268.675    0.290   0.0
          mult_x_18 (WeightDoubleBufferReader_384_16_16_run_DW_mult_uns_J5_0)    0.000    0.000  794.864    0.795   0.0
          DP_OP_41J5_122_2648 (WeightDoubleBufferReader_384_16_16_run_DP_OP_41J5_122_2648_J5_0)    3.047    2.717 2.17e+04   27.444   0.2
          DP_OP_42J5_123_8762 (WeightDoubleBufferReader_384_16_16_run_DP_OP_42J5_123_8762_J5_0)    0.168    0.275 1.85e+03    2.291   0.0
          DP_OP_43J5_124_365 (WeightDoubleBufferReader_384_16_16_run_DP_OP_43J5_124_365_J5_0) 1.71e-02 2.17e-02  428.956    0.468   0.0
          WeightDoubleBufferReader_384_16_16_run_run_fsm_inst (WeightDoubleBufferReader_384_16_16_run_run_fsm)    1.413    6.248 1.14e+03    8.803   0.1
          WeightDoubleBufferReader_384_16_16_run_staller_inst (WeightDoubleBufferReader_384_16_16_run_staller)    0.258    1.140  134.445    1.533   0.0
          WeightDoubleBufferReader_384_16_16_run_din_rsc_req_obj_inst (WeightDoubleBufferReader_384_16_16_run_din_rsc_req_obj) 6.71e-03    1.443  182.973    1.633   0.0
            WeightDoubleBufferReader_384_16_16_run_din_rsc_req_obj_din_rsc_req_wait_dp_inst (WeightDoubleBufferReader_384_16_16_run_din_rsc_req_obj_din_rsc_req_wait_dp) 3.69e-03    1.438  124.086    1.566   0.0
            WeightDoubleBufferReader_384_16_16_run_din_rsc_req_obj_din_rsc_req_wait_ctrl_inst (WeightDoubleBufferReader_384_16_16_run_din_rsc_req_obj_din_rsc_req_wait_ctrl) 2.19e-03 3.38e-03   46.150 5.17e-02   0.0
            din_rsc_req_obj (mgc_in_sync_v2_valid1_0) 8.23e-04 1.39e-03   12.736 1.50e-02   0.0
          WeightDoubleBufferReader_384_16_16_run_din_rsc_rls_obj_inst (WeightDoubleBufferReader_384_16_16_run_din_rsc_rls_obj) 1.87e-03 2.14e-03   44.510 4.85e-02   0.0
            WeightDoubleBufferReader_384_16_16_run_din_rsc_rls_obj_din_rsc_rls_wait_ctrl_inst (WeightDoubleBufferReader_384_16_16_run_din_rsc_rls_obj_din_rsc_rls_wait_ctrl) 1.13e-03 1.23e-03   31.750 3.41e-02   0.0
            din_rsc_rls_obj (mgc_io_sync_v2_valid0_0) 7.36e-04 9.08e-04   12.760 1.44e-02   0.0
          WeightDoubleBufferReader_384_16_16_run_dout_rsci_inst (WeightDoubleBufferReader_384_16_16_run_dout_rsci) 4.14e-02    1.472 1.86e+03    3.372   0.0
            WeightDoubleBufferReader_384_16_16_run_dout_rsci_dout_wait_dp_inst (WeightDoubleBufferReader_384_16_16_run_dout_rsci_dout_wait_dp)    0.000    1.434  122.338    1.556   0.0
            WeightDoubleBufferReader_384_16_16_run_dout_rsci_dout_wait_ctrl_inst (WeightDoubleBufferReader_384_16_16_run_dout_rsci_dout_wait_ctrl) 1.01e-04 9.09e-05   77.999 7.82e-02   0.0
            dout_rsci (ccs_out_wait_v1_rscid9_width128_0) 4.13e-02 3.85e-02 1.66e+03    1.738   0.0
          WeightDoubleBufferReader_384_16_16_run_din_rsci_1_inst (WeightDoubleBufferReader_384_16_16_run_din_rsci_1)   41.040  201.454 1.57e+04  258.230   2.2
            WeightDoubleBufferReader_384_16_16_run_din_rsci_1_din_rsc_wait_ctrl_inst (WeightDoubleBufferReader_384_16_16_run_din_rsci_1_din_rsc_wait_ctrl) 1.13e-04 9.07e-05   72.723 7.29e-02   0.0
            WeightDoubleBufferReader_384_16_16_run_din_rsci_1_din_rsc_wait_dp_inst (WeightDoubleBufferReader_384_16_16_run_din_rsci_1_din_rsc_wait_dp)   41.040  201.454 1.57e+04  258.157   2.2
          WeightDoubleBufferReader_384_16_16_run_paramsIn_rsci_inst (WeightDoubleBufferReader_384_16_16_run_paramsIn_rsci)   27.271  140.188 1.23e+04  179.798   1.5
            WeightDoubleBufferReader_384_16_16_run_paramsIn_rsci_paramsIn_wait_dp_inst (WeightDoubleBufferReader_384_16_16_run_paramsIn_rsci_paramsIn_wait_dp)   26.278  139.626 1.07e+04  176.625   1.5
            WeightDoubleBufferReader_384_16_16_run_paramsIn_rsci_paramsIn_wait_ctrl_inst (WeightDoubleBufferReader_384_16_16_run_paramsIn_rsci_paramsIn_wait_ctrl) 7.53e-02 6.80e-02   77.832    0.221   0.0
            paramsIn_rsci (ccs_in_wait_v1_rscid7_width144_0)    0.288    0.401 1.24e+03    1.926   0.0
        din_rsci (WeightDoubleBufferReader_384_16_16_sram_384_128_sram_384_128_rwport_8_128_16_384_128_gen)    4.252    5.042 1.63e+03   10.923   0.1
      weightDoubleBufferWriter (WeightDoubleBufferWriter_384_16_16)   99.444  408.154 1.56e+05  663.254   5.7
        WeightDoubleBufferWriter_384_16_16_run_inst (WeightDoubleBufferWriter_384_16_16_run)   97.842  407.591 1.54e+05  659.136   5.6
          add_x_1 (WeightDoubleBufferWriter_384_16_16_run_DW01_add_J12_0) 3.13e-05 1.95e-04  266.993    0.267   0.0
          add_x_3 (WeightDoubleBufferWriter_384_16_16_run_DW01_inc_J12_2) 4.20e-02    0.131  353.797    0.527   0.0
          add_x_5 (WeightDoubleBufferWriter_384_16_16_run_DW01_inc_J12_1) 7.73e-02    0.115 1.32e+03    1.509   0.0
          mult_x_10 (WeightDoubleBufferWriter_384_16_16_run_DW_mult_uns_J12_3)    3.316    2.969 2.37e+04   29.942   0.3
          mult_x_11 (WeightDoubleBufferWriter_384_16_16_run_DW_mult_uns_J12_2)    4.009    4.341 3.18e+04   40.124   0.3
          mult_x_32 (WeightDoubleBufferWriter_384_16_16_run_DW_mult_uns_J12_1) 8.05e-02    0.118  804.695    1.003   0.0
          mult_x_33 (WeightDoubleBufferWriter_384_16_16_run_DW_mult_uns_J12_0)    6.188    7.675 4.15e+04   55.324   0.5
          add_x_34 (WeightDoubleBufferWriter_384_16_16_run_DW01_dec_J12_0)    0.534    0.483 4.01e+03    5.027   0.0
          DP_OP_74J12_122_1074 (WeightDoubleBufferWriter_384_16_16_run_DP_OP_74J12_122_1074_J12_0) 1.71e-02 2.17e-02  428.956    0.468   0.0
          DP_OP_75J12_123_4812 (WeightDoubleBufferWriter_384_16_16_run_DP_OP_75J12_123_4812_J12_0)    0.000    0.000  350.370    0.350   0.0
          WeightDoubleBufferWriter_384_16_16_run_run_fsm_inst (WeightDoubleBufferWriter_384_16_16_run_run_fsm)    1.586    6.641 1.38e+03    9.606   0.1
          WeightDoubleBufferWriter_384_16_16_run_staller_inst (WeightDoubleBufferWriter_384_16_16_run_staller)    0.215    1.169  134.117    1.518   0.0
          WeightDoubleBufferWriter_384_16_16_run_dout_rsc_req_obj_inst (WeightDoubleBufferWriter_384_16_16_run_dout_rsc_req_obj) 1.59e-02    1.454  200.160    1.670   0.0
            WeightDoubleBufferWriter_384_16_16_run_dout_rsc_req_obj_dout_rsc_req_wait_dp_inst (WeightDoubleBufferWriter_384_16_16_run_dout_rsc_req_obj_dout_rsc_req_wait_dp) 6.18e-03    1.439  122.802    1.568   0.0
            WeightDoubleBufferWriter_384_16_16_run_dout_rsc_req_obj_dout_rsc_req_wait_ctrl_inst (WeightDoubleBufferWriter_384_16_16_run_dout_rsc_req_obj_dout_rsc_req_wait_ctrl) 9.44e-03 1.47e-02   67.676 9.18e-02   0.0
            dout_rsc_req_obj (mgc_in_sync_v2_valid1_1) 2.33e-04 1.95e-04    9.683 1.01e-02   0.0
          WeightDoubleBufferWriter_384_16_16_run_dout_rsc_rls_obj_inst (WeightDoubleBufferWriter_384_16_16_run_dout_rsc_rls_obj) 3.89e-03 2.89e-03   44.132 5.09e-02   0.0
            WeightDoubleBufferWriter_384_16_16_run_dout_rsc_rls_obj_dout_rsc_rls_wait_ctrl_inst (WeightDoubleBufferWriter_384_16_16_run_dout_rsc_rls_obj_dout_rsc_rls_wait_ctrl) 1.04e-03 1.62e-03   31.373 3.40e-02   0.0
            dout_rsc_rls_obj (mgc_io_sync_v2_valid0_1) 2.85e-03 1.27e-03   12.759 1.69e-02   0.0
          WeightDoubleBufferWriter_384_16_16_run_dout_rsci_1_inst (WeightDoubleBufferWriter_384_16_16_run_dout_rsci_1) 3.61e-02 7.28e-02  244.754    0.354   0.0
            WeightDoubleBufferWriter_384_16_16_run_dout_rsci_1_dout_rsc_wait_ctrl_inst (WeightDoubleBufferWriter_384_16_16_run_dout_rsci_1_dout_rsc_wait_ctrl) 1.09e-03 8.88e-04   31.909 3.39e-02   0.0
          WeightDoubleBufferWriter_384_16_16_run_din_rsci_inst (WeightDoubleBufferWriter_384_16_16_run_din_rsci)    8.438   29.791 2.35e+03   40.579   0.3
            WeightDoubleBufferWriter_384_16_16_run_din_rsci_din_wait_dp_inst (WeightDoubleBufferWriter_384_16_16_run_din_rsci_din_wait_dp)    7.622   29.096 2.07e+03   38.787   0.3
            WeightDoubleBufferWriter_384_16_16_run_din_rsci_din_wait_ctrl_inst (WeightDoubleBufferWriter_384_16_16_run_din_rsci_din_wait_ctrl) 1.36e-02 1.25e-02   78.848    0.105   0.0
            din_rsci (ccs_in_wait_v1_rscid2_width16_0)    0.802    0.682  203.304    1.687   0.0
          WeightDoubleBufferWriter_384_16_16_run_paramsIn_rsci_inst (WeightDoubleBufferWriter_384_16_16_run_paramsIn_rsci)   21.290  108.100 9.68e+03  139.073   1.2
            WeightDoubleBufferWriter_384_16_16_run_paramsIn_rsci_paramsIn_wait_dp_inst (WeightDoubleBufferWriter_384_16_16_run_paramsIn_rsci_paramsIn_wait_dp)   20.406  107.625 8.34e+03  136.375   1.2
            WeightDoubleBufferWriter_384_16_16_run_paramsIn_rsci_paramsIn_wait_ctrl_inst (WeightDoubleBufferWriter_384_16_16_run_paramsIn_rsci_paramsIn_wait_ctrl) 7.19e-02 6.59e-02   78.222    0.216   0.0
            paramsIn_rsci (ccs_in_wait_v1_rscid1_width144_0)    0.168    0.315  959.049    1.443   0.0
        dout_rsci (WeightDoubleBufferWriter_384_16_16_sram_384_128_sram_384_128_rwport_3_128_16_384_128_gen)    0.912    0.513 1.82e+03    3.245   0.0
      weightDoubleBufferReaderParams_cns_pipe (ccs_pipe_v5_rscid16_width144_sz_width1_fifo_sz1_log2_sz0_ph_clk1_ph_en0_ph_arst0_ph_srst0_0)    3.043    6.852 1.50e+04   24.856   0.2
        FIFO (ccs_fifo_wait_core_v5_rscid16_width144_sz_width1_fifo_sz1_ph_clk1_ph_en0_ph_arst0_ph_srst0_ph_log20_0)    3.043    6.852 1.50e+04   24.856   0.2
          FIFO_REG_GEN_REGS_0__BUFREG (ccs_genreg_v1_144_1_0_0_0_1_0)    2.417    3.608 1.14e+04   17.453   0.1
          FIFO_REG_GEN_REGS_0__STATREG (ccs_genreg_v1_1_1_0_0_0_1_0) 7.12e-03    1.478  129.704    1.615   0.0
          FIFO_REG_HS_INIT_REG (ccs_genreg_v1_1_1_1_0_0_0_0) 4.80e-02    1.042  105.310    1.195   0.0
      mem_cns_comp_1 (sram_384_128_WRAPPER_DEPTH0_WRAPPER_WIDTH128_WRAPPER_ADDR_BITS16_SRAM_DEPTH0_SRAM_WIDTH0_SRAM_ADDR_BITS0_num_inst_depth0_num_inst_width0)    2.112    0.000    0.000    2.112   0.0
      mem_cns_comp (sram_384_128_WRAPPER_DEPTH0_WRAPPER_WIDTH128_WRAPPER_ADDR_BITS16_SRAM_DEPTH0_SRAM_WIDTH0_SRAM_ADDR_BITS0_num_inst_depth0_num_inst_width0)    2.265    0.000    0.000    2.265   0.0
      weightDoubleBufferWriterParams_cns_pipe (ccs_pipe_v5_rscid15_width144_sz_width1_fifo_sz1_log2_sz0_ph_clk1_ph_en0_ph_arst0_ph_srst0_0)    2.444    6.095 1.16e+04   20.185   0.2
        FIFO (ccs_fifo_wait_core_v5_rscid15_width144_sz_width1_fifo_sz1_ph_clk1_ph_en0_ph_arst0_ph_srst0_ph_log20_0)    2.444    6.095 1.16e+04   20.185   0.2
          FIFO_REG_GEN_REGS_0__BUFREG (ccs_genreg_v1_144_1_0_0_0_1_1)    1.908    2.982 8.82e+03   13.711   0.1
          FIFO_REG_GEN_REGS_0__STATREG (ccs_genreg_v1_1_1_0_0_0_1_1) 5.10e-03    1.473  129.799    1.608   0.0
          FIFO_REG_HS_INIT_REG (ccs_genreg_v1_1_1_1_0_0_0_1) 4.17e-02    1.042  105.310    1.189   0.0
  inputDoubleBuffer (InputDoubleBuffer_512_16_16)  300.563 1.26e+03 3.44e+05 1.91e+03  16.3
    InputDoubleBuffer_512_16_16_struct_inst (InputDoubleBuffer_512_16_16_struct)  300.563 1.26e+03 3.44e+05 1.91e+03  16.3
      InputDoubleBDjtfoem_cns_bctl_inst (InputDoubleBDjtfoem_cns_bctl)    3.216   17.440 1.54e+04   36.095   0.3
      unreg_1 (unreg_hier_2)           6.70e-05 1.82e-04   12.745 1.30e-02   0.0
      unreg (unreg_hier_3)             7.06e-05 1.82e-04    9.683 9.94e-03   0.0
      InputDoubleBuffer_512_16_16_run_inst (InputDoubleBuffer_512_16_16_run)   46.120  215.005 3.19e+04  293.026   2.5
        InputDoubleBuffer_512_16_16_run_run_inst (InputDoubleBuffer_512_16_16_run_run)   45.519  214.956 3.19e+04  292.366   2.5
          InputDoubleBuffer_512_16_16_run_run_run_fsm_inst (InputDoubleBuffer_512_16_16_run_run_run_fsm)    0.175    2.781  302.314    3.257   0.0
          InputDoubleBuffer_512_16_16_run_run_staller_inst (InputDoubleBuffer_512_16_16_run_run_staller)    0.244 7.62e-02   29.836    0.350   0.0
          InputDoubleBuffer_512_16_16_run_run_inputDoubleBufferReaderParams_cnsi_inst (InputDoubleBuffer_512_16_16_run_run_inputDoubleBufferReaderParams_cnsi)    0.712    2.063 1.95e+03    4.730   0.0
            InputDoubleBuffer_512_16_16_run_run_inputDoubleBufferReaderParams_cnsi_inputDoubleBufferReaderParams_wait_dp_inst (InputDoubleBuffer_512_16_16_run_run_inputDoubleBufferReaderParams_cnsi_inputDoubleBufferReaderParams_wait_dp) 9.97e-03    1.442  122.938    1.575   0.0
            InputDoubleBuffer_512_16_16_run_run_inputDoubleBufferReaderParams_cnsi_inputDoubleBufferReaderParams_wait_ctrl_inst (InputDoubleBuffer_512_16_16_run_run_inputDoubleBufferReaderParams_cnsi_inputDoubleBufferReaderParams_wait_ctrl) 2.21e-02 3.44e-02   77.827    0.134   0.0
            inputDoubleBufferReaderParams_cnsi (ccs_out_wait_v1_rscid19_width144_1)    0.680    0.587 1.75e+03    3.021   0.0
          InputDoubleBuffer_512_16_16_run_run_inputDoubleBufferWriterParams_cnsi_inst (InputDoubleBuffer_512_16_16_run_run_inputDoubleBufferWriterParams_cnsi)    0.426    1.861 1.31e+03    3.598   0.0
            InputDoubleBuffer_512_16_16_run_run_inputDoubleBufferWriterParams_cnsi_inputDoubleBufferWriterParams_wait_dp_inst (InputDoubleBuffer_512_16_16_run_run_inputDoubleBufferWriterParams_cnsi_inputDoubleBufferWriterParams_wait_dp) 1.06e-02    1.442  122.967    1.575   0.0
            InputDoubleBuffer_512_16_16_run_run_inputDoubleBufferWriterParams_cnsi_inputDoubleBufferWriterParams_wait_ctrl_inst (InputDoubleBuffer_512_16_16_run_run_inputDoubleBufferWriterParams_cnsi_inputDoubleBufferWriterParams_wait_ctrl) 2.49e-02 3.47e-02   77.853    0.137   0.0
            inputDoubleBufferWriterParams_cnsi (ccs_out_wait_v1_rscid18_width144_1)    0.391    0.384 1.11e+03    1.885   0.0
          InputDoubleBuffer_512_16_16_run_run_paramsIn_rsci_inst (InputDoubleBuffer_512_16_16_run_run_paramsIn_rsci)   39.281  197.707 1.71e+04  254.090   2.2
            InputDoubleBuffer_512_16_16_run_run_paramsIn_rsci_paramsIn_wait_dp_inst (InputDoubleBuffer_512_16_16_run_run_paramsIn_rsci_paramsIn_wait_dp)   37.572  196.948 1.53e+04  249.791   2.1
            InputDoubleBuffer_512_16_16_run_run_paramsIn_rsci_paramsIn_wait_ctrl_inst (InputDoubleBuffer_512_16_16_run_run_paramsIn_rsci_paramsIn_wait_ctrl)    0.180 8.72e-02   78.277    0.346   0.0
            paramsIn_rsci (ccs_in_wait_v1_rscid17_width144_1)    1.530    0.671 1.75e+03    3.953   0.0
      inputDoubleBufferReader (InputDoubleBufferReader_512_16_16)  160.932  676.953 1.74e+05 1.01e+03   8.6
        InputDoubleBufferReader_512_16_16_run_inst (InputDoubleBufferReader_512_16_16_run)  156.686  671.949 1.72e+05 1.00e+03   8.6
          DP_OP_90J3_132_9111 (InputDoubleBufferReader_512_16_16_run_DP_OP_90J3_132_9111_J3_0)    1.650    1.024 3.97e+03    6.645   0.1
          add_x_44 (InputDoubleBufferReader_512_16_16_run_DW01_inc_J3_7)    0.000    0.000  680.454    0.680   0.0
          add_x_45 (InputDoubleBufferReader_512_16_16_run_DW01_inc_J3_6) 4.63e-04 7.70e-04  680.481    0.682   0.0
          add_x_50 (InputDoubleBufferReader_512_16_16_run_DW01_inc_J3_5)    0.000    0.000  680.454    0.680   0.0
          add_x_53 (InputDoubleBufferReader_512_16_16_run_DW01_inc_J3_4)    0.000    0.000  680.454    0.680   0.0
          add_x_88 (InputDoubleBufferReader_512_16_16_run_DW01_add_J3_1) 1.73e-02 5.32e-02  844.489    0.915   0.0
          mult_x_89 (InputDoubleBufferReader_512_16_16_run_DW_mult_uns_J3_4) 6.03e-02 1.10e-02 3.16e+03    3.234   0.0
          mult_x_100 (InputDoubleBufferReader_512_16_16_run_DW_mult_uns_J3_3)    3.330    3.022 2.36e+04   29.963   0.3
          add_x_101 (InputDoubleBufferReader_512_16_16_run_DW01_dec_J3_0)    0.308    0.301 1.97e+03    2.578   0.0
          add_x_103 (InputDoubleBufferReader_512_16_16_run_DW01_add_J3_0) 8.34e-03 4.53e-02  463.390    0.517   0.0
          add_x_104 (InputDoubleBufferReader_512_16_16_run_DW01_inc_J3_2) 6.32e-05 9.58e-05  363.526    0.364   0.0
          add_x_105 (InputDoubleBufferReader_512_16_16_run_DW01_inc_J3_1) 5.93e-05 9.13e-05  690.556    0.691   0.0
          add_x_106 (InputDoubleBufferReader_512_16_16_run_DW01_inc_J3_0)    0.535    0.602  846.654    1.984   0.0
          mult_x_127 (InputDoubleBufferReader_512_16_16_run_DW_mult_uns_J3_2) 7.24e-02 2.11e-02 3.16e+03    3.254   0.0
          mult_x_128 (InputDoubleBufferReader_512_16_16_run_DW_mult_uns_J3_1)    0.756    0.154 3.02e+03    3.930   0.0
          mult_x_129 (InputDoubleBufferReader_512_16_16_run_DW_mult_uns_J3_0) 5.35e-02 1.03e-02 3.16e+03    3.225   0.0
          DP_OP_234J3_122_3477 (InputDoubleBufferReader_512_16_16_run_DP_OP_234J3_122_3477_J3_0) 1.60e-03 3.45e-03 1.32e+03    1.329   0.0
          DP_OP_235J3_123_9913 (InputDoubleBufferReader_512_16_16_run_DP_OP_235J3_123_9913_J3_0)    0.229    0.358 1.02e+03    1.610   0.0
          DP_OP_236J3_124_9913 (InputDoubleBufferReader_512_16_16_run_DP_OP_236J3_124_9913_J3_0)    0.105    0.148  902.530    1.155   0.0
          DP_OP_237J3_125_9913 (InputDoubleBufferReader_512_16_16_run_DP_OP_237J3_125_9913_J3_0) 9.97e-02    0.144  902.612    1.147   0.0
          DP_OP_238J3_126_9913 (InputDoubleBufferReader_512_16_16_run_DP_OP_238J3_126_9913_J3_0) 9.84e-02    0.147  902.476    1.148   0.0
          DP_OP_239J3_127_9913 (InputDoubleBufferReader_512_16_16_run_DP_OP_239J3_127_9913_J3_0) 9.58e-02    0.146  902.574    1.145   0.0
          DP_OP_240J3_128_1925 (InputDoubleBufferReader_512_16_16_run_DP_OP_240J3_128_1925_J3_0)    0.518    0.586 3.85e+03    4.958   0.0
          DP_OP_241J3_129_9913 (InputDoubleBufferReader_512_16_16_run_DP_OP_241J3_129_9913_J3_0) 8.74e-02    0.147  902.494    1.137   0.0
          DP_OP_242J3_130_1925 (InputDoubleBufferReader_512_16_16_run_DP_OP_242J3_130_1925_J3_0)    2.036    2.214 6.87e+03   11.122   0.1
          DP_OP_243J3_131_642 (InputDoubleBufferReader_512_16_16_run_DP_OP_243J3_131_642_J3_0)    6.363    6.601 7.35e+03   20.317   0.2
          InputDoubleBufferReader_512_16_16_run_run_fsm_inst (InputDoubleBufferReader_512_16_16_run_run_fsm)    1.315    6.023 1.24e+03    8.580   0.1
          InputDoubleBufferReader_512_16_16_run_staller_inst (InputDoubleBufferReader_512_16_16_run_staller)    0.340    1.132  134.575    1.606   0.0
          InputDoubleBufferReader_512_16_16_run_din_rsc_req_obj_inst (InputDoubleBufferReader_512_16_16_run_din_rsc_req_obj) 4.02e-03    1.438  183.102    1.625   0.0
            InputDoubleBufferReader_512_16_16_run_din_rsc_req_obj_din_rsc_req_wait_dp_inst (InputDoubleBufferReader_512_16_16_run_din_rsc_req_obj_din_rsc_req_wait_dp) 3.65e-03    1.438  124.368    1.566   0.0
            InputDoubleBufferReader_512_16_16_run_din_rsc_req_obj_din_rsc_req_wait_ctrl_inst (InputDoubleBufferReader_512_16_16_run_din_rsc_req_obj_din_rsc_req_wait_ctrl) 1.86e-04 3.25e-04   45.989 4.65e-02   0.0
            din_rsc_req_obj (mgc_in_sync_v2_valid1_2) 1.86e-04 1.93e-04   12.745 1.31e-02   0.0
          InputDoubleBufferReader_512_16_16_run_din_rsc_rls_obj_inst (InputDoubleBufferReader_512_16_16_run_din_rsc_rls_obj) 1.68e-04 9.09e-05   44.607 4.49e-02   0.0
            InputDoubleBufferReader_512_16_16_run_din_rsc_rls_obj_din_rsc_rls_wait_ctrl_inst (InputDoubleBufferReader_512_16_16_run_din_rsc_rls_obj_din_rsc_rls_wait_ctrl) 1.68e-04 9.09e-05   31.843 3.21e-02   0.0
            din_rsc_rls_obj (mgc_io_sync_v2_valid0_2)    0.000    0.000   12.763 1.28e-02   0.0
          InputDoubleBufferReader_512_16_16_run_dout_rsci_inst (InputDoubleBufferReader_512_16_16_run_dout_rsci) 3.32e-02    1.477 1.86e+03    3.368   0.0
            InputDoubleBufferReader_512_16_16_run_dout_rsci_dout_wait_dp_inst (InputDoubleBufferReader_512_16_16_run_dout_rsci_dout_wait_dp) 1.03e-04    1.434  122.359    1.556   0.0
            InputDoubleBufferReader_512_16_16_run_dout_rsci_dout_wait_ctrl_inst (InputDoubleBufferReader_512_16_16_run_dout_rsci_dout_wait_ctrl) 4.06e-04 3.71e-04   77.913 7.87e-02   0.0
            dout_rsci (ccs_out_wait_v1_rscid9_width128_1) 3.27e-02 4.25e-02 1.66e+03    1.733   0.0
          InputDoubleBufferReader_512_16_16_run_din_rsci_1_inst (InputDoubleBufferReader_512_16_16_run_din_rsci_1)   40.848  201.603 1.57e+04  258.167   2.2
            InputDoubleBufferReader_512_16_16_run_din_rsci_1_din_rsc_wait_ctrl_inst (InputDoubleBufferReader_512_16_16_run_din_rsci_1_din_rsc_wait_ctrl) 4.42e-04 3.72e-04   72.835 7.36e-02   0.0
            InputDoubleBufferReader_512_16_16_run_din_rsci_1_din_rsc_wait_dp_inst (InputDoubleBufferReader_512_16_16_run_din_rsci_1_din_rsc_wait_dp)   40.816  201.559 1.56e+04  258.008   2.2
          InputDoubleBufferReader_512_16_16_run_paramsIn_rsci_inst (InputDoubleBufferReader_512_16_16_run_paramsIn_rsci)   38.945  197.637 1.74e+04  254.001   2.2
            InputDoubleBufferReader_512_16_16_run_paramsIn_rsci_paramsIn_wait_dp_inst (InputDoubleBufferReader_512_16_16_run_paramsIn_rsci_paramsIn_wait_dp)   37.329  196.858 1.53e+04  249.447   2.1
            InputDoubleBufferReader_512_16_16_run_paramsIn_rsci_paramsIn_wait_ctrl_inst (InputDoubleBufferReader_512_16_16_run_paramsIn_rsci_paramsIn_wait_ctrl) 7.77e-02 6.86e-02   77.746    0.224   0.0
            paramsIn_rsci (ccs_in_wait_v1_rscid7_width144_1)    0.484    0.567 1.75e+03    2.806   0.0
        din_rsci (InputDoubleBufferReader_512_16_16_sram_384_128_sram_384_128_rwport_8_128_16_512_128_gen)    4.245    5.004 1.63e+03   10.877   0.1
      inputDoubleBufferWriter (InputDoubleBufferWriter_512_16_16)   77.323  338.513 8.82e+04  504.034   4.3
        InputDoubleBufferWriter_512_16_16_run_inst (InputDoubleBufferWriter_512_16_16_run)   76.132  337.930 8.62e+04  500.305   4.3
          add_x_1 (InputDoubleBufferWriter_512_16_16_run_DW01_add_J14_4) 3.11e-02    0.143  462.475    0.636   0.0
          add_x_3 (InputDoubleBufferWriter_512_16_16_run_DW01_inc_J14_2)    0.114    0.153  367.193    0.634   0.0
          add_x_31 (InputDoubleBufferWriter_512_16_16_run_DW01_add_J14_2) 6.27e-02    0.147  472.585    0.682   0.0
          add_x_32 (InputDoubleBufferWriter_512_16_16_run_DW01_add_J14_1) 6.44e-02    0.148  472.537    0.685   0.0
          add_x_33 (InputDoubleBufferWriter_512_16_16_run_DW01_add_J14_0) 3.57e-02 8.89e-02  843.815    0.968   0.0
          mult_x_36 (InputDoubleBufferWriter_512_16_16_run_DW_mult_uns_J14_3)    0.744    0.770 3.17e+03    4.680   0.0
          mult_x_37 (InputDoubleBufferWriter_512_16_16_run_DW_mult_uns_J14_2)    0.726    0.764 3.17e+03    4.656   0.0
          mult_x_38 (InputDoubleBufferWriter_512_16_16_run_DW_mult_uns_J14_1)    0.665    0.655 3.17e+03    4.486   0.0
          mult_x_39 (InputDoubleBufferWriter_512_16_16_run_DW_mult_uns_J14_0)    3.364    3.023 2.37e+04   30.062   0.3
          add_x_40 (InputDoubleBufferWriter_512_16_16_run_DW01_dec_J14_0)    0.311    0.302 1.97e+03    2.582   0.0
          DP_OP_84J14_122_4097 (InputDoubleBufferWriter_512_16_16_run_DP_OP_84J14_122_4097_J14_0)    0.000    0.000  625.545    0.626   0.0
          DP_OP_85J14_123_6961 (InputDoubleBufferWriter_512_16_16_run_DP_OP_85J14_123_6961_J14_0) 6.02e-02    0.100  513.602    0.674   0.0
          DP_OP_86J14_124_6902 (InputDoubleBufferWriter_512_16_16_run_DP_OP_86J14_124_6902_J14_0)    0.471    0.474 3.40e+03    4.347   0.0
          InputDoubleBufferWriter_512_16_16_run_run_fsm_inst (InputDoubleBufferWriter_512_16_16_run_run_fsm)    2.237    6.588 1.50e+03   10.324   0.1
          InputDoubleBufferWriter_512_16_16_run_staller_inst (InputDoubleBufferWriter_512_16_16_run_staller)    0.225    1.171  134.089    1.531   0.0
          InputDoubleBufferWriter_512_16_16_run_dout_rsc_req_obj_inst (InputDoubleBufferWriter_512_16_16_run_dout_rsc_req_obj) 1.20e-02    1.450  199.961    1.662   0.0
            InputDoubleBufferWriter_512_16_16_run_dout_rsc_req_obj_dout_rsc_req_wait_dp_inst (InputDoubleBufferWriter_512_16_16_run_dout_rsc_req_obj_dout_rsc_req_wait_dp) 4.81e-03    1.438  122.624    1.565   0.0
            InputDoubleBufferWriter_512_16_16_run_dout_rsc_req_obj_dout_rsc_req_wait_ctrl_inst (InputDoubleBufferWriter_512_16_16_run_dout_rsc_req_obj_dout_rsc_req_wait_ctrl) 7.08e-03 1.18e-02   67.654 8.65e-02   0.0
            dout_rsc_req_obj (mgc_in_sync_v2_valid1_3) 1.41e-04 1.91e-04    9.683 1.00e-02   0.0
          InputDoubleBufferWriter_512_16_16_run_dout_rsc_rls_obj_inst (InputDoubleBufferWriter_512_16_16_run_dout_rsc_rls_obj) 1.38e-04 9.02e-05   44.083 4.43e-02   0.0
            InputDoubleBufferWriter_512_16_16_run_dout_rsc_rls_obj_dout_rsc_rls_wait_ctrl_inst (InputDoubleBufferWriter_512_16_16_run_dout_rsc_rls_obj_dout_rsc_rls_wait_ctrl) 1.38e-04 9.02e-05   31.320 3.15e-02   0.0
            dout_rsc_rls_obj (mgc_io_sync_v2_valid0_3)    0.000    0.000   12.763 1.28e-02   0.0
          InputDoubleBufferWriter_512_16_16_run_dout_rsci_1_inst (InputDoubleBufferWriter_512_16_16_run_dout_rsci_1) 3.83e-02 8.11e-02  245.699    0.365   0.0
            InputDoubleBufferWriter_512_16_16_run_dout_rsci_1_dout_rsc_wait_ctrl_inst (InputDoubleBufferWriter_512_16_16_run_dout_rsci_1_dout_rsc_wait_ctrl) 9.51e-04 1.26e-03   31.860 3.41e-02   0.0
          InputDoubleBufferWriter_512_16_16_run_din_rsci_inst (InputDoubleBufferWriter_512_16_16_run_din_rsci)    8.442   29.765 2.36e+03   40.568   0.3
            InputDoubleBufferWriter_512_16_16_run_din_rsci_din_wait_dp_inst (InputDoubleBufferWriter_512_16_16_run_din_rsci_din_wait_dp)    7.941   29.084 2.08e+03   39.105   0.3
            InputDoubleBufferWriter_512_16_16_run_din_rsci_din_wait_ctrl_inst (InputDoubleBufferWriter_512_16_16_run_din_rsci_din_wait_ctrl) 1.14e-02 1.20e-02   78.866    0.102   0.0
            din_rsci (ccs_in_wait_v1_rscid2_width16_1)    0.489    0.669  203.311    1.361   0.0
          InputDoubleBufferWriter_512_16_16_run_paramsIn_rsci_inst (InputDoubleBufferWriter_512_16_16_run_paramsIn_rsci)   24.783  125.996 1.12e+04  161.945   1.4
            InputDoubleBufferWriter_512_16_16_run_paramsIn_rsci_paramsIn_wait_dp_inst (InputDoubleBufferWriter_512_16_16_run_paramsIn_rsci_paramsIn_wait_dp)   23.761  125.460 9.66e+03  158.882   1.4
            InputDoubleBufferWriter_512_16_16_run_paramsIn_rsci_paramsIn_wait_ctrl_inst (InputDoubleBufferWriter_512_16_16_run_paramsIn_rsci_paramsIn_wait_ctrl)    0.117 6.89e-02   78.150    0.264   0.0
            paramsIn_rsci (ccs_in_wait_v1_rscid1_width144_1)    0.217    0.368 1.11e+03    1.695   0.0
        dout_rsci (InputDoubleBufferWriter_512_16_16_sram_384_128_sram_384_128_rwport_3_128_16_512_128_gen)    0.480    0.507 1.82e+03    2.808   0.0
      inputDoubleBufferReaderParams_cns_pipe (ccs_pipe_v5_rscid16_width144_sz_width1_fifo_sz1_log2_sz0_ph_clk1_ph_en0_ph_arst0_ph_srst0_1)    4.477    8.295 2.11e+04   33.908   0.3
        FIFO (ccs_fifo_wait_core_v5_rscid16_width144_sz_width1_fifo_sz1_ph_clk1_ph_en0_ph_arst0_ph_srst0_ph_log20_1)    4.477    8.295 2.11e+04   33.908   0.3
          FIFO_REG_GEN_REGS_0__BUFREG (ccs_genreg_v1_144_1_0_0_0_1_2)    3.701    4.827 1.63e+04   24.809   0.2
          FIFO_REG_GEN_REGS_0__STATREG (ccs_genreg_v1_1_1_0_0_0_1_2) 9.91e-03    1.478  129.729    1.618   0.0
          FIFO_REG_HS_INIT_REG (ccs_genreg_v1_1_1_1_0_0_0_2) 4.22e-02    1.045  105.310    1.193   0.0
      mem_cns_comp_1 (sram_384_128_WRAPPER_DEPTH0_WRAPPER_WIDTH128_WRAPPER_ADDR_BITS16_SRAM_DEPTH0_SRAM_WIDTH0_SRAM_ADDR_BITS0_num_inst_depth0_num_inst_width0)    2.151    0.000    0.000    2.151   0.0
      mem_cns_comp (sram_384_128_WRAPPER_DEPTH0_WRAPPER_WIDTH128_WRAPPER_ADDR_BITS16_SRAM_DEPTH0_SRAM_WIDTH0_SRAM_ADDR_BITS0_num_inst_depth0_num_inst_width0)    2.257    0.000    0.000    2.257   0.0
      inputDoubleBufferWriterParams_cns_pipe (ccs_pipe_v5_rscid15_width144_sz_width1_fifo_sz1_log2_sz0_ph_clk1_ph_en0_ph_arst0_ph_srst0_1)    2.942    6.581 1.35e+04   22.981   0.2
        FIFO (ccs_fifo_wait_core_v5_rscid15_width144_sz_width1_fifo_sz1_ph_clk1_ph_en0_ph_arst0_ph_srst0_ph_log20_1)    2.942    6.581 1.35e+04   22.981   0.2
          FIFO_REG_GEN_REGS_0__BUFREG (ccs_genreg_v1_144_1_0_0_0_1_3)    2.361    3.409 1.02e+04   16.013   0.1
          FIFO_REG_GEN_REGS_0__STATREG (ccs_genreg_v1_1_1_0_0_0_1_3) 5.71e-03    1.479  129.695    1.614   0.0
          FIFO_REG_HS_INIT_REG (ccs_genreg_v1_1_1_1_0_0_0_3) 4.52e-02    1.046  105.310    1.196   0.0
  outputSerializer (Serializer_PackedInt_16UL_16UL_ODTYPE_16)  108.073  570.686 6.73e+04  746.028   6.4
    Serializer_PackedInt_16UL_16UL_ODTYPE_16_run_inst (Serializer_PackedInt_16UL_16UL_ODTYPE_16_run)  108.073  570.686 6.73e+04  746.028   6.4
      Serializer_PackedInt_16UL_16UL_ODTYPE_16_run_run_fsm_inst (Serializer_PackedInt_16UL_16UL_ODTYPE_16_run_run_fsm) 8.26e-02    1.006  106.362    1.195   0.0
      Serializer_PackedInt_16UL_16UL_ODTYPE_16_run_staller_inst (Serializer_PackedInt_16UL_16UL_ODTYPE_16_run_staller) 7.21e-02 5.26e-02   24.971    0.150   0.0
      Serializer_PackedInt_16UL_16UL_ODTYPE_16_run_serialOutChannel_rsci_inst (Serializer_PackedInt_16UL_16UL_ODTYPE_16_run_serialOutChannel_rsci)    0.266    1.338  454.471    2.059   0.0
        Serializer_PackedInt_16UL_16UL_ODTYPE_16_run_serialOutChannel_rsci_serialOutChannel_wait_dp_inst (Serializer_PackedInt_16UL_16UL_ODTYPE_16_run_serialOutChannel_rsci_serialOutChannel_wait_dp) 7.91e-02    1.176  141.741    1.397   0.0
        Serializer_PackedInt_16UL_16UL_ODTYPE_16_run_serialOutChannel_rsci_serialOutChannel_wait_ctrl_inst (Serializer_PackedInt_16UL_16UL_ODTYPE_16_run_serialOutChannel_rsci_serialOutChannel_wait_ctrl) 9.13e-02 8.58e-02   85.059    0.262   0.0
        serialOutChannel_rsci (ccs_out_wait_v1_rscid6_width16) 9.54e-02 7.68e-02  227.670    0.400   0.0
      Serializer_PackedInt_16UL_16UL_ODTYPE_16_run_inputChannel_rsci_inst (Serializer_PackedInt_16UL_16UL_ODTYPE_16_run_inputChannel_rsci)   67.810  371.083 3.13e+04  470.222   4.0
        Serializer_PackedInt_16UL_16UL_ODTYPE_16_run_inputChannel_rsci_inputChannel_wait_dp_inst (Serializer_PackedInt_16UL_16UL_ODTYPE_16_run_inputChannel_rsci_inputChannel_wait_dp)   67.726  370.999 2.80e+04  466.685   4.0
        Serializer_PackedInt_16UL_16UL_ODTYPE_16_run_inputChannel_rsci_inputChannel_wait_ctrl_inst (Serializer_PackedInt_16UL_16UL_ODTYPE_16_run_inputChannel_rsci_inputChannel_wait_ctrl) 7.36e-02 4.83e-02   78.015    0.200   0.0
        inputChannel_rsci (ccs_in_wait_v1_rscid5_width256) 1.08e-02 3.51e-02 3.29e+03    3.337   0.0
  paramsDeserializer_1 (ParamsDeserializer)   24.558  105.031 3.20e+04  161.554   1.4
    ParamsDeserializer_run_inst (ParamsDeserializer_run)   24.558  105.031 3.20e+04  161.554   1.4
      ParamsDeserializer_run_run_fsm_inst (ParamsDeserializer_run_run_fsm)    2.130    8.386  937.816   11.454   0.1
      ParamsDeserializer_run_staller_inst (ParamsDeserializer_run_staller)    0.169 6.12e-02   44.078    0.274   0.0
      ParamsDeserializer_run_outputChannel3_rsci_inst (ParamsDeserializer_run_outputChannel3_rsci)    0.426    2.210 2.58e+03    5.216   0.0
        ParamsDeserializer_run_outputChannel3_rsci_outputChannel3_wait_dp_inst (ParamsDeserializer_run_outputChannel3_rsci_outputChannel3_wait_dp) 1.11e-02    1.442  122.838    1.576   0.0
        ParamsDeserializer_run_outputChannel3_rsci_outputChannel3_wait_ctrl_inst (ParamsDeserializer_run_outputChannel3_rsci_outputChannel3_wait_ctrl) 2.63e-02 3.80e-02   80.322    0.145   0.0
        outputChannel3_rsci (ccs_out_wait_v1_rscid4_width144)    0.389    0.730 2.38e+03    3.496   0.0
      ParamsDeserializer_run_outputChannel2_rsci_inst (ParamsDeserializer_run_outputChannel2_rsci)    0.179    1.920 1.44e+03    3.538   0.0
        ParamsDeserializer_run_outputChannel2_rsci_outputChannel2_wait_dp_inst (ParamsDeserializer_run_outputChannel2_rsci_outputChannel2_wait_dp) 1.08e-02    1.442  122.838    1.576   0.0
        ParamsDeserializer_run_outputChannel2_rsci_outputChannel2_wait_ctrl_inst (ParamsDeserializer_run_outputChannel2_rsci_outputChannel2_wait_ctrl) 2.57e-02 3.79e-02   80.322    0.144   0.0
        outputChannel2_rsci (ccs_out_wait_v1_rscid3_width144)    0.143    0.440 1.23e+03    1.818   0.0
      ParamsDeserializer_run_outputChannel1_rsci_inst (ParamsDeserializer_run_outputChannel1_rsci)    0.593    2.103 1.96e+03    4.652   0.0
        ParamsDeserializer_run_outputChannel1_rsci_outputChannel1_wait_dp_inst (ParamsDeserializer_run_outputChannel1_rsci_outputChannel1_wait_dp) 1.14e-02    1.442  122.838    1.576   0.0
        ParamsDeserializer_run_outputChannel1_rsci_outputChannel1_wait_ctrl_inst (ParamsDeserializer_run_outputChannel1_rsci_outputChannel1_wait_ctrl) 2.82e-02 3.81e-02   80.322    0.147   0.0
        outputChannel1_rsci (ccs_out_wait_v1_rscid2_width144)    0.553    0.623 1.75e+03    2.929   0.0
      ParamsDeserializer_run_inputChannel_rsci_inst (ParamsDeserializer_run_inputChannel_rsci)    7.633   29.940 2.37e+03   39.942   0.3
        ParamsDeserializer_run_inputChannel_rsci_inputChannel_wait_dp_inst (ParamsDeserializer_run_inputChannel_rsci_inputChannel_wait_dp)    7.127   29.077 2.08e+03   38.287   0.3
        ParamsDeserializer_run_inputChannel_rsci_inputChannel_wait_ctrl_inst (ParamsDeserializer_run_inputChannel_rsci_inputChannel_wait_ctrl)    0.113    0.168   84.888    0.366   0.0
        inputChannel_rsci (ccs_in_wait_v1_rscid1_width16)    0.392    0.694  201.950    1.289   0.0
  weight_out_cns_pipe (ccs_pipe_v5_rscid172_width128_sz_width1_fifo_sz3_log2_sz2_ph_clk1_ph_en0_ph_arst0_ph_srst0)    8.315   10.495 5.79e+04   76.661   0.7
    FIFO (ccs_fifo_wait_core_v5_rscid172_width128_sz_width1_fifo_sz3_ph_clk1_ph_en0_ph_arst0_ph_srst0_ph_log22)    8.315   10.495 5.79e+04   76.661   0.7
      FIFO_REG_GEN_REGS_0__BUFREG (ccs_genreg_v1_128_1_0_0_0_1_0)    2.736    1.702 1.52e+04   19.616   0.2
      FIFO_REG_GEN_REGS_0__STATREG (ccs_genreg_v1_1_1_0_0_0_1_10)    0.000    1.496  129.099    1.625   0.0
      FIFO_REG_GEN_REGS_1__BUFREG (ccs_genreg_v1_128_1_0_0_0_1_1)    2.712    1.601 1.52e+04   19.493   0.2
      FIFO_REG_GEN_REGS_1__STATREG (ccs_genreg_v1_1_1_0_0_0_1_11)    0.000    1.496  129.099    1.625   0.0
      FIFO_REG_GEN_REGS_2__BUFREG (ccs_genreg_v1_128_1_0_0_0_1_2)    2.684    1.600 1.52e+04   19.464   0.2
      FIFO_REG_GEN_REGS_2__STATREG (ccs_genreg_v1_1_1_0_0_0_1_12)    0.000    1.496  129.099    1.625   0.0
      FIFO_REG_HS_INIT_REG (ccs_genreg_v1_1_1_1_0_0_0_6) 3.94e-02    1.043  105.310    1.188   0.0
  input_out_cns_pipe (ccs_pipe_v5_rscid171_width128_sz_width1_fifo_sz3_log2_sz2_ph_clk1_ph_en0_ph_arst0_ph_srst0)    8.618   10.785 5.79e+04   77.292   0.7
    FIFO (ccs_fifo_wait_core_v5_rscid171_width128_sz_width1_fifo_sz3_ph_clk1_ph_en0_ph_arst0_ph_srst0_ph_log22)    8.618   10.785 5.79e+04   77.292   0.7
      FIFO_REG_GEN_REGS_0__BUFREG (ccs_genreg_v1_128_1_0_0_0_1_3)    2.759    1.834 1.52e+04   19.794   0.2
      FIFO_REG_GEN_REGS_0__STATREG (ccs_genreg_v1_1_1_0_0_0_1_13) 9.88e-05    1.496  129.110    1.625   0.0
      FIFO_REG_GEN_REGS_1__BUFREG (ccs_genreg_v1_128_1_0_0_0_1_4)    2.845    1.655 1.52e+04   19.680   0.2
      FIFO_REG_GEN_REGS_1__STATREG (ccs_genreg_v1_1_1_0_0_0_1_14) 1.82e-04    1.496  129.113    1.625   0.0
      FIFO_REG_GEN_REGS_2__BUFREG (ccs_genreg_v1_128_1_0_0_0_1_5)    2.860    1.690 1.52e+04   19.742   0.2
      FIFO_REG_GEN_REGS_2__STATREG (ccs_genreg_v1_1_1_0_0_0_1_15) 4.82e-04    1.496  129.116    1.625   0.0
      FIFO_REG_HS_INIT_REG (ccs_genreg_v1_1_1_1_0_0_0_7) 4.32e-02    1.045  105.310    1.193   0.0
  output_cns_pipe (ccs_pipe_v5_rscid173_width256_sz_width1_fifo_sz3_log2_sz2_ph_clk1_ph_en0_ph_arst0_ph_srst0)   16.986   12.097 1.14e+05  143.536   1.2
    FIFO (ccs_fifo_wait_core_v5_rscid173_width256_sz_width1_fifo_sz3_ph_clk1_ph_en0_ph_arst0_ph_srst0_ph_log22)   16.986   12.097 1.14e+05  143.536   1.2
      FIFO_REG_GEN_REGS_0__BUFREG (ccs_genreg_v1_256_1_0_0_0_1_0)    5.308    2.327 3.03e+04   37.912   0.3
      FIFO_REG_GEN_REGS_0__STATREG (ccs_genreg_v1_1_1_0_0_0_1_16)    0.000    1.496  129.099    1.625   0.0
      FIFO_REG_GEN_REGS_1__BUFREG (ccs_genreg_v1_256_1_0_0_0_1_1)    5.530    2.054 3.03e+04   37.864   0.3
      FIFO_REG_GEN_REGS_1__STATREG (ccs_genreg_v1_1_1_0_0_0_1_17)    0.000    1.496  129.099    1.625   0.0
      FIFO_REG_GEN_REGS_2__BUFREG (ccs_genreg_v1_256_1_0_0_0_1_2)    5.475    2.052 3.03e+04   37.807   0.3
      FIFO_REG_GEN_REGS_2__STATREG (ccs_genreg_v1_1_1_0_0_0_1_18)    0.000    1.496  129.099    1.625   0.0
      FIFO_REG_HS_INIT_REG (ccs_genreg_v1_1_1_1_0_0_0_8) 4.02e-02    1.043  105.310    1.189   0.0
  systolicArrayParams_cns_pipe (ccs_pipe_v5_rscid174_width144_sz_width1_fifo_sz3_log2_sz2_ph_clk1_ph_en0_ph_arst0_ph_srst0)   12.606   20.507 5.81e+04   91.218   0.8
    FIFO (ccs_fifo_wait_core_v5_rscid174_width144_sz_width1_fifo_sz3_ph_clk1_ph_en0_ph_arst0_ph_srst0_ph_log22)   11.916   20.455 5.81e+04   90.464   0.8
      FIFO_REG_GEN_REGS_0__BUFREG (ccs_genreg_v1_144_1_0_0_0_1_7)    3.931    3.801 1.52e+04   22.963   0.2
      FIFO_REG_GEN_REGS_0__STATREG (ccs_genreg_v1_1_1_0_0_0_1_19) 1.56e-05    1.496  129.048    1.625   0.0
      FIFO_REG_GEN_REGS_1__BUFREG (ccs_genreg_v1_144_1_0_0_0_1_8)    3.284    3.906 1.52e+04   22.420   0.2
      FIFO_REG_GEN_REGS_1__STATREG (ccs_genreg_v1_1_1_0_0_0_1_20) 1.14e-03    1.493  129.164    1.623   0.0
      FIFO_REG_GEN_REGS_2__BUFREG (ccs_genreg_v1_144_1_0_0_0_1_9)    3.317    4.604 1.52e+04   23.148   0.2
      FIFO_REG_GEN_REGS_2__STATREG (ccs_genreg_v1_1_1_0_0_0_1_21) 6.99e-03    1.477  129.687    1.614   0.0
      FIFO_REG_HS_INIT_REG (ccs_genreg_v1_1_1_1_0_0_0_9) 4.26e-02    1.047  105.310    1.195   0.0
  weightDoubleBufferParams_cns_pipe (ccs_pipe_v5_rscid170_width144_sz_width1_fifo_sz3_log2_sz2_ph_clk1_ph_en0_ph_arst0_ph_srst0)    9.128   17.104 4.45e+04   70.696   0.6
    FIFO (ccs_fifo_wait_core_v5_rscid170_width144_sz_width1_fifo_sz3_ph_clk1_ph_en0_ph_arst0_ph_srst0_ph_log22)    8.614   16.888 4.39e+04   69.360   0.6
      FIFO_REG_GEN_REGS_0__BUFREG (ccs_genreg_v1_144_1_0_0_0_1_10)    2.688    3.103 1.14e+04   17.225   0.1
      FIFO_REG_GEN_REGS_0__STATREG (ccs_genreg_v1_1_1_0_0_0_1_22)    0.000    1.496  129.048    1.625   0.0
      FIFO_REG_GEN_REGS_1__BUFREG (ccs_genreg_v1_144_1_0_0_0_1_11)    2.383    3.120 1.14e+04   16.949   0.1
      FIFO_REG_GEN_REGS_1__STATREG (ccs_genreg_v1_1_1_0_0_0_1_23) 1.66e-04    1.496  129.059    1.625   0.0
      FIFO_REG_GEN_REGS_2__BUFREG (ccs_genreg_v1_144_1_0_0_0_1_12)    2.400    3.120 1.14e+04   16.955   0.1
      FIFO_REG_GEN_REGS_2__STATREG (ccs_genreg_v1_1_1_0_0_0_1_24) 5.58e-04    1.493  129.131    1.623   0.0
      FIFO_REG_HS_INIT_REG (ccs_genreg_v1_1_1_1_0_0_0_10) 4.32e-02    1.047  105.310    1.196   0.0
  inputDoubleBufferParams_cns_pipe (ccs_pipe_v5_rscid169_width144_sz_width1_fifo_sz3_log2_sz2_ph_clk1_ph_en0_ph_arst0_ph_srst0)   12.255   19.953 6.20e+04   94.251   0.8
    FIFO (ccs_fifo_wait_core_v5_rscid169_width144_sz_width1_fifo_sz3_ph_clk1_ph_en0_ph_arst0_ph_srst0_ph_log22)   12.255   19.953 6.20e+04   94.251   0.8
      FIFO_REG_GEN_REGS_0__BUFREG (ccs_genreg_v1_144_1_0_0_0_1_13)    4.004    3.872 1.63e+04   24.153   0.2
      FIFO_REG_GEN_REGS_0__STATREG (ccs_genreg_v1_1_1_0_0_0_1_25)    0.000    1.496  129.048    1.625   0.0
      FIFO_REG_GEN_REGS_1__BUFREG (ccs_genreg_v1_144_1_0_0_0_1_14)    3.320    3.839 1.63e+04   23.448   0.2
      FIFO_REG_GEN_REGS_1__STATREG (ccs_genreg_v1_1_1_0_0_0_1_26)    0.000    1.496  129.048    1.625   0.0
      FIFO_REG_GEN_REGS_2__BUFREG (ccs_genreg_v1_144_1_0_0_0_1_15)    3.287    3.885 1.63e+04   23.473   0.2
      FIFO_REG_GEN_REGS_2__STATREG (ccs_genreg_v1_1_1_0_0_0_1_27) 1.56e-05    1.496  129.048    1.625   0.0
      FIFO_REG_HS_INIT_REG (ccs_genreg_v1_1_1_1_0_0_0_11) 4.18e-02    1.043  105.310    1.190   0.0
1
