Information: Propagating switching activity (low effort zero delay simulation). (PWR-6)
Warning: Design has unannotated primary inputs. (PWR-414)
Warning: Design has unannotated sequential cell outputs. (PWR-415)
Warning: Design has unannotated black box outputs. (PWR-428)
 
****************************************
Report : power
        -hier
        -analysis_effort low
Design : Conv
Version: L-2016.03-SP5-5
Date   : Sun Feb 23 21:11:47 2020
****************************************


Library(s) Used:

    NangateOpenCellLibrary (File: /home/users/skavya/ee272/ee272-hw5/Conv/design/5-synopsys-dc-synthesis/inputs/adk/stdcells.db)


Operating Conditions: typical   Library: NangateOpenCellLibrary
Wire Load Model Mode: Inactive.


Global Operating Voltage = 1.1  
Power-specific unit information :
    Voltage Units = 1V
    Capacitance Units = 1.000000ff
    Time Units = 1ns
    Dynamic Power Units = 1uW    (derived from V,C,T units)
    Leakage Power Units = 1nW


--------------------------------------------------------------------------------
                                       Switch   Int      Leak     Total
Hierarchy                              Power    Power    Power    Power    %
--------------------------------------------------------------------------------
Conv                                   2.32e+03 7.14e+03 3.20e+06 1.26e+04 100.0
  systolicArray (SystolicArrayWrapper_IDTYPE_WDTYPE_ODTYPE_16_16)  987.435 3.84e+03 1.72e+06 6.54e+03  51.7
    systolicArrayLooper_1 (SystolicArrayLooper)   69.640  308.991 8.19e+04  460.504   3.6
      SystolicArrayLooper_run_inst (SystolicArrayLooper_run)   69.125  308.938 8.19e+04  459.925   3.6
        mult_x_2 (SystolicArrayLooper_run_DW_mult_uns_J4_0)    3.397    2.959 2.36e+04   30.002   0.2
        add_x_7 (SystolicArrayLooper_run_DW01_add_J4_0)    0.162    0.259 1.97e+03    2.395   0.0
        add_x_8 (SystolicArrayLooper_run_DW01_inc_J4_0) 9.91e-03 1.61e-02  681.537    0.708   0.0
        SystolicArrayLooper_run_run_fsm_inst (SystolicArrayLooper_run_run_fsm)    1.531    6.258 1.75e+03    9.541   0.1
        SystolicArrayLooper_run_staller_inst (SystolicArrayLooper_run_staller) 9.43e-02 6.57e-02   30.604    0.191   0.0
        SystolicArrayLooper_run_loopIndicesOut_rsci_inst (SystolicArrayLooper_run_loopIndicesOut_rsci) 8.91e-02    1.507  838.893    2.435   0.0
          SystolicArrayLooper_run_loopIndicesOut_rsci_loopIndicesOut_wait_dp_inst (SystolicArrayLooper_run_loopIndicesOut_rsci_loopIndicesOut_wait_dp) 4.91e-03    1.439  124.088    1.568   0.0
          SystolicArrayLooper_run_loopIndicesOut_rsci_loopIndicesOut_wait_ctrl_inst (SystolicArrayLooper_run_loopIndicesOut_rsci_loopIndicesOut_wait_ctrl) 1.33e-02 1.44e-02   78.344    0.106   0.0
          loopIndicesOut_rsci (ccs_out_wait_v1_rscid158_width48) 7.08e-02 5.39e-02  636.461    0.761   0.0
        SystolicArrayLooper_run_paramsOut_rsci_inst (SystolicArrayLooper_run_paramsOut_rsci)    0.374    1.646 1.24e+03    3.261   0.0
          SystolicArrayLooper_run_paramsOut_rsci_paramsOut_wait_dp_inst (SystolicArrayLooper_run_paramsOut_rsci_paramsOut_wait_dp) 4.72e-03    1.439  124.088    1.567   0.0
          SystolicArrayLooper_run_paramsOut_rsci_paramsOut_wait_ctrl_inst (SystolicArrayLooper_run_paramsOut_rsci_paramsOut_wait_ctrl) 8.22e-03 1.41e-02   78.344    0.101   0.0
          paramsOut_rsci (ccs_out_wait_v1_rscid157_width144)    0.361    0.193 1.04e+03    1.593   0.0
        SystolicArrayLooper_run_paramsIn_rsci_inst (SystolicArrayLooper_run_paramsIn_rsci)   36.748  185.195 1.63e+04  238.219   1.9
          SystolicArrayLooper_run_paramsIn_rsci_paramsIn_wait_dp_inst (SystolicArrayLooper_run_paramsIn_rsci_paramsIn_wait_dp)   35.028  184.458 1.42e+04  233.729   1.8
          SystolicArrayLooper_run_paramsIn_rsci_paramsIn_wait_ctrl_inst (SystolicArrayLooper_run_paramsIn_rsci_paramsIn_wait_ctrl)    0.130 6.87e-02   78.011    0.276   0.0
          paramsIn_rsci (ccs_in_wait_v1_rscid156_width144)    0.512    0.526 1.64e+03    2.678   0.0
    systolicArrayCore (SystolicArrayCore_IDTYPE_WDTYPE_ODTYPE_16_16)  905.622 3.50e+03 1.57e+06 5.98e+03  47.3
      SystolicArrayCore_IDTYPE_WDTYPE_ODTYPE_16_16_struct_inst (SystolicArrayCore_IDTYPE_WDTYPE_ODTYPE_16_16_struct)  904.952 3.50e+03 1.57e+06 5.98e+03  47.3
        SystolicArrayCore_IDTYPE_WDTYPE_ODTYPE_16_16_run_inst (SystolicArrayCore_IDTYPE_WDTYPE_ODTYPE_16_16_run)  853.961 3.49e+03 1.57e+06 5.92e+03  46.8
          add_x_504 (SystolicArrayCore_IDTYPE_WDTYPE_ODTYPE_16_16_run_DW01_inc_J1_0)    0.000    0.000  680.454    0.680   0.0
          DP_OP_743J1_122_5484 (SystolicArrayCore_IDTYPE_WDTYPE_ODTYPE_16_16_run_DP_OP_743J1_122_5484_J1_0)    1.569    1.296 2.40e+04   26.880   0.2
          DP_OP_744J1_123_666 (SystolicArrayCore_IDTYPE_WDTYPE_ODTYPE_16_16_run_DP_OP_744J1_123_666_J1_0) 5.74e-02 9.10e-02 1.26e+03    1.407   0.0
          DP_OP_745J1_124_7340 (SystolicArrayCore_IDTYPE_WDTYPE_ODTYPE_16_16_run_DP_OP_745J1_124_7340_J1_0)    0.119    0.131 1.40e+03    1.654   0.0
          DP_OP_746J1_125_7340 (SystolicArrayCore_IDTYPE_WDTYPE_ODTYPE_16_16_run_DP_OP_746J1_125_7340_J1_0)    0.120    0.130 1.40e+03    1.654   0.0
          DP_OP_747J1_126_7340 (SystolicArrayCore_IDTYPE_WDTYPE_ODTYPE_16_16_run_DP_OP_747J1_126_7340_J1_0)    0.125    0.130 1.40e+03    1.658   0.0
          DP_OP_748J1_127_9097 (SystolicArrayCore_IDTYPE_WDTYPE_ODTYPE_16_16_run_DP_OP_748J1_127_9097_J1_0)    0.113    0.128 2.34e+03    2.585   0.0
          SystolicArrayCore_IDTYPE_WDTYPE_ODTYPE_16_16_run_run_fsm_inst (SystolicArrayCore_IDTYPE_WDTYPE_ODTYPE_16_16_run_run_fsm)    1.573    9.174 1.69e+03   12.440   0.1
          SystolicArrayCore_IDTYPE_WDTYPE_ODTYPE_16_16_run_staller_inst (SystolicArrayCore_IDTYPE_WDTYPE_ODTYPE_16_16_run_staller)    1.424    1.142  162.969    2.729   0.0
          SystolicArrayCore_IDTYPE_WDTYPE_ODTYPE_16_16_run_wait_dp_inst (SystolicArrayCore_IDTYPE_WDTYPE_ODTYPE_16_16_run_wait_dp) 3.95e-02 1.24e-02  199.820    0.252   0.0
          SystolicArrayCore_IDTYPE_WDTYPE_ODTYPE_16_16_run_accumulation_buffer_rsc_0_15_i_1_inst (SystolicArrayCore_IDTYPE_WDTYPE_ODTYPE_16_16_run_accumulation_buffer_rsc_0_15_i_1)    4.922   28.820 2.20e+03   35.939   0.3
            SystolicArrayCore_IDTYPE_WDTYPE_ODTYPE_16_16_run_accumulation_buffer_rsc_0_15_i_1_accumulation_buffer_rsc_0_15_wait_dp_inst (SystolicArrayCore_IDTYPE_WDTYPE_ODTYPE_16_16_run_accumulation_buffer_rsc_0_15_i_1_accumulation_buffer_rsc_0_15_wait_dp)    4.922   28.820 2.08e+03   35.825   0.3
            SystolicArrayCore_IDTYPE_WDTYPE_ODTYPE_16_16_run_accumulation_buffer_rsc_0_15_i_1_accumulation_buffer_rsc_0_15_wait_ctrl_inst (SystolicArrayCore_IDTYPE_WDTYPE_ODTYPE_16_16_run_accumulation_buffer_rsc_0_15_i_1_accumulation_buffer_rsc_0_15_wait_ctrl) 9.94e-05 1.64e-04  113.749    0.114   0.0
          SystolicArrayCore_IDTYPE_WDTYPE_ODTYPE_16_16_run_accumulation_buffer_rsc_0_14_i_1_inst (SystolicArrayCore_IDTYPE_WDTYPE_ODTYPE_16_16_run_accumulation_buffer_rsc_0_14_i_1)    5.279   28.980 2.18e+03   36.444   0.3
            SystolicArrayCore_IDTYPE_WDTYPE_ODTYPE_16_16_run_accumulation_buffer_rsc_0_14_i_1_accumulation_buffer_rsc_0_14_wait_dp_inst (SystolicArrayCore_IDTYPE_WDTYPE_ODTYPE_16_16_run_accumulation_buffer_rsc_0_14_i_1_accumulation_buffer_rsc_0_14_wait_dp)    5.279   28.979 2.07e+03   36.330   0.3
            SystolicArrayCore_IDTYPE_WDTYPE_ODTYPE_16_16_run_accumulation_buffer_rsc_0_14_i_1_accumulation_buffer_rsc_0_14_wait_ctrl_inst (SystolicArrayCore_IDTYPE_WDTYPE_ODTYPE_16_16_run_accumulation_buffer_rsc_0_14_i_1_accumulation_buffer_rsc_0_14_wait_ctrl) 9.92e-05 2.27e-04  113.749    0.114   0.0
          SystolicArrayCore_IDTYPE_WDTYPE_ODTYPE_16_16_run_accumulation_buffer_rsc_0_13_i_1_inst (SystolicArrayCore_IDTYPE_WDTYPE_ODTYPE_16_16_run_accumulation_buffer_rsc_0_13_i_1)    4.856   28.957 2.20e+03   36.009   0.3
            SystolicArrayCore_IDTYPE_WDTYPE_ODTYPE_16_16_run_accumulation_buffer_rsc_0_13_i_1_accumulation_buffer_rsc_0_13_wait_dp_inst (SystolicArrayCore_IDTYPE_WDTYPE_ODTYPE_16_16_run_accumulation_buffer_rsc_0_13_i_1_accumulation_buffer_rsc_0_13_wait_dp)    4.856   28.957 2.08e+03   35.895   0.3
            SystolicArrayCore_IDTYPE_WDTYPE_ODTYPE_16_16_run_accumulation_buffer_rsc_0_13_i_1_accumulation_buffer_rsc_0_13_wait_ctrl_inst (SystolicArrayCore_IDTYPE_WDTYPE_ODTYPE_16_16_run_accumulation_buffer_rsc_0_13_i_1_accumulation_buffer_rsc_0_13_wait_ctrl) 9.86e-05 2.27e-04  113.749    0.114   0.0
          SystolicArrayCore_IDTYPE_WDTYPE_ODTYPE_16_16_run_accumulation_buffer_rsc_0_12_i_1_inst (SystolicArrayCore_IDTYPE_WDTYPE_ODTYPE_16_16_run_accumulation_buffer_rsc_0_12_i_1)    5.079   28.873 2.20e+03   36.149   0.3
            SystolicArrayCore_IDTYPE_WDTYPE_ODTYPE_16_16_run_accumulation_buffer_rsc_0_12_i_1_accumulation_buffer_rsc_0_12_wait_dp_inst (SystolicArrayCore_IDTYPE_WDTYPE_ODTYPE_16_16_run_accumulation_buffer_rsc_0_12_i_1_accumulation_buffer_rsc_0_12_wait_dp)    4.681   28.831 2.07e+03   35.583   0.3
            SystolicArrayCore_IDTYPE_WDTYPE_ODTYPE_16_16_run_accumulation_buffer_rsc_0_12_i_1_accumulation_buffer_rsc_0_12_wait_ctrl_inst (SystolicArrayCore_IDTYPE_WDTYPE_ODTYPE_16_16_run_accumulation_buffer_rsc_0_12_i_1_accumulation_buffer_rsc_0_12_wait_ctrl) 9.82e-05 2.27e-04  113.749    0.114   0.0
          SystolicArrayCore_IDTYPE_WDTYPE_ODTYPE_16_16_run_accumulation_buffer_rsc_0_11_i_1_inst (SystolicArrayCore_IDTYPE_WDTYPE_ODTYPE_16_16_run_accumulation_buffer_rsc_0_11_i_1)    5.159   28.910 2.20e+03   36.266   0.3
            SystolicArrayCore_IDTYPE_WDTYPE_ODTYPE_16_16_run_accumulation_buffer_rsc_0_11_i_1_accumulation_buffer_rsc_0_11_wait_dp_inst (SystolicArrayCore_IDTYPE_WDTYPE_ODTYPE_16_16_run_accumulation_buffer_rsc_0_11_i_1_accumulation_buffer_rsc_0_11_wait_dp)    5.159   28.910 2.08e+03   36.151   0.3
            SystolicArrayCore_IDTYPE_WDTYPE_ODTYPE_16_16_run_accumulation_buffer_rsc_0_11_i_1_accumulation_buffer_rsc_0_11_wait_ctrl_inst (SystolicArrayCore_IDTYPE_WDTYPE_ODTYPE_16_16_run_accumulation_buffer_rsc_0_11_i_1_accumulation_buffer_rsc_0_11_wait_ctrl) 9.93e-05 2.27e-04  113.749    0.114   0.0
          SystolicArrayCore_IDTYPE_WDTYPE_ODTYPE_16_16_run_accumulation_buffer_rsc_0_10_i_1_inst (SystolicArrayCore_IDTYPE_WDTYPE_ODTYPE_16_16_run_accumulation_buffer_rsc_0_10_i_1)    4.496   28.835 2.19e+03   35.516   0.3
            SystolicArrayCore_IDTYPE_WDTYPE_ODTYPE_16_16_run_accumulation_buffer_rsc_0_10_i_1_accumulation_buffer_rsc_0_10_wait_dp_inst (SystolicArrayCore_IDTYPE_WDTYPE_ODTYPE_16_16_run_accumulation_buffer_rsc_0_10_i_1_accumulation_buffer_rsc_0_10_wait_dp)    4.496   28.834 2.07e+03   35.402   0.3
            SystolicArrayCore_IDTYPE_WDTYPE_ODTYPE_16_16_run_accumulation_buffer_rsc_0_10_i_1_accumulation_buffer_rsc_0_10_wait_ctrl_inst (SystolicArrayCore_IDTYPE_WDTYPE_ODTYPE_16_16_run_accumulation_buffer_rsc_0_10_i_1_accumulation_buffer_rsc_0_10_wait_ctrl) 9.93e-05 1.64e-04  113.749    0.114   0.0
          SystolicArrayCore_IDTYPE_WDTYPE_ODTYPE_16_16_run_accumulation_buffer_rsc_0_9_i_1_inst (SystolicArrayCore_IDTYPE_WDTYPE_ODTYPE_16_16_run_accumulation_buffer_rsc_0_9_i_1)    4.529   28.840 2.19e+03   35.554   0.3
            SystolicArrayCore_IDTYPE_WDTYPE_ODTYPE_16_16_run_accumulation_buffer_rsc_0_9_i_1_accumulation_buffer_rsc_0_9_wait_dp_inst (SystolicArrayCore_IDTYPE_WDTYPE_ODTYPE_16_16_run_accumulation_buffer_rsc_0_9_i_1_accumulation_buffer_rsc_0_9_wait_dp)    4.529   28.839 2.07e+03   35.440   0.3
            SystolicArrayCore_IDTYPE_WDTYPE_ODTYPE_16_16_run_accumulation_buffer_rsc_0_9_i_1_accumulation_buffer_rsc_0_9_wait_ctrl_inst (SystolicArrayCore_IDTYPE_WDTYPE_ODTYPE_16_16_run_accumulation_buffer_rsc_0_9_i_1_accumulation_buffer_rsc_0_9_wait_ctrl) 9.83e-05 1.64e-04  113.749    0.114   0.0
          SystolicArrayCore_IDTYPE_WDTYPE_ODTYPE_16_16_run_accumulation_buffer_rsc_0_8_i_1_inst (SystolicArrayCore_IDTYPE_WDTYPE_ODTYPE_16_16_run_accumulation_buffer_rsc_0_8_i_1)    4.896   28.807 2.20e+03   35.900   0.3
            SystolicArrayCore_IDTYPE_WDTYPE_ODTYPE_16_16_run_accumulation_buffer_rsc_0_8_i_1_accumulation_buffer_rsc_0_8_wait_dp_inst (SystolicArrayCore_IDTYPE_WDTYPE_ODTYPE_16_16_run_accumulation_buffer_rsc_0_8_i_1_accumulation_buffer_rsc_0_8_wait_dp)    4.895   28.807 2.08e+03   35.786   0.3
            SystolicArrayCore_IDTYPE_WDTYPE_ODTYPE_16_16_run_accumulation_buffer_rsc_0_8_i_1_accumulation_buffer_rsc_0_8_wait_ctrl_inst (SystolicArrayCore_IDTYPE_WDTYPE_ODTYPE_16_16_run_accumulation_buffer_rsc_0_8_i_1_accumulation_buffer_rsc_0_8_wait_ctrl) 9.96e-05 2.27e-04  113.749    0.114   0.0
          SystolicArrayCore_IDTYPE_WDTYPE_ODTYPE_16_16_run_accumulation_buffer_rsc_0_7_i_1_inst (SystolicArrayCore_IDTYPE_WDTYPE_ODTYPE_16_16_run_accumulation_buffer_rsc_0_7_i_1)    4.868   28.941 2.20e+03   36.005   0.3
            SystolicArrayCore_IDTYPE_WDTYPE_ODTYPE_16_16_run_accumulation_buffer_rsc_0_7_i_1_accumulation_buffer_rsc_0_7_wait_dp_inst (SystolicArrayCore_IDTYPE_WDTYPE_ODTYPE_16_16_run_accumulation_buffer_rsc_0_7_i_1_accumulation_buffer_rsc_0_7_wait_dp)    4.471   28.897 2.07e+03   35.440   0.3
            SystolicArrayCore_IDTYPE_WDTYPE_ODTYPE_16_16_run_accumulation_buffer_rsc_0_7_i_1_accumulation_buffer_rsc_0_7_wait_ctrl_inst (SystolicArrayCore_IDTYPE_WDTYPE_ODTYPE_16_16_run_accumulation_buffer_rsc_0_7_i_1_accumulation_buffer_rsc_0_7_wait_ctrl) 9.88e-05 1.64e-04  113.749    0.114   0.0
          SystolicArrayCore_IDTYPE_WDTYPE_ODTYPE_16_16_run_accumulation_buffer_rsc_0_6_i_1_inst (SystolicArrayCore_IDTYPE_WDTYPE_ODTYPE_16_16_run_accumulation_buffer_rsc_0_6_i_1)    4.891   28.972 2.20e+03   36.059   0.3
            SystolicArrayCore_IDTYPE_WDTYPE_ODTYPE_16_16_run_accumulation_buffer_rsc_0_6_i_1_accumulation_buffer_rsc_0_6_wait_dp_inst (SystolicArrayCore_IDTYPE_WDTYPE_ODTYPE_16_16_run_accumulation_buffer_rsc_0_6_i_1_accumulation_buffer_rsc_0_6_wait_dp)    4.489   28.928 2.07e+03   35.489   0.3
            SystolicArrayCore_IDTYPE_WDTYPE_ODTYPE_16_16_run_accumulation_buffer_rsc_0_6_i_1_accumulation_buffer_rsc_0_6_wait_ctrl_inst (SystolicArrayCore_IDTYPE_WDTYPE_ODTYPE_16_16_run_accumulation_buffer_rsc_0_6_i_1_accumulation_buffer_rsc_0_6_wait_ctrl) 9.90e-05 1.64e-04  113.749    0.114   0.0
          SystolicArrayCore_IDTYPE_WDTYPE_ODTYPE_16_16_run_accumulation_buffer_rsc_0_5_i_1_inst (SystolicArrayCore_IDTYPE_WDTYPE_ODTYPE_16_16_run_accumulation_buffer_rsc_0_5_i_1)    4.641   28.984 2.18e+03   35.810   0.3
            SystolicArrayCore_IDTYPE_WDTYPE_ODTYPE_16_16_run_accumulation_buffer_rsc_0_5_i_1_accumulation_buffer_rsc_0_5_wait_dp_inst (SystolicArrayCore_IDTYPE_WDTYPE_ODTYPE_16_16_run_accumulation_buffer_rsc_0_5_i_1_accumulation_buffer_rsc_0_5_wait_dp)    4.641   28.984 2.07e+03   35.696   0.3
            SystolicArrayCore_IDTYPE_WDTYPE_ODTYPE_16_16_run_accumulation_buffer_rsc_0_5_i_1_accumulation_buffer_rsc_0_5_wait_ctrl_inst (SystolicArrayCore_IDTYPE_WDTYPE_ODTYPE_16_16_run_accumulation_buffer_rsc_0_5_i_1_accumulation_buffer_rsc_0_5_wait_ctrl) 9.89e-05 1.64e-04  113.749    0.114   0.0
          SystolicArrayCore_IDTYPE_WDTYPE_ODTYPE_16_16_run_accumulation_buffer_rsc_0_4_i_1_inst (SystolicArrayCore_IDTYPE_WDTYPE_ODTYPE_16_16_run_accumulation_buffer_rsc_0_4_i_1)    4.474   28.812 2.19e+03   35.471   0.3
            SystolicArrayCore_IDTYPE_WDTYPE_ODTYPE_16_16_run_accumulation_buffer_rsc_0_4_i_1_accumulation_buffer_rsc_0_4_wait_dp_inst (SystolicArrayCore_IDTYPE_WDTYPE_ODTYPE_16_16_run_accumulation_buffer_rsc_0_4_i_1_accumulation_buffer_rsc_0_4_wait_dp)    4.474   28.812 2.07e+03   35.357   0.3
            SystolicArrayCore_IDTYPE_WDTYPE_ODTYPE_16_16_run_accumulation_buffer_rsc_0_4_i_1_accumulation_buffer_rsc_0_4_wait_ctrl_inst (SystolicArrayCore_IDTYPE_WDTYPE_ODTYPE_16_16_run_accumulation_buffer_rsc_0_4_i_1_accumulation_buffer_rsc_0_4_wait_ctrl) 9.83e-05 2.27e-04  113.749    0.114   0.0
          SystolicArrayCore_IDTYPE_WDTYPE_ODTYPE_16_16_run_accumulation_buffer_rsc_0_3_i_1_inst (SystolicArrayCore_IDTYPE_WDTYPE_ODTYPE_16_16_run_accumulation_buffer_rsc_0_3_i_1)    4.946   28.885 2.20e+03   36.027   0.3
            SystolicArrayCore_IDTYPE_WDTYPE_ODTYPE_16_16_run_accumulation_buffer_rsc_0_3_i_1_accumulation_buffer_rsc_0_3_wait_dp_inst (SystolicArrayCore_IDTYPE_WDTYPE_ODTYPE_16_16_run_accumulation_buffer_rsc_0_3_i_1_accumulation_buffer_rsc_0_3_wait_dp)    4.550   28.838 2.07e+03   35.460   0.3
            SystolicArrayCore_IDTYPE_WDTYPE_ODTYPE_16_16_run_accumulation_buffer_rsc_0_3_i_1_accumulation_buffer_rsc_0_3_wait_ctrl_inst (SystolicArrayCore_IDTYPE_WDTYPE_ODTYPE_16_16_run_accumulation_buffer_rsc_0_3_i_1_accumulation_buffer_rsc_0_3_wait_ctrl) 9.84e-05 2.27e-04  113.749    0.114   0.0
          SystolicArrayCore_IDTYPE_WDTYPE_ODTYPE_16_16_run_accumulation_buffer_rsc_0_2_i_1_inst (SystolicArrayCore_IDTYPE_WDTYPE_ODTYPE_16_16_run_accumulation_buffer_rsc_0_2_i_1)    4.920   28.896 2.20e+03   36.013   0.3
            SystolicArrayCore_IDTYPE_WDTYPE_ODTYPE_16_16_run_accumulation_buffer_rsc_0_2_i_1_accumulation_buffer_rsc_0_2_wait_dp_inst (SystolicArrayCore_IDTYPE_WDTYPE_ODTYPE_16_16_run_accumulation_buffer_rsc_0_2_i_1_accumulation_buffer_rsc_0_2_wait_dp)    4.530   28.853 2.07e+03   35.454   0.3
            SystolicArrayCore_IDTYPE_WDTYPE_ODTYPE_16_16_run_accumulation_buffer_rsc_0_2_i_1_accumulation_buffer_rsc_0_2_wait_ctrl_inst (SystolicArrayCore_IDTYPE_WDTYPE_ODTYPE_16_16_run_accumulation_buffer_rsc_0_2_i_1_accumulation_buffer_rsc_0_2_wait_ctrl) 9.89e-05 1.64e-04  113.749    0.114   0.0
          SystolicArrayCore_IDTYPE_WDTYPE_ODTYPE_16_16_run_accumulation_buffer_rsc_0_1_i_1_inst (SystolicArrayCore_IDTYPE_WDTYPE_ODTYPE_16_16_run_accumulation_buffer_rsc_0_1_i_1)    4.517   28.843 2.19e+03   35.546   0.3
            SystolicArrayCore_IDTYPE_WDTYPE_ODTYPE_16_16_run_accumulation_buffer_rsc_0_1_i_1_accumulation_buffer_rsc_0_1_wait_dp_inst (SystolicArrayCore_IDTYPE_WDTYPE_ODTYPE_16_16_run_accumulation_buffer_rsc_0_1_i_1_accumulation_buffer_rsc_0_1_wait_dp)    4.517   28.843 2.07e+03   35.431   0.3
            SystolicArrayCore_IDTYPE_WDTYPE_ODTYPE_16_16_run_accumulation_buffer_rsc_0_1_i_1_accumulation_buffer_rsc_0_1_wait_ctrl_inst (SystolicArrayCore_IDTYPE_WDTYPE_ODTYPE_16_16_run_accumulation_buffer_rsc_0_1_i_1_accumulation_buffer_rsc_0_1_wait_ctrl) 9.92e-05 2.27e-04  113.749    0.114   0.0
          SystolicArrayCore_IDTYPE_WDTYPE_ODTYPE_16_16_run_accumulation_buffer_rsc_0_0_i_1_inst (SystolicArrayCore_IDTYPE_WDTYPE_ODTYPE_16_16_run_accumulation_buffer_rsc_0_0_i_1)    5.010   28.941 2.20e+03   36.147   0.3
            SystolicArrayCore_IDTYPE_WDTYPE_ODTYPE_16_16_run_accumulation_buffer_rsc_0_0_i_1_accumulation_buffer_rsc_0_0_wait_dp_inst (SystolicArrayCore_IDTYPE_WDTYPE_ODTYPE_16_16_run_accumulation_buffer_rsc_0_0_i_1_accumulation_buffer_rsc_0_0_wait_dp)    5.009   28.941 2.08e+03   36.033   0.3
            SystolicArrayCore_IDTYPE_WDTYPE_ODTYPE_16_16_run_accumulation_buffer_rsc_0_0_i_1_accumulation_buffer_rsc_0_0_wait_ctrl_inst (SystolicArrayCore_IDTYPE_WDTYPE_ODTYPE_16_16_run_accumulation_buffer_rsc_0_0_i_1_accumulation_buffer_rsc_0_0_wait_ctrl) 9.83e-05 2.27e-04  113.749    0.114   0.0
          SystolicArrayCore_IDTYPE_WDTYPE_ODTYPE_16_16_run_loopIndicesIn_rsci_inst (SystolicArrayCore_IDTYPE_WDTYPE_ODTYPE_16_16_run_loopIndicesIn_rsci)   13.279   73.235 6.11e+03   92.625   0.7
            SystolicArrayCore_IDTYPE_WDTYPE_ODTYPE_16_16_run_loopIndicesIn_rsci_loopIndicesIn_wait_dp_inst (SystolicArrayCore_IDTYPE_WDTYPE_ODTYPE_16_16_run_loopIndicesIn_rsci_loopIndicesIn_wait_dp)   13.179   73.129 5.40e+03   91.704   0.7
            SystolicArrayCore_IDTYPE_WDTYPE_ODTYPE_16_16_run_loopIndicesIn_rsci_loopIndicesIn_wait_ctrl_inst (SystolicArrayCore_IDTYPE_WDTYPE_ODTYPE_16_16_run_loopIndicesIn_rsci_loopIndicesIn_wait_ctrl) 8.55e-02 6.26e-02   78.153    0.226   0.0
            loopIndicesIn_rsci (ccs_in_wait_v1_rscid104_width48) 1.47e-02 4.35e-02  636.508    0.695   0.0
          SystolicArrayCore_IDTYPE_WDTYPE_ODTYPE_16_16_run_paramsIn_rsci_inst (SystolicArrayCore_IDTYPE_WDTYPE_ODTYPE_16_16_run_paramsIn_rsci)   22.332  117.984 1.00e+04  150.355   1.2
            SystolicArrayCore_IDTYPE_WDTYPE_ODTYPE_16_16_run_paramsIn_rsci_paramsIn_wait_dp_inst (SystolicArrayCore_IDTYPE_WDTYPE_ODTYPE_16_16_run_paramsIn_rsci_paramsIn_wait_dp)   21.646  117.692 8.91e+03  148.250   1.2
            SystolicArrayCore_IDTYPE_WDTYPE_ODTYPE_16_16_run_paramsIn_rsci_paramsIn_wait_ctrl_inst (SystolicArrayCore_IDTYPE_WDTYPE_ODTYPE_16_16_run_paramsIn_rsci_paramsIn_wait_ctrl) 5.02e-02 6.41e-02   78.153    0.193   0.0
            paramsIn_rsci (ccs_in_wait_v1_rscid103_width144) 9.88e-02    0.185 1.04e+03    1.322   0.0
          SystolicArrayCore_IDTYPE_WDTYPE_ODTYPE_16_16_run_output_rsci_inst (SystolicArrayCore_IDTYPE_WDTYPE_ODTYPE_16_16_run_output_rsci) 3.50e-02    1.473 3.49e+03    5.000   0.0
            SystolicArrayCore_IDTYPE_WDTYPE_ODTYPE_16_16_run_output_rsci_output_wait_dp_inst (SystolicArrayCore_IDTYPE_WDTYPE_ODTYPE_16_16_run_output_rsci_output_wait_dp)    0.000    1.434  122.338    1.556   0.0
            SystolicArrayCore_IDTYPE_WDTYPE_ODTYPE_16_16_run_output_rsci_output_wait_ctrl_inst (SystolicArrayCore_IDTYPE_WDTYPE_ODTYPE_16_16_run_output_rsci_output_wait_ctrl) 1.07e-04 9.50e-05   77.712 7.79e-02   0.0
            output_rsci (ccs_out_wait_v1_rscid102_width256) 3.49e-02 3.91e-02 3.29e+03    3.365   0.0
          SystolicArrayCore_IDTYPE_WDTYPE_ODTYPE_16_16_run_weight_rsci_inst (SystolicArrayCore_IDTYPE_WDTYPE_ODTYPE_16_16_run_weight_rsci)   34.356  187.955 1.58e+04  238.069   1.9
            SystolicArrayCore_IDTYPE_WDTYPE_ODTYPE_16_16_run_weight_rsci_weight_wait_dp_inst (SystolicArrayCore_IDTYPE_WDTYPE_ODTYPE_16_16_run_weight_rsci_weight_wait_dp)   34.344  187.948 1.40e+04  236.318   1.9
            SystolicArrayCore_IDTYPE_WDTYPE_ODTYPE_16_16_run_weight_rsci_weight_wait_ctrl_inst (SystolicArrayCore_IDTYPE_WDTYPE_ODTYPE_16_16_run_weight_rsci_weight_wait_ctrl) 1.07e-02 4.20e-03   73.049 8.79e-02   0.0
            weight_rsci (ccs_in_wait_v1_rscid101_width128) 8.64e-04 2.83e-03 1.66e+03    1.663   0.0
          SystolicArrayCore_IDTYPE_WDTYPE_ODTYPE_16_16_run_input_rsci_inst (SystolicArrayCore_IDTYPE_WDTYPE_ODTYPE_16_16_run_input_rsci)   34.377  187.984 1.58e+04  238.144   1.9
            SystolicArrayCore_IDTYPE_WDTYPE_ODTYPE_16_16_run_input_rsci_input_wait_dp_inst (SystolicArrayCore_IDTYPE_WDTYPE_ODTYPE_16_16_run_input_rsci_input_wait_dp)   34.022  187.934 1.40e+04  235.995   1.9
            SystolicArrayCore_IDTYPE_WDTYPE_ODTYPE_16_16_run_input_rsci_input_wait_ctrl_inst (SystolicArrayCore_IDTYPE_WDTYPE_ODTYPE_16_16_run_input_rsci_input_wait_ctrl) 1.15e-02 4.05e-03   73.049 8.86e-02   0.0
            input_rsci (ccs_in_wait_v1_rscid100_width128) 8.64e-04 2.82e-03 1.66e+03    1.663   0.0
          input_fifo_0_run_cmp (Fifo_IDTYPE_1)    0.000    1.152  883.420    2.035   0.0
            Fifo_IDTYPE_1_run_inst (Fifo_IDTYPE_1_run)    0.000    1.152  883.420    2.035   0.0
              output_rsci (mgc_out_dreg_v2_rscid7_width8)    0.000    0.000  102.107    0.102   0.0
              input_rsci (ccs_in_v1_rscid6_width8)    0.000    0.000  102.107    0.102   0.0
          accum_fifo_0_run_cmp (Fifo_ODTYPE_1)    0.421    3.405 1.76e+03    5.583   0.0
            Fifo_ODTYPE_1_run_inst (Fifo_ODTYPE_1_run)    0.421    3.405 1.76e+03    5.583   0.0
              output_rsci (mgc_out_dreg_v2_rscid54_width16) 3.85e-02 2.87e-02  203.109    0.270   0.0
              input_rsci (ccs_in_v1_rscid53_width16)    0.337    0.613  179.424    1.130   0.0
          pe_0_0_run_cmp (ProcessingElement_IDTYPE_ODTYPE)    0.699    1.700 9.51e+03   11.906   0.1
            ProcessingElement_IDTYPE_ODTYPE_run_inst (ProcessingElement_IDTYPE_ODTYPE_run)    0.699    1.700 9.32e+03   11.714   0.1
              DP_OP_3J16_122_1785 (ProcessingElement_IDTYPE_ODTYPE_run_DP_OP_3J16_122_1785_J16_0)    0.184    0.350 6.58e+03    7.116   0.1
              psum_out_rsci (mgc_out_dreg_v2_rscid5_width16)    0.000    0.000  204.215    0.204   0.0
              input_out_rsci (mgc_out_dreg_v2_rscid4_width8)    0.000    0.000  102.107    0.102   0.0
              weight_rsci (ccs_in_v1_rscid3_width8)    0.000    0.000  102.107    0.102   0.0
              psum_in_rsci (ccs_in_v1_rscid2_width16) 6.85e-02 4.88e-02  203.195    0.321   0.0
              input_in_rsci (ccs_in_v1_rscid1_width8)    0.000    0.000  102.107    0.102   0.0
          input_fifo_1_rsci (Fifo_IDTYPE_2) 3.79e-03    2.307 1.60e+03    3.906   0.0
            Fifo_IDTYPE_2_run_inst (Fifo_IDTYPE_2_run) 3.79e-03    2.307 1.60e+03    3.906   0.0
              ccs_ccore_start_rsci (ccs_in_v1_rscid147_width1) 3.79e-03 3.21e-03   12.637 1.96e-02   0.0
              output_rsci (mgc_out_dreg_v2_rscid9_width8)    0.000    0.000  102.107    0.102   0.0
              input_rsci (ccs_in_v1_rscid8_width8)    0.000    0.000  102.107    0.102   0.0
          input_fifo_2_rsci (Fifo_IDTYPE_3)    0.443    2.360 2.22e+03    5.028   0.0
            Fifo_IDTYPE_3_run_inst (Fifo_IDTYPE_3_run)    0.443    2.360 2.22e+03    5.028   0.0
              ccs_ccore_start_rsci (ccs_in_v1_rscid146_width1) 5.53e-03 3.22e-03   12.637 2.14e-02   0.0
              output_rsci (mgc_out_dreg_v2_rscid12_width8)    0.000    0.000  102.107    0.102   0.0
              input_rsci (ccs_in_v1_rscid11_width8)    0.000    0.000  102.107    0.102   0.0
          input_fifo_3_rsci (Fifo_IDTYPE_4)    0.442    2.364 2.84e+03    5.650   0.0
            Fifo_IDTYPE_4_run_inst (Fifo_IDTYPE_4_run)    0.442    2.364 2.84e+03    5.650   0.0
              ccs_ccore_start_rsci (ccs_in_v1_rscid145_width1) 4.78e-03 3.22e-03   12.637 2.06e-02   0.0
              output_rsci (mgc_out_dreg_v2_rscid15_width8)    0.000    0.000  102.107    0.102   0.0
              input_rsci (ccs_in_v1_rscid14_width8)    0.000    0.000  102.107    0.102   0.0
          input_fifo_4_rsci (Fifo_IDTYPE_5)    0.504    2.417 3.47e+03    6.393   0.1
            Fifo_IDTYPE_5_run_inst (Fifo_IDTYPE_5_run)    0.504    2.417 3.47e+03    6.393   0.1
              ccs_ccore_start_rsci (ccs_in_v1_rscid144_width1) 5.58e-03 3.22e-03   12.637 2.14e-02   0.0
              output_rsci (mgc_out_dreg_v2_rscid18_width8)    0.000    0.000  102.107    0.102   0.0
              input_rsci (ccs_in_v1_rscid17_width8)    0.000    0.000  102.107    0.102   0.0
          input_fifo_5_rsci (Fifo_IDTYPE_6)    1.163    2.463 4.10e+03    7.728   0.1
            Fifo_IDTYPE_6_run_inst (Fifo_IDTYPE_6_run)    0.882    2.420 4.09e+03    7.392   0.1
              ccs_ccore_start_rsci (ccs_in_v1_rscid143_width1) 6.01e-03 3.23e-03   12.637 2.19e-02   0.0
              output_rsci (mgc_out_dreg_v2_rscid21_width8)    0.000    0.000  102.107    0.102   0.0
              input_rsci (ccs_in_v1_rscid20_width8)    0.000    0.000  102.107    0.102   0.0
          input_fifo_6_rsci (Fifo_IDTYPE_7)    1.517    2.517 4.73e+03    8.765   0.1
            Fifo_IDTYPE_7_run_inst (Fifo_IDTYPE_7_run)    1.517    2.517 4.73e+03    8.765   0.1
              ccs_ccore_start_rsci (ccs_in_v1_rscid142_width1) 7.10e-03 3.24e-03   12.637 2.30e-02   0.0
              output_rsci (mgc_out_dreg_v2_rscid24_width8)    0.000    0.000  102.107    0.102   0.0
              input_rsci (ccs_in_v1_rscid23_width8)    0.000    0.000  102.107    0.102   0.0
          input_fifo_7_rsci (Fifo_IDTYPE_8)    1.521    2.529 5.36e+03    9.412   0.1
            Fifo_IDTYPE_8_run_inst (Fifo_IDTYPE_8_run)    1.521    2.529 5.36e+03    9.412   0.1
              ccs_ccore_start_rsci (ccs_in_v1_rscid141_width1) 7.14e-03 3.24e-03   12.637 2.30e-02   0.0
              output_rsci (mgc_out_dreg_v2_rscid27_width8)    0.000    0.000  102.107    0.102   0.0
              input_rsci (ccs_in_v1_rscid26_width8)    0.000    0.000  102.107    0.102   0.0
          input_fifo_8_rsci (Fifo_IDTYPE_9)    1.739    2.572 5.99e+03   10.302   0.1
            Fifo_IDTYPE_9_run_inst (Fifo_IDTYPE_9_run)    1.400    2.529 5.98e+03    9.909   0.1
              ccs_ccore_start_rsci (ccs_in_v1_rscid140_width1) 7.13e-03 3.24e-03   12.637 2.30e-02   0.0
              output_rsci (mgc_out_dreg_v2_rscid30_width8)    0.000    0.000  102.107    0.102   0.0
              input_rsci (ccs_in_v1_rscid29_width8)    0.000    0.000  102.107    0.102   0.0
          input_fifo_9_rsci (Fifo_IDTYPE_10)    1.931    2.576 6.60e+03   11.104   0.1
            Fifo_IDTYPE_10_run_inst (Fifo_IDTYPE_10_run)    1.662    2.533 6.59e+03   10.781   0.1
              ccs_ccore_start_rsci (ccs_in_v1_rscid139_width1) 6.43e-03 3.23e-03   12.637 2.23e-02   0.0
              output_rsci (mgc_out_dreg_v2_rscid33_width8)    0.000    0.000  102.107    0.102   0.0
              input_rsci (ccs_in_v1_rscid32_width8)    0.000    0.000  102.107    0.102   0.0
          input_fifo_10_rsci (Fifo_IDTYPE_11)    2.313    2.635 7.24e+03   12.186   0.1
            Fifo_IDTYPE_11_run_inst (Fifo_IDTYPE_11_run)    2.313    2.635 7.24e+03   12.186   0.1
              ccs_ccore_start_rsci (ccs_in_v1_rscid138_width1) 6.79e-03 3.24e-03   12.637 2.27e-02   0.0
              output_rsci (mgc_out_dreg_v2_rscid36_width8)    0.000    0.000  102.107    0.102   0.0
              input_rsci (ccs_in_v1_rscid35_width8)    0.000    0.000  102.107    0.102   0.0
          input_fifo_11_rsci (Fifo_IDTYPE_12)    2.279    2.679 7.85e+03   12.812   0.1
            Fifo_IDTYPE_12_run_inst (Fifo_IDTYPE_12_run)    2.279    2.679 7.85e+03   12.812   0.1
              ccs_ccore_start_rsci (ccs_in_v1_rscid137_width1) 5.78e-03 3.23e-03   12.637 2.16e-02   0.0
              output_rsci (mgc_out_dreg_v2_rscid39_width8)    0.000    0.000  102.107    0.102   0.0
              input_rsci (ccs_in_v1_rscid38_width8)    0.000    0.000  102.107    0.102   0.0
          input_fifo_12_rsci (Fifo_IDTYPE_13)    2.506    2.649 8.47e+03   13.630   0.1
            Fifo_IDTYPE_13_run_inst (Fifo_IDTYPE_13_run)    2.074    2.606 8.46e+03   13.143   0.1
              ccs_ccore_start_rsci (ccs_in_v1_rscid136_width1) 6.87e-03 3.24e-03   12.637 2.27e-02   0.0
              output_rsci (mgc_out_dreg_v2_rscid42_width8)    0.000    0.000  102.107    0.102   0.0
              input_rsci (ccs_in_v1_rscid41_width8)    0.000    0.000  102.107    0.102   0.0
          input_fifo_13_rsci (Fifo_IDTYPE_14)    2.665    2.746 9.12e+03   14.526   0.1
            Fifo_IDTYPE_14_run_inst (Fifo_IDTYPE_14_run)    2.665    2.746 9.12e+03   14.526   0.1
              ccs_ccore_start_rsci (ccs_in_v1_rscid135_width1) 7.14e-03 3.24e-03   12.637 2.30e-02   0.0
              output_rsci (mgc_out_dreg_v2_rscid45_width8)    0.000    0.000  102.107    0.102   0.0
              input_rsci (ccs_in_v1_rscid44_width8)    0.000    0.000  102.107    0.102   0.0
          input_fifo_14_rsci (Fifo_IDTYPE_15)    2.917    2.712 9.71e+03   15.338   0.1
            Fifo_IDTYPE_15_run_inst (Fifo_IDTYPE_15_run)    2.917    2.712 9.71e+03   15.338   0.1
              ccs_ccore_start_rsci (ccs_in_v1_rscid134_width1) 6.79e-03 3.24e-03   12.637 2.27e-02   0.0
              output_rsci (mgc_out_dreg_v2_rscid48_width8)    0.000    0.000  102.107    0.102   0.0
              input_rsci (ccs_in_v1_rscid47_width8)    0.000    0.000  102.107    0.102   0.0
          input_fifo_15_rsci (Fifo_IDTYPE_16)    3.115    2.749 1.03e+04   16.203   0.1
            Fifo_IDTYPE_16_run_inst (Fifo_IDTYPE_16_run)    2.806    2.707 1.03e+04   15.840   0.1
              ccs_ccore_start_rsci (ccs_in_v1_rscid133_width1) 6.42e-03 3.23e-03   12.637 2.23e-02   0.0
              output_rsci (mgc_out_dreg_v2_rscid51_width8)    0.000    0.000  102.107    0.102   0.0
              input_rsci (ccs_in_v1_rscid50_width8)    0.000    0.000  102.107    0.102   0.0
          output_fifo_14_rsci (Fifo_ODTYPE_2_0)    0.816    4.559 3.10e+03    8.478   0.1
            Fifo_ODTYPE_2_run_inst (Fifo_ODTYPE_2_run_0)    0.816    4.559 3.10e+03    8.478   0.1
              ccs_ccore_start_rsci (ccs_in_v1_rscid131_width1_0) 2.29e-03 3.70e-03   12.751 1.87e-02   0.0
              output_rsci (mgc_out_dreg_v2_rscid56_width16_0)    0.000    0.000  204.215    0.204   0.0
              input_rsci (ccs_in_v1_rscid55_width16_0)    0.328    0.612  179.426    1.119   0.0
          accum_fifo_1_rsci (Fifo_ODTYPE_2_1)    0.718    4.168 3.07e+03    7.958   0.1
            Fifo_ODTYPE_2_run_inst (Fifo_ODTYPE_2_run_1)    0.718    4.168 3.07e+03    7.958   0.1
              ccs_ccore_start_rsci (ccs_in_v1_rscid131_width1_1)    0.000    0.000   12.763 1.28e-02   0.0
              output_rsci (mgc_out_dreg_v2_rscid56_width16_1)    0.000    0.000  204.215    0.204   0.0
              input_rsci (ccs_in_v1_rscid55_width16_1)    0.322    0.606  191.426    1.120   0.0
          output_fifo_13_rsci (Fifo_ODTYPE_3_0)    1.537    4.815 4.37e+03   10.725   0.1
            Fifo_ODTYPE_3_run_inst (Fifo_ODTYPE_3_run_0)    1.537    4.815 4.37e+03   10.725   0.1
              ccs_ccore_start_rsci (ccs_in_v1_rscid130_width1_0) 8.01e-03 3.42e-03   12.751 2.42e-02   0.0
              output_rsci (mgc_out_dreg_v2_rscid59_width16_0)    0.000    0.000  204.215    0.204   0.0
              input_rsci (ccs_in_v1_rscid58_width16_0)    0.302    0.615  179.426    1.096   0.0
          accum_fifo_2_rsci (Fifo_ODTYPE_3_1)    1.562    4.270 4.34e+03   10.177   0.1
            Fifo_ODTYPE_3_run_inst (Fifo_ODTYPE_3_run_1)    1.085    4.220 4.33e+03    9.638   0.1
              ccs_ccore_start_rsci (ccs_in_v1_rscid130_width1_1)    0.000    0.000   12.763 1.28e-02   0.0
              output_rsci (mgc_out_dreg_v2_rscid59_width16_1)    0.000    0.000  204.215    0.204   0.0
              input_rsci (ccs_in_v1_rscid58_width16_1)    0.344    0.605  191.451    1.141   0.0
          output_fifo_12_rsci (Fifo_ODTYPE_4_0)    2.094    4.937 5.61e+03   12.640   0.1
            Fifo_ODTYPE_4_run_inst (Fifo_ODTYPE_4_run_0)    2.094    4.937 5.61e+03   12.640   0.1
              ccs_ccore_start_rsci (ccs_in_v1_rscid129_width1_0) 7.29e-03 3.42e-03   12.751 2.35e-02   0.0
              output_rsci (mgc_out_dreg_v2_rscid62_width16_0)    0.000    0.000  204.215    0.204   0.0
              input_rsci (ccs_in_v1_rscid61_width16_0)    0.390    0.626  179.426    1.196   0.0
          accum_fifo_3_rsci (Fifo_ODTYPE_4_1)    1.879    4.305 5.58e+03   11.762   0.1
            Fifo_ODTYPE_4_run_inst (Fifo_ODTYPE_4_run_1)    1.663    4.263 5.57e+03   11.494   0.1
              ccs_ccore_start_rsci (ccs_in_v1_rscid129_width1_1)    0.000    0.000   12.763 1.28e-02   0.0
              output_rsci (mgc_out_dreg_v2_rscid62_width16_1)    0.000    0.000  204.215    0.204   0.0
              input_rsci (ccs_in_v1_rscid61_width16_1)    0.334    0.601  191.567    1.127   0.0
          output_fifo_11_rsci (Fifo_ODTYPE_5_0)    2.492    5.134 6.87e+03   14.494   0.1
            Fifo_ODTYPE_5_run_inst (Fifo_ODTYPE_5_run_0)    2.492    5.134 6.87e+03   14.494   0.1
              ccs_ccore_start_rsci (ccs_in_v1_rscid128_width1_0) 5.16e-03 3.38e-03   12.751 2.13e-02   0.0
              output_rsci (mgc_out_dreg_v2_rscid65_width16_0)    0.000    0.000  204.215    0.204   0.0
              input_rsci (ccs_in_v1_rscid64_width16_0)    0.460    0.623  179.426    1.262   0.0
          accum_fifo_4_rsci (Fifo_ODTYPE_5_1)    2.446    4.383 6.83e+03   13.655   0.1
            Fifo_ODTYPE_5_run_inst (Fifo_ODTYPE_5_run_1)    2.446    4.383 6.83e+03   13.655   0.1
              ccs_ccore_start_rsci (ccs_in_v1_rscid128_width1_1)    0.000    0.000   12.763 1.28e-02   0.0
              output_rsci (mgc_out_dreg_v2_rscid65_width16_1)    0.000    0.000  204.215    0.204   0.0
              input_rsci (ccs_in_v1_rscid64_width16_1)    0.339    0.603  191.451    1.134   0.0
          output_fifo_10_rsci (Fifo_ODTYPE_6_0)    2.357    5.222 8.10e+03   15.683   0.1
            Fifo_ODTYPE_6_run_inst (Fifo_ODTYPE_6_run_0)    2.357    5.222 8.10e+03   15.683   0.1
              ccs_ccore_start_rsci (ccs_in_v1_rscid127_width1_0) 1.76e-03 3.66e-03   12.751 1.82e-02   0.0
              output_rsci (mgc_out_dreg_v2_rscid68_width16_0)    0.000    0.000  204.215    0.204   0.0
              input_rsci (ccs_in_v1_rscid67_width16_0)    0.306    0.609  179.426    1.095   0.0
          accum_fifo_5_rsci (Fifo_ODTYPE_6_1)    2.715    4.488 8.08e+03   15.287   0.1
            Fifo_ODTYPE_6_run_inst (Fifo_ODTYPE_6_run_1)    2.715    4.488 8.08e+03   15.287   0.1
              ccs_ccore_start_rsci (ccs_in_v1_rscid127_width1_1)    0.000    0.000   12.763 1.28e-02   0.0
              output_rsci (mgc_out_dreg_v2_rscid68_width16_1)    0.000    0.000  204.215    0.204   0.0
              input_rsci (ccs_in_v1_rscid67_width16_1)    0.447    0.613  191.500    1.252   0.0
          output_fifo_9_rsci (Fifo_ODTYPE_7_0)    3.341    5.393 9.35e+03   18.086   0.1
            Fifo_ODTYPE_7_run_inst (Fifo_ODTYPE_7_run_0)    3.014    5.345 9.34e+03   17.699   0.1
              ccs_ccore_start_rsci (ccs_in_v1_rscid126_width1_0) 3.89e-03 3.79e-03   12.751 2.04e-02   0.0
              output_rsci (mgc_out_dreg_v2_rscid71_width16_0)    0.000    0.000  204.215    0.204   0.0
              input_rsci (ccs_in_v1_rscid70_width16_0)    0.467    0.630  179.426    1.276   0.0
          accum_fifo_6_rsci (Fifo_ODTYPE_7_1)    2.983    4.487 9.33e+03   16.803   0.1
            Fifo_ODTYPE_7_run_inst (Fifo_ODTYPE_7_run_1)    2.983    4.487 9.33e+03   16.803   0.1
              ccs_ccore_start_rsci (ccs_in_v1_rscid126_width1_1)    0.000    0.000   12.763 1.28e-02   0.0
              output_rsci (mgc_out_dreg_v2_rscid71_width16_1)    0.000    0.000  204.215    0.204   0.0
              input_rsci (ccs_in_v1_rscid70_width16_1)    0.337    0.603  191.675    1.132   0.0
          output_fifo_8_rsci (Fifo_ODTYPE_8_0)    3.167    3.571 1.06e+04   17.295   0.1
            Fifo_ODTYPE_8_run_inst (Fifo_ODTYPE_8_run_0)    3.167    3.571 1.06e+04   17.295   0.1
              ccs_ccore_start_rsci (ccs_in_v1_rscid125_width1_0) 8.13e-03 3.42e-03   12.751 2.43e-02   0.0
              output_rsci (mgc_out_dreg_v2_rscid74_width16_0)    0.000    0.000  204.215    0.204   0.0
              input_rsci (ccs_in_v1_rscid73_width16_0)    0.000    0.000  204.215    0.204   0.0
          accum_fifo_7_rsci (Fifo_ODTYPE_8_1)    3.375    4.561 1.06e+04   18.517   0.1
            Fifo_ODTYPE_8_run_inst (Fifo_ODTYPE_8_run_1)    3.375    4.561 1.06e+04   18.517   0.1
              ccs_ccore_start_rsci (ccs_in_v1_rscid125_width1_1)    0.000    0.000   12.763 1.28e-02   0.0
              output_rsci (mgc_out_dreg_v2_rscid74_width16_1)    0.000    0.000  204.215    0.204   0.0
              input_rsci (ccs_in_v1_rscid73_width16_1)    0.349    0.607  191.506    1.148   0.0
          output_fifo_7_rsci (Fifo_ODTYPE_9_0)    3.774    5.711 1.19e+04   21.344   0.2
            Fifo_ODTYPE_9_run_inst (Fifo_ODTYPE_9_run_0)    3.774    5.711 1.19e+04   21.344   0.2
              ccs_ccore_start_rsci (ccs_in_v1_rscid124_width1_0) 1.59e-03 3.63e-03   12.751 1.80e-02   0.0
              output_rsci (mgc_out_dreg_v2_rscid77_width16_0)    0.000    0.000  204.215    0.204   0.0
              input_rsci (ccs_in_v1_rscid76_width16_0)    0.429    0.628  179.426    1.237   0.0
          accum_fifo_8_rsci (Fifo_ODTYPE_9_1)    3.704    4.615 1.18e+04   20.135   0.2
            Fifo_ODTYPE_9_run_inst (Fifo_ODTYPE_9_run_1)    3.704    4.615 1.18e+04   20.135   0.2
              ccs_ccore_start_rsci (ccs_in_v1_rscid124_width1_1)    0.000    0.000   12.763 1.28e-02   0.0
              output_rsci (mgc_out_dreg_v2_rscid77_width16_1)    0.000    0.000  204.215    0.204   0.0
              input_rsci (ccs_in_v1_rscid76_width16_1)    0.350    0.607  191.467    1.149   0.0
          output_fifo_6_rsci (Fifo_ODTYPE_10_0)    4.552    5.946 1.31e+04   23.614   0.2
            Fifo_ODTYPE_10_run_inst (Fifo_ODTYPE_10_run_0)    4.133    5.899 1.31e+04   23.138   0.2
              ccs_ccore_start_rsci (ccs_in_v1_rscid123_width1_0) 3.60e-03 3.32e-03   12.751 1.97e-02   0.0
              output_rsci (mgc_out_dreg_v2_rscid80_width16_0)    0.000    0.000  204.215    0.204   0.0
              input_rsci (ccs_in_v1_rscid79_width16_0)    0.422    0.637  179.426    1.239   0.0
          accum_fifo_9_rsci (Fifo_ODTYPE_10_1)    4.161    4.768 1.31e+04   22.027   0.2
            Fifo_ODTYPE_10_run_inst (Fifo_ODTYPE_10_run_1)    4.161    4.768 1.31e+04   22.027   0.2
              ccs_ccore_start_rsci (ccs_in_v1_rscid123_width1_1)    0.000    0.000   12.763 1.28e-02   0.0
              output_rsci (mgc_out_dreg_v2_rscid80_width16_1)    0.000    0.000  204.215    0.204   0.0
              input_rsci (ccs_in_v1_rscid79_width16_1)    0.362    0.608  191.458    1.161   0.0
          output_fifo_5_rsci (Fifo_ODTYPE_11_0)    4.788    6.076 1.44e+04   25.219   0.2
            Fifo_ODTYPE_11_run_inst (Fifo_ODTYPE_11_run_0)    4.788    6.076 1.44e+04   25.219   0.2
              ccs_ccore_start_rsci (ccs_in_v1_rscid122_width1_0) 4.13e-03 3.34e-03   12.751 2.02e-02   0.0
              output_rsci (mgc_out_dreg_v2_rscid83_width16_0)    0.000    0.000  204.215    0.204   0.0
              input_rsci (ccs_in_v1_rscid82_width16_0)    0.490    0.651  179.426    1.320   0.0
          accum_fifo_10_rsci (Fifo_ODTYPE_11_1)    5.025    4.793 1.43e+04   24.128   0.2
            Fifo_ODTYPE_11_run_inst (Fifo_ODTYPE_11_run_1)    5.025    4.793 1.43e+04   24.128   0.2
              ccs_ccore_start_rsci (ccs_in_v1_rscid122_width1_1)    0.000    0.000   12.763 1.28e-02   0.0
              output_rsci (mgc_out_dreg_v2_rscid83_width16_1)    0.000    0.000  204.215    0.204   0.0
              input_rsci (ccs_in_v1_rscid82_width16_1)    0.446    0.606  191.491    1.243   0.0
          output_fifo_4_rsci (Fifo_ODTYPE_12_0)    5.231    6.205 1.56e+04   27.049   0.2
            Fifo_ODTYPE_12_run_inst (Fifo_ODTYPE_12_run_0)    5.231    6.205 1.56e+04   27.049   0.2
              ccs_ccore_start_rsci (ccs_in_v1_rscid121_width1_0) 5.41e-03 3.36e-03   12.751 2.15e-02   0.0
              output_rsci (mgc_out_dreg_v2_rscid86_width16_0)    0.000    0.000  204.215    0.204   0.0
              input_rsci (ccs_in_v1_rscid85_width16_0)    0.382    0.630  179.426    1.191   0.0
          accum_fifo_11_rsci (Fifo_ODTYPE_12_1)    4.756    4.826 1.56e+04   25.151   0.2
            Fifo_ODTYPE_12_run_inst (Fifo_ODTYPE_12_run_1)    4.756    4.826 1.56e+04   25.151   0.2
              ccs_ccore_start_rsci (ccs_in_v1_rscid121_width1_1)    0.000    0.000   12.763 1.28e-02   0.0
              output_rsci (mgc_out_dreg_v2_rscid86_width16_1)    0.000    0.000  204.215    0.204   0.0
              input_rsci (ccs_in_v1_rscid85_width16_1)    0.397    0.607  191.471    1.195   0.0
          output_fifo_3_rsci (Fifo_ODTYPE_13_0)    5.581    6.400 1.69e+04   28.840   0.2
            Fifo_ODTYPE_13_run_inst (Fifo_ODTYPE_13_run_0)    5.581    6.400 1.69e+04   28.840   0.2
              ccs_ccore_start_rsci (ccs_in_v1_rscid120_width1_0) 6.24e-03 3.38e-03   12.751 2.24e-02   0.0
              output_rsci (mgc_out_dreg_v2_rscid89_width16_0)    0.000    0.000  204.215    0.204   0.0
              input_rsci (ccs_in_v1_rscid88_width16_0)    0.394    0.655  179.426    1.229   0.0
          accum_fifo_12_rsci (Fifo_ODTYPE_13_1)    5.352    4.879 1.68e+04   27.060   0.2
            Fifo_ODTYPE_13_run_inst (Fifo_ODTYPE_13_run_1)    4.933    4.838 1.68e+04   26.589   0.2
              ccs_ccore_start_rsci (ccs_in_v1_rscid120_width1_1)    0.000    0.000   12.763 1.28e-02   0.0
              output_rsci (mgc_out_dreg_v2_rscid89_width16_1)    0.000    0.000  204.215    0.204   0.0
              input_rsci (ccs_in_v1_rscid88_width16_1)    0.319    0.603  191.516    1.113   0.0
          output_fifo_2_rsci (Fifo_ODTYPE_14_0)    6.243    6.578 1.81e+04   30.930   0.2
            Fifo_ODTYPE_14_run_inst (Fifo_ODTYPE_14_run_0)    6.243    6.578 1.81e+04   30.930   0.2
              ccs_ccore_start_rsci (ccs_in_v1_rscid119_width1_0) 6.87e-03 3.39e-03   12.751 2.30e-02   0.0
              output_rsci (mgc_out_dreg_v2_rscid92_width16_0)    0.000    0.000  204.215    0.204   0.0
              input_rsci (ccs_in_v1_rscid91_width16_0)    0.685    0.634  179.426    1.498   0.0
          accum_fifo_13_rsci (Fifo_ODTYPE_14_1)    6.560    5.161 1.81e+04   29.818   0.2
            Fifo_ODTYPE_14_run_inst (Fifo_ODTYPE_14_run_1)    6.560    5.161 1.81e+04   29.818   0.2
              ccs_ccore_start_rsci (ccs_in_v1_rscid119_width1_1)    0.000    0.000   12.763 1.28e-02   0.0
              output_rsci (mgc_out_dreg_v2_rscid92_width16_1)    0.000    0.000  204.215    0.204   0.0
              input_rsci (ccs_in_v1_rscid91_width16_1)    0.601    0.626  191.455    1.418   0.0
          output_fifo_1_rsci (Fifo_ODTYPE_15_0)    6.370    6.652 1.93e+04   32.366   0.3
            Fifo_ODTYPE_15_run_inst (Fifo_ODTYPE_15_run_0)    6.370    6.652 1.93e+04   32.366   0.3
              ccs_ccore_start_rsci (ccs_in_v1_rscid118_width1_0) 6.38e-03 3.38e-03   12.751 2.25e-02   0.0
              output_rsci (mgc_out_dreg_v2_rscid95_width16_0)    0.000    0.000  204.215    0.204   0.0
              input_rsci (ccs_in_v1_rscid94_width16_0)    0.414    0.643  179.426    1.236   0.0
          accum_fifo_14_rsci (Fifo_ODTYPE_15_1)    6.859    5.174 1.93e+04   31.366   0.2
            Fifo_ODTYPE_15_run_inst (Fifo_ODTYPE_15_run_1)    6.859    5.174 1.93e+04   31.366   0.2
              ccs_ccore_start_rsci (ccs_in_v1_rscid118_width1_1)    0.000    0.000   12.763 1.28e-02   0.0
              output_rsci (mgc_out_dreg_v2_rscid95_width16_1)    0.000    0.000  204.215    0.204   0.0
              input_rsci (ccs_in_v1_rscid94_width16_1)    0.482    0.610  191.553    1.284   0.0
          output_fifo_0_rsci (Fifo_ODTYPE_16_0)    7.341    6.834 2.06e+04   34.778   0.3
            Fifo_ODTYPE_16_run_inst (Fifo_ODTYPE_16_run_0)    7.341    6.834 2.06e+04   34.778   0.3
              ccs_ccore_start_rsci (ccs_in_v1_rscid117_width1_0) 6.18e-03 3.37e-03   12.751 2.23e-02   0.0
              output_rsci (mgc_out_dreg_v2_rscid98_width16_0)    0.000    0.000  204.215    0.204   0.0
              input_rsci (ccs_in_v1_rscid97_width16_0)    0.695    0.657  179.426    1.531   0.0
          accum_fifo_15_rsci (Fifo_ODTYPE_16_1)    6.296    5.032 2.05e+04   31.877   0.3
            Fifo_ODTYPE_16_run_inst (Fifo_ODTYPE_16_run_1)    6.296    5.032 2.05e+04   31.877   0.3
              ccs_ccore_start_rsci (ccs_in_v1_rscid117_width1_1)    0.000    0.000   12.763 1.28e-02   0.0
              output_rsci (mgc_out_dreg_v2_rscid98_width16_1)    0.000    0.000  204.215    0.204   0.0
              input_rsci (ccs_in_v1_rscid97_width16_1)    0.320    0.606  191.486    1.118   0.0
        accumulation_buffer_rsc_0_15_i (SystolicArrayCore_IDTYPE_WDTYPE_ODTYPE_16_16_sram_512_128_sram_512_128_rwport_164_16_12_256_16_gen)    0.553    0.687  209.729    1.450   0.0
        accumulation_buffer_rsc_0_14_i (SystolicArrayCore_IDTYPE_WDTYPE_ODTYPE_16_16_sram_512_128_sram_512_128_rwport_163_16_12_256_16_gen)    0.533    0.686  209.729    1.428   0.0
        accumulation_buffer_rsc_0_13_i (SystolicArrayCore_IDTYPE_WDTYPE_ODTYPE_16_16_sram_512_128_sram_512_128_rwport_162_16_12_256_16_gen)    0.491    0.684  209.729    1.384   0.0
        accumulation_buffer_rsc_0_12_i (SystolicArrayCore_IDTYPE_WDTYPE_ODTYPE_16_16_sram_512_128_sram_512_128_rwport_161_16_12_256_16_gen)    0.610    0.690  209.729    1.510   0.0
        accumulation_buffer_rsc_0_11_i (SystolicArrayCore_IDTYPE_WDTYPE_ODTYPE_16_16_sram_512_128_sram_512_128_rwport_160_16_12_256_16_gen)    0.522    0.685  209.729    1.417   0.0
        accumulation_buffer_rsc_0_10_i (SystolicArrayCore_IDTYPE_WDTYPE_ODTYPE_16_16_sram_512_128_sram_512_128_rwport_159_16_12_256_16_gen)    0.501    0.684  209.729    1.395   0.0
        accumulation_buffer_rsc_0_9_i (SystolicArrayCore_IDTYPE_WDTYPE_ODTYPE_16_16_sram_512_128_sram_512_128_rwport_158_16_12_256_16_gen)    0.616    0.690  209.729    1.515   0.0
        accumulation_buffer_rsc_0_8_i (SystolicArrayCore_IDTYPE_WDTYPE_ODTYPE_16_16_sram_512_128_sram_512_128_rwport_157_16_12_256_16_gen)    0.593    0.689  209.729    1.492   0.0
        accumulation_buffer_rsc_0_7_i (SystolicArrayCore_IDTYPE_WDTYPE_ODTYPE_16_16_sram_512_128_sram_512_128_rwport_156_16_12_256_16_gen)    0.584    0.688  209.729    1.482   0.0
        accumulation_buffer_rsc_0_6_i (SystolicArrayCore_IDTYPE_WDTYPE_ODTYPE_16_16_sram_512_128_sram_512_128_rwport_155_16_12_256_16_gen)    0.541    0.686  209.729    1.437   0.0
        accumulation_buffer_rsc_0_5_i (SystolicArrayCore_IDTYPE_WDTYPE_ODTYPE_16_16_sram_512_128_sram_512_128_rwport_154_16_12_256_16_gen)    0.573    0.688  209.729    1.470   0.0
        accumulation_buffer_rsc_0_4_i (SystolicArrayCore_IDTYPE_WDTYPE_ODTYPE_16_16_sram_512_128_sram_512_128_rwport_153_16_12_256_16_gen)    0.608    0.690  209.729    1.508   0.0
        accumulation_buffer_rsc_0_3_i (SystolicArrayCore_IDTYPE_WDTYPE_ODTYPE_16_16_sram_512_128_sram_512_128_rwport_152_16_12_256_16_gen)    0.567    0.688  209.729    1.464   0.0
        accumulation_buffer_rsc_0_2_i (SystolicArrayCore_IDTYPE_WDTYPE_ODTYPE_16_16_sram_512_128_sram_512_128_rwport_151_16_12_256_16_gen)    0.542    0.686  209.729    1.438   0.0
        accumulation_buffer_rsc_0_1_i (SystolicArrayCore_IDTYPE_WDTYPE_ODTYPE_16_16_sram_512_128_sram_512_128_rwport_150_16_12_256_16_gen)    0.670    0.692  209.729    1.572   0.0
        accumulation_buffer_rsc_0_0_i (SystolicArrayCore_IDTYPE_WDTYPE_ODTYPE_16_16_sram_512_128_sram_512_128_rwport_149_16_12_256_16_gen)    0.555    0.687  209.729    1.452   0.0
    loopIndicesChannel_cns_pipe (ccs_pipe_v5_rscid164_width48_sz_width1_fifo_sz3_log2_sz2_ph_clk1_ph_en0_ph_arst0_ph_srst0)    3.478   10.624 2.24e+04   36.537   0.3
      FIFO (ccs_fifo_wait_core_v5_rscid164_width48_sz_width1_fifo_sz3_ph_clk1_ph_en0_ph_arst0_ph_srst0_ph_log22)    3.478   10.624 2.24e+04   36.537   0.3
        FIFO_REG_GEN_REGS_0__BUFREG (ccs_genreg_v1_48_1_0_0_0_1_0)    1.096    1.709 5.75e+03    8.559   0.1
        FIFO_REG_GEN_REGS_0__STATREG (ccs_genreg_v1_1_1_0_0_0_1_4) 4.97e-03    1.452  130.242    1.587   0.0
        FIFO_REG_GEN_REGS_1__BUFREG (ccs_genreg_v1_48_1_0_0_0_1_1)    1.006    1.661 5.74e+03    8.409   0.1
        FIFO_REG_GEN_REGS_1__STATREG (ccs_genreg_v1_1_1_0_0_0_1_5) 9.21e-03    1.449  130.354    1.588   0.0
        FIFO_REG_GEN_REGS_2__BUFREG (ccs_genreg_v1_48_1_0_0_0_1_2)    0.949    1.695 5.74e+03    8.386   0.1
        FIFO_REG_GEN_REGS_2__STATREG (ccs_genreg_v1_1_1_0_0_0_1_6) 8.57e-03    1.445  130.480    1.584   0.0
        FIFO_REG_HS_INIT_REG (ccs_genreg_v1_1_1_1_0_0_0_3) 4.28e-02    1.040  105.365    1.188   0.0
    paramsChannel_cns_pipe (ccs_pipe_v5_rscid163_width144_sz_width1_fifo_sz3_log2_sz2_ph_clk1_ph_en0_ph_arst0_ph_srst0)    7.381   15.032 3.67e+04   59.108   0.5
      FIFO (ccs_fifo_wait_core_v5_rscid163_width144_sz_width1_fifo_sz3_ph_clk1_ph_en0_ph_arst0_ph_srst0_ph_log22)    6.837   14.990 3.67e+04   58.509   0.5
        FIFO_REG_GEN_REGS_0__BUFREG (ccs_genreg_v1_144_1_0_0_0_1_4)    2.055    2.858 9.53e+03   14.438   0.1
        FIFO_REG_GEN_REGS_0__STATREG (ccs_genreg_v1_1_1_0_0_0_1_7) 4.87e-03    1.452  130.242    1.587   0.0
        FIFO_REG_GEN_REGS_1__BUFREG (ccs_genreg_v1_144_1_0_0_0_1_5)    1.963    2.909 9.52e+03   14.397   0.1
        FIFO_REG_GEN_REGS_1__STATREG (ccs_genreg_v1_1_1_0_0_0_1_8) 9.06e-03    1.449  130.354    1.588   0.0
        FIFO_REG_GEN_REGS_2__BUFREG (ccs_genreg_v1_144_1_0_0_0_1_6)    2.066    3.032 9.52e+03   14.622   0.1
        FIFO_REG_GEN_REGS_2__STATREG (ccs_genreg_v1_1_1_0_0_0_1_9) 1.48e-02    1.445  130.480    1.591   0.0
        FIFO_REG_HS_INIT_REG (ccs_genreg_v1_1_1_1_0_0_0_4) 4.35e-02    1.038  105.365    1.187   0.0
  weightDoubleBuffer (WeightDoubleBuffer_384_16_16)  559.399 1.22e+03 5.46e+05 2.33e+03  18.4
    WeightDoubleBuffer_384_16_16_struct_inst (WeightDoubleBuffer_384_16_16_struct)  559.399 1.22e+03 5.46e+05 2.33e+03  18.4
      WeightDoublefeSAqem_cns_bctl_inst (WeightDoublefeSAqem_cns_bctl)    7.653   31.084 1.52e+04   53.933   0.4
      unreg_1 (unreg_hier_0)           1.27e-03 1.32e-03   12.754 1.53e-02   0.0
      unreg (unreg_hier_1)                0.000    0.000    9.665 9.66e-03   0.0
      WeightDoubleBuffer_384_16_16_run_inst (WeightDoubleBuffer_384_16_16_run)   31.520  154.416 2.30e+04  208.918   1.7
        WeightDoubleBuffer_384_16_16_run_run_inst (WeightDoubleBuffer_384_16_16_run_run)   31.520  154.416 2.30e+04  208.918   1.7
          WeightDoubleBuffer_384_16_16_run_run_run_fsm_inst (WeightDoubleBuffer_384_16_16_run_run_run_fsm)    0.195    2.772  316.317    3.284   0.0
          WeightDoubleBuffer_384_16_16_run_run_staller_inst (WeightDoubleBuffer_384_16_16_run_run_staller)    0.223 7.62e-02   29.697    0.328   0.0
          WeightDoubleBuffer_384_16_16_run_run_weightDoubleBufferReaderParams_cnsi_inst (WeightDoubleBuffer_384_16_16_run_run_weightDoubleBufferReaderParams_cnsi)    0.403    1.853 1.44e+03    3.693   0.0
            WeightDoubleBuffer_384_16_16_run_run_weightDoubleBufferReaderParams_cnsi_weightDoubleBufferReaderParams_wait_dp_inst (WeightDoubleBuffer_384_16_16_run_run_weightDoubleBufferReaderParams_cnsi_weightDoubleBufferReaderParams_wait_dp) 8.05e-03    1.440  122.968    1.571   0.0
            WeightDoubleBuffer_384_16_16_run_run_weightDoubleBufferReaderParams_cnsi_weightDoubleBufferReaderParams_wait_ctrl_inst (WeightDoubleBuffer_384_16_16_run_run_weightDoubleBufferReaderParams_cnsi_weightDoubleBufferReaderParams_wait_ctrl) 1.63e-02 2.90e-02   77.794    0.123   0.0
            weightDoubleBufferReaderParams_cnsi (ccs_out_wait_v1_rscid19_width144_0)    0.379    0.383 1.24e+03    1.999   0.0
          WeightDoubleBuffer_384_16_16_run_run_weightDoubleBufferWriterParams_cnsi_inst (WeightDoubleBuffer_384_16_16_run_run_weightDoubleBufferWriterParams_cnsi)    0.424    1.778 1.16e+03    3.361   0.0
            WeightDoubleBuffer_384_16_16_run_run_weightDoubleBufferWriterParams_cnsi_weightDoubleBufferWriterParams_wait_dp_inst (WeightDoubleBuffer_384_16_16_run_run_weightDoubleBufferWriterParams_cnsi_weightDoubleBufferWriterParams_wait_dp) 8.42e-03    1.440  122.968    1.572   0.0
            WeightDoubleBuffer_384_16_16_run_run_weightDoubleBufferWriterParams_cnsi_weightDoubleBufferWriterParams_wait_ctrl_inst (WeightDoubleBuffer_384_16_16_run_run_weightDoubleBufferWriterParams_cnsi_weightDoubleBufferWriterParams_wait_ctrl) 1.90e-02 2.91e-02   77.794    0.126   0.0
            weightDoubleBufferWriterParams_cnsi (ccs_out_wait_v1_rscid18_width144_0)    0.396    0.309  958.937    1.664   0.0
          WeightDoubleBuffer_384_16_16_run_run_paramsIn_rsci_inst (WeightDoubleBuffer_384_16_16_run_run_paramsIn_rsci)   26.987  140.015 1.21e+04  179.070   1.4
            WeightDoubleBuffer_384_16_16_run_run_paramsIn_rsci_paramsIn_wait_dp_inst (WeightDoubleBuffer_384_16_16_run_run_paramsIn_rsci_paramsIn_wait_dp)   26.055  139.463 1.07e+04  176.261   1.4
            WeightDoubleBuffer_384_16_16_run_run_paramsIn_rsci_paramsIn_wait_ctrl_inst (WeightDoubleBuffer_384_16_16_run_run_paramsIn_rsci_paramsIn_wait_ctrl) 8.63e-02 8.14e-02   78.255    0.246   0.0
            paramsIn_rsci (ccs_in_wait_v1_rscid17_width144_0)    0.368    0.423 1.24e+03    2.026   0.0
      weightDoubleBufferReader (WeightDoubleBufferReader_384_16_16)  138.974  573.716 2.09e+05  921.792   7.3
        WeightDoubleBufferReader_384_16_16_run_inst (WeightDoubleBufferReader_384_16_16_run)  135.439  568.544 2.07e+05  911.446   7.2
          add_x_3 (WeightDoubleBufferReader_384_16_16_run_DW01_inc_1)    0.417    0.626 4.86e+03    5.902   0.0
          mult_x_5 (WeightDoubleBufferReader_384_16_16_run_DW_mult_uns_J5_3)    6.216    7.593 4.17e+04   55.500   0.4
          add_x_6 (WeightDoubleBufferReader_384_16_16_run_DW01_inc_J5_3)    0.102    0.214 1.45e+03    1.771   0.0
          add_x_9 (WeightDoubleBufferReader_384_16_16_run_DW01_inc_J5_1) 8.73e-02    0.107 1.32e+03    1.517   0.0
          mult_x_10 (WeightDoubleBufferReader_384_16_16_run_DW_mult_uns_J5_2)    4.056    4.444 3.17e+04   40.232   0.3
          mult_x_17 (WeightDoubleBufferReader_384_16_16_run_DW_mult_uns_J5_1) 6.08e-02 9.98e-02  805.008    0.966   0.0
          mult_x_18 (WeightDoubleBufferReader_384_16_16_run_DW_mult_uns_J5_0)    3.094    2.683 2.37e+04   29.433   0.2
          add_x_22 (WeightDoubleBufferReader_384_16_16_run_DW01_dec_J5_0)    0.533    0.470 4.01e+03    5.013   0.0
          add_x_23 (WeightDoubleBufferReader_384_16_16_run_DW01_add_J5_0) 2.86e-03 1.56e-02  268.813    0.287   0.0
          DP_OP_52J5_122_507 (WeightDoubleBufferReader_384_16_16_run_DP_OP_52J5_122_507_J5_0) 2.76e-02 5.38e-02 1.07e+03    1.148   0.0
          DP_OP_53J5_123_2648 (WeightDoubleBufferReader_384_16_16_run_DP_OP_53J5_123_2648_J5_0)    2.985    2.596 2.17e+04   27.276   0.2
          DP_OP_54J5_124_8762 (WeightDoubleBufferReader_384_16_16_run_DP_OP_54J5_124_8762_J5_0)    0.107    0.165 1.88e+03    2.154   0.0
          DP_OP_55J5_125_365 (WeightDoubleBufferReader_384_16_16_run_DP_OP_55J5_125_365_J5_0) 1.43e-02 1.78e-02  428.822    0.461   0.0
          WeightDoubleBufferReader_384_16_16_run_run_fsm_inst (WeightDoubleBufferReader_384_16_16_run_run_fsm)    1.298    6.025 1.19e+03    8.512   0.1
          WeightDoubleBufferReader_384_16_16_run_staller_inst (WeightDoubleBufferReader_384_16_16_run_staller)    0.335    1.127  134.092    1.596   0.0
          WeightDoubleBufferReader_384_16_16_run_din_rsc_req_obj_inst (WeightDoubleBufferReader_384_16_16_run_din_rsc_req_obj) 7.23e-03    1.444  182.881    1.634   0.0
            WeightDoubleBufferReader_384_16_16_run_din_rsc_req_obj_din_rsc_req_wait_dp_inst (WeightDoubleBufferReader_384_16_16_run_din_rsc_req_obj_din_rsc_req_wait_dp) 3.81e-03    1.439  124.276    1.567   0.0
            WeightDoubleBufferReader_384_16_16_run_din_rsc_req_obj_din_rsc_req_wait_ctrl_inst (WeightDoubleBufferReader_384_16_16_run_din_rsc_req_obj_din_rsc_req_wait_ctrl) 2.10e-03 3.71e-03   45.851 5.17e-02   0.0
            din_rsc_req_obj (mgc_in_sync_v2_valid1_0) 1.32e-03 1.33e-03   12.754 1.54e-02   0.0
          WeightDoubleBufferReader_384_16_16_run_din_rsc_rls_obj_inst (WeightDoubleBufferReader_384_16_16_run_din_rsc_rls_obj) 4.07e-03 2.46e-03   44.701 5.12e-02   0.0
            WeightDoubleBufferReader_384_16_16_run_din_rsc_rls_obj_din_rsc_rls_wait_ctrl_inst (WeightDoubleBufferReader_384_16_16_run_din_rsc_rls_obj_din_rsc_rls_wait_ctrl) 1.47e-03 1.39e-03   31.942 3.48e-02   0.0
            din_rsc_rls_obj (mgc_io_sync_v2_valid0_0) 2.60e-03 1.07e-03   12.760 1.64e-02   0.0
          WeightDoubleBufferReader_384_16_16_run_dout_rsci_inst (WeightDoubleBufferReader_384_16_16_run_dout_rsci) 5.28e-02    1.474 1.86e+03    3.384   0.0
            WeightDoubleBufferReader_384_16_16_run_dout_rsci_dout_wait_dp_inst (WeightDoubleBufferReader_384_16_16_run_dout_rsci_dout_wait_dp)    0.000    1.434  122.338    1.556   0.0
            WeightDoubleBufferReader_384_16_16_run_dout_rsci_dout_wait_ctrl_inst (WeightDoubleBufferReader_384_16_16_run_dout_rsci_dout_wait_ctrl) 1.21e-04 9.47e-05   77.891 7.81e-02   0.0
            dout_rsci (ccs_out_wait_v1_rscid9_width128_0) 5.27e-02 3.98e-02 1.66e+03    1.750   0.0
          WeightDoubleBufferReader_384_16_16_run_din_rsci_1_inst (WeightDoubleBufferReader_384_16_16_run_din_rsci_1)   41.441  202.583 1.56e+04  259.631   2.1
            WeightDoubleBufferReader_384_16_16_run_din_rsci_1_din_rsc_wait_ctrl_inst (WeightDoubleBufferReader_384_16_16_run_din_rsci_1_din_rsc_wait_ctrl) 1.09e-04 9.26e-05   72.904 7.31e-02   0.0
            WeightDoubleBufferReader_384_16_16_run_din_rsci_1_din_rsc_wait_dp_inst (WeightDoubleBufferReader_384_16_16_run_din_rsci_1_din_rsc_wait_dp)   41.441  202.583 1.55e+04  259.558   2.1
          WeightDoubleBufferReader_384_16_16_run_paramsIn_rsci_inst (WeightDoubleBufferReader_384_16_16_run_paramsIn_rsci)   27.586  140.274 1.24e+04  180.226   1.4
            WeightDoubleBufferReader_384_16_16_run_paramsIn_rsci_paramsIn_wait_dp_inst (WeightDoubleBufferReader_384_16_16_run_paramsIn_rsci_paramsIn_wait_dp)   26.673  139.757 1.07e+04  177.177   1.4
            WeightDoubleBufferReader_384_16_16_run_paramsIn_rsci_paramsIn_wait_ctrl_inst (WeightDoubleBufferReader_384_16_16_run_paramsIn_rsci_paramsIn_wait_ctrl) 9.51e-02 6.63e-02   77.779    0.239   0.0
            paramsIn_rsci (ccs_in_wait_v1_rscid7_width144_0)    0.248    0.366 1.24e+03    1.851   0.0
        din_rsci (WeightDoubleBufferReader_384_16_16_sram_512_128_sram_512_128_rwport_8_128_12_384_128_gen)    3.513    5.166 1.58e+03   10.263   0.1
      weightDoubleBufferWriter (WeightDoubleBufferWriter_384_16_16)  100.393  404.685 1.65e+05  670.120   5.3
        WeightDoubleBufferWriter_384_16_16_run_inst (WeightDoubleBufferWriter_384_16_16_run)   98.900  404.084 1.63e+05  666.179   5.3
          add_x_3 (WeightDoubleBufferWriter_384_16_16_run_DW01_inc_1)    0.353    0.547 4.80e+03    5.703   0.0
          add_x_1 (WeightDoubleBufferWriter_384_16_16_run_DW01_add_J7_0)    0.000    0.000  266.953    0.267   0.0
          mult_x_5 (WeightDoubleBufferWriter_384_16_16_run_DW_mult_uns_J7_3)    6.315    7.430 4.43e+04   58.090   0.5
          add_x_6 (WeightDoubleBufferWriter_384_16_16_run_DW01_inc_J7_2) 3.55e-02    0.117  353.107    0.506   0.0
          add_x_8 (WeightDoubleBufferWriter_384_16_16_run_DW01_inc_J7_1) 9.11e-02    0.107 1.32e+03    1.520   0.0
          mult_x_13 (WeightDoubleBufferWriter_384_16_16_run_DW_mult_uns_J7_2)    3.069    2.680 2.37e+04   29.405   0.2
          mult_x_14 (WeightDoubleBufferWriter_384_16_16_run_DW_mult_uns_J7_1)    3.923    4.122 3.17e+04   39.790   0.3
          mult_x_35 (WeightDoubleBufferWriter_384_16_16_run_DW_mult_uns_J7_0) 5.83e-02 9.94e-02  805.008    0.963   0.0
          add_x_36 (WeightDoubleBufferWriter_384_16_16_run_DW01_dec_J7_0)    0.524    0.473 4.01e+03    5.008   0.0
          DP_OP_79J7_122_1074 (WeightDoubleBufferWriter_384_16_16_run_DP_OP_79J7_122_1074_J7_0) 1.41e-02 1.78e-02  428.822    0.461   0.0
          DP_OP_80J7_123_4812 (WeightDoubleBufferWriter_384_16_16_run_DP_OP_80J7_123_4812_J7_0)    0.000    0.000  350.402    0.350   0.0
          WeightDoubleBufferWriter_384_16_16_run_run_fsm_inst (WeightDoubleBufferWriter_384_16_16_run_run_fsm)    1.834    6.714 1.51e+03   10.059   0.1
          WeightDoubleBufferWriter_384_16_16_run_staller_inst (WeightDoubleBufferWriter_384_16_16_run_staller)    0.334    1.162  133.590    1.630   0.0
          WeightDoubleBufferWriter_384_16_16_run_dout_rsc_req_obj_inst (WeightDoubleBufferWriter_384_16_16_run_dout_rsc_req_obj) 1.58e-02    1.454  199.917    1.670   0.0
            WeightDoubleBufferWriter_384_16_16_run_dout_rsc_req_obj_dout_rsc_req_wait_dp_inst (WeightDoubleBufferWriter_384_16_16_run_dout_rsc_req_obj_dout_rsc_req_wait_dp) 6.57e-03    1.439  122.636    1.568   0.0
            WeightDoubleBufferWriter_384_16_16_run_dout_rsc_req_obj_dout_rsc_req_wait_ctrl_inst (WeightDoubleBufferWriter_384_16_16_run_dout_rsc_req_obj_dout_rsc_req_wait_ctrl) 9.27e-03 1.55e-02   67.617 9.24e-02   0.0
            dout_rsc_req_obj (mgc_in_sync_v2_valid1_1)    0.000    0.000    9.665 9.66e-03   0.0
          WeightDoubleBufferWriter_384_16_16_run_dout_rsc_rls_obj_inst (WeightDoubleBufferWriter_384_16_16_run_dout_rsc_rls_obj) 4.40e-03 3.11e-03   44.269 5.18e-02   0.0
            WeightDoubleBufferWriter_384_16_16_run_dout_rsc_rls_obj_dout_rsc_rls_wait_ctrl_inst (WeightDoubleBufferWriter_384_16_16_run_dout_rsc_rls_obj_dout_rsc_rls_wait_ctrl) 1.20e-03 1.74e-03   31.510 3.45e-02   0.0
            dout_rsc_rls_obj (mgc_io_sync_v2_valid0_1) 3.20e-03 1.37e-03   12.758 1.73e-02   0.0
          WeightDoubleBufferWriter_384_16_16_run_dout_rsci_1_inst (WeightDoubleBufferWriter_384_16_16_run_dout_rsci_1)    0.114 6.91e-02  204.549    0.388   0.0
            WeightDoubleBufferWriter_384_16_16_run_dout_rsci_1_dout_rsc_wait_ctrl_inst (WeightDoubleBufferWriter_384_16_16_run_dout_rsci_1_dout_rsc_wait_ctrl) 2.52e-03 1.41e-03   32.075 3.60e-02   0.0
          WeightDoubleBufferWriter_384_16_16_run_din_rsci_inst (WeightDoubleBufferWriter_384_16_16_run_din_rsci)    8.901   29.662 2.36e+03   40.926   0.3
            WeightDoubleBufferWriter_384_16_16_run_din_rsci_din_wait_dp_inst (WeightDoubleBufferWriter_384_16_16_run_din_rsci_din_wait_dp)    8.298   28.974 2.08e+03   39.352   0.3
            WeightDoubleBufferWriter_384_16_16_run_din_rsci_din_wait_ctrl_inst (WeightDoubleBufferWriter_384_16_16_run_din_rsci_din_wait_ctrl) 3.50e-02 1.50e-02   78.791    0.129   0.0
            din_rsci (ccs_in_wait_v1_rscid2_width16_0)    0.567    0.674  203.282    1.445   0.0
          WeightDoubleBufferWriter_384_16_16_run_paramsIn_rsci_inst (WeightDoubleBufferWriter_384_16_16_run_paramsIn_rsci)   21.451  109.133 9.68e+03  140.268   1.1
            WeightDoubleBufferWriter_384_16_16_run_paramsIn_rsci_paramsIn_wait_dp_inst (WeightDoubleBufferWriter_384_16_16_run_paramsIn_rsci_paramsIn_wait_dp)   20.567  108.684 8.33e+03  137.582   1.1
            WeightDoubleBufferWriter_384_16_16_run_paramsIn_rsci_paramsIn_wait_ctrl_inst (WeightDoubleBufferWriter_384_16_16_run_paramsIn_rsci_paramsIn_wait_ctrl) 6.08e-02 6.62e-02   78.121    0.205   0.0
            paramsIn_rsci (ccs_in_wait_v1_rscid1_width144_0)    0.207    0.294  959.132    1.461   0.0
        dout_rsci (WeightDoubleBufferWriter_384_16_16_sram_512_128_sram_512_128_rwport_3_128_12_384_128_gen)    0.739    0.509 1.78e+03    3.030   0.0
      weightDoubleBufferReaderParams_cns_pipe (ccs_pipe_v5_rscid16_width144_sz_width1_fifo_sz1_log2_sz0_ph_clk1_ph_en0_ph_arst0_ph_srst0)    2.922    6.442 1.50e+04   24.337   0.2
        FIFO (ccs_fifo_wait_core_v5_rscid16_width144_sz_width1_fifo_sz1_ph_clk1_ph_en0_ph_arst0_ph_srst0_ph_log20)    2.922    6.442 1.50e+04   24.337   0.2
          FIFO_REG_GEN_REGS_0__BUFREG (ccs_genreg_v1_144_1_0_0_0_1_0)    2.424    3.308 1.14e+04   17.170   0.1
          FIFO_REG_GEN_REGS_0__STATREG (ccs_genreg_v1_1_1_0_0_0_1_0) 4.20e-03    1.470  129.739    1.604   0.0
          FIFO_REG_HS_INIT_REG (ccs_genreg_v1_1_1_1_0_0_0_0) 4.57e-02    1.036  105.365    1.187   0.0
      mem_cns_comp_1 (sram_512_128_WRAPPER_DEPTH4096_WRAPPER_WIDTH128_WRAPPER_ADDR_BITS12_SRAM_DEPTH256_SRAM_WIDTH32_SRAM_ADDR_BITS8_num_inst_depth16_num_inst_width4_0)  135.808   25.554 5.41e+04  215.449   1.7
      mem_cns_comp (sram_512_128_WRAPPER_DEPTH4096_WRAPPER_WIDTH128_WRAPPER_ADDR_BITS12_SRAM_DEPTH256_SRAM_WIDTH32_SRAM_ADDR_BITS8_num_inst_depth16_num_inst_width4_1)  138.825   22.948 5.32e+04  214.950   1.7
      weightDoubleBufferWriterParams_cns_pipe (ccs_pipe_v5_rscid15_width144_sz_width1_fifo_sz1_log2_sz0_ph_clk1_ph_en0_ph_arst0_ph_srst0)    2.299    5.831 1.17e+04   19.785   0.2
        FIFO (ccs_fifo_wait_core_v5_rscid15_width144_sz_width1_fifo_sz1_ph_clk1_ph_en0_ph_arst0_ph_srst0_ph_log20)    2.299    5.831 1.17e+04   19.785   0.2
          FIFO_REG_GEN_REGS_0__BUFREG (ccs_genreg_v1_144_1_0_0_0_1_1)    1.790    2.804 8.83e+03   13.425   0.1
          FIFO_REG_GEN_REGS_0__STATREG (ccs_genreg_v1_1_1_0_0_0_1_1) 3.16e-03    1.470  129.739    1.603   0.0
          FIFO_REG_HS_INIT_REG (ccs_genreg_v1_1_1_1_0_0_0_1) 4.18e-02    1.036  105.365    1.183   0.0
  inputDoubleBuffer (InputDoubleBuffer_512_16_16)  559.891 1.31e+03 4.39e+05 2.31e+03  18.2
    InputDoubleBuffer_512_16_16_struct_inst (InputDoubleBuffer_512_16_16_struct)  559.346 1.31e+03 4.39e+05 2.31e+03  18.2
      InputDoubleBDjtfoem_cns_bctl_inst (InputDoubleBDjtfoem_cns_bctl)    8.360   30.709 1.52e+04   54.229   0.4
      unreg_1 (unreg_hier_2)              0.000    0.000   12.763 1.28e-02   0.0
      unreg (unreg_hier_3)                0.000    0.000    9.665 9.66e-03   0.0
      InputDoubleBuffer_512_16_16_run_inst (InputDoubleBuffer_512_16_16_run)   44.708  213.992 3.19e+04  290.597   2.3
        InputDoubleBuffer_512_16_16_run_run_inst (InputDoubleBuffer_512_16_16_run_run)   44.378  213.942 3.19e+04  290.206   2.3
          InputDoubleBuffer_512_16_16_run_run_run_fsm_inst (InputDoubleBuffer_512_16_16_run_run_run_fsm)    0.194    2.763  316.205    3.273   0.0
          InputDoubleBuffer_512_16_16_run_run_staller_inst (InputDoubleBuffer_512_16_16_run_run_staller)    0.261 7.58e-02   29.938    0.367   0.0
          InputDoubleBuffer_512_16_16_run_run_inputDoubleBufferReaderParams_cnsi_inst (InputDoubleBuffer_512_16_16_run_run_inputDoubleBufferReaderParams_cnsi)    0.304    1.964 1.96e+03    4.224   0.0
            InputDoubleBuffer_512_16_16_run_run_inputDoubleBufferReaderParams_cnsi_inputDoubleBufferReaderParams_wait_dp_inst (InputDoubleBuffer_512_16_16_run_run_inputDoubleBufferReaderParams_cnsi_inputDoubleBufferReaderParams_wait_dp) 7.88e-03    1.440  123.342    1.571   0.0
            InputDoubleBuffer_512_16_16_run_run_inputDoubleBufferReaderParams_cnsi_inputDoubleBufferReaderParams_wait_ctrl_inst (InputDoubleBuffer_512_16_16_run_run_inputDoubleBufferReaderParams_cnsi_inputDoubleBufferReaderParams_wait_ctrl) 1.63e-02 2.56e-02   77.303    0.119   0.0
            inputDoubleBufferReaderParams_cnsi (ccs_out_wait_v1_rscid19_width144_1)    0.280    0.499 1.76e+03    2.534   0.0
          InputDoubleBuffer_512_16_16_run_run_inputDoubleBufferWriterParams_cnsi_inst (InputDoubleBuffer_512_16_16_run_run_inputDoubleBufferWriterParams_cnsi)    0.567    1.797 1.31e+03    3.677   0.0
            InputDoubleBuffer_512_16_16_run_run_inputDoubleBufferWriterParams_cnsi_inputDoubleBufferWriterParams_wait_dp_inst (InputDoubleBuffer_512_16_16_run_run_inputDoubleBufferWriterParams_cnsi_inputDoubleBufferWriterParams_wait_dp) 1.02e-02    1.423  123.810    1.557   0.0
            InputDoubleBuffer_512_16_16_run_run_inputDoubleBufferWriterParams_cnsi_inputDoubleBufferWriterParams_wait_ctrl_inst (InputDoubleBuffer_512_16_16_run_run_inputDoubleBufferWriterParams_cnsi_inputDoubleBufferWriterParams_wait_ctrl) 2.45e-02 2.76e-02   78.358    0.130   0.0
            inputDoubleBufferWriterParams_cnsi (ccs_out_wait_v1_rscid18_width144_1)    0.532    0.347 1.11e+03    1.990   0.0
          InputDoubleBuffer_512_16_16_run_run_paramsIn_rsci_inst (InputDoubleBuffer_512_16_16_run_run_paramsIn_rsci)   37.884  197.853 1.71e+04  252.791   2.0
            InputDoubleBuffer_512_16_16_run_run_paramsIn_rsci_paramsIn_wait_dp_inst (InputDoubleBuffer_512_16_16_run_run_paramsIn_rsci_paramsIn_wait_dp)   37.276  197.196 1.52e+04  249.694   2.0
            InputDoubleBuffer_512_16_16_run_run_paramsIn_rsci_paramsIn_wait_ctrl_inst (InputDoubleBuffer_512_16_16_run_run_paramsIn_rsci_paramsIn_wait_ctrl) 8.42e-02 7.96e-02   78.142    0.242   0.0
            paramsIn_rsci (ccs_in_wait_v1_rscid17_width144_1)    0.524    0.577 1.75e+03    2.855   0.0
      inputDoubleBufferReader (InputDoubleBufferReader_512_16_16)  149.613  670.557 1.68e+05  988.405   7.8
        InputDoubleBufferReader_512_16_16_run_inst (InputDoubleBufferReader_512_16_16_run)  146.093  665.557 1.67e+05  978.254   7.7
          add_x_10 (InputDoubleBufferReader_512_16_16_run_DW01_inc_J3_7)    0.000    0.000  680.454    0.680   0.0
          add_x_17 (InputDoubleBufferReader_512_16_16_run_DW01_inc_J3_6) 2.59e-05 1.06e-04  680.453    0.681   0.0
          add_x_47 (InputDoubleBufferReader_512_16_16_run_DW01_add_J3_1) 1.58e-02 3.05e-02  844.357    0.891   0.0
          mult_x_49 (InputDoubleBufferReader_512_16_16_run_DW_mult_uns_J3_1) 3.68e-02 6.94e-03 3.16e+03    3.204   0.0
          mult_x_50 (InputDoubleBufferReader_512_16_16_run_DW_mult_uns_J3_0)    3.023    2.683 2.37e+04   29.371   0.2
          add_x_51 (InputDoubleBufferReader_512_16_16_run_DW01_dec_J3_0)    0.293    0.279 1.97e+03    2.541   0.0
          add_x_52 (InputDoubleBufferReader_512_16_16_run_DW01_add_J3_0) 5.13e-03 2.84e-02  463.877    0.497   0.0
          add_x_53 (InputDoubleBufferReader_512_16_16_run_DW01_inc_J3_4) 6.57e-05 9.61e-05  363.526    0.364   0.0
          add_x_54 (InputDoubleBufferReader_512_16_16_run_DW01_inc_J3_3) 6.04e-05 9.12e-05  690.556    0.691   0.0
          add_x_55 (InputDoubleBufferReader_512_16_16_run_DW01_inc_J3_2)    0.000    0.000  680.454    0.680   0.0
          add_x_62 (InputDoubleBufferReader_512_16_16_run_DW01_inc_J3_1)    0.000    0.000  680.454    0.680   0.0
          add_x_69 (InputDoubleBufferReader_512_16_16_run_DW01_inc_J3_0)    0.558    0.605  850.968    2.014   0.0
          DP_OP_160J3_122_2066 (InputDoubleBufferReader_512_16_16_run_DP_OP_160J3_122_2066_J3_0)    0.207    0.187 4.53e+03    4.928   0.0
          DP_OP_161J3_123_2066 (InputDoubleBufferReader_512_16_16_run_DP_OP_161J3_123_2066_J3_0)    1.227    1.181 1.08e+04   13.237   0.1
          DP_OP_162J3_124_9913 (InputDoubleBufferReader_512_16_16_run_DP_OP_162J3_124_9913_J3_0) 7.86e-02    0.131  903.141    1.113   0.0
          DP_OP_163J3_125_9913 (InputDoubleBufferReader_512_16_16_run_DP_OP_163J3_125_9913_J3_0) 8.01e-02    0.132  903.092    1.115   0.0
          DP_OP_164J3_126_9913 (InputDoubleBufferReader_512_16_16_run_DP_OP_164J3_126_9913_J3_0) 8.50e-02    0.132  903.088    1.120   0.0
          DP_OP_165J3_127_9913 (InputDoubleBufferReader_512_16_16_run_DP_OP_165J3_127_9913_J3_0) 8.10e-02    0.132  903.075    1.116   0.0
          DP_OP_166J3_128_9913 (InputDoubleBufferReader_512_16_16_run_DP_OP_166J3_128_9913_J3_0)    0.225    0.329 1.03e+03    1.580   0.0
          DP_OP_167J3_129_9913 (InputDoubleBufferReader_512_16_16_run_DP_OP_167J3_129_9913_J3_0) 8.34e-02    0.131  903.155    1.118   0.0
          DP_OP_168J3_130_1925 (InputDoubleBufferReader_512_16_16_run_DP_OP_168J3_130_1925_J3_0)    1.186    0.563 6.98e+03    8.728   0.1
          DP_OP_169J3_131_3477 (InputDoubleBufferReader_512_16_16_run_DP_OP_169J3_131_3477_J3_0)    0.107 1.95e-02 6.71e+03    6.841   0.1
          DP_OP_170J3_132_1925 (InputDoubleBufferReader_512_16_16_run_DP_OP_170J3_132_1925_J3_0)    0.497    0.534 3.85e+03    4.884   0.0
          InputDoubleBufferReader_512_16_16_run_run_fsm_inst (InputDoubleBufferReader_512_16_16_run_run_fsm)    1.206    5.697 1.22e+03    8.122   0.1
          InputDoubleBufferReader_512_16_16_run_staller_inst (InputDoubleBufferReader_512_16_16_run_staller)    0.326    1.118  134.154    1.579   0.0
          InputDoubleBufferReader_512_16_16_run_din_rsc_req_obj_inst (InputDoubleBufferReader_512_16_16_run_din_rsc_req_obj) 2.94e-03    1.438  182.995    1.624   0.0
            InputDoubleBufferReader_512_16_16_run_din_rsc_req_obj_din_rsc_req_wait_dp_inst (InputDoubleBufferReader_512_16_16_run_din_rsc_req_obj_din_rsc_req_wait_dp) 2.94e-03    1.438  124.569    1.565   0.0
            InputDoubleBufferReader_512_16_16_run_din_rsc_req_obj_din_rsc_req_wait_ctrl_inst (InputDoubleBufferReader_512_16_16_run_din_rsc_req_obj_din_rsc_req_wait_ctrl)    0.000    0.000   45.662 4.57e-02   0.0
            din_rsc_req_obj (mgc_in_sync_v2_valid1_2)    0.000    0.000   12.763 1.28e-02   0.0
          InputDoubleBufferReader_512_16_16_run_din_rsc_rls_obj_inst (InputDoubleBufferReader_512_16_16_run_din_rsc_rls_obj) 1.70e-04 9.09e-05   44.825 4.51e-02   0.0
            InputDoubleBufferReader_512_16_16_run_din_rsc_rls_obj_din_rsc_rls_wait_ctrl_inst (InputDoubleBufferReader_512_16_16_run_din_rsc_rls_obj_din_rsc_rls_wait_ctrl) 1.70e-04 9.09e-05   32.061 3.23e-02   0.0
            din_rsc_rls_obj (mgc_io_sync_v2_valid0_2)    0.000    0.000   12.763 1.28e-02   0.0
          InputDoubleBufferReader_512_16_16_run_dout_rsci_inst (InputDoubleBufferReader_512_16_16_run_dout_rsci)    0.109    1.474 1.86e+03    3.441   0.0
            InputDoubleBufferReader_512_16_16_run_dout_rsci_dout_wait_dp_inst (InputDoubleBufferReader_512_16_16_run_dout_rsci_dout_wait_dp)    0.000    1.434  122.338    1.556   0.0
            InputDoubleBufferReader_512_16_16_run_dout_rsci_dout_wait_ctrl_inst (InputDoubleBufferReader_512_16_16_run_dout_rsci_dout_wait_ctrl) 1.10e-04 9.31e-05   77.778 7.80e-02   0.0
            dout_rsci (ccs_out_wait_v1_rscid9_width128_1)    0.109 4.05e-02 1.66e+03    1.807   0.0
          InputDoubleBufferReader_512_16_16_run_din_rsci_1_inst (InputDoubleBufferReader_512_16_16_run_din_rsci_1)   41.416  202.271 1.56e+04  259.324   2.0
            InputDoubleBufferReader_512_16_16_run_din_rsci_1_din_rsc_wait_ctrl_inst (InputDoubleBufferReader_512_16_16_run_din_rsci_1_din_rsc_wait_ctrl) 1.01e-04 9.07e-05   73.026 7.32e-02   0.0
            InputDoubleBufferReader_512_16_16_run_din_rsci_1_din_rsc_wait_dp_inst (InputDoubleBufferReader_512_16_16_run_din_rsci_1_din_rsc_wait_dp)   41.416  202.270 1.56e+04  259.251   2.0
          InputDoubleBufferReader_512_16_16_run_paramsIn_rsci_inst (InputDoubleBufferReader_512_16_16_run_paramsIn_rsci)   38.310  198.191 1.74e+04  253.860   2.0
            InputDoubleBufferReader_512_16_16_run_paramsIn_rsci_paramsIn_wait_dp_inst (InputDoubleBufferReader_512_16_16_run_paramsIn_rsci_paramsIn_wait_dp)   37.336  197.535 1.52e+04  250.093   2.0
            InputDoubleBufferReader_512_16_16_run_paramsIn_rsci_paramsIn_wait_ctrl_inst (InputDoubleBufferReader_512_16_16_run_paramsIn_rsci_paramsIn_wait_ctrl) 6.03e-02 6.67e-02   77.677    0.205   0.0
            paramsIn_rsci (ccs_in_wait_v1_rscid7_width144_1)    0.331    0.504 1.76e+03    2.591   0.0
        din_rsci (InputDoubleBufferReader_512_16_16_sram_512_128_sram_512_128_rwport_8_128_12_512_128_gen)    3.497    4.998 1.59e+03   10.084   0.1
      inputDoubleBufferWriter (InputDoubleBufferWriter_512_16_16)   77.786  334.340 8.92e+04  501.347   4.0
        InputDoubleBufferWriter_512_16_16_run_inst (InputDoubleBufferWriter_512_16_16_run)   75.606  333.716 8.74e+04  496.692   3.9
          add_x_1 (InputDoubleBufferWriter_512_16_16_run_DW01_add_J8_3)    0.132    0.157  462.435    0.752   0.0
          add_x_3 (InputDoubleBufferWriter_512_16_16_run_DW01_inc_J8_2) 7.59e-02 9.67e-02  365.015    0.538   0.0
          mult_x_32 (InputDoubleBufferWriter_512_16_16_run_DW_mult_uns_J8_2)    0.341    0.337 3.16e+03    3.842   0.0
          add_x_33 (InputDoubleBufferWriter_512_16_16_run_DW01_add_J8_1) 4.86e-02    0.122  466.278    0.637   0.0
          add_x_35 (InputDoubleBufferWriter_512_16_16_run_DW01_add_J8_0) 4.50e-02    0.119  841.461    1.005   0.0
          mult_x_37 (InputDoubleBufferWriter_512_16_16_run_DW_mult_uns_J8_1)    0.281    0.278 3.16e+03    3.721   0.0
          mult_x_38 (InputDoubleBufferWriter_512_16_16_run_DW_mult_uns_J8_0)    2.521    2.193 2.37e+04   28.387   0.2
          add_x_39 (InputDoubleBufferWriter_512_16_16_run_DW01_dec_J8_0)    0.270    0.256 1.97e+03    2.495   0.0
          DP_OP_84J8_122_134 (InputDoubleBufferWriter_512_16_16_run_DP_OP_84J8_122_134_J8_0)    0.631    0.736 3.64e+03    5.003   0.0
          DP_OP_85J8_123_134 (InputDoubleBufferWriter_512_16_16_run_DP_OP_85J8_123_134_J8_0)    0.475    0.534 3.85e+03    4.863   0.0
          DP_OP_86J8_124_6961 (InputDoubleBufferWriter_512_16_16_run_DP_OP_86J8_124_6961_J8_0) 4.72e-02 7.77e-02  511.623    0.637   0.0
          InputDoubleBufferWriter_512_16_16_run_run_fsm_inst (InputDoubleBufferWriter_512_16_16_run_run_fsm)    2.159    6.671 1.70e+03   10.534   0.1
          InputDoubleBufferWriter_512_16_16_run_staller_inst (InputDoubleBufferWriter_512_16_16_run_staller)    0.511    1.162  133.628    1.807   0.0
          InputDoubleBufferWriter_512_16_16_run_dout_rsc_req_obj_inst (InputDoubleBufferWriter_512_16_16_run_dout_rsc_req_obj) 1.04e-02    1.447  199.824    1.657   0.0
            InputDoubleBufferWriter_512_16_16_run_dout_rsc_req_obj_dout_rsc_req_wait_dp_inst (InputDoubleBufferWriter_512_16_16_run_dout_rsc_req_obj_dout_rsc_req_wait_dp) 4.42e-03    1.437  122.527    1.564   0.0
            InputDoubleBufferWriter_512_16_16_run_dout_rsc_req_obj_dout_rsc_req_wait_ctrl_inst (InputDoubleBufferWriter_512_16_16_run_dout_rsc_req_obj_dout_rsc_req_wait_ctrl) 5.97e-03 9.75e-03   67.632 8.34e-02   0.0
            dout_rsc_req_obj (mgc_in_sync_v2_valid1_3)    0.000    0.000    9.665 9.66e-03   0.0
          InputDoubleBufferWriter_512_16_16_run_dout_rsc_rls_obj_inst (InputDoubleBufferWriter_512_16_16_run_dout_rsc_rls_obj) 1.21e-04 9.02e-05   44.205 4.44e-02   0.0
            InputDoubleBufferWriter_512_16_16_run_dout_rsc_rls_obj_dout_rsc_rls_wait_ctrl_inst (InputDoubleBufferWriter_512_16_16_run_dout_rsc_rls_obj_dout_rsc_rls_wait_ctrl) 1.21e-04 9.02e-05   31.442 3.17e-02   0.0
            dout_rsc_rls_obj (mgc_io_sync_v2_valid0_3)    0.000    0.000   12.763 1.28e-02   0.0
          InputDoubleBufferWriter_512_16_16_run_dout_rsci_1_inst (InputDoubleBufferWriter_512_16_16_run_dout_rsci_1)    0.162 7.39e-02  205.476    0.442   0.0
            InputDoubleBufferWriter_512_16_16_run_dout_rsci_1_dout_rsc_wait_ctrl_inst (InputDoubleBufferWriter_512_16_16_run_dout_rsci_1_dout_rsc_wait_ctrl) 4.81e-03 1.10e-03   32.002 3.79e-02   0.0
          InputDoubleBufferWriter_512_16_16_run_din_rsci_inst (InputDoubleBufferWriter_512_16_16_run_din_rsci)    8.958   29.631 2.39e+03   40.977   0.3
            InputDoubleBufferWriter_512_16_16_run_din_rsci_din_wait_dp_inst (InputDoubleBufferWriter_512_16_16_run_din_rsci_din_wait_dp)    8.543   28.959 2.11e+03   39.608   0.3
            InputDoubleBufferWriter_512_16_16_run_din_rsci_din_wait_ctrl_inst (InputDoubleBufferWriter_512_16_16_run_din_rsci_din_wait_ctrl) 1.75e-02 1.06e-02   78.744    0.107   0.0
            din_rsci (ccs_in_wait_v1_rscid2_width16_1)    0.398    0.661  203.314    1.263   0.0
          InputDoubleBufferWriter_512_16_16_run_paramsIn_rsci_inst (InputDoubleBufferWriter_512_16_16_run_paramsIn_rsci)   24.532  125.967 1.08e+04  161.318   1.3
            InputDoubleBufferWriter_512_16_16_run_paramsIn_rsci_paramsIn_wait_dp_inst (InputDoubleBufferWriter_512_16_16_run_paramsIn_rsci_paramsIn_wait_dp)   23.892  125.519 9.62e+03  159.030   1.3
            InputDoubleBufferWriter_512_16_16_run_paramsIn_rsci_paramsIn_wait_ctrl_inst (InputDoubleBufferWriter_512_16_16_run_paramsIn_rsci_paramsIn_wait_ctrl) 5.44e-02 6.63e-02   78.171    0.199   0.0
            paramsIn_rsci (ccs_in_wait_v1_rscid1_width144_1)    0.170    0.331 1.11e+03    1.612   0.0
        dout_rsci (InputDoubleBufferWriter_512_16_16_sram_512_128_sram_512_128_rwport_3_128_12_512_128_gen)    0.922    0.507 1.78e+03    3.212   0.0
      mem_cns_comp_1 (sram_512_128_WRAPPER_DEPTH4096_WRAPPER_WIDTH128_WRAPPER_ADDR_BITS12_SRAM_DEPTH256_SRAM_WIDTH32_SRAM_ADDR_BITS8_num_inst_depth16_num_inst_width4_2)  139.750   25.893 5.41e+04  219.753   1.7
      mem_cns_comp (sram_512_128_WRAPPER_DEPTH4096_WRAPPER_WIDTH128_WRAPPER_ADDR_BITS12_SRAM_DEPTH256_SRAM_WIDTH32_SRAM_ADDR_BITS8_num_inst_depth16_num_inst_width4_3)  133.301   23.432 5.35e+04  210.275   1.7
      inputDoubleBufferWriterParams_cns_pipe (ccs_pipe_v5_rscid15_width144_sz_width1_fifo_sz2_log2_sz1_ph_clk1_ph_en0_ph_arst0_ph_srst0)    5.768   10.603 2.64e+04   42.771   0.3
        FIFO (ccs_fifo_wait_core_v5_rscid15_width144_sz_width1_fifo_sz2_ph_clk1_ph_en0_ph_arst0_ph_srst0_ph_log21)    5.364   10.553 2.64e+04   42.306   0.3
          FIFO_REG_GEN_REGS_0__BUFREG (ccs_genreg_v1_144_1_0_0_0_1_2)    2.383    2.606 1.02e+04   15.234   0.1
          FIFO_REG_GEN_REGS_0__STATREG (ccs_genreg_v1_1_1_0_0_0_1_2)    0.000    1.496  129.060    1.625   0.0
          FIFO_REG_GEN_REGS_1__BUFREG (ccs_genreg_v1_144_1_0_0_0_1_3)    2.416    2.964 1.02e+04   15.622   0.1
          FIFO_REG_GEN_REGS_1__STATREG (ccs_genreg_v1_1_1_0_0_0_1_3) 5.56e-03    1.470  129.739    1.605   0.0
          FIFO_REG_HS_INIT_REG (ccs_genreg_v1_1_1_1_0_0_0_2) 3.33e-02    1.036  105.365    1.175   0.0
  outputSerializer (Serializer_PackedInt_16UL_16UL_ODTYPE_16)  107.808  568.815 6.73e+04  743.927   5.9
    Serializer_PackedInt_16UL_16UL_ODTYPE_16_run_inst (Serializer_PackedInt_16UL_16UL_ODTYPE_16_run)  107.808  568.815 6.73e+04  743.927   5.9
      Serializer_PackedInt_16UL_16UL_ODTYPE_16_run_run_fsm_inst (Serializer_PackedInt_16UL_16UL_ODTYPE_16_run_run_fsm) 9.02e-02    1.001  106.386    1.198   0.0
      Serializer_PackedInt_16UL_16UL_ODTYPE_16_run_staller_inst (Serializer_PackedInt_16UL_16UL_ODTYPE_16_run_staller) 7.30e-02 5.35e-02   24.863    0.151   0.0
      Serializer_PackedInt_16UL_16UL_ODTYPE_16_run_serialOutChannel_rsci_inst (Serializer_PackedInt_16UL_16UL_ODTYPE_16_run_serialOutChannel_rsci)    0.306    1.341  454.614    2.102   0.0
        Serializer_PackedInt_16UL_16UL_ODTYPE_16_run_serialOutChannel_rsci_serialOutChannel_wait_dp_inst (Serializer_PackedInt_16UL_16UL_ODTYPE_16_run_serialOutChannel_rsci_serialOutChannel_wait_dp) 7.90e-02    1.174  141.934    1.395   0.0
        Serializer_PackedInt_16UL_16UL_ODTYPE_16_run_serialOutChannel_rsci_serialOutChannel_wait_ctrl_inst (Serializer_PackedInt_16UL_16UL_ODTYPE_16_run_serialOutChannel_rsci_serialOutChannel_wait_ctrl)    0.111 8.69e-02   85.017    0.283   0.0
        serialOutChannel_rsci (ccs_out_wait_v1_rscid6_width16)    0.116 8.02e-02  227.664    0.424   0.0
      Serializer_PackedInt_16UL_16UL_ODTYPE_16_run_inputChannel_rsci_inst (Serializer_PackedInt_16UL_16UL_ODTYPE_16_run_inputChannel_rsci)   68.180  371.866 3.13e+04  471.330   3.7
        Serializer_PackedInt_16UL_16UL_ODTYPE_16_run_inputChannel_rsci_inputChannel_wait_dp_inst (Serializer_PackedInt_16UL_16UL_ODTYPE_16_run_inputChannel_rsci_inputChannel_wait_dp)   68.102  371.781 2.79e+04  467.797   3.7
        Serializer_PackedInt_16UL_16UL_ODTYPE_16_run_inputChannel_rsci_inputChannel_wait_ctrl_inst (Serializer_PackedInt_16UL_16UL_ODTYPE_16_run_inputChannel_rsci_inputChannel_wait_ctrl) 6.77e-02 4.95e-02   78.063    0.195   0.0
        inputChannel_rsci (ccs_in_wait_v1_rscid5_width256) 1.05e-02 3.62e-02 3.29e+03    3.338   0.0
  paramsDeserializer_1 (ParamsDeserializer)   25.084  103.279 3.12e+04  159.602   1.3
    ParamsDeserializer_run_inst (ParamsDeserializer_run)   24.626  103.235 3.12e+04  159.090   1.3
      ParamsDeserializer_run_run_fsm_inst (ParamsDeserializer_run_run_fsm)    2.100    8.236  948.369   11.284   0.1
      ParamsDeserializer_run_staller_inst (ParamsDeserializer_run_staller)    0.189 6.46e-02   43.899    0.297   0.0
      ParamsDeserializer_run_outputChannel3_rsci_inst (ParamsDeserializer_run_outputChannel3_rsci)    0.472    2.003 1.84e+03    4.318   0.0
        ParamsDeserializer_run_outputChannel3_rsci_outputChannel3_wait_dp_inst (ParamsDeserializer_run_outputChannel3_rsci_outputChannel3_wait_dp) 1.02e-02    1.441  122.807    1.574   0.0
        ParamsDeserializer_run_outputChannel3_rsci_outputChannel3_wait_ctrl_inst (ParamsDeserializer_run_outputChannel3_rsci_outputChannel3_wait_ctrl) 2.55e-02 3.42e-02   80.192    0.140   0.0
        outputChannel3_rsci (ccs_out_wait_v1_rscid4_width144)    0.436    0.528 1.64e+03    2.604   0.0
      ParamsDeserializer_run_outputChannel2_rsci_inst (ParamsDeserializer_run_outputChannel2_rsci)    0.162    1.873 1.44e+03    3.473   0.0
        ParamsDeserializer_run_outputChannel2_rsci_outputChannel2_wait_dp_inst (ParamsDeserializer_run_outputChannel2_rsci_outputChannel2_wait_dp) 9.55e-03    1.441  122.821    1.573   0.0
        ParamsDeserializer_run_outputChannel2_rsci_outputChannel2_wait_ctrl_inst (ParamsDeserializer_run_outputChannel2_rsci_outputChannel2_wait_ctrl) 2.13e-02 3.39e-02   80.231    0.135   0.0
        outputChannel2_rsci (ccs_out_wait_v1_rscid3_width144)    0.131    0.398 1.24e+03    1.765   0.0
      ParamsDeserializer_run_outputChannel1_rsci_inst (ParamsDeserializer_run_outputChannel1_rsci)    0.494    2.076 1.97e+03    4.537   0.0
        ParamsDeserializer_run_outputChannel1_rsci_outputChannel1_wait_dp_inst (ParamsDeserializer_run_outputChannel1_rsci_outputChannel1_wait_dp) 1.03e-02    1.441  122.821    1.574   0.0
        ParamsDeserializer_run_outputChannel1_rsci_outputChannel1_wait_ctrl_inst (ParamsDeserializer_run_outputChannel1_rsci_outputChannel1_wait_ctrl) 1.98e-02 3.38e-02   80.225    0.134   0.0
        outputChannel1_rsci (ccs_out_wait_v1_rscid2_width144)    0.437    0.563 1.75e+03    2.752   0.0
      ParamsDeserializer_run_inputChannel_rsci_inst (ParamsDeserializer_run_inputChannel_rsci)    8.729   29.877 2.38e+03   40.988   0.3
        ParamsDeserializer_run_inputChannel_rsci_inputChannel_wait_dp_inst (ParamsDeserializer_run_inputChannel_rsci_inputChannel_wait_dp)    7.642   28.951 2.08e+03   38.678   0.3
        ParamsDeserializer_run_inputChannel_rsci_inputChannel_wait_ctrl_inst (ParamsDeserializer_run_inputChannel_rsci_inputChannel_wait_ctrl)    0.172    0.174   84.817    0.431   0.0
        inputChannel_rsci (ccs_in_wait_v1_rscid1_width16)    0.516    0.711  201.928    1.429   0.0
  weight_out_cns_pipe (ccs_pipe_v5_rscid172_width128_sz_width1_fifo_sz3_log2_sz2_ph_clk1_ph_en0_ph_arst0_ph_srst0)    8.753   10.625 5.78e+04   77.221   0.6
    FIFO (ccs_fifo_wait_core_v5_rscid172_width128_sz_width1_fifo_sz3_ph_clk1_ph_en0_ph_arst0_ph_srst0_ph_log22)    8.753   10.625 5.78e+04   77.221   0.6
      FIFO_REG_GEN_REGS_0__BUFREG (ccs_genreg_v1_128_1_0_0_0_1_0)    2.868    1.725 1.52e+04   19.773   0.2
      FIFO_REG_GEN_REGS_0__STATREG (ccs_genreg_v1_1_1_0_0_0_1_10)    0.000    1.496  129.100    1.625   0.0
      FIFO_REG_GEN_REGS_1__BUFREG (ccs_genreg_v1_128_1_0_0_0_1_1)    2.832    1.673 1.52e+04   19.697   0.2
      FIFO_REG_GEN_REGS_1__STATREG (ccs_genreg_v1_1_1_0_0_0_1_11)    0.000    1.496  129.100    1.625   0.0
      FIFO_REG_GEN_REGS_2__BUFREG (ccs_genreg_v1_128_1_0_0_0_1_2)    2.775    1.638 1.52e+04   19.594   0.2
      FIFO_REG_GEN_REGS_2__STATREG (ccs_genreg_v1_1_1_0_0_0_1_12)    0.000    1.496  129.100    1.625   0.0
      FIFO_REG_HS_INIT_REG (ccs_genreg_v1_1_1_1_0_0_0_5) 4.23e-02    1.039  105.365    1.187   0.0
  input_out_cns_pipe (ccs_pipe_v5_rscid171_width128_sz_width1_fifo_sz3_log2_sz2_ph_clk1_ph_en0_ph_arst0_ph_srst0)    9.410   10.806 5.79e+04   78.082   0.6
    FIFO (ccs_fifo_wait_core_v5_rscid171_width128_sz_width1_fifo_sz3_ph_clk1_ph_en0_ph_arst0_ph_srst0_ph_log22)    9.374   10.754 5.79e+04   77.982   0.6
      FIFO_REG_GEN_REGS_0__BUFREG (ccs_genreg_v1_128_1_0_0_0_1_3)    2.890    1.768 1.52e+04   19.849   0.2
      FIFO_REG_GEN_REGS_0__STATREG (ccs_genreg_v1_1_1_0_0_0_1_13)    0.000    1.496  129.100    1.625   0.0
      FIFO_REG_GEN_REGS_1__BUFREG (ccs_genreg_v1_128_1_0_0_0_1_4)    2.883    1.684 1.52e+04   19.758   0.2
      FIFO_REG_GEN_REGS_1__STATREG (ccs_genreg_v1_1_1_0_0_0_1_14)    0.000    1.496  129.100    1.625   0.0
      FIFO_REG_GEN_REGS_2__BUFREG (ccs_genreg_v1_128_1_0_0_0_1_5)    2.830    1.675 1.52e+04   19.696   0.2
      FIFO_REG_GEN_REGS_2__STATREG (ccs_genreg_v1_1_1_0_0_0_1_15)    0.000    1.496  129.100    1.625   0.0
      FIFO_REG_HS_INIT_REG (ccs_genreg_v1_1_1_1_0_0_0_6) 4.12e-02    1.040  105.365    1.186   0.0
  output_cns_pipe (ccs_pipe_v5_rscid173_width256_sz_width1_fifo_sz3_log2_sz2_ph_clk1_ph_en0_ph_arst0_ph_srst0)   19.229   12.485 1.15e+05  146.254   1.2
    FIFO (ccs_fifo_wait_core_v5_rscid173_width256_sz_width1_fifo_sz3_ph_clk1_ph_en0_ph_arst0_ph_srst0_ph_log22)   19.229   12.485 1.15e+05  146.254   1.2
      FIFO_REG_GEN_REGS_0__BUFREG (ccs_genreg_v1_256_1_0_0_0_1_0)    6.306    2.458 3.03e+04   39.078   0.3
      FIFO_REG_GEN_REGS_0__STATREG (ccs_genreg_v1_1_1_0_0_0_1_16)    0.000    1.496  129.100    1.625   0.0
      FIFO_REG_GEN_REGS_1__BUFREG (ccs_genreg_v1_256_1_0_0_0_1_1)    6.263    2.176 3.03e+04   38.732   0.3
      FIFO_REG_GEN_REGS_1__STATREG (ccs_genreg_v1_1_1_0_0_0_1_17)    0.000    1.496  129.100    1.625   0.0
      FIFO_REG_GEN_REGS_2__BUFREG (ccs_genreg_v1_256_1_0_0_0_1_2)    5.565    2.148 3.03e+04   37.994   0.3
      FIFO_REG_GEN_REGS_2__STATREG (ccs_genreg_v1_1_1_0_0_0_1_18)    0.000    1.496  129.100    1.625   0.0
      FIFO_REG_HS_INIT_REG (ccs_genreg_v1_1_1_1_0_0_0_7) 4.31e-02    1.035  105.365    1.183   0.0
  systolicArrayParams_cns_pipe (ccs_pipe_v5_rscid174_width144_sz_width1_fifo_sz3_log2_sz2_ph_clk1_ph_en0_ph_arst0_ph_srst0)   11.980   19.397 5.81e+04   89.437   0.7
    FIFO (ccs_fifo_wait_core_v5_rscid174_width144_sz_width1_fifo_sz3_ph_clk1_ph_en0_ph_arst0_ph_srst0_ph_log22)   11.980   19.397 5.81e+04   89.437   0.7
      FIFO_REG_GEN_REGS_0__BUFREG (ccs_genreg_v1_144_1_0_0_0_1_7)    3.624    3.647 1.52e+04   22.489   0.2
      FIFO_REG_GEN_REGS_0__STATREG (ccs_genreg_v1_1_1_0_0_0_1_19) 3.19e-04    1.491  129.160    1.621   0.0
      FIFO_REG_GEN_REGS_1__BUFREG (ccs_genreg_v1_144_1_0_0_0_1_8)    3.078    3.648 1.52e+04   21.942   0.2
      FIFO_REG_GEN_REGS_1__STATREG (ccs_genreg_v1_1_1_0_0_0_1_20) 1.29e-03    1.485  129.318    1.615   0.0
      FIFO_REG_GEN_REGS_2__BUFREG (ccs_genreg_v1_144_1_0_0_0_1_9)    3.231    4.198 1.52e+04   22.654   0.2
      FIFO_REG_GEN_REGS_2__STATREG (ccs_genreg_v1_1_1_0_0_0_1_21) 7.21e-03    1.468  129.788    1.605   0.0
      FIFO_REG_HS_INIT_REG (ccs_genreg_v1_1_1_1_0_0_0_8) 4.34e-02    1.037  105.365    1.186   0.0
  weightDoubleBufferParams_cns_pipe (ccs_pipe_v5_rscid170_width144_sz_width1_fifo_sz3_log2_sz2_ph_clk1_ph_en0_ph_arst0_ph_srst0)    9.569   16.350 4.41e+04   69.997   0.6
    FIFO (ccs_fifo_wait_core_v5_rscid170_width144_sz_width1_fifo_sz3_ph_clk1_ph_en0_ph_arst0_ph_srst0_ph_log22)    8.718   16.227 4.38e+04   68.760   0.5
      FIFO_REG_GEN_REGS_0__BUFREG (ccs_genreg_v1_144_1_0_0_0_1_10)    2.999    2.984 1.14e+04   17.416   0.1
      FIFO_REG_GEN_REGS_0__STATREG (ccs_genreg_v1_1_1_0_0_0_1_22)    0.000    1.496  129.053    1.625   0.0
      FIFO_REG_GEN_REGS_1__BUFREG (ccs_genreg_v1_144_1_0_0_0_1_11)    2.398    2.915 1.14e+04   16.747   0.1
      FIFO_REG_GEN_REGS_1__STATREG (ccs_genreg_v1_1_1_0_0_0_1_23) 1.69e-04    1.495  129.073    1.624   0.0
      FIFO_REG_GEN_REGS_2__BUFREG (ccs_genreg_v1_144_1_0_0_0_1_12)    2.289    3.001 1.14e+04   16.735   0.1
      FIFO_REG_GEN_REGS_2__STATREG (ccs_genreg_v1_1_1_0_0_0_1_24) 5.52e-04    1.491  129.159    1.621   0.0
      FIFO_REG_HS_INIT_REG (ccs_genreg_v1_1_1_1_0_0_0_9) 4.22e-02    1.039  105.365    1.187   0.0
  inputDoubleBufferParams_cns_pipe (ccs_pipe_v5_rscid169_width144_sz_width1_fifo_sz3_log2_sz2_ph_clk1_ph_en0_ph_arst0_ph_srst0)   12.572   19.277 6.20e+04   93.863   0.7
    FIFO (ccs_fifo_wait_core_v5_rscid169_width144_sz_width1_fifo_sz3_ph_clk1_ph_en0_ph_arst0_ph_srst0_ph_log22)   12.572   19.277 6.20e+04   93.863   0.7
      FIFO_REG_GEN_REGS_0__BUFREG (ccs_genreg_v1_144_1_0_0_0_1_13)    3.862    3.727 1.63e+04   23.865   0.2
      FIFO_REG_GEN_REGS_0__STATREG (ccs_genreg_v1_1_1_0_0_0_1_25) 1.00e-04    1.495  129.073    1.624   0.0
      FIFO_REG_GEN_REGS_1__BUFREG (ccs_genreg_v1_144_1_0_0_0_1_14)    3.509    3.675 1.63e+04   23.459   0.2
      FIFO_REG_GEN_REGS_1__STATREG (ccs_genreg_v1_1_1_0_0_0_1_26) 5.18e-04    1.491  129.159    1.621   0.0
      FIFO_REG_GEN_REGS_2__BUFREG (ccs_genreg_v1_144_1_0_0_0_1_15)    3.297    3.789 1.63e+04   23.361   0.2
      FIFO_REG_GEN_REGS_2__STATREG (ccs_genreg_v1_1_1_0_0_0_1_27) 2.03e-03    1.485  129.318    1.616   0.0
      FIFO_REG_HS_INIT_REG (ccs_genreg_v1_1_1_1_0_0_0_10) 4.08e-02    1.036  105.365    1.182   0.0
1
