Warning: Design 'Conv' has '5' unresolved references. For more detailed information, use the "link" command. (UID-341)
 
****************************************
Report : constraint
        -verbose
Design : Conv
Version: L-2016.03-SP5-5
Date   : Sun Feb 23 21:11:22 2020
****************************************


  Startpoint: input_serial_rsc_vld
              (input port clocked by ideal_clock)
  Endpoint: inputDoubleBuffer/InputDoubleBuffer_512_16_16_struct_inst/mem_cns_comp_1/output_mem_select_reg_2_
            (rising edge-triggered flip-flop clocked by ideal_clock)
  Path Group: REGIN
  Path Type: max

  Point                                                   Incr       Path
  --------------------------------------------------------------------------
  clock ideal_clock (rise edge)                           0.00       0.00
  clock network delay (ideal)                             0.00       0.00
  input external delay                                    2.50       2.50 r
  input_serial_rsc_vld (in)                               0.00       2.50 r
  inputDoubleBuffer/InputDoubleBuffer_512_16_16_struct_inst/inputDoubleBufferWriter/InputDoubleBufferWriter_512_16_16_run_inst/InputDoubleBufferWriter_512_16_16_run_din_rsci_inst/din_rsci/U2/Z (CLKBUF_X1)     0.03 *     2.53 r
  inputDoubleBuffer/InputDoubleBuffer_512_16_16_struct_inst/inputDoubleBufferWriter/InputDoubleBufferWriter_512_16_16_run_inst/InputDoubleBufferWriter_512_16_16_run_din_rsci_inst/InputDoubleBufferWriter_512_16_16_run_din_rsci_din_wait_ctrl_inst/U3/ZN (AND2_X1)     0.04 *     2.57 r
  inputDoubleBuffer/InputDoubleBuffer_512_16_16_struct_inst/inputDoubleBufferWriter/InputDoubleBufferWriter_512_16_16_run_inst/InputDoubleBufferWriter_512_16_16_run_din_rsci_inst/InputDoubleBufferWriter_512_16_16_run_din_rsci_din_wait_dp_inst/U3/ZN (NOR2_X1)     0.02 *     2.59 f
  inputDoubleBuffer/InputDoubleBuffer_512_16_16_struct_inst/inputDoubleBufferWriter/InputDoubleBufferWriter_512_16_16_run_inst/InputDoubleBufferWriter_512_16_16_run_din_rsci_inst/InputDoubleBufferWriter_512_16_16_run_din_rsci_din_wait_dp_inst/U4/ZN (NAND2_X1)     0.03 *     2.62 r
  inputDoubleBuffer/InputDoubleBuffer_512_16_16_struct_inst/inputDoubleBufferWriter/InputDoubleBufferWriter_512_16_16_run_inst/InputDoubleBufferWriter_512_16_16_run_staller_inst/U3/ZN (NAND3_X1)     0.03 *     2.65 f
  inputDoubleBuffer/InputDoubleBuffer_512_16_16_struct_inst/inputDoubleBufferWriter/InputDoubleBufferWriter_512_16_16_run_inst/InputDoubleBufferWriter_512_16_16_run_staller_inst/U4/ZN (INV_X1)     0.10 *     2.74 r
  inputDoubleBuffer/InputDoubleBuffer_512_16_16_struct_inst/inputDoubleBufferWriter/InputDoubleBufferWriter_512_16_16_run_inst/U99/ZN (INV_X1)     0.12 *     2.86 f
  inputDoubleBuffer/InputDoubleBuffer_512_16_16_struct_inst/inputDoubleBufferWriter/InputDoubleBufferWriter_512_16_16_run_inst/InputDoubleBufferWriter_512_16_16_run_dout_rsci_1_inst/InputDoubleBufferWriter_512_16_16_run_dout_rsci_1_dout_rsc_wait_ctrl_inst/U2/ZN (NOR2_X1)     0.05 *     2.91 r
  inputDoubleBuffer/InputDoubleBuffer_512_16_16_struct_inst/inputDoubleBufferWriter/InputDoubleBufferWriter_512_16_16_run_inst/InputDoubleBufferWriter_512_16_16_run_dout_rsci_1_inst/U1/ZN (INV_X1)     0.01 *     2.92 f
  inputDoubleBuffer/InputDoubleBuffer_512_16_16_struct_inst/inputDoubleBufferWriter/U3/ZN (INV_X1)     0.02 *     2.94 r
  inputDoubleBuffer/InputDoubleBuffer_512_16_16_struct_inst/inputDoubleBufferWriter/dout_rsci/U142/ZN (INV_X1)     0.01 *     2.95 f
  inputDoubleBuffer/InputDoubleBuffer_512_16_16_struct_inst/InputDoubleBDjtfoem_cns_bctl_inst/U315/ZN (NOR3_X1)     0.04 *     3.00 r
  inputDoubleBuffer/InputDoubleBuffer_512_16_16_struct_inst/InputDoubleBDjtfoem_cns_bctl_inst/U316/ZN (AOI22_X1)     0.04 *     3.03 f
  inputDoubleBuffer/InputDoubleBuffer_512_16_16_struct_inst/mem_cns_comp_1/U1711/ZN (NOR2_X1)     0.07 *     3.11 r
  inputDoubleBuffer/InputDoubleBuffer_512_16_16_struct_inst/mem_cns_comp_1/U1712/ZN (INV_X1)     0.02 *     3.13 f
  inputDoubleBuffer/InputDoubleBuffer_512_16_16_struct_inst/mem_cns_comp_1/U1714/ZN (AOI22_X1)     0.05 *     3.18 r
  inputDoubleBuffer/InputDoubleBuffer_512_16_16_struct_inst/mem_cns_comp_1/output_mem_select_reg_2_/D (DFF_X1)     0.00 *     3.18 r
  data arrival time                                                  3.18

  clock ideal_clock (rise edge)                           5.00       5.00
  clock network delay (ideal)                             0.00       5.00
  inputDoubleBuffer/InputDoubleBuffer_512_16_16_struct_inst/mem_cns_comp_1/output_mem_select_reg_2_/CK (DFF_X1)     0.00     5.00 r
  library setup time                                     -0.04       4.96
  data required time                                                 4.96
  --------------------------------------------------------------------------
  data required time                                                 4.96
  data arrival time                                                 -3.18
  --------------------------------------------------------------------------
  slack (MET)                                                        1.79


  Startpoint: weightDoubleBuffer/WeightDoubleBuffer_384_16_16_struct_inst/weightDoubleBufferWriter/WeightDoubleBufferWriter_384_16_16_run_inst/WeightDoubleBufferWriter_384_16_16_run_din_rsci_inst/WeightDoubleBufferWriter_384_16_16_run_din_rsci_din_wait_dp_inst/din_rsci_bcwt_reg
              (rising edge-triggered flip-flop clocked by ideal_clock)
  Endpoint: weight_serial_rsc_rdy
            (output port clocked by ideal_clock)
  Path Group: REGOUT
  Path Type: max

  Point                                                   Incr       Path
  --------------------------------------------------------------------------
  clock ideal_clock (rise edge)                           0.00       0.00
  clock network delay (ideal)                             0.00       0.00
  weightDoubleBuffer/WeightDoubleBuffer_384_16_16_struct_inst/weightDoubleBufferWriter/WeightDoubleBufferWriter_384_16_16_run_inst/WeightDoubleBufferWriter_384_16_16_run_din_rsci_inst/WeightDoubleBufferWriter_384_16_16_run_din_rsci_din_wait_dp_inst/din_rsci_bcwt_reg/CK (DFFR_X1)     0.00     0.00 r
  weightDoubleBuffer/WeightDoubleBuffer_384_16_16_struct_inst/weightDoubleBufferWriter/WeightDoubleBufferWriter_384_16_16_run_inst/WeightDoubleBufferWriter_384_16_16_run_din_rsci_inst/WeightDoubleBufferWriter_384_16_16_run_din_rsci_din_wait_dp_inst/din_rsci_bcwt_reg/Q (DFFR_X1)     0.15     0.15 f
  weightDoubleBuffer/WeightDoubleBuffer_384_16_16_struct_inst/weightDoubleBufferWriter/WeightDoubleBufferWriter_384_16_16_run_inst/WeightDoubleBufferWriter_384_16_16_run_din_rsci_inst/WeightDoubleBufferWriter_384_16_16_run_din_rsci_din_wait_ctrl_inst/U2/ZN (NOR2_X1)     0.13 *     0.28 r
  weightDoubleBuffer/WeightDoubleBuffer_384_16_16_struct_inst/weightDoubleBufferWriter/WeightDoubleBufferWriter_384_16_16_run_inst/WeightDoubleBufferWriter_384_16_16_run_din_rsci_inst/din_rsci/U1/Z (CLKBUF_X1)     0.06 *     0.34 r
  weightDoubleBuffer/WeightDoubleBuffer_384_16_16_struct_inst/WeightDoublefeSAqem_cns_bctl_inst/U153/Z (CLKBUF_X1)     0.04 *     0.38 r
  weight_serial_rsc_rdy (out)                             0.00 *     0.38 r
  data arrival time                                                  0.38

  clock ideal_clock (rise edge)                           5.00       5.00
  clock network delay (ideal)                             0.00       5.00
  output external delay                                   0.00       5.00
  data required time                                                 5.00
  --------------------------------------------------------------------------
  data required time                                                 5.00
  data arrival time                                                 -0.38
  --------------------------------------------------------------------------
  slack (MET)                                                        4.62


  Startpoint: weightDoubleBuffer/WeightDoubleBuffer_384_16_16_struct_inst/weightDoubleBufferReader/WeightDoubleBufferReader_384_16_16_run_inst/reg_paramsIn_crt_sva_127_0_ftd_reg_5_
              (rising edge-triggered flip-flop clocked by ideal_clock)
  Endpoint: weightDoubleBuffer/WeightDoubleBuffer_384_16_16_struct_inst/weightDoubleBufferReader/WeightDoubleBufferReader_384_16_16_run_inst/WeightDoubleBufferReader_384_16_16_run_run_fsm_inst/state_var_reg_2_
            (rising edge-triggered flip-flop clocked by ideal_clock)
  Path Group: ideal_clock
  Path Type: max

  Point                                                   Incr       Path
  --------------------------------------------------------------------------
  clock ideal_clock (rise edge)                           0.00       0.00
  clock network delay (ideal)                             0.00       0.00
  weightDoubleBuffer/WeightDoubleBuffer_384_16_16_struct_inst/weightDoubleBufferReader/WeightDoubleBufferReader_384_16_16_run_inst/reg_paramsIn_crt_sva_127_0_ftd_reg_5_/CK (DFFR_X1)     0.00     0.00 r
  weightDoubleBuffer/WeightDoubleBuffer_384_16_16_struct_inst/weightDoubleBufferReader/WeightDoubleBufferReader_384_16_16_run_inst/reg_paramsIn_crt_sva_127_0_ftd_reg_5_/Q (DFFR_X1)     0.15     0.15 r
  weightDoubleBuffer/WeightDoubleBuffer_384_16_16_struct_inst/weightDoubleBufferReader/WeightDoubleBufferReader_384_16_16_run_inst/mult_x_5/U1493/Z (BUF_X2)     0.05 *     0.19 r
  weightDoubleBuffer/WeightDoubleBuffer_384_16_16_struct_inst/weightDoubleBufferReader/WeightDoubleBufferReader_384_16_16_run_inst/mult_x_5/U1495/ZN (INV_X1)     0.03 *     0.22 f
  weightDoubleBuffer/WeightDoubleBuffer_384_16_16_struct_inst/weightDoubleBufferReader/WeightDoubleBufferReader_384_16_16_run_inst/mult_x_5/U2193/Z (XOR2_X1)     0.06 *     0.28 f
  weightDoubleBuffer/WeightDoubleBuffer_384_16_16_struct_inst/weightDoubleBufferReader/WeightDoubleBufferReader_384_16_16_run_inst/mult_x_5/U2195/ZN (NOR2_X1)     0.07 *     0.35 r
  weightDoubleBuffer/WeightDoubleBuffer_384_16_16_struct_inst/weightDoubleBufferReader/WeightDoubleBufferReader_384_16_16_run_inst/mult_x_5/U1779/Z (CLKBUF_X1)     0.08 *     0.43 r
  weightDoubleBuffer/WeightDoubleBuffer_384_16_16_struct_inst/weightDoubleBufferReader/WeightDoubleBufferReader_384_16_16_run_inst/mult_x_5/U2695/ZN (AOI22_X1)     0.03 *     0.46 f
  weightDoubleBuffer/WeightDoubleBuffer_384_16_16_struct_inst/weightDoubleBufferReader/WeightDoubleBufferReader_384_16_16_run_inst/mult_x_5/U2696/ZN (NAND2_X1)     0.02 *     0.48 r
  weightDoubleBuffer/WeightDoubleBuffer_384_16_16_struct_inst/weightDoubleBufferReader/WeightDoubleBufferReader_384_16_16_run_inst/mult_x_5/U2697/Z (XOR2_X1)     0.06 *     0.54 r
  weightDoubleBuffer/WeightDoubleBuffer_384_16_16_struct_inst/weightDoubleBufferReader/WeightDoubleBufferReader_384_16_16_run_inst/mult_x_5/U2950/CO (HA_X1)     0.04 *     0.58 r
  weightDoubleBuffer/WeightDoubleBuffer_384_16_16_struct_inst/weightDoubleBufferReader/WeightDoubleBufferReader_384_16_16_run_inst/mult_x_5/U2945/S (FA_X1)     0.09 *     0.68 f
  weightDoubleBuffer/WeightDoubleBuffer_384_16_16_struct_inst/weightDoubleBufferReader/WeightDoubleBufferReader_384_16_16_run_inst/mult_x_5/U2980/CO (FA_X1)     0.08 *     0.76 f
  weightDoubleBuffer/WeightDoubleBuffer_384_16_16_struct_inst/weightDoubleBufferReader/WeightDoubleBufferReader_384_16_16_run_inst/mult_x_5/U2981/CO (FA_X1)     0.07 *     0.83 f
  weightDoubleBuffer/WeightDoubleBuffer_384_16_16_struct_inst/weightDoubleBufferReader/WeightDoubleBufferReader_384_16_16_run_inst/mult_x_5/U2982/CO (FA_X1)     0.07 *     0.90 f
  weightDoubleBuffer/WeightDoubleBuffer_384_16_16_struct_inst/weightDoubleBufferReader/WeightDoubleBufferReader_384_16_16_run_inst/mult_x_5/U2983/CO (FA_X1)     0.07 *     0.97 f
  weightDoubleBuffer/WeightDoubleBuffer_384_16_16_struct_inst/weightDoubleBufferReader/WeightDoubleBufferReader_384_16_16_run_inst/mult_x_5/U2984/CO (FA_X1)     0.07 *     1.05 f
  weightDoubleBuffer/WeightDoubleBuffer_384_16_16_struct_inst/weightDoubleBufferReader/WeightDoubleBufferReader_384_16_16_run_inst/mult_x_5/U2985/CO (FA_X1)     0.07 *     1.12 f
  weightDoubleBuffer/WeightDoubleBuffer_384_16_16_struct_inst/weightDoubleBufferReader/WeightDoubleBufferReader_384_16_16_run_inst/mult_x_5/U2986/CO (FA_X1)     0.07 *     1.19 f
  weightDoubleBuffer/WeightDoubleBuffer_384_16_16_struct_inst/weightDoubleBufferReader/WeightDoubleBufferReader_384_16_16_run_inst/mult_x_5/U2987/CO (FA_X1)     0.07 *     1.26 f
  weightDoubleBuffer/WeightDoubleBuffer_384_16_16_struct_inst/weightDoubleBufferReader/WeightDoubleBufferReader_384_16_16_run_inst/mult_x_5/U2988/CO (FA_X1)     0.07 *     1.33 f
  weightDoubleBuffer/WeightDoubleBuffer_384_16_16_struct_inst/weightDoubleBufferReader/WeightDoubleBufferReader_384_16_16_run_inst/mult_x_5/U2989/CO (FA_X1)     0.07 *     1.41 f
  weightDoubleBuffer/WeightDoubleBuffer_384_16_16_struct_inst/weightDoubleBufferReader/WeightDoubleBufferReader_384_16_16_run_inst/mult_x_5/U2990/CO (FA_X1)     0.07 *     1.48 f
  weightDoubleBuffer/WeightDoubleBuffer_384_16_16_struct_inst/weightDoubleBufferReader/WeightDoubleBufferReader_384_16_16_run_inst/mult_x_5/U2991/CO (FA_X1)     0.07 *     1.55 f
  weightDoubleBuffer/WeightDoubleBuffer_384_16_16_struct_inst/weightDoubleBufferReader/WeightDoubleBufferReader_384_16_16_run_inst/mult_x_5/U2992/CO (FA_X1)     0.07 *     1.62 f
  weightDoubleBuffer/WeightDoubleBuffer_384_16_16_struct_inst/weightDoubleBufferReader/WeightDoubleBufferReader_384_16_16_run_inst/mult_x_5/U2993/CO (FA_X1)     0.07 *     1.69 f
  weightDoubleBuffer/WeightDoubleBuffer_384_16_16_struct_inst/weightDoubleBufferReader/WeightDoubleBufferReader_384_16_16_run_inst/mult_x_5/U2994/CO (FA_X1)     0.07 *     1.77 f
  weightDoubleBuffer/WeightDoubleBuffer_384_16_16_struct_inst/weightDoubleBufferReader/WeightDoubleBufferReader_384_16_16_run_inst/mult_x_5/U2995/CO (FA_X1)     0.07 *     1.84 f
  weightDoubleBuffer/WeightDoubleBuffer_384_16_16_struct_inst/weightDoubleBufferReader/WeightDoubleBufferReader_384_16_16_run_inst/mult_x_5/U2996/CO (FA_X1)     0.07 *     1.91 f
  weightDoubleBuffer/WeightDoubleBuffer_384_16_16_struct_inst/weightDoubleBufferReader/WeightDoubleBufferReader_384_16_16_run_inst/mult_x_5/U2997/CO (FA_X1)     0.07 *     1.98 f
  weightDoubleBuffer/WeightDoubleBuffer_384_16_16_struct_inst/weightDoubleBufferReader/WeightDoubleBufferReader_384_16_16_run_inst/mult_x_5/U2998/CO (FA_X1)     0.07 *     2.05 f
  weightDoubleBuffer/WeightDoubleBuffer_384_16_16_struct_inst/weightDoubleBufferReader/WeightDoubleBufferReader_384_16_16_run_inst/mult_x_5/U2999/CO (FA_X1)     0.07 *     2.13 f
  weightDoubleBuffer/WeightDoubleBuffer_384_16_16_struct_inst/weightDoubleBufferReader/WeightDoubleBufferReader_384_16_16_run_inst/mult_x_5/U3000/CO (FA_X1)     0.07 *     2.20 f
  weightDoubleBuffer/WeightDoubleBuffer_384_16_16_struct_inst/weightDoubleBufferReader/WeightDoubleBufferReader_384_16_16_run_inst/mult_x_5/U3001/CO (FA_X1)     0.07 *     2.27 f
  weightDoubleBuffer/WeightDoubleBuffer_384_16_16_struct_inst/weightDoubleBufferReader/WeightDoubleBufferReader_384_16_16_run_inst/mult_x_5/U3002/CO (FA_X1)     0.07 *     2.34 f
  weightDoubleBuffer/WeightDoubleBuffer_384_16_16_struct_inst/weightDoubleBufferReader/WeightDoubleBufferReader_384_16_16_run_inst/mult_x_5/U3003/CO (FA_X1)     0.07 *     2.41 f
  weightDoubleBuffer/WeightDoubleBuffer_384_16_16_struct_inst/weightDoubleBufferReader/WeightDoubleBufferReader_384_16_16_run_inst/mult_x_5/U3004/CO (FA_X1)     0.07 *     2.49 f
  weightDoubleBuffer/WeightDoubleBuffer_384_16_16_struct_inst/weightDoubleBufferReader/WeightDoubleBufferReader_384_16_16_run_inst/mult_x_5/U3005/CO (FA_X1)     0.07 *     2.56 f
  weightDoubleBuffer/WeightDoubleBuffer_384_16_16_struct_inst/weightDoubleBufferReader/WeightDoubleBufferReader_384_16_16_run_inst/mult_x_5/U3006/CO (FA_X1)     0.07 *     2.63 f
  weightDoubleBuffer/WeightDoubleBuffer_384_16_16_struct_inst/weightDoubleBufferReader/WeightDoubleBufferReader_384_16_16_run_inst/mult_x_5/U3007/CO (FA_X1)     0.07 *     2.70 f
  weightDoubleBuffer/WeightDoubleBuffer_384_16_16_struct_inst/weightDoubleBufferReader/WeightDoubleBufferReader_384_16_16_run_inst/mult_x_5/U3008/CO (FA_X1)     0.07 *     2.78 f
  weightDoubleBuffer/WeightDoubleBuffer_384_16_16_struct_inst/weightDoubleBufferReader/WeightDoubleBufferReader_384_16_16_run_inst/mult_x_5/U3009/CO (FA_X1)     0.07 *     2.85 f
  weightDoubleBuffer/WeightDoubleBuffer_384_16_16_struct_inst/weightDoubleBufferReader/WeightDoubleBufferReader_384_16_16_run_inst/mult_x_5/U3010/CO (FA_X1)     0.07 *     2.92 f
  weightDoubleBuffer/WeightDoubleBuffer_384_16_16_struct_inst/weightDoubleBufferReader/WeightDoubleBufferReader_384_16_16_run_inst/mult_x_5/U3011/CO (FA_X1)     0.07 *     2.99 f
  weightDoubleBuffer/WeightDoubleBuffer_384_16_16_struct_inst/weightDoubleBufferReader/WeightDoubleBufferReader_384_16_16_run_inst/mult_x_5/U3012/CO (FA_X1)     0.07 *     3.06 f
  weightDoubleBuffer/WeightDoubleBuffer_384_16_16_struct_inst/weightDoubleBufferReader/WeightDoubleBufferReader_384_16_16_run_inst/mult_x_5/U3013/CO (FA_X1)     0.07 *     3.13 f
  weightDoubleBuffer/WeightDoubleBuffer_384_16_16_struct_inst/weightDoubleBufferReader/WeightDoubleBufferReader_384_16_16_run_inst/mult_x_5/U3014/CO (FA_X1)     0.07 *     3.21 f
  weightDoubleBuffer/WeightDoubleBuffer_384_16_16_struct_inst/weightDoubleBufferReader/WeightDoubleBufferReader_384_16_16_run_inst/mult_x_5/U3015/CO (FA_X1)     0.07 *     3.28 f
  weightDoubleBuffer/WeightDoubleBuffer_384_16_16_struct_inst/weightDoubleBufferReader/WeightDoubleBufferReader_384_16_16_run_inst/mult_x_5/U3016/CO (FA_X1)     0.07 *     3.35 f
  weightDoubleBuffer/WeightDoubleBuffer_384_16_16_struct_inst/weightDoubleBufferReader/WeightDoubleBufferReader_384_16_16_run_inst/mult_x_5/U3017/CO (FA_X1)     0.07 *     3.42 f
  weightDoubleBuffer/WeightDoubleBuffer_384_16_16_struct_inst/weightDoubleBufferReader/WeightDoubleBufferReader_384_16_16_run_inst/mult_x_5/U3018/CO (FA_X1)     0.07 *     3.49 f
  weightDoubleBuffer/WeightDoubleBuffer_384_16_16_struct_inst/weightDoubleBufferReader/WeightDoubleBufferReader_384_16_16_run_inst/mult_x_5/U3019/CO (FA_X1)     0.07 *     3.56 f
  weightDoubleBuffer/WeightDoubleBuffer_384_16_16_struct_inst/weightDoubleBufferReader/WeightDoubleBufferReader_384_16_16_run_inst/mult_x_5/U3020/CO (FA_X1)     0.07 *     3.64 f
  weightDoubleBuffer/WeightDoubleBuffer_384_16_16_struct_inst/weightDoubleBufferReader/WeightDoubleBufferReader_384_16_16_run_inst/mult_x_5/U3021/CO (FA_X1)     0.07 *     3.71 f
  weightDoubleBuffer/WeightDoubleBuffer_384_16_16_struct_inst/weightDoubleBufferReader/WeightDoubleBufferReader_384_16_16_run_inst/mult_x_5/U3022/CO (FA_X1)     0.07 *     3.78 f
  weightDoubleBuffer/WeightDoubleBuffer_384_16_16_struct_inst/weightDoubleBufferReader/WeightDoubleBufferReader_384_16_16_run_inst/mult_x_5/U3023/CO (FA_X1)     0.07 *     3.85 f
  weightDoubleBuffer/WeightDoubleBuffer_384_16_16_struct_inst/weightDoubleBufferReader/WeightDoubleBufferReader_384_16_16_run_inst/mult_x_5/U3024/CO (FA_X1)     0.07 *     3.92 f
  weightDoubleBuffer/WeightDoubleBuffer_384_16_16_struct_inst/weightDoubleBufferReader/WeightDoubleBufferReader_384_16_16_run_inst/mult_x_5/U3025/CO (FA_X1)     0.07 *     3.99 f
  weightDoubleBuffer/WeightDoubleBuffer_384_16_16_struct_inst/weightDoubleBufferReader/WeightDoubleBufferReader_384_16_16_run_inst/mult_x_5/U3026/CO (FA_X1)     0.07 *     4.07 f
  weightDoubleBuffer/WeightDoubleBuffer_384_16_16_struct_inst/weightDoubleBufferReader/WeightDoubleBufferReader_384_16_16_run_inst/mult_x_5/U3027/CO (FA_X1)     0.07 *     4.14 f
  weightDoubleBuffer/WeightDoubleBuffer_384_16_16_struct_inst/weightDoubleBufferReader/WeightDoubleBufferReader_384_16_16_run_inst/mult_x_5/U3028/CO (FA_X1)     0.07 *     4.21 f
  weightDoubleBuffer/WeightDoubleBuffer_384_16_16_struct_inst/weightDoubleBufferReader/WeightDoubleBufferReader_384_16_16_run_inst/mult_x_5/U3029/CO (FA_X1)     0.07 *     4.28 f
  weightDoubleBuffer/WeightDoubleBuffer_384_16_16_struct_inst/weightDoubleBufferReader/WeightDoubleBufferReader_384_16_16_run_inst/mult_x_5/U3030/CO (FA_X1)     0.07 *     4.35 f
  weightDoubleBuffer/WeightDoubleBuffer_384_16_16_struct_inst/weightDoubleBufferReader/WeightDoubleBufferReader_384_16_16_run_inst/mult_x_5/U3031/CO (FA_X1)     0.07 *     4.42 f
  weightDoubleBuffer/WeightDoubleBuffer_384_16_16_struct_inst/weightDoubleBufferReader/WeightDoubleBufferReader_384_16_16_run_inst/mult_x_5/U3032/CO (FA_X1)     0.07 *     4.50 f
  weightDoubleBuffer/WeightDoubleBuffer_384_16_16_struct_inst/weightDoubleBufferReader/WeightDoubleBufferReader_384_16_16_run_inst/mult_x_5/U3033/CO (FA_X1)     0.07 *     4.57 f
  weightDoubleBuffer/WeightDoubleBuffer_384_16_16_struct_inst/weightDoubleBufferReader/WeightDoubleBufferReader_384_16_16_run_inst/mult_x_5/U3034/CO (FA_X1)     0.07 *     4.64 f
  weightDoubleBuffer/WeightDoubleBuffer_384_16_16_struct_inst/weightDoubleBufferReader/WeightDoubleBufferReader_384_16_16_run_inst/mult_x_5/U3035/CO (FA_X1)     0.07 *     4.71 f
  weightDoubleBuffer/WeightDoubleBuffer_384_16_16_struct_inst/weightDoubleBufferReader/WeightDoubleBufferReader_384_16_16_run_inst/mult_x_5/U3036/CO (FA_X1)     0.07 *     4.78 f
  weightDoubleBuffer/WeightDoubleBuffer_384_16_16_struct_inst/weightDoubleBufferReader/WeightDoubleBufferReader_384_16_16_run_inst/mult_x_5/U2973/ZN (XNOR2_X1)     0.04 *     4.82 f
  weightDoubleBuffer/WeightDoubleBuffer_384_16_16_struct_inst/weightDoubleBufferReader/WeightDoubleBufferReader_384_16_16_run_inst/U3/ZN (INV_X1)     0.02 *     4.84 r
  weightDoubleBuffer/WeightDoubleBuffer_384_16_16_struct_inst/weightDoubleBufferReader/WeightDoubleBufferReader_384_16_16_run_inst/add_x_3/U133/ZN (NAND3_X2)     0.03 *     4.87 f
  weightDoubleBuffer/WeightDoubleBuffer_384_16_16_struct_inst/weightDoubleBufferReader/WeightDoubleBufferReader_384_16_16_run_inst/U5/ZN (AOI22_X4)     0.05 *     4.92 r
  weightDoubleBuffer/WeightDoubleBuffer_384_16_16_struct_inst/weightDoubleBufferReader/WeightDoubleBufferReader_384_16_16_run_inst/WeightDoubleBufferReader_384_16_16_run_run_fsm_inst/U8/ZN (OAI21_X1)     0.02 *     4.93 f
  weightDoubleBuffer/WeightDoubleBuffer_384_16_16_struct_inst/weightDoubleBufferReader/WeightDoubleBufferReader_384_16_16_run_inst/WeightDoubleBufferReader_384_16_16_run_run_fsm_inst/U9/ZN (INV_X1)     0.01 *     4.95 r
  weightDoubleBuffer/WeightDoubleBuffer_384_16_16_struct_inst/weightDoubleBufferReader/WeightDoubleBufferReader_384_16_16_run_inst/WeightDoubleBufferReader_384_16_16_run_run_fsm_inst/U13/ZN (NAND2_X1)     0.01 *     4.96 f
  weightDoubleBuffer/WeightDoubleBuffer_384_16_16_struct_inst/weightDoubleBufferReader/WeightDoubleBufferReader_384_16_16_run_inst/WeightDoubleBufferReader_384_16_16_run_run_fsm_inst/state_var_reg_2_/D (DFFR_X1)     0.00 *     4.96 f
  data arrival time                                                  4.96

  clock ideal_clock (rise edge)                           5.00       5.00
  clock network delay (ideal)                             0.00       5.00
  weightDoubleBuffer/WeightDoubleBuffer_384_16_16_struct_inst/weightDoubleBufferReader/WeightDoubleBufferReader_384_16_16_run_inst/WeightDoubleBufferReader_384_16_16_run_run_fsm_inst/state_var_reg_2_/CK (DFFR_X1)     0.00     5.00 r
  library setup time                                     -0.04       4.96
  data required time                                                 4.96
  --------------------------------------------------------------------------
  data required time                                                 4.96
  data arrival time                                                 -4.96
  --------------------------------------------------------------------------
  slack (MET)                                                        0.00


  Startpoint: paramsIn_rsc_dat[13]
              (input port clocked by ideal_clock)
  Endpoint: paramsDeserializer_1/ParamsDeserializer_run_inst/ParamsDeserializer_run_inputChannel_rsci_inst/ParamsDeserializer_run_inputChannel_rsci_inputChannel_wait_dp_inst/inputChannel_rsci_idat_bfwt_reg_13_
            (rising edge-triggered flip-flop clocked by ideal_clock)
  Path Group: REGIN
  Path Type: min

  Point                                                   Incr       Path
  --------------------------------------------------------------------------
  clock ideal_clock (rise edge)                           0.00       0.00
  clock network delay (ideal)                             0.00       0.00
  input external delay                                    2.50       2.50 r
  paramsIn_rsc_dat[13] (in)                               0.00       2.50 r
  paramsDeserializer_1/ParamsDeserializer_run_inst/ParamsDeserializer_run_inputChannel_rsci_inst/inputChannel_rsci/U16/Z (CLKBUF_X1)     0.03 *     2.53 r
  paramsDeserializer_1/ParamsDeserializer_run_inst/ParamsDeserializer_run_inputChannel_rsci_inst/ParamsDeserializer_run_inputChannel_rsci_inputChannel_wait_dp_inst/U21/Z (MUX2_X1)     0.07 *     2.60 r
  paramsDeserializer_1/ParamsDeserializer_run_inst/ParamsDeserializer_run_inputChannel_rsci_inst/ParamsDeserializer_run_inputChannel_rsci_inputChannel_wait_dp_inst/inputChannel_rsci_idat_bfwt_reg_13_/D (DFFR_X1)     0.00 *     2.60 r
  data arrival time                                                  2.60

  clock ideal_clock (rise edge)                           0.00       0.00
  clock network delay (ideal)                             0.00       0.00
  paramsDeserializer_1/ParamsDeserializer_run_inst/ParamsDeserializer_run_inputChannel_rsci_inst/ParamsDeserializer_run_inputChannel_rsci_inputChannel_wait_dp_inst/inputChannel_rsci_idat_bfwt_reg_13_/CK (DFFR_X1)     0.00     0.00 r
  library hold time                                       0.02       0.02
  data required time                                                 0.02
  --------------------------------------------------------------------------
  data required time                                                 0.02
  data arrival time                                                 -2.60
  --------------------------------------------------------------------------
  slack (MET)                                                        2.59


  Startpoint: outputSerializer/Serializer_PackedInt_16UL_16UL_ODTYPE_16_run_inst/serialOutChannel_rsci_idat_reg_15_
              (rising edge-triggered flip-flop clocked by ideal_clock)
  Endpoint: output_serial_rsc_dat[15]
            (output port clocked by ideal_clock)
  Path Group: REGOUT
  Path Type: min

  Point                                                   Incr       Path
  --------------------------------------------------------------------------
  clock ideal_clock (rise edge)                           0.00       0.00
  clock network delay (ideal)                             0.00       0.00
  outputSerializer/Serializer_PackedInt_16UL_16UL_ODTYPE_16_run_inst/serialOutChannel_rsci_idat_reg_15_/CK (DFFR_X1)     0.00     0.00 r
  outputSerializer/Serializer_PackedInt_16UL_16UL_ODTYPE_16_run_inst/serialOutChannel_rsci_idat_reg_15_/Q (DFFR_X1)     0.08     0.08 f
  outputSerializer/Serializer_PackedInt_16UL_16UL_ODTYPE_16_run_inst/Serializer_PackedInt_16UL_16UL_ODTYPE_16_run_serialOutChannel_rsci_inst/serialOutChannel_rsci/U18/Z (CLKBUF_X1)     0.04 *     0.13 f
  output_serial_rsc_dat[15] (out)                         0.00 *     0.13 f
  data arrival time                                                  0.13

  clock ideal_clock (rise edge)                           0.00       0.00
  clock network delay (ideal)                             0.00       0.00
  output external delay                                   0.00       0.00
  data required time                                                 0.00
  --------------------------------------------------------------------------
  data required time                                                 0.00
  data arrival time                                                 -0.13
  --------------------------------------------------------------------------
  slack (MET)                                                        0.13


  Startpoint: outputSerializer/Serializer_PackedInt_16UL_16UL_ODTYPE_16_run_inst/Serializer_PackedInt_16UL_16UL_ODTYPE_16_run_run_fsm_inst/state_var_reg_0_
              (rising edge-triggered flip-flop clocked by ideal_clock)
  Endpoint: outputSerializer/Serializer_PackedInt_16UL_16UL_ODTYPE_16_run_inst/reg_serialOutChannel_rsci_ivld_run_psct_cse_reg
            (rising edge-triggered flip-flop clocked by ideal_clock)
  Path Group: ideal_clock
  Path Type: min

  Point                                                   Incr       Path
  --------------------------------------------------------------------------
  clock ideal_clock (rise edge)                           0.00       0.00
  clock network delay (ideal)                             0.00       0.00
  outputSerializer/Serializer_PackedInt_16UL_16UL_ODTYPE_16_run_inst/Serializer_PackedInt_16UL_16UL_ODTYPE_16_run_run_fsm_inst/state_var_reg_0_/CK (SDFFR_X1)     0.00     0.00 r
  outputSerializer/Serializer_PackedInt_16UL_16UL_ODTYPE_16_run_inst/Serializer_PackedInt_16UL_16UL_ODTYPE_16_run_run_fsm_inst/state_var_reg_0_/Q (SDFFR_X1)     0.08     0.08 r
  outputSerializer/Serializer_PackedInt_16UL_16UL_ODTYPE_16_run_inst/reg_serialOutChannel_rsci_ivld_run_psct_cse_reg/D (DFFR_X1)     0.00 *     0.08 r
  data arrival time                                                  0.08

  clock ideal_clock (rise edge)                           0.00       0.00
  clock network delay (ideal)                             0.00       0.00
  outputSerializer/Serializer_PackedInt_16UL_16UL_ODTYPE_16_run_inst/reg_serialOutChannel_rsci_ivld_run_psct_cse_reg/CK (DFFR_X1)     0.00     0.00 r
  library hold time                                       0.01       0.01
  data required time                                                 0.01
  --------------------------------------------------------------------------
  data required time                                                 0.01
  data arrival time                                                 -0.08
  --------------------------------------------------------------------------
  slack (MET)                                                        0.07


    Net: systolicArray/systolicArrayCore/SystolicArrayCore_IDTYPE_WDTYPE_ODTYPE_16_16_struct_inst/SystolicArrayCore_IDTYPE_WDTYPE_ODTYPE_16_16_run_inst/n13262

    max_transition         0.20
  - Transition Time        0.14
  ------------------------------
    Slack                  0.06  (MET)


    Net: inputDoubleBuffer/InputDoubleBuffer_512_16_16_struct_inst/inputDoubleBufferReader/InputDoubleBufferReader_512_16_16_run_inst/block_size_acc_1_cse_sva[3]

    max_fanout            20.00
  - Fanout                21.00
  ------------------------------
    Slack                 -1.00  (VIOLATED)


    Net: systolicArray/systolicArrayCore/SystolicArrayCore_IDTYPE_WDTYPE_ODTYPE_16_16_struct_inst/SystolicArrayCore_IDTYPE_WDTYPE_ODTYPE_16_16_run_inst/n13262

    max_capacitance       60.73
  - Capacitance           60.72
  ------------------------------
    Slack                  0.01  (MET)


    Design: Conv

    max_leakage_power          0.00
  - Current Leakage Power  3197538.50
  ----------------------------------
    Slack                  -3197538.50  (VIOLATED)


    Net: systolicArray/systolicArrayCore/SystolicArrayCore_IDTYPE_WDTYPE_ODTYPE_16_16_struct_inst/SystolicArrayCore_IDTYPE_WDTYPE_ODTYPE_16_16_run_inst/SystolicArrayCore_IDTYPE_WDTYPE_ODTYPE_16_16_run_accumulation_buffer_rsc_0_0_i_1_inst/SystolicArrayCore_IDTYPE_WDTYPE_ODTYPE_16_16_run_accumulation_buffer_rsc_0_0_i_1_accumulation_buffer_rsc_0_0_wait_dp_inst/accumulation_buffer_rsc_0_0_i_addr_d[11]

    multiport_net          0.00
  - actual cost            5.00
  ------------------------------
    Violation             -5.00  (VIOLATED)


Min pulse width constraints

                       Required      Actual
  Pin                pulse width   pulse width   Slack           Scenario
--------------------------------------------------------------------------------
  weightDoubleBuffer/WeightDoubleBuffer_384_16_16_struct_inst/weightDoubleBufferReader/WeightDoubleBufferReader_384_16_16_run_inst/total_blocks_mul_1_itm_reg_1_/CK(high)  0.09  2.50  2.41 (MET)

1
