|==============================================================================|
|=========                       OpenRAM v1.1.3                       =========|
|=========                                                            =========|
|=========               VLSI Design and Automation Lab               =========|
|=========        Computer Science and Engineering Department         =========|
|=========            University of California Santa Cruz             =========|
|=========                                                            =========|
|=========          Usage help: openram-user-group@ucsc.edu           =========|
|=========        Development help: openram-dev-group@ucsc.edu        =========|
|=========        Temp dir: /tmp/openram_kprabhu7_28003_temp/         =========|
|=========                See LICENSE for license info                =========|
|==============================================================================|
** Start: 02/25/2020 13:42:54
Technology: freepdk45
Total size: 65536 bits
WARNING: file globals.py: line 562: Requesting such a large memory size (65536) will have a large run-time. Consider using multiple smaller banks.

Word size: 128
Words: 512
Banks: 1
Write size: None
RW ports: 1
R-only ports: 0
W-only ports: 0
Design supply routing skipped. Supplies will have multiple must-connect pins. (route_supplies=True to enable supply routing).
DRC/LVS/PEX is only run on the top-level design to save run-time (inline_lvsdrc=True to do inline checking).
DRC/LVS/PEX is disabled (check_lvsdrc=True to enable).
Characterization is disabled (using analytical delay models) (analytical_delay=False to simulate).
Words per row: 2
Output files are: 
/home/users/kprabhu7/EE272/OpenRAM/sram_512_128/sram_512_128.sp
/home/users/kprabhu7/EE272/OpenRAM/sram_512_128/sram_512_128.v
/home/users/kprabhu7/EE272/OpenRAM/sram_512_128/sram_512_128.lib
/home/users/kprabhu7/EE272/OpenRAM/sram_512_128/sram_512_128.py
/home/users/kprabhu7/EE272/OpenRAM/sram_512_128/sram_512_128.html
/home/users/kprabhu7/EE272/OpenRAM/sram_512_128/sram_512_128.log
/home/users/kprabhu7/EE272/OpenRAM/sram_512_128/sram_512_128.lef
/home/users/kprabhu7/EE272/OpenRAM/sram_512_128/sram_512_128.gds
** Submodules: 126.1 seconds
** Placement: 0.0 seconds
** Routing: 17.2 seconds
** Verification: 0.0 seconds
** SRAM creation: 145.3 seconds
LEF: Writing to /home/users/kprabhu7/EE272/OpenRAM/sram_512_128/sram_512_128.lef
** LEF: 603.7 seconds
GDS: Writing to /home/users/kprabhu7/EE272/OpenRAM/sram_512_128/sram_512_128.gds
** GDS: 43.8 seconds
SP: Writing to /home/users/kprabhu7/EE272/OpenRAM/sram_512_128/sram_512_128.sp
** Spice writing: 1.0 seconds
LIB: Characterizing... 
WARNING: file hierarchy_spice.py: line 325: Design Class ptx logical effort function needs to be defined

WARNING: file hierarchy_spice.py: line 328: Class ptx name nmos_m1_w0_720

WARNING: file hierarchy_spice.py: line 325: Design Class ptx logical effort function needs to be defined

WARNING: file hierarchy_spice.py: line 328: Class ptx name nmos_m1_w0_720

WARNING: file hierarchy_spice.py: line 325: Design Class ptx logical effort function needs to be defined

WARNING: file hierarchy_spice.py: line 328: Class ptx name nmos_m1_w0_720

WARNING: file hierarchy_spice.py: line 325: Design Class ptx logical effort function needs to be defined

WARNING: file hierarchy_spice.py: line 328: Class ptx name nmos_m1_w0_720

WARNING: file hierarchy_spice.py: line 325: Design Class ptx logical effort function needs to be defined

WARNING: file hierarchy_spice.py: line 328: Class ptx name nmos_m1_w0_720

WARNING: file hierarchy_spice.py: line 325: Design Class ptx logical effort function needs to be defined

WARNING: file hierarchy_spice.py: line 328: Class ptx name nmos_m1_w0_720

WARNING: file hierarchy_spice.py: line 325: Design Class ptx logical effort function needs to be defined

WARNING: file hierarchy_spice.py: line 328: Class ptx name nmos_m1_w0_720

WARNING: file hierarchy_spice.py: line 325: Design Class ptx logical effort function needs to be defined

WARNING: file hierarchy_spice.py: line 328: Class ptx name nmos_m1_w0_720

WARNING: file hierarchy_spice.py: line 325: Design Class ptx logical effort function needs to be defined

WARNING: file hierarchy_spice.py: line 328: Class ptx name nmos_m1_w0_720

WARNING: file hierarchy_spice.py: line 325: Design Class ptx logical effort function needs to be defined

WARNING: file hierarchy_spice.py: line 328: Class ptx name nmos_m1_w0_720

WARNING: file hierarchy_spice.py: line 325: Design Class ptx logical effort function needs to be defined

WARNING: file hierarchy_spice.py: line 328: Class ptx name nmos_m1_w0_720

WARNING: file hierarchy_spice.py: line 325: Design Class ptx logical effort function needs to be defined

WARNING: file hierarchy_spice.py: line 328: Class ptx name nmos_m1_w0_720

WARNING: file hierarchy_spice.py: line 325: Design Class ptx logical effort function needs to be defined

WARNING: file hierarchy_spice.py: line 328: Class ptx name nmos_m1_w0_720

WARNING: file hierarchy_spice.py: line 325: Design Class ptx logical effort function needs to be defined

WARNING: file hierarchy_spice.py: line 328: Class ptx name nmos_m1_w0_720

WARNING: file hierarchy_spice.py: line 325: Design Class ptx logical effort function needs to be defined

WARNING: file hierarchy_spice.py: line 328: Class ptx name nmos_m1_w0_720

WARNING: file hierarchy_spice.py: line 325: Design Class ptx logical effort function needs to be defined

WARNING: file hierarchy_spice.py: line 328: Class ptx name nmos_m1_w0_720

WARNING: file hierarchy_spice.py: line 325: Design Class ptx logical effort function needs to be defined

WARNING: file hierarchy_spice.py: line 328: Class ptx name nmos_m1_w0_720

WARNING: file hierarchy_spice.py: line 325: Design Class ptx logical effort function needs to be defined

WARNING: file hierarchy_spice.py: line 328: Class ptx name nmos_m1_w0_720

WARNING: file hierarchy_spice.py: line 325: Design Class ptx logical effort function needs to be defined

WARNING: file hierarchy_spice.py: line 328: Class ptx name nmos_m1_w0_720

WARNING: file hierarchy_spice.py: line 325: Design Class ptx logical effort function needs to be defined

WARNING: file hierarchy_spice.py: line 328: Class ptx name nmos_m1_w0_720

WARNING: file hierarchy_spice.py: line 325: Design Class ptx logical effort function needs to be defined

WARNING: file hierarchy_spice.py: line 328: Class ptx name nmos_m1_w0_720

WARNING: file hierarchy_spice.py: line 325: Design Class ptx logical effort function needs to be defined

WARNING: file hierarchy_spice.py: line 328: Class ptx name nmos_m1_w0_720

WARNING: file hierarchy_spice.py: line 325: Design Class ptx logical effort function needs to be defined

WARNING: file hierarchy_spice.py: line 328: Class ptx name nmos_m1_w0_720

WARNING: file hierarchy_spice.py: line 325: Design Class ptx logical effort function needs to be defined

WARNING: file hierarchy_spice.py: line 328: Class ptx name nmos_m1_w0_720

WARNING: file hierarchy_spice.py: line 325: Design Class ptx logical effort function needs to be defined

WARNING: file hierarchy_spice.py: line 328: Class ptx name nmos_m1_w0_720

WARNING: file hierarchy_spice.py: line 325: Design Class ptx logical effort function needs to be defined

WARNING: file hierarchy_spice.py: line 328: Class ptx name nmos_m1_w0_720

WARNING: file hierarchy_spice.py: line 325: Design Class ptx logical effort function needs to be defined

WARNING: file hierarchy_spice.py: line 328: Class ptx name nmos_m1_w0_720

WARNING: file hierarchy_spice.py: line 325: Design Class ptx logical effort function needs to be defined

WARNING: file hierarchy_spice.py: line 328: Class ptx name nmos_m1_w0_720

WARNING: file hierarchy_spice.py: line 325: Design Class ptx logical effort function needs to be defined

WARNING: file hierarchy_spice.py: line 328: Class ptx name nmos_m1_w0_720

WARNING: file hierarchy_spice.py: line 325: Design Class ptx logical effort function needs to be defined

WARNING: file hierarchy_spice.py: line 328: Class ptx name nmos_m1_w0_720

WARNING: file hierarchy_spice.py: line 325: Design Class ptx logical effort function needs to be defined

WARNING: file hierarchy_spice.py: line 328: Class ptx name nmos_m1_w0_720

WARNING: file hierarchy_spice.py: line 325: Design Class ptx logical effort function needs to be defined

WARNING: file hierarchy_spice.py: line 328: Class ptx name nmos_m1_w0_720

WARNING: file hierarchy_spice.py: line 325: Design Class ptx logical effort function needs to be defined

WARNING: file hierarchy_spice.py: line 328: Class ptx name nmos_m1_w0_720

WARNING: file hierarchy_spice.py: line 325: Design Class ptx logical effort function needs to be defined

WARNING: file hierarchy_spice.py: line 328: Class ptx name nmos_m1_w0_720

WARNING: file hierarchy_spice.py: line 325: Design Class ptx logical effort function needs to be defined

WARNING: file hierarchy_spice.py: line 328: Class ptx name nmos_m1_w0_720

WARNING: file hierarchy_spice.py: line 325: Design Class ptx logical effort function needs to be defined

WARNING: file hierarchy_spice.py: line 328: Class ptx name nmos_m1_w0_720

** Characterization: 37.1 seconds
Config: Writing to /home/users/kprabhu7/EE272/OpenRAM/sram_512_128/sram_512_128.py
** Config: 0.0 seconds
Datasheet: Writing to /home/users/kprabhu7/EE272/OpenRAM/sram_512_128/sram_512_128.html
** Datasheet: 0.0 seconds
Verilog: Writing to /home/users/kprabhu7/EE272/OpenRAM/sram_512_128/sram_512_128.v
** Verilog: 0.0 seconds
** End: 831.3 seconds
